
            r               1s              2s              2p
        0.0000009   0.0000000E+00   0.0000000E+00   0.0000000E+00
        0.0000009   0.1876980E-04   0.3789905E-05   0.2659406E-11
        0.0000009   0.1953581E-04   0.3944574E-05   0.2880900E-11
        0.0000010   0.2033308E-04   0.4105554E-05   0.3120842E-11
        0.0000010   0.2116288E-04   0.4273104E-05   0.3380768E-11
        0.0000011   0.2202655E-04   0.4447493E-05   0.3662341E-11
        0.0000011   0.2292547E-04   0.4628997E-05   0.3967367E-11
        0.0000011   0.2386107E-04   0.4817909E-05   0.4297797E-11
        0.0000012   0.2483486E-04   0.5014531E-05   0.4655747E-11
        0.0000012   0.2584838E-04   0.5219177E-05   0.5043510E-11
        0.0000013   0.2690327E-04   0.5432174E-05   0.5463569E-11
        0.0000013   0.2800120E-04   0.5653864E-05   0.5918612E-11
        0.0000014   0.2914395E-04   0.5884602E-05   0.6411555E-11
        0.0000015   0.3033333E-04   0.6124755E-05   0.6945554E-11
        0.0000015   0.3157125E-04   0.6374709E-05   0.7524028E-11
        0.0000016   0.3285968E-04   0.6634864E-05   0.8150681E-11
        0.0000016   0.3420070E-04   0.6905636E-05   0.8829525E-11
        0.0000017   0.3559645E-04   0.7187458E-05   0.9564909E-11
        0.0000018   0.3704916E-04   0.7480782E-05   0.1036154E-10
        0.0000019   0.3856115E-04   0.7786076E-05   0.1122452E-10
        0.0000019   0.4013484E-04   0.8103828E-05   0.1215938E-10
        0.0000020   0.4177276E-04   0.8434549E-05   0.1317209E-10
        0.0000021   0.4347752E-04   0.8778766E-05   0.1426915E-10
        0.0000022   0.4525186E-04   0.9137030E-05   0.1545759E-10
        0.0000023   0.4709860E-04   0.9509916E-05   0.1674500E-10
        0.0000024   0.4902071E-04   0.9898018E-05   0.1813963E-10
        0.0000024   0.5102126E-04   0.1030196E-04   0.1965043E-10
        0.0000025   0.5310345E-04   0.1072238E-04   0.2128705E-10
        0.0000027   0.5527061E-04   0.1115997E-04   0.2305998E-10
        0.0000028   0.5752622E-04   0.1161541E-04   0.2498057E-10
        0.0000029   0.5987387E-04   0.1208944E-04   0.2706112E-10
        0.0000030   0.6231734E-04   0.1258281E-04   0.2931495E-10
        0.0000031   0.6486051E-04   0.1309631E-04   0.3175649E-10
        0.0000032   0.6750748E-04   0.1363078E-04   0.3440139E-10
        0.0000034   0.7026247E-04   0.1418705E-04   0.3726656E-10
        0.0000035   0.7312988E-04   0.1476602E-04   0.4037037E-10
        0.0000037   0.7611431E-04   0.1536862E-04   0.4373268E-10
        0.0000038   0.7922054E-04   0.1599582E-04   0.4737503E-10
        0.0000040   0.8245352E-04   0.1664861E-04   0.5132073E-10
        0.0000041   0.8581845E-04   0.1732803E-04   0.5559506E-10
        0.0000043   0.8932069E-04   0.1803519E-04   0.6022538E-10
        0.0000045   0.9296585E-04   0.1877120E-04   0.6524135E-10
        0.0000046   0.9675977E-04   0.1953725E-04   0.7067507E-10
        0.0000048   0.1007085E-03   0.2033456E-04   0.7656135E-10
        0.0000050   0.1048184E-03   0.2116441E-04   0.8293788E-10
        0.0000052   0.1090960E-03   0.2202812E-04   0.8984548E-10
        0.0000054   0.1135482E-03   0.2292708E-04   0.9732838E-10
        0.0000057   0.1181820E-03   0.2386273E-04   0.1054345E-09
        0.0000059   0.1230050E-03   0.2483656E-04   0.1142158E-09
        0.0000061   0.1280248E-03   0.2585012E-04   0.1237284E-09
        0.0000064   0.1332494E-03   0.2690505E-04   0.1340333E-09
        0.0000067   0.1386872E-03   0.2800303E-04   0.1451964E-09
        0.0000069   0.1443469E-03   0.2914582E-04   0.1572893E-09
        0.0000072   0.1502376E-03   0.3033524E-04   0.1703893E-09
        0.0000075   0.1563687E-03   0.3157319E-04   0.1845804E-09
        0.0000078   0.1627500E-03   0.3286167E-04   0.1999533E-09
        0.0000081   0.1693916E-03   0.3420272E-04   0.2166067E-09
        0.0000085   0.1763043E-03   0.3559850E-04   0.2346470E-09
        0.0000088   0.1834991E-03   0.3705124E-04   0.2541898E-09
        0.0000092   0.1909875E-03   0.3856325E-04   0.2753602E-09
        0.0000095   0.1987815E-03   0.4013697E-04   0.2982939E-09
        0.0000099   0.2068935E-03   0.4177491E-04   0.3231375E-09
        0.0000103   0.2153365E-03   0.4347969E-04   0.3500503E-09
        0.0000108   0.2241241E-03   0.4525403E-04   0.3792045E-09
        0.0000112   0.2332703E-03   0.4710077E-04   0.4107869E-09
        0.0000117   0.2427896E-03   0.4902288E-04   0.4449995E-09
        0.0000121   0.2526974E-03   0.5102341E-04   0.4820616E-09
        0.0000126   0.2630095E-03   0.5310558E-04   0.5222104E-09
        0.0000131   0.2737424E-03   0.5527272E-04   0.5657029E-09
        0.0000137   0.2849133E-03   0.5752828E-04   0.6128177E-09
        0.0000142   0.2965400E-03   0.5987588E-04   0.6638565E-09
        0.0000148   0.3086411E-03   0.6231928E-04   0.7191460E-09
        0.0000154   0.3212360E-03   0.6486237E-04   0.7790402E-09
        0.0000160   0.3343448E-03   0.6750924E-04   0.8439227E-09
        0.0000167   0.3479885E-03   0.7026411E-04   0.9142088E-09
        0.0000174   0.3621889E-03   0.7313138E-04   0.9903487E-09
        0.0000181   0.3769687E-03   0.7611565E-04   0.1072830E-08
        0.0000188   0.3923516E-03   0.7922169E-04   0.1162180E-08
        0.0000196   0.4083621E-03   0.8245446E-04   0.1258972E-08
        0.0000204   0.4250260E-03   0.8581914E-04   0.1363825E-08
        0.0000212   0.4423697E-03   0.8932110E-04   0.1477411E-08
        0.0000221   0.4604211E-03   0.9296595E-04   0.1600456E-08
        0.0000230   0.4792090E-03   0.9675951E-04   0.1733749E-08
        0.0000239   0.4987635E-03   0.1007079E-03   0.1878143E-08
        0.0000249   0.5191158E-03   0.1048173E-03   0.2034562E-08
        0.0000259   0.5402985E-03   0.1090944E-03   0.2204009E-08
        0.0000270   0.5623454E-03   0.1135460E-03   0.2387567E-08
        0.0000281   0.5852919E-03   0.1181792E-03   0.2586412E-08
        0.0000292   0.6091745E-03   0.1230015E-03   0.2801818E-08
        0.0000304   0.6340314E-03   0.1280205E-03   0.3035163E-08
        0.0000317   0.6599025E-03   0.1332442E-03   0.3287941E-08
        0.0000330   0.6868291E-03   0.1386811E-03   0.3561771E-08
        0.0000343   0.7148542E-03   0.1443398E-03   0.3858406E-08
        0.0000357   0.7440225E-03   0.1502293E-03   0.4179745E-08
        0.0000372   0.7743809E-03   0.1563591E-03   0.4527845E-08
        0.0000387   0.8059776E-03   0.1627390E-03   0.4904935E-08
        0.0000403   0.8388634E-03   0.1693791E-03   0.5313429E-08
        0.0000419   0.8730906E-03   0.1762901E-03   0.5755943E-08
        0.0000436   0.9087141E-03   0.1834830E-03   0.6235308E-08
        0.0000454   0.9457908E-03   0.1909694E-03   0.6754595E-08
        0.0000473   0.9843798E-03   0.1987611E-03   0.7317127E-08
        0.0000492   0.1024543E-02   0.2068706E-03   0.7926506E-08
        0.0000512   0.1066344E-02   0.2153109E-03   0.8586633E-08
        0.0000533   0.1109851E-02   0.2240955E-03   0.9301734E-08
        0.0000555   0.1155132E-02   0.2332384E-03   0.1007639E-07
        0.0000577   0.1202259E-02   0.2427542E-03   0.1091555E-07
        0.0000601   0.1251309E-02   0.2526582E-03   0.1182460E-07
        0.0000625   0.1302360E-02   0.2629660E-03   0.1280934E-07
        0.0000651   0.1355492E-02   0.2736943E-03   0.1387610E-07
        0.0000677   0.1410792E-02   0.2848600E-03   0.1503168E-07
        0.0000705   0.1468346E-02   0.2964812E-03   0.1628350E-07
        0.0000734   0.1528248E-02   0.3085762E-03   0.1763956E-07
        0.0000764   0.1590592E-02   0.3211645E-03   0.1910855E-07
        0.0000795   0.1655479E-02   0.3342661E-03   0.2069986E-07
        0.0000827   0.1723011E-02   0.3479019E-03   0.2242369E-07
        0.0000861   0.1793298E-02   0.3620938E-03   0.2429106E-07
        0.0000896   0.1866450E-02   0.3768643E-03   0.2631393E-07
        0.0000933   0.1942584E-02   0.3922370E-03   0.2850525E-07
        0.0000971   0.2021823E-02   0.4082365E-03   0.3087904E-07
        0.0001010   0.2104292E-02   0.4248882E-03   0.3345049E-07
        0.0001052   0.2190123E-02   0.4422188E-03   0.3623606E-07
        0.0001095   0.2279454E-02   0.4602559E-03   0.3925358E-07
        0.0001139   0.2372425E-02   0.4790283E-03   0.4252236E-07
        0.0001186   0.2469186E-02   0.4985659E-03   0.4606332E-07
        0.0001234   0.2569892E-02   0.5188998E-03   0.4989912E-07
        0.0001284   0.2674702E-02   0.5400625E-03   0.5405431E-07
        0.0001337   0.2783783E-02   0.5620876E-03   0.5855547E-07
        0.0001391   0.2897310E-02   0.5850104E-03   0.6343141E-07
        0.0001448   0.3015463E-02   0.6088673E-03   0.6871332E-07
        0.0001507   0.3138431E-02   0.6336963E-03   0.7443502E-07
        0.0001569   0.3266409E-02   0.6595370E-03   0.8063310E-07
        0.0001633   0.3399601E-02   0.6864306E-03   0.8734722E-07
        0.0001699   0.3538220E-02   0.7144198E-03   0.9462033E-07
        0.0001769   0.3682486E-02   0.7435492E-03   0.1024990E-06
        0.0001841   0.3832628E-02   0.7738652E-03   0.1110336E-06
        0.0001916   0.3988886E-02   0.8054160E-03   0.1202787E-06
        0.0001994   0.4151508E-02   0.8382519E-03   0.1302935E-06
        0.0002076   0.4320753E-02   0.8724249E-03   0.1411420E-06
        0.0002160   0.4496890E-02   0.9079896E-03   0.1528937E-06
        0.0002249   0.4680199E-02   0.9450024E-03   0.1656236E-06
        0.0002340   0.4870971E-02   0.9835221E-03   0.1794133E-06
        0.0002436   0.5069509E-02   0.1023610E-02   0.1943509E-06
        0.0002535   0.5276129E-02   0.1065330E-02   0.2105319E-06
        0.0002639   0.5491159E-02   0.1108747E-02   0.2280598E-06
        0.0002746   0.5714940E-02   0.1153932E-02   0.2470468E-06
        0.0002858   0.5947827E-02   0.1200956E-02   0.2676141E-06
        0.0002975   0.6190190E-02   0.1249892E-02   0.2898934E-06
        0.0003097   0.6442413E-02   0.1300820E-02   0.3140271E-06
        0.0003223   0.6704896E-02   0.1353819E-02   0.3401693E-06
        0.0003354   0.6978055E-02   0.1408974E-02   0.3684874E-06
        0.0003491   0.7262322E-02   0.1466372E-02   0.3991623E-06
        0.0003634   0.7558148E-02   0.1526103E-02   0.4323900E-06
        0.0003782   0.7866000E-02   0.1588263E-02   0.4683829E-06
        0.0003936   0.8186366E-02   0.1652950E-02   0.5073711E-06
        0.0004097   0.8519752E-02   0.1720265E-02   0.5496037E-06
        0.0004264   0.8866685E-02   0.1790316E-02   0.5953506E-06
        0.0004438   0.9227713E-02   0.1863213E-02   0.6449040E-06
        0.0004619   0.9603406E-02   0.1939071E-02   0.6985806E-06
        0.0004808   0.9994357E-02   0.2018010E-02   0.7567231E-06
        0.0005004   0.1040118E-01   0.2100154E-02   0.8197031E-06
        0.0005208   0.1082452E-01   0.2185633E-02   0.8879228E-06
        0.0005421   0.1126504E-01   0.2274581E-02   0.9618177E-06
        0.0005642   0.1172344E-01   0.2367138E-02   0.1041860E-05
        0.0005872   0.1220044E-01   0.2463450E-02   0.1128560E-05
        0.0006112   0.1269678E-01   0.2563668E-02   0.1222472E-05
        0.0006361   0.1321324E-01   0.2667950E-02   0.1324195E-05
        0.0006621   0.1375064E-01   0.2776459E-02   0.1434379E-05
        0.0006891   0.1430982E-01   0.2889366E-02   0.1553726E-05
        0.0007172   0.1489166E-01   0.3006847E-02   0.1682998E-05
        0.0007465   0.1549706E-01   0.3129086E-02   0.1823020E-05
        0.0007770   0.1612697E-01   0.3256275E-02   0.1974685E-05
        0.0008087   0.1678238E-01   0.3388611E-02   0.2138959E-05
        0.0008417   0.1746431E-01   0.3526303E-02   0.2316892E-05
        0.0008760   0.1817383E-01   0.3669563E-02   0.2509617E-05
        0.0009118   0.1891203E-01   0.3818617E-02   0.2718362E-05
        0.0009490   0.1968007E-01   0.3973694E-02   0.2944458E-05
        0.0009877   0.2047914E-01   0.4135038E-02   0.3189346E-05
        0.0010280   0.2131048E-01   0.4302897E-02   0.3454585E-05
        0.0010699   0.2217538E-01   0.4477532E-02   0.3741866E-05
        0.0011136   0.2307518E-01   0.4659213E-02   0.4053017E-05
        0.0011590   0.2401127E-01   0.4848223E-02   0.4390020E-05
        0.0012063   0.2498509E-01   0.5044851E-02   0.4755019E-05
        0.0012555   0.2599815E-01   0.5249401E-02   0.5150337E-05
        0.0013068   0.2705201E-01   0.5462189E-02   0.5578490E-05
        0.0013601   0.2814828E-01   0.5683541E-02   0.6042200E-05
        0.0014156   0.2928866E-01   0.5913796E-02   0.6544415E-05
        0.0014733   0.3047487E-01   0.6153308E-02   0.7088329E-05
        0.0015334   0.3170875E-01   0.6402442E-02   0.7677397E-05
        0.0015960   0.3299216E-01   0.6661579E-02   0.8315361E-05
        0.0016611   0.3432707E-01   0.6931113E-02   0.9006274E-05
        0.0017289   0.3571550E-01   0.7211453E-02   0.9754521E-05
        0.0017994   0.3715956E-01   0.7503025E-02   0.1056485E-04
        0.0018728   0.3866144E-01   0.7806270E-02   0.1144240E-04
        0.0019493   0.4022339E-01   0.8121645E-02   0.1239275E-04
        0.0020288   0.4184778E-01   0.8449625E-02   0.1342190E-04
        0.0021115   0.4353704E-01   0.8790703E-02   0.1453639E-04
        0.0021977   0.4529370E-01   0.9145389E-02   0.1574327E-04
        0.0022874   0.4712039E-01   0.9514214E-02   0.1705018E-04
        0.0023807   0.4901982E-01   0.9897725E-02   0.1846540E-04
        0.0024778   0.5099482E-01   0.1029649E-01   0.1999786E-04
        0.0025789   0.5304831E-01   0.1071111E-01   0.2165727E-04
        0.0026841   0.5518332E-01   0.1114218E-01   0.2345411E-04
        0.0027936   0.5740299E-01   0.1159034E-01   0.2539972E-04
        0.0029075   0.5971057E-01   0.1205625E-01   0.2750638E-04
        0.0030261   0.6210942E-01   0.1254059E-01   0.2978738E-04
        0.0031495   0.6460304E-01   0.1304406E-01   0.3225709E-04
        0.0032780   0.6719504E-01   0.1356739E-01   0.3493108E-04
        0.0034117   0.6988914E-01   0.1411133E-01   0.3782618E-04
        0.0035509   0.7268923E-01   0.1467667E-01   0.4096060E-04
        0.0036957   0.7559928E-01   0.1526421E-01   0.4435404E-04
        0.0038464   0.7862345E-01   0.1587478E-01   0.4802783E-04
        0.0040033   0.8176601E-01   0.1650925E-01   0.5200502E-04
        0.0041666   0.8503138E-01   0.1716851E-01   0.5631054E-04
        0.0043365   0.8842412E-01   0.1785347E-01   0.6097140E-04
        0.0045134   0.9194895E-01   0.1856510E-01   0.6601675E-04
        0.0046974   0.9561075E-01   0.1930438E-01   0.7147816E-04
        0.0048890   0.9941453E-01   0.2007231E-01   0.7738976E-04
        0.0050883   0.1033655E+00   0.2086995E-01   0.8378845E-04
        0.0052958   0.1074690E+00   0.2169836E-01   0.9071413E-04
        0.0055118   0.1117305E+00   0.2255867E-01   0.9820994E-04
        0.0057365   0.1161558E+00   0.2345202E-01   0.1063225E-03
        0.0059704   0.1207506E+00   0.2437959E-01   0.1151023E-03
        0.0062138   0.1255211E+00   0.2534260E-01   0.1246038E-03
        0.0064671   0.1304734E+00   0.2634228E-01   0.1348859E-03
        0.0067308   0.1356138E+00   0.2737994E-01   0.1460122E-03
        0.0070052   0.1409491E+00   0.2845687E-01   0.1580516E-03
        0.0072907   0.1464858E+00   0.2957445E-01   0.1710783E-03
        0.0075879   0.1522308E+00   0.3073407E-01   0.1851728E-03
        0.0078972   0.1581914E+00   0.3193714E-01   0.2004216E-03
        0.0082191   0.1643747E+00   0.3318513E-01   0.2169186E-03
        0.0085541   0.1707882E+00   0.3447953E-01   0.2347650E-03
        0.0089027   0.1774396E+00   0.3582188E-01   0.2540699E-03
        0.0092655   0.1843365E+00   0.3721374E-01   0.2749515E-03
        0.0096430   0.1914870E+00   0.3865670E-01   0.2975371E-03
        0.0100359   0.1988991E+00   0.4015240E-01   0.3219642E-03
        0.0104448   0.2065813E+00   0.4170249E-01   0.3483813E-03
        0.0108704   0.2145418E+00   0.4330866E-01   0.3769486E-03
        0.0113132   0.2227893E+00   0.4497263E-01   0.4078388E-03
        0.0117740   0.2313325E+00   0.4669614E-01   0.4412384E-03
        0.0122536   0.2401802E+00   0.4848095E-01   0.4773484E-03
        0.0127527   0.2493414E+00   0.5032884E-01   0.5163858E-03
        0.0132721   0.2588251E+00   0.5224162E-01   0.5585844E-03
        0.0138125   0.2686405E+00   0.5422111E-01   0.6041962E-03
        0.0143750   0.2787967E+00   0.5626911E-01   0.6534928E-03
        0.0149602   0.2893030E+00   0.5838748E-01   0.7067671E-03
        0.0155693   0.3001687E+00   0.6057804E-01   0.7643344E-03
        0.0162030   0.3114031E+00   0.6284262E-01   0.8265345E-03
        0.0168625   0.3230154E+00   0.6518304E-01   0.8937330E-03
        0.0175488   0.3350149E+00   0.6760110E-01   0.9663239E-03
        0.0182629   0.3474106E+00   0.7009858E-01   0.1044731E-02
        0.0190060   0.3602116E+00   0.7267722E-01   0.1129410E-02
        0.0197793   0.3734268E+00   0.7533875E-01   0.1220853E-02
        0.0205839   0.3870648E+00   0.7808481E-01   0.1319585E-02
        0.0214211   0.4011341E+00   0.8091700E-01   0.1426176E-02
        0.0222922   0.4156428E+00   0.8383687E-01   0.1541234E-02
        0.0231987   0.4305987E+00   0.8684585E-01   0.1665414E-02
        0.0241418   0.4460093E+00   0.8994531E-01   0.1799420E-02
        0.0251232   0.4618815E+00   0.9313649E-01   0.1944007E-02
        0.0261443   0.4782217E+00   0.9642051E-01   0.2099987E-02
        0.0272067   0.4950359E+00   0.9979836E-01   0.2268227E-02
        0.0283121   0.5123292E+00   0.1032709E+00   0.2449662E-02
        0.0294622   0.5301060E+00   0.1068387E+00   0.2645292E-02
        0.0306587   0.5483701E+00   0.1105023E+00   0.2856187E-02
        0.0319037   0.5671242E+00   0.1142619E+00   0.3083495E-02
        0.0331989   0.5863700E+00   0.1181175E+00   0.3328445E-02
        0.0345464   0.6061081E+00   0.1220689E+00   0.3592351E-02
        0.0359484   0.6263379E+00   0.1261154E+00   0.3876620E-02
        0.0374068   0.6470576E+00   0.1302564E+00   0.4182754E-02
        0.0389241   0.6682638E+00   0.1344904E+00   0.4512358E-02
        0.0405025   0.6899516E+00   0.1388161E+00   0.4867148E-02
        0.0421446   0.7121144E+00   0.1432313E+00   0.5248952E-02
        0.0438527   0.7347440E+00   0.1477337E+00   0.5659721E-02
        0.0456296   0.7578299E+00   0.1523204E+00   0.6101536E-02
        0.0474779   0.7813598E+00   0.1569879E+00   0.6576609E-02
        0.0494005   0.8053192E+00   0.1617324E+00   0.7087299E-02
        0.0514004   0.8296909E+00   0.1665493E+00   0.7636111E-02
        0.0534805   0.8544557E+00   0.1714334E+00   0.8225711E-02
        0.0556441   0.8795913E+00   0.1763789E+00   0.8858926E-02
        0.0578944   0.9050729E+00   0.1813794E+00   0.9538758E-02
        0.0602349   0.9308727E+00   0.1864274E+00   0.1026839E-01
        0.0626690   0.9569596E+00   0.1915150E+00   0.1105119E-01
        0.0652006   0.9832995E+00   0.1966333E+00   0.1189073E-01
        0.0678333   0.1009855E+01   0.2017723E+00   0.1279077E-01
        0.0705711   0.1036585E+01   0.2069215E+00   0.1375530E-01
        0.0734182   0.1063445E+01   0.2120690E+00   0.1478852E-01
        0.0763787   0.1090387E+01   0.2172022E+00   0.1589485E-01
        0.0794572   0.1117358E+01   0.2223074E+00   0.1707896E-01
        0.0826582   0.1144302E+01   0.2273695E+00   0.1834575E-01
        0.0859863   0.1171161E+01   0.2323726E+00   0.1970035E-01
        0.0894467   0.1197869E+01   0.2372996E+00   0.2114817E-01
        0.0930442   0.1224359E+01   0.2421320E+00   0.2269486E-01
        0.0967843   0.1250559E+01   0.2468503E+00   0.2434632E-01
        0.1006724   0.1276393E+01   0.2514334E+00   0.2610873E-01
        0.1047141   0.1301782E+01   0.2558593E+00   0.2798852E-01
        0.1089153   0.1326642E+01   0.2601046E+00   0.2999238E-01
        0.1132822   0.1350886E+01   0.2641444E+00   0.3212729E-01
        0.1178209   0.1374424E+01   0.2679528E+00   0.3440045E-01
        0.1225380   0.1397161E+01   0.2715025E+00   0.3681935E-01
        0.1274403   0.1419003E+01   0.2747648E+00   0.3939171E-01
        0.1325347   0.1439849E+01   0.2777101E+00   0.4212549E-01
        0.1378283   0.1459599E+01   0.2803072E+00   0.4502888E-01
        0.1433288   0.1478150E+01   0.2825242E+00   0.4811031E-01
        0.1490437   0.1495398E+01   0.2843279E+00   0.5137837E-01
        0.1549810   0.1511237E+01   0.2856841E+00   0.5484187E-01
        0.1611490   0.1525564E+01   0.2865577E+00   0.5850976E-01
        0.1675562   0.1538275E+01   0.2869131E+00   0.6239113E-01
        0.1742112   0.1549266E+01   0.2867138E+00   0.6649518E-01
        0.1811233   0.1558437E+01   0.2859228E+00   0.7083118E-01
        0.1883017   0.1565692E+01   0.2845029E+00   0.7540846E-01
        0.1957561   0.1570936E+01   0.2824167E+00   0.8023632E-01
        0.2034963   0.1574080E+01   0.2796268E+00   0.8532404E-01
        0.2115328   0.1575042E+01   0.2760962E+00   0.9068081E-01
        0.2198760   0.1573746E+01   0.2717883E+00   0.9631565E-01
        0.2285368   0.1570123E+01   0.2666673E+00   0.1022374E+00
        0.2375264   0.1564114E+01   0.2606985E+00   0.1084547E+00
        0.2468564   0.1555668E+01   0.2538483E+00   0.1149757E+00
        0.2565386   0.1544747E+01   0.2460850E+00   0.1218083E+00
        0.2665852   0.1531323E+01   0.2373788E+00   0.1289598E+00
        0.2770088   0.1515381E+01   0.2277020E+00   0.1364372E+00
        0.2878223   0.1496920E+01   0.2170298E+00   0.1442464E+00
        0.2990389   0.1475952E+01   0.2053403E+00   0.1523931E+00
        0.3106721   0.1452506E+01   0.1926148E+00   0.1608817E+00
        0.3227360   0.1426624E+01   0.1788387E+00   0.1697159E+00
        0.3352448   0.1398365E+01   0.1640012E+00   0.1788983E+00
        0.3482132   0.1367804E+01   0.1480962E+00   0.1884305E+00
        0.3616561   0.1335032E+01   0.1311224E+00   0.1983125E+00
        0.3755890   0.1300157E+01   0.1130836E+00   0.2085432E+00
        0.3900276   0.1263300E+01   0.9398949E-01   0.2191199E+00
        0.4049879   0.1224600E+01   0.7385539E-01   0.2300382E+00
        0.4204863   0.1184211E+01   0.5270302E-01   0.2412921E+00
        0.4365395   0.1142298E+01   0.3056055E-01   0.2528736E+00
        0.4531648   0.1099041E+01   0.7462942E-02   0.2647728E+00
        0.4703795   0.1054630E+01  -0.1654788E-01   0.2769775E+00
        0.4882013   0.1009266E+01  -0.4142285E-01   0.2894735E+00
        0.5066484   0.9631565E+00  -0.6710565E-01   0.3022441E+00
        0.5257392   0.9165157E+00  -0.9353269E-01   0.3152703E+00
        0.5454922   0.8695618E+00  -0.1206331E+00   0.3285305E+00
        0.5659267   0.8225148E+00  -0.1483287E+00   0.3420006E+00
        0.5870617   0.7755942E+00  -0.1765346E+00   0.3556537E+00
        0.6089168   0.7290165E+00  -0.2051587E+00   0.3694605E+00
        0.6315118   0.6829932E+00  -0.2341029E+00   0.3833887E+00
        0.6548667   0.6377280E+00  -0.2632628E+00   0.3974038E+00
        0.6790018   0.5934151E+00  -0.2925287E+00   0.4114683E+00
        0.7039374   0.5502363E+00  -0.3217860E+00   0.4255423E+00
        0.7296942   0.5083599E+00  -0.3509158E+00   0.4395836E+00
        0.7562930   0.4679380E+00  -0.3797959E+00   0.4535477E+00
        0.7837547   0.4291058E+00  -0.4083017E+00   0.4673879E+00
        0.8121002   0.3919797E+00  -0.4363070E+00   0.4810558E+00
        0.8413507   0.3566568E+00  -0.4636850E+00   0.4945013E+00
        0.8715275   0.3232140E+00  -0.4903095E+00   0.5076731E+00
        0.9026516   0.2917079E+00  -0.5160559E+00   0.5205187E+00
        0.9347444   0.2621746E+00  -0.5408024E+00   0.5329853E+00
        0.9678271   0.2346308E+00  -0.5644311E+00   0.5450195E+00
        1.0019208   0.2090736E+00  -0.5868291E+00   0.5565684E+00
        1.0370466   0.1854824E+00  -0.6078897E+00   0.5675793E+00
        1.0732255   0.1638197E+00  -0.6275135E+00   0.5780009E+00
        1.1104784   0.1440328E+00  -0.6456092E+00   0.5877831E+00
        1.1488260   0.1260558E+00  -0.6620948E+00   0.5968778E+00
        1.1882887   0.1098111E+00  -0.6768979E+00   0.6052392E+00
        1.2288868   0.9521168E-01  -0.6899572E+00   0.6128245E+00
        1.2706402   0.8216283E-01  -0.7012224E+00   0.6195936E+00
        1.3135688   0.7056445E-01  -0.7106550E+00   0.6255103E+00
        1.3576918   0.6031281E-01  -0.7182284E+00   0.6305422E+00
        1.4030283   0.5130243E-01  -0.7239284E+00   0.6346612E+00
        1.4495969   0.4342777E-01  -0.7277530E+00   0.6378434E+00
        1.4974157   0.3658480E-01  -0.7297119E+00   0.6400698E+00
        1.5465025   0.3067226E-01  -0.7298273E+00   0.6413263E+00
        1.5968745   0.2559291E-01  -0.7281322E+00   0.6416037E+00
        1.6485486   0.2125434E-01  -0.7246710E+00   0.6408978E+00
        1.7015409   0.1756978E-01  -0.7194980E+00   0.6392096E+00
        1.7558671   0.1445856E-01  -0.7126775E+00   0.6365451E+00
        1.8115421   0.1184646E-01  -0.7042821E+00   0.6329154E+00
        1.8685805   0.9665821E-02  -0.6943925E+00   0.6283363E+00
        1.9269961   0.7855614E-02  -0.6830964E+00   0.6228283E+00
        1.9868020   0.6361234E-02  -0.6704872E+00   0.6164167E+00
        2.0480107   0.5134294E-02  -0.6566635E+00   0.6091307E+00
        2.1106340   0.4132281E-02  -0.6417277E+00   0.6010036E+00
        2.1746829   0.3318173E-02  -0.6257851E+00   0.5920724E+00
        2.2401678   0.2659995E-02  -0.6089431E+00   0.5823776E+00
        2.3070983   0.2130365E-02  -0.5913100E+00   0.5719625E+00
        2.3754834   0.1706028E-02  -0.5729942E+00   0.5608731E+00
        2.4453311   0.1367387E-02  -0.5541032E+00   0.5491579E+00
        2.5166488   0.1098063E-02  -0.5347431E+00   0.5368670E+00
        2.5894431   0.8844747E-03  -0.5150175E+00   0.5240522E+00
        2.6637198   0.7154423E-03  -0.4950269E+00   0.5107666E+00
        2.7394841   0.5818362E-03  -0.4748683E+00   0.4970637E+00
        2.8167403   0.4762548E-03  -0.4546344E+00   0.4829979E+00
        2.8954920   0.3927406E-03  -0.4344133E+00   0.4686233E+00
        2.9757418   0.3265322E-03  -0.4142878E+00   0.4539938E+00
        3.0574920   0.2738504E-03  -0.3943355E+00   0.4391627E+00
        3.1407439   0.2317144E-03  -0.3746282E+00   0.4241824E+00
        3.2254979   0.1977885E-03  -0.3552320E+00   0.4091041E+00
        3.3117542   0.1702523E-03  -0.3362069E+00   0.3939775E+00
        3.3995117   0.1476950E-03  -0.3176068E+00   0.3788504E+00
        3.4887690   0.1290279E-03  -0.2994796E+00   0.3637688E+00
        3.5795240   0.1134143E-03  -0.2818673E+00   0.3487765E+00
        3.6717737   0.1002131E-03  -0.2648058E+00   0.3339149E+00
        3.7655147   0.8893377E-04  -0.2483256E+00   0.3192230E+00
        3.8607430   0.7920094E-04  -0.2324514E+00   0.3047372E+00
        3.9574537   0.7072717E-04  -0.2172025E+00   0.2904910E+00
        4.0556417   0.6329143E-04  -0.2025933E+00   0.2765153E+00
        4.1553010   0.5672283E-04  -0.1886334E+00   0.2628381E+00
        4.2564253   0.5088810E-04  -0.1753278E+00   0.2494846E+00
        4.3590077   0.4568226E-04  -0.1626775E+00   0.2364770E+00
        4.4630407   0.4102152E-04  -0.1506796E+00   0.2238349E+00
        4.5685165   0.3683801E-04  -0.1393277E+00   0.2115749E+00
        4.6754268   0.3307590E-04  -0.1286122E+00   0.1997111E+00
        4.7837627   0.2968852E-04  -0.1185208E+00   0.1882547E+00
        4.8935152   0.2663622E-04  -0.1090388E+00   0.1772145E+00
        5.0046746   0.2388485E-04  -0.1001492E+00   0.1665970E+00
        5.1172310   0.2140460E-04  -0.9183322E-01   0.1564061E+00
        5.2311741   0.1916915E-04  -0.8407071E-01   0.1466437E+00
        5.3464934   0.1715509E-04  -0.7684018E-01   0.1373097E+00
        5.4631779   0.1534139E-04  -0.7011925E-01   0.1284020E+00
        5.5812165   0.1370913E-04  -0.6388486E-01   0.1199167E+00
        5.7005977   0.1224117E-04  -0.5811349E-01   0.1118485E+00
        5.8213098   0.1092194E-04  -0.5278141E-01   0.1041904E+00
        5.9433411   0.9737314E-05  -0.4786485E-01   0.9693446E-01
        6.0666793   0.8674418E-05  -0.4334022E-01   0.9007123E-01
        6.1913122   0.7721535E-05  -0.3918418E-01   0.8359046E-01
        6.3172274   0.6867998E-05  -0.3537389E-01   0.7748103E-01
        6.4444122   0.6104098E-05  -0.3188704E-01   0.7173106E-01
        6.5728540   0.5421004E-05  -0.2870197E-01   0.6632813E-01
        6.7025400   0.4810688E-05  -0.2579780E-01   0.6125931E-01
        6.8334571   0.4265859E-05  -0.2315442E-01   0.5651136E-01
        6.9655924   0.3779900E-05  -0.2075260E-01   0.5207078E-01
        7.0989329   0.3346813E-05  -0.1857401E-01   0.4792395E-01
        7.2334653   0.2961168E-05  -0.1660124E-01   0.4405717E-01
        7.3691765   0.2618051E-05  -0.1481782E-01   0.4045680E-01
        7.5060534   0.2313022E-05  -0.1320821E-01   0.3710931E-01
        7.6440826   0.2042072E-05  -0.1175781E-01   0.3400135E-01
        7.7832510   0.1801587E-05  -0.1045296E-01   0.3111980E-01
        7.9235454   0.1588311E-05  -0.9280887E-02   0.2845182E-01
        8.0649525   0.1399314E-05  -0.8229700E-02   0.2598493E-01
        8.2074592   0.1231962E-05  -0.7288364E-02   0.2370701E-01
        8.3510523   0.1083891E-05  -0.6446658E-02   0.2160632E-01
        8.4957188   0.9529778E-06  -0.5695146E-02   0.1967158E-01
        8.6414456   0.8373219E-06  -0.5025134E-02   0.1789194E-01
        8.7882197   0.7352207E-06  -0.4428637E-02   0.1625701E-01
        8.9360282   0.6451518E-06  -0.3898333E-02   0.1475687E-01
        9.0848583   0.5657548E-06  -0.3427531E-02   0.1338208E-01
        9.2346972   0.4958153E-06  -0.3010122E-02   0.1212365E-01
        9.3855322   0.4342504E-06  -0.2640547E-02   0.1097310E-01
        9.5373507   0.3800952E-06  -0.2313756E-02   0.9922400E-02
        9.6901403   0.3324907E-06  -0.2025172E-02   0.8963967E-02
        9.8438886   0.2906731E-06  -0.1770654E-02   0.8090682E-02
        9.9985832   0.2539635E-06  -0.1546462E-02   0.7295858E-02
       10.1542120   0.2217596E-06  -0.1349229E-02   0.6573233E-02
       10.3107630   0.1935268E-06  -0.1175923E-02   0.5916952E-02
       10.4682241   0.1687914E-06  -0.1023825E-02   0.5321551E-02
       10.6265836   0.1471341E-06  -0.8904971E-03   0.4781944E-02
       10.7858297   0.1281837E-06  -0.7737588E-03   0.4293402E-02
       10.9459509   0.1116124E-06  -0.6716630E-03   0.3851539E-02
       11.1069357   0.9713023E-07  -0.5824733E-03   0.3452290E-02
       11.2687727   0.8448162E-07  -0.5046448E-03   0.3091898E-02
       11.4314508   0.7344101E-07  -0.4368041E-03   0.2766895E-02
       11.5949589   0.6380968E-07  -0.3777330E-03   0.2474082E-02
       11.7592859   0.5541264E-07  -0.3263521E-03   0.2210519E-02
       11.9244212   0.4809592E-07  -0.2817067E-03   0.1973501E-02
       12.0903541   0.4172417E-07  -0.2429535E-03   0.1760547E-02
       12.2570739   0.3617845E-07  -0.2093485E-03   0.1569386E-02
       12.4245703   0.3135434E-07  -0.1802368E-03   0.1397938E-02
       12.5928329   0.2716024E-07  -0.1550421E-03   0.1244303E-02
       12.7618517   0.2351583E-07  -0.1332582E-03   0.1106748E-02
       12.9316166   0.2035077E-07  -0.1144411E-03   0.9836934E-03
       13.1021178   0.1760343E-07  -0.9820171E-04   0.8737019E-03
       13.2733454   0.1521993E-07  -0.8419980E-04   0.7754670E-03
       13.4452900   0.1315313E-07  -0.7213786E-04   0.6878026E-03
       13.6179419   0.1136186E-07  -0.6175626E-04   0.6096333E-03
       13.7912918   0.9810160E-08  -0.5282867E-04   0.5399851E-03
       13.9653306   0.8466648E-08  -0.4515797E-04   0.4779768E-03
       14.1400491   0.7303955E-08  -0.3857275E-04   0.4228122E-03
       14.3154384   0.6298226E-08  -0.3292405E-04   0.3737728E-03
       14.4914896   0.5428681E-08  -0.2808262E-04   0.3302105E-03
       14.6681940   0.4677229E-08  -0.2393638E-04   0.2915417E-03
       14.8455431   0.4028130E-08  -0.2038831E-04   0.2572413E-03
       15.0235284   0.3467697E-08  -0.1735443E-04   0.2268372E-03
       15.2021415   0.2984034E-08  -0.1476221E-04   0.1999056E-03
       15.3813743   0.2566810E-08  -0.1254898E-04   0.1760663E-03
       15.5612186   0.2207055E-08  -0.1066073E-04   0.1549784E-03
       15.7416666   0.1896986E-08  -0.9050889E-05   0.1363368E-03
       15.9227102   0.1629854E-08  -0.7679383E-05   0.1198686E-03
       16.1043419   0.1399810E-08  -0.6511735E-05   0.1053298E-03
       16.2865540   0.1201786E-08  -0.5518323E-05   0.9250253E-04
       16.4693390   0.1031396E-08  -0.4673713E-05   0.8119247E-04
       16.6526895   0.8848408E-09  -0.3956089E-05   0.7122635E-04
       16.8365982   0.7588376E-09  -0.3346754E-05   0.6244985E-04
       17.0210580   0.6505463E-09  -0.2829694E-05   0.5472564E-04
       17.2060618   0.5575134E-09  -0.2391210E-05   0.4793161E-04
       17.3916026   0.4776193E-09  -0.2019588E-05   0.4195924E-04
       17.5776737   0.4090345E-09  -0.1704823E-05   0.3671222E-04
       17.7642683   0.3501798E-09  -0.1438372E-05   0.3210508E-04
       17.9513797   0.2996936E-09  -0.1212950E-05   0.2806208E-04
       18.1390014   0.2564014E-09  -0.1022348E-05   0.2451611E-04
       18.3271270   0.2192916E-09  -0.8612767E-06   0.2140777E-04
       18.5157501   0.1874925E-09  -0.7252358E-06   0.1868453E-04
       18.7048645   0.1602536E-09  -0.6103969E-06   0.1629996E-04
       18.8944642   0.1369290E-09  -0.5135068E-06   0.1421303E-04
       19.0845429   0.1169629E-09  -0.4318022E-06   0.1238756E-04
       19.2750948   0.9987760E-10  -0.3629379E-06   0.1079159E-04
       19.4661139   0.8526218E-10  -0.3049247E-06   0.9396986E-05
       19.6575947   0.7276372E-10  -0.2560766E-06   0.8178951E-05
       19.8495312   0.6207905E-10  -0.2149651E-06   0.7115653E-05
       20.0419180   0.5294786E-10  -0.1803809E-06   0.6187888E-05
       20.2347496   0.4514675E-10  -0.1513011E-06   0.5378769E-05
       20.4280205   0.3848405E-10  -0.1268604E-06   0.4673459E-05
       20.6217253   0.3279538E-10  -0.1063277E-06   0.4058926E-05
       20.8158588   0.2793983E-10  -0.8908555E-07   0.3523736E-05
       21.0104159   0.2379663E-10  -0.7461257E-07   0.3057856E-05
       21.2053914   0.2026231E-10  -0.6246900E-07   0.2652495E-05
       21.4007803   0.1724828E-10  -0.5228399E-07   0.2299947E-05
       21.5965777   0.1467870E-10  -0.4374497E-07   0.1993467E-05
       21.7927787   0.1248864E-10  -0.3658867E-07   0.1727150E-05
       21.9893785   0.1062258E-10  -0.3059341E-07   0.1495832E-05
       22.1863723   0.9033038E-11  -0.2557263E-07   0.1295000E-05
       22.3837556   0.7679403E-11  -0.2136943E-07   0.1120707E-05
       22.5815237   0.6526980E-11  -0.1785189E-07   0.9695102E-06
       22.7796722   0.5546124E-11  -0.1490914E-07   0.8384017E-06
       22.9781966   0.4711514E-11  -0.1244806E-07   0.7247585E-06
       23.1770924   0.4001533E-11  -0.1039047E-07   0.6262933E-06
       23.3763555   0.3397726E-11  -0.8670746E-08   0.5410124E-06
       23.5759815   0.2884347E-11  -0.7233842E-08   0.4671792E-06
       23.7759664   0.2447965E-11  -0.6033597E-08   0.4032816E-06
       23.9763059   0.2077124E-11  -0.5031318E-08   0.3480034E-06
       24.1769960   0.1762059E-11  -0.4194583E-08   0.3001999E-06
       24.3780327   0.1494445E-11  -0.3496237E-08   0.2588757E-06
       24.5794121   0.1267193E-11  -0.2913541E-08   0.2231656E-06
       24.7811303   0.1074260E-11  -0.2427466E-08   0.1923181E-06
       24.9831835   0.9105019E-12  -0.2022088E-08   0.1656805E-06
       25.1855679   0.7715402E-12  -0.1684089E-08   0.1426865E-06
       25.3882798   0.6536471E-12  -0.1402335E-08   0.1228445E-06
       25.5913156   0.5536513E-12  -0.1167516E-08   0.1057285E-06
       25.7946716   0.4688548E-12  -0.9718556E-09   0.9096886E-07
       25.9983444   0.3969635E-12  -0.8088568E-09   0.7824555E-07
       26.2023304   0.3360267E-12  -0.6730937E-09   0.6728127E-07
       26.4066262   0.2843866E-12  -0.5600367E-09   0.5783592E-07
       26.6112284   0.2406343E-12  -0.4659052E-09   0.4970174E-07
       26.8161336   0.2035728E-12  -0.3875447E-09   0.4269897E-07
       27.0213386   0.1721856E-12  -0.3223235E-09   0.3667216E-07
       27.2268401   0.1456095E-12  -0.2680472E-09   0.3148691E-07
       27.4326349   0.1231117E-12  -0.2228857E-09   0.2702711E-07
       27.6387198   0.1040702E-12  -0.1853139E-09   0.2319243E-07
       27.8450919   0.8795730E-13  -0.1540604E-09   0.1989627E-07
       28.0517479   0.7432530E-13  -0.1280662E-09   0.1706384E-07
       28.2586848   0.6279449E-13  -0.1064488E-09   0.1463063E-07
       28.4658998   0.5304291E-13  -0.8847331E-10   0.1254098E-07
       28.6733898   0.4479761E-13  -0.7352788E-10   0.1074691E-07
       28.8811520   0.3782727E-13  -0.6110299E-10   0.9207048E-08
       29.0891835   0.3193586E-13  -0.5077454E-10   0.7885755E-08
       29.2974815   0.2695729E-13  -0.4218957E-10   0.6752324E-08
       29.5060433   0.2275091E-13  -0.3505437E-10   0.5780316E-08
       29.7148660   0.1919761E-13  -0.2912457E-10   0.4946971E-08
       29.9239471   0.1619653E-13  -0.2419688E-10   0.4232703E-08
       30.1332838   0.1366231E-13  -0.2010222E-10   0.3620661E-08
       30.3428736   0.1152269E-13  -0.1669997E-10   0.3096355E-08
       30.5527138   0.9716562E-14  -0.1387319E-10   0.2647327E-08
       30.7628019   0.8192202E-14  -0.1152466E-10   0.2262868E-08
       30.9731354   0.6905876E-14  -0.9573542E-11   0.1933780E-08
       31.1837118   0.5820599E-14  -0.7952658E-11   0.1652159E-08
       31.3945286   0.4905103E-14  -0.6606155E-11   0.1411220E-08
       31.6055836   0.4132955E-14  -0.5487617E-11   0.1205138E-08
       31.8168742   0.3481818E-14  -0.4558471E-11   0.1028913E-08
       32.0283982   0.2932817E-14  -0.3786662E-11   0.8782578E-09
       32.2401532   0.2470006E-14  -0.3145556E-11   0.7494924E-09
       32.4521369   0.2079916E-14  -0.2613024E-11   0.6394631E-09
       32.6643472   0.1751173E-14  -0.2170680E-11   0.5454660E-09
       32.8767817   0.1474173E-14  -0.1803251E-11   0.4651840E-09
       33.0894383   0.1240807E-14  -0.1498049E-11   0.3966319E-09
       33.3023149   0.1044234E-14  -0.1244532E-11   0.3381094E-09
       33.5154092   0.8786760E-15  -0.1033946E-11   0.2881606E-09
       33.7287192   0.7392620E-15  -0.8590187E-12   0.2455389E-09
       33.9422429   0.6218807E-15  -0.7137088E-12   0.2091777E-09
       34.1559781   0.0000000E+00  -0.5929995E-12   0.1781644E-09
       34.3699228   0.0000000E+00  -0.4927234E-12   0.1517181E-09
       34.5840751   0.0000000E+00  -0.4094195E-12   0.1291712E-09
       34.7984330   0.0000000E+00  -0.3402130E-12   0.1099530E-09
       35.0129946   0.0000000E+00  -0.2827164E-12   0.9357546E-10
       35.2277578   0.0000000E+00  -0.2349465E-12   0.7962166E-10
       35.4427209   0.0000000E+00  -0.1952564E-12   0.6773542E-10
       35.6578820   0.0000000E+00  -0.1622780E-12   0.5761246E-10
       35.8732391   0.0000000E+00  -0.1348750E-12   0.4899299E-10
       36.0887906   0.0000000E+00  -0.1121037E-12   0.4165519E-10
       36.3045346   0.0000000E+00  -0.9318020E-13   0.3540975E-10
       36.5204692   0.0000000E+00  -0.7745317E-13   0.3009511E-10
       36.7365929   0.0000000E+00  -0.6438170E-13   0.2557345E-10
       36.9529038   0.0000000E+00  -0.5351637E-13   0.2172720E-10
       37.1694003   0.0000000E+00  -0.4448378E-13   0.1845612E-10
       37.3860806   0.0000000E+00  -0.3697365E-13   0.1567474E-10
       37.6029431   0.0000000E+00  -0.3072811E-13   0.1331020E-10
       37.8199862   0.0000000E+00  -0.2553280E-13   0.1130042E-10
       38.0372082   0.0000000E+00  -0.2120945E-13   0.9592512E-11
       38.2546075   0.0000000E+00  -0.1760976E-13   0.8141408E-11
       38.4721826   0.0000000E+00  -0.1461026E-13   0.6908739E-11
       38.6899318   0.0000000E+00  -0.1210803E-13   0.5861834E-11
       38.9078537   0.0000000E+00  -0.1001720E-13   0.4972880E-11
       39.1259467   0.0000000E+00  -0.8265914E-14   0.4218208E-11
       39.3442093   0.0000000E+00  -0.6793894E-14   0.3577678E-11
       39.5626400   0.0000000E+00  -0.5550318E-14   0.3034160E-11
       39.7812374   0.0000000E+00  -0.4492058E-14   0.2573085E-11
       40.0000000   0.0000000E+00   0.0000000E+00   0.0000000E+00
