
            r               1s              2p
        0.0000003   0.0000000E+00   0.0000000E+00
        0.0000003   0.3069157E-05   0.4679491E-13
        0.0000003   0.3194412E-05   0.5069231E-13
        0.0000004   0.3324779E-05   0.5491431E-13
        0.0000004   0.3460465E-05   0.5948795E-13
        0.0000004   0.3601690E-05   0.6444250E-13
        0.0000004   0.3748677E-05   0.6980971E-13
        0.0000004   0.3901664E-05   0.7562393E-13
        0.0000004   0.4060893E-05   0.8192239E-13
        0.0000005   0.4226621E-05   0.8874544E-13
        0.0000005   0.4399112E-05   0.9613674E-13
        0.0000005   0.4578643E-05   0.1041436E-12
        0.0000005   0.4765500E-05   0.1128174E-12
        0.0000005   0.4959983E-05   0.1222136E-12
        0.0000006   0.5162403E-05   0.1323923E-12
        0.0000006   0.5373084E-05   0.1434188E-12
        0.0000006   0.5592363E-05   0.1553637E-12
        0.0000006   0.5820590E-05   0.1683034E-12
        0.0000007   0.6058131E-05   0.1823208E-12
        0.0000007   0.6305367E-05   0.1975057E-12
        0.0000007   0.6562692E-05   0.2139552E-12
        0.0000007   0.6830519E-05   0.2317747E-12
        0.0000008   0.7109275E-05   0.2510784E-12
        0.0000008   0.7399408E-05   0.2719898E-12
        0.0000008   0.7701381E-05   0.2946428E-12
        0.0000009   0.8015677E-05   0.3191826E-12
        0.0000009   0.8342800E-05   0.3457661E-12
        0.0000009   0.8683272E-05   0.3745636E-12
        0.0000010   0.9037640E-05   0.4057596E-12
        0.0000010   0.9406468E-05   0.4395537E-12
        0.0000011   0.9790349E-05   0.4761624E-12
        0.0000011   0.1018990E-04   0.5158201E-12
        0.0000011   0.1060575E-04   0.5587807E-12
        0.0000012   0.1103857E-04   0.6053193E-12
        0.0000012   0.1148906E-04   0.6557339E-12
        0.0000013   0.1195793E-04   0.7103473E-12
        0.0000013   0.1244593E-04   0.7695091E-12
        0.0000014   0.1295385E-04   0.8335983E-12
        0.0000015   0.1348250E-04   0.9030251E-12
        0.0000015   0.1403272E-04   0.9782342E-12
        0.0000016   0.1460539E-04   0.1059707E-11
        0.0000016   0.1520144E-04   0.1147965E-11
        0.0000017   0.1582181E-04   0.1243574E-11
        0.0000018   0.1646749E-04   0.1347146E-11
        0.0000019   0.1713953E-04   0.1459343E-11
        0.0000019   0.1783899E-04   0.1580885E-11
        0.0000020   0.1856699E-04   0.1712549E-11
        0.0000021   0.1932471E-04   0.1855179E-11
        0.0000022   0.2011334E-04   0.2009688E-11
        0.0000023   0.2093416E-04   0.2177065E-11
        0.0000024   0.2178847E-04   0.2358382E-11
        0.0000024   0.2267765E-04   0.2554799E-11
        0.0000025   0.2360311E-04   0.2767575E-11
        0.0000027   0.2456634E-04   0.2998071E-11
        0.0000028   0.2556887E-04   0.3247764E-11
        0.0000029   0.2661232E-04   0.3518252E-11
        0.0000030   0.2769835E-04   0.3811267E-11
        0.0000031   0.2882869E-04   0.4128686E-11
        0.0000032   0.3000516E-04   0.4472539E-11
        0.0000034   0.3122964E-04   0.4845030E-11
        0.0000035   0.3250409E-04   0.5248543E-11
        0.0000037   0.3383055E-04   0.5685661E-11
        0.0000038   0.3521113E-04   0.6159183E-11
        0.0000040   0.3664805E-04   0.6672140E-11
        0.0000041   0.3814360E-04   0.7227818E-11
        0.0000043   0.3970019E-04   0.7829773E-11
        0.0000045   0.4132029E-04   0.8481860E-11
        0.0000046   0.4300650E-04   0.9188253E-11
        0.0000048   0.4476152E-04   0.9953474E-11
        0.0000050   0.4658815E-04   0.1078242E-10
        0.0000052   0.4848932E-04   0.1168041E-10
        0.0000054   0.5046806E-04   0.1265318E-10
        0.0000057   0.5252755E-04   0.1370696E-10
        0.0000059   0.5467108E-04   0.1484849E-10
        0.0000061   0.5690206E-04   0.1608510E-10
        0.0000064   0.5922409E-04   0.1742468E-10
        0.0000067   0.6164086E-04   0.1887582E-10
        0.0000069   0.6415624E-04   0.2044782E-10
        0.0000072   0.6677426E-04   0.2215072E-10
        0.0000075   0.6949910E-04   0.2399543E-10
        0.0000078   0.7233512E-04   0.2599377E-10
        0.0000081   0.7528686E-04   0.2815852E-10
        0.0000085   0.7835903E-04   0.3050354E-10
        0.0000088   0.8155656E-04   0.3304384E-10
        0.0000092   0.8488455E-04   0.3579569E-10
        0.0000095   0.8834832E-04   0.3877669E-10
        0.0000099   0.9195341E-04   0.4200593E-10
        0.0000103   0.9570559E-04   0.4550408E-10
        0.0000108   0.9961086E-04   0.4929353E-10
        0.0000112   0.1036755E-03   0.5339853E-10
        0.0000117   0.1079059E-03   0.5784536E-10
        0.0000121   0.1123089E-03   0.6266249E-10
        0.0000126   0.1168916E-03   0.6788073E-10
        0.0000131   0.1216612E-03   0.7353349E-10
        0.0000137   0.1266254E-03   0.7965695E-10
        0.0000142   0.1317921E-03   0.8629030E-10
        0.0000148   0.1371696E-03   0.9347598E-10
        0.0000154   0.1427664E-03   0.1012600E-09
        0.0000160   0.1485916E-03   0.1096921E-09
        0.0000167   0.1546544E-03   0.1188264E-09
        0.0000174   0.1609646E-03   0.1287212E-09
        0.0000181   0.1675321E-03   0.1394398E-09
        0.0000188   0.1743675E-03   0.1510509E-09
        0.0000196   0.1814818E-03   0.1636288E-09
        0.0000204   0.1888862E-03   0.1772539E-09
        0.0000212   0.1965926E-03   0.1920133E-09
        0.0000221   0.2046134E-03   0.2080017E-09
        0.0000230   0.2129613E-03   0.2253211E-09
        0.0000239   0.2216497E-03   0.2440824E-09
        0.0000249   0.2306924E-03   0.2644057E-09
        0.0000259   0.2401040E-03   0.2864210E-09
        0.0000270   0.2498993E-03   0.3102690E-09
        0.0000281   0.2600942E-03   0.3361023E-09
        0.0000292   0.2707047E-03   0.3640862E-09
        0.0000304   0.2817480E-03   0.3943997E-09
        0.0000317   0.2932416E-03   0.4272365E-09
        0.0000330   0.3052038E-03   0.4628068E-09
        0.0000343   0.3176538E-03   0.5013379E-09
        0.0000357   0.3306114E-03   0.5430763E-09
        0.0000372   0.3440973E-03   0.5882889E-09
        0.0000387   0.3581331E-03   0.6372648E-09
        0.0000402   0.3727411E-03   0.6903170E-09
        0.0000419   0.3879445E-03   0.7477847E-09
        0.0000436   0.4037678E-03   0.8100354E-09
        0.0000454   0.4202361E-03   0.8774669E-09
        0.0000472   0.4373756E-03   0.9505103E-09
        0.0000492   0.4552137E-03   0.1029632E-08
        0.0000512   0.4737789E-03   0.1115339E-08
        0.0000532   0.4931006E-03   0.1208177E-08
        0.0000554   0.5132098E-03   0.1308741E-08
        0.0000577   0.5341384E-03   0.1417672E-08
        0.0000600   0.5559199E-03   0.1535667E-08
        0.0000625   0.5785888E-03   0.1663480E-08
        0.0000650   0.6021813E-03   0.1801926E-08
        0.0000677   0.6267349E-03   0.1951891E-08
        0.0000704   0.6522888E-03   0.2114331E-08
        0.0000733   0.6788836E-03   0.2290284E-08
        0.0000763   0.7065617E-03   0.2480874E-08
        0.0000794   0.7353669E-03   0.2687317E-08
        0.0000827   0.7653453E-03   0.2910930E-08
        0.0000860   0.7965444E-03   0.3153142E-08
        0.0000895   0.8290138E-03   0.3415497E-08
        0.0000932   0.8628051E-03   0.3699670E-08
        0.0000970   0.8979720E-03   0.4007473E-08
        0.0001009   0.9345704E-03   0.4340870E-08
        0.0001051   0.9726584E-03   0.4701987E-08
        0.0001093   0.1012296E-02   0.5093127E-08
        0.0001138   0.1053547E-02   0.5516784E-08
        0.0001184   0.1096477E-02   0.5975657E-08
        0.0001233   0.1141152E-02   0.6472672E-08
        0.0001283   0.1187645E-02   0.7010995E-08
        0.0001335   0.1236029E-02   0.7594056E-08
        0.0001389   0.1286381E-02   0.8225569E-08
        0.0001446   0.1338779E-02   0.8909554E-08
        0.0001505   0.1393308E-02   0.9650367E-08
        0.0001566   0.1450053E-02   0.1045272E-07
        0.0001630   0.1509105E-02   0.1132173E-07
        0.0001697   0.1570555E-02   0.1226291E-07
        0.0001766   0.1634502E-02   0.1328225E-07
        0.0001838   0.1701047E-02   0.1438624E-07
        0.0001912   0.1770294E-02   0.1558189E-07
        0.0001990   0.1842353E-02   0.1687679E-07
        0.0002071   0.1917336E-02   0.1827919E-07
        0.0002156   0.1995363E-02   0.1979797E-07
        0.0002244   0.2076556E-02   0.2144279E-07
        0.0002335   0.2161043E-02   0.2322408E-07
        0.0002430   0.2248956E-02   0.2515314E-07
        0.0002529   0.2340434E-02   0.2724221E-07
        0.0002632   0.2435619E-02   0.2950452E-07
        0.0002739   0.2534662E-02   0.3195442E-07
        0.0002850   0.2637718E-02   0.3460741E-07
        0.0002966   0.2744947E-02   0.3748030E-07
        0.0003087   0.2856517E-02   0.4059126E-07
        0.0003213   0.2972604E-02   0.4395997E-07
        0.0003343   0.3093387E-02   0.4760772E-07
        0.0003479   0.3219056E-02   0.5155757E-07
        0.0003621   0.3349806E-02   0.5583445E-07
        0.0003768   0.3485840E-02   0.6046537E-07
        0.0003921   0.3627370E-02   0.6547952E-07
        0.0004080   0.3774616E-02   0.7090852E-07
        0.0004246   0.3927806E-02   0.7678656E-07
        0.0004419   0.4087176E-02   0.8315066E-07
        0.0004598   0.4252974E-02   0.9004086E-07
        0.0004785   0.4425456E-02   0.9750046E-07
        0.0004979   0.4604887E-02   0.1055763E-06
        0.0005181   0.4791544E-02   0.1143192E-06
        0.0005392   0.4985714E-02   0.1237838E-06
        0.0005611   0.5187694E-02   0.1340295E-06
        0.0005838   0.5397794E-02   0.1451206E-06
        0.0006075   0.5616335E-02   0.1571262E-06
        0.0006321   0.5843651E-02   0.1701216E-06
        0.0006578   0.6080089E-02   0.1841877E-06
        0.0006844   0.6326007E-02   0.1994125E-06
        0.0007122   0.6581779E-02   0.2158906E-06
        0.0007410   0.6847792E-02   0.2337247E-06
        0.0007710   0.7124448E-02   0.2530257E-06
        0.0008022   0.7412163E-02   0.2739133E-06
        0.0008347   0.7711371E-02   0.2965172E-06
        0.0008685   0.8022520E-02   0.3209773E-06
        0.0009036   0.8346075E-02   0.3474448E-06
        0.0009401   0.8682520E-02   0.3760834E-06
        0.0009781   0.9032353E-02   0.4070696E-06
        0.0010176   0.9396094E-02   0.4405943E-06
        0.0010587   0.9774281E-02   0.4768635E-06
        0.0011014   0.1016747E-01   0.5160999E-06
        0.0011458   0.1057624E-01   0.5585440E-06
        0.0011921   0.1100119E-01   0.6044554E-06
        0.0012401   0.1144294E-01   0.6541145E-06
        0.0012901   0.1190212E-01   0.7078239E-06
        0.0013420   0.1237941E-01   0.7659103E-06
        0.0013960   0.1287549E-01   0.8287262E-06
        0.0014521   0.1339107E-01   0.8966523E-06
        0.0015105   0.1392690E-01   0.9700989E-06
        0.0015712   0.1448372E-01   0.1049509E-05
        0.0016343   0.1506233E-01   0.1135360E-05
        0.0016998   0.1566355E-01   0.1228168E-05
        0.0017680   0.1628821E-01   0.1328487E-05
        0.0018388   0.1693719E-01   0.1436916E-05
        0.0019124   0.1761138E-01   0.1554102E-05
        0.0019889   0.1831171E-01   0.1680738E-05
        0.0020684   0.1903915E-01   0.1817576E-05
        0.0021511   0.1979467E-01   0.1965421E-05
        0.0022369   0.2057930E-01   0.2125143E-05
        0.0023261   0.2139410E-01   0.2297678E-05
        0.0024188   0.2224015E-01   0.2484033E-05
        0.0025150   0.2311856E-01   0.2685293E-05
        0.0026150   0.2403049E-01   0.2902623E-05
        0.0027189   0.2497712E-01   0.3137280E-05
        0.0028267   0.2595968E-01   0.3390611E-05
        0.0029388   0.2697943E-01   0.3664068E-05
        0.0030551   0.2803765E-01   0.3959210E-05
        0.0031759   0.2913567E-01   0.4277711E-05
        0.0033013   0.3027486E-01   0.4621371E-05
        0.0034315   0.3145662E-01   0.4992120E-05
        0.0035667   0.3268239E-01   0.5392034E-05
        0.0037070   0.3395364E-01   0.5823337E-05
        0.0038526   0.3527189E-01   0.6288414E-05
        0.0040037   0.3663869E-01   0.6789827E-05
        0.0041604   0.3805562E-01   0.7330316E-05
        0.0043231   0.3952430E-01   0.7912823E-05
        0.0044919   0.4104641E-01   0.8540493E-05
        0.0046669   0.4262362E-01   0.9216698E-05
        0.0048485   0.4425768E-01   0.9945044E-05
        0.0050368   0.4595036E-01   0.1072939E-04
        0.0052320   0.4770345E-01   0.1157386E-04
        0.0054344   0.4951878E-01   0.1248285E-04
        0.0056442   0.5139824E-01   0.1346109E-04
        0.0058616   0.5334371E-01   0.1451360E-04
        0.0060870   0.5535713E-01   0.1564574E-04
        0.0063205   0.5744046E-01   0.1686323E-04
        0.0065624   0.5959568E-01   0.1817218E-04
        0.0068130   0.6182480E-01   0.1957909E-04
        0.0070725   0.6412987E-01   0.2109088E-04
        0.0073412   0.6651293E-01   0.2271491E-04
        0.0076194   0.6897607E-01   0.2445902E-04
        0.0079074   0.7152137E-01   0.2633155E-04
        0.0082054   0.7415095E-01   0.2834134E-04
        0.0085138   0.7686694E-01   0.3049779E-04
        0.0088329   0.7967145E-01   0.3281088E-04
        0.0091629   0.8256663E-01   0.3529117E-04
        0.0095042   0.8555462E-01   0.3794988E-04
        0.0098571   0.8863755E-01   0.4079888E-04
        0.0102219   0.9181757E-01   0.4385072E-04
        0.0105989   0.9509679E-01   0.4711869E-04
        0.0109885   0.9847736E-01   0.5061684E-04
        0.0113910   0.1019614E+00   0.5435999E-04
        0.0118067   0.1055509E+00   0.5836380E-04
        0.0122359   0.1092480E+00   0.6264478E-04
        0.0126791   0.1130547E+00   0.6722034E-04
        0.0131365   0.1169731E+00   0.7210879E-04
        0.0136085   0.1210050E+00   0.7732945E-04
        0.0140954   0.1251525E+00   0.8290259E-04
        0.0145977   0.1294175E+00   0.8884954E-04
        0.0151156   0.1338017E+00   0.9519270E-04
        0.0156495   0.1383070E+00   0.1019556E-03
        0.0161998   0.1429351E+00   0.1091628E-03
        0.0167669   0.1476877E+00   0.1168403E-03
        0.0173510   0.1525665E+00   0.1250151E-03
        0.0179526   0.1575730E+00   0.1337155E-03
        0.0185721   0.1627086E+00   0.1429712E-03
        0.0192098   0.1679749E+00   0.1528131E-03
        0.0198660   0.1733731E+00   0.1632736E-03
        0.0205412   0.1789046E+00   0.1743866E-03
        0.0212358   0.1845705E+00   0.1861874E-03
        0.0219500   0.1903720E+00   0.1987126E-03
        0.0226843   0.1963101E+00   0.2120008E-03
        0.0234392   0.2023858E+00   0.2260918E-03
        0.0242148   0.2086000E+00   0.2410275E-03
        0.0250117   0.2149534E+00   0.2568510E-03
        0.0258303   0.2214468E+00   0.2736076E-03
        0.0266709   0.2280808E+00   0.2913443E-03
        0.0275339   0.2348560E+00   0.3101099E-03
        0.0284198   0.2417728E+00   0.3299552E-03
        0.0293289   0.2488317E+00   0.3509332E-03
        0.0302617   0.2560329E+00   0.3730988E-03
        0.0312185   0.2633769E+00   0.3965091E-03
        0.0321999   0.2708636E+00   0.4212236E-03
        0.0332063   0.2784932E+00   0.4473041E-03
        0.0342381   0.2862658E+00   0.4748146E-03
        0.0352957   0.2941814E+00   0.5038222E-03
        0.0363797   0.3022399E+00   0.5343961E-03
        0.0374906   0.3104411E+00   0.5666088E-03
        0.0386287   0.3187849E+00   0.6005353E-03
        0.0397948   0.3272711E+00   0.6362539E-03
        0.0409892   0.3358993E+00   0.6738460E-03
        0.0422125   0.3446693E+00   0.7133967E-03
        0.0434654   0.3535806E+00   0.7549942E-03
        0.0447483   0.3626329E+00   0.7987307E-03
        0.0460620   0.3718258E+00   0.8447024E-03
        0.0474071   0.3811588E+00   0.8930094E-03
        0.0487841   0.3906313E+00   0.9437566E-03
        0.0501939   0.4002430E+00   0.9970532E-03
        0.0516371   0.4099931E+00   0.1053013E-02
        0.0531145   0.4198812E+00   0.1111757E-02
        0.0546270   0.4299066E+00   0.1173408E-02
        0.0561752   0.4400687E+00   0.1238098E-02
        0.0577601   0.4503668E+00   0.1305965E-02
        0.0593827   0.4608003E+00   0.1377150E-02
        0.0610438   0.4713683E+00   0.1451805E-02
        0.0627444   0.4820702E+00   0.1530087E-02
        0.0644856   0.4929050E+00   0.1612163E-02
        0.0662685   0.5038720E+00   0.1698206E-02
        0.0680943   0.5149701E+00   0.1788398E-02
        0.0699640   0.5261985E+00   0.1882931E-02
        0.0718791   0.5375560E+00   0.1982008E-02
        0.0738407   0.5490414E+00   0.2085840E-02
        0.0758504   0.5606535E+00   0.2194650E-02
        0.0779095   0.5723910E+00   0.2308675E-02
        0.0800195   0.5842524E+00   0.2428160E-02
        0.0821821   0.5962359E+00   0.2553368E-02
        0.0843989   0.6083399E+00   0.2684571E-02
        0.0866717   0.6205624E+00   0.2822061E-02
        0.0890023   0.6329012E+00   0.2966142E-02
        0.0913926   0.6453540E+00   0.3117136E-02
        0.0938446   0.6579180E+00   0.3275382E-02
        0.0963604   0.6705905E+00   0.3441238E-02
        0.0989423   0.6833682E+00   0.3615081E-02
        0.1015924   0.6962477E+00   0.3797311E-02
        0.1043133   0.7092250E+00   0.3988346E-02
        0.1071074   0.7222960E+00   0.4188632E-02
        0.1099773   0.7354559E+00   0.4398636E-02
        0.1129259   0.7486997E+00   0.4618851E-02
        0.1159559   0.7620216E+00   0.4849801E-02
        0.1190704   0.7754157E+00   0.5092033E-02
        0.1222725   0.7888750E+00   0.5346130E-02
        0.1255654   0.8023923E+00   0.5612704E-02
        0.1289527   0.8159596E+00   0.5892401E-02
        0.1324378   0.8295681E+00   0.6185904E-02
        0.1360245   0.8432083E+00   0.6493930E-02
        0.1397166   0.8568699E+00   0.6817239E-02
        0.1435182   0.8705418E+00   0.7156631E-02
        0.1474335   0.8842119E+00   0.7512948E-02
        0.1514669   0.8978671E+00   0.7887079E-02
        0.1556230   0.9114934E+00   0.8279959E-02
        0.1599065   0.9250756E+00   0.8692575E-02
        0.1643224   0.9385976E+00   0.9125963E-02
        0.1688759   0.9520418E+00   0.9581217E-02
        0.1735723   0.9653897E+00   0.1005949E-01
        0.1784173   0.9786214E+00   0.1056198E-01
        0.1834167   0.9917157E+00   0.1108996E-01
        0.1885765   0.1004650E+01   0.1164477E-01
        0.1939031   0.1017400E+01   0.1222781E-01
        0.1994029   0.1029941E+01   0.1284055E-01
        0.2050827   0.1042246E+01   0.1348452E-01
        0.2109497   0.1054287E+01   0.1416136E-01
        0.2170111   0.1066033E+01   0.1487275E-01
        0.2232745   0.1077454E+01   0.1562046E-01
        0.2297478   0.1088518E+01   0.1640636E-01
        0.2364392   0.1099189E+01   0.1723238E-01
        0.2433571   0.1109432E+01   0.1810054E-01
        0.2505104   0.1119212E+01   0.1901297E-01
        0.2579080   0.1128488E+01   0.1997187E-01
        0.2655595   0.1137223E+01   0.2097954E-01
        0.2734746   0.1145376E+01   0.2203837E-01
        0.2816633   0.1152904E+01   0.2315086E-01
        0.2901361   0.1159766E+01   0.2431959E-01
        0.2989037   0.1165920E+01   0.2554726E-01
        0.3079773   0.1171320E+01   0.2683666E-01
        0.3173684   0.1175923E+01   0.2819067E-01
        0.3270888   0.1179686E+01   0.2961229E-01
        0.3371508   0.1182564E+01   0.3110462E-01
        0.3475670   0.1184515E+01   0.3267085E-01
        0.3583504   0.1185494E+01   0.3431429E-01
        0.3695146   0.1185461E+01   0.3603834E-01
        0.3810731   0.1184374E+01   0.3784649E-01
        0.3930404   0.1182196E+01   0.3974235E-01
        0.4054311   0.1178890E+01   0.4172961E-01
        0.4182601   0.1174421E+01   0.4381207E-01
        0.4315430   0.1168758E+01   0.4599360E-01
        0.4452957   0.1161873E+01   0.4827817E-01
        0.4595344   0.1153741E+01   0.5066982E-01
        0.4742760   0.1144343E+01   0.5317269E-01
        0.4895376   0.1133661E+01   0.5579097E-01
        0.5053368   0.1121685E+01   0.5852891E-01
        0.5216916   0.1108410E+01   0.6139083E-01
        0.5386205   0.1093835E+01   0.6438108E-01
        0.5561424   0.1077965E+01   0.6750406E-01
        0.5742766   0.1060814E+01   0.7076417E-01
        0.5930427   0.1042399E+01   0.7416585E-01
        0.6124609   0.1022747E+01   0.7771351E-01
        0.6325518   0.1001889E+01   0.8141152E-01
        0.6533363   0.9798646E+00   0.8526425E-01
        0.6748357   0.9567212E+00   0.8927595E-01
        0.6970717   0.9325121E+00   0.9345083E-01
        0.7200664   0.9072982E+00   0.9779293E-01
        0.7438422   0.8811470E+00   0.1023062E+00
        0.7684219   0.8541329E+00   0.1069943E+00
        0.7938287   0.8263362E+00   0.1118608E+00
        0.8200858   0.7978436E+00   0.1169089E+00
        0.8472171   0.7687466E+00   0.1221415E+00
        0.8752466   0.7391420E+00   0.1275613E+00
        0.9041984   0.7091304E+00   0.1331704E+00
        0.9340971   0.6788159E+00   0.1389705E+00
        0.9649674   0.6483052E+00   0.1449629E+00
        0.9968341   0.6177066E+00   0.1511481E+00
        1.0297223   0.5871295E+00   0.1575261E+00
        1.0636571   0.5566827E+00   0.1640962E+00
        1.0986639   0.5264743E+00   0.1708568E+00
        1.1347679   0.4966100E+00   0.1778057E+00
        1.1719945   0.4671926E+00   0.1849394E+00
        1.2103692   0.4383206E+00   0.1922538E+00
        1.2499173   0.4100877E+00   0.1997434E+00
        1.2906641   0.3825817E+00   0.2074019E+00
        1.3326348   0.3558835E+00   0.2152216E+00
        1.3758545   0.3300668E+00   0.2231935E+00
        1.4203481   0.3051973E+00   0.2313077E+00
        1.4661403   0.2813319E+00   0.2395525E+00
        1.5132556   0.2585188E+00   0.2479151E+00
        1.5617181   0.2367969E+00   0.2563811E+00
        1.6115518   0.2161958E+00   0.2649351E+00
        1.6627801   0.1967355E+00   0.2735598E+00
        1.7154260   0.1784270E+00   0.2822367E+00
        1.7695124   0.1612724E+00   0.2909462E+00
        1.8250613   0.1452649E+00   0.2996669E+00
        1.8820945   0.1303899E+00   0.3083764E+00
        1.9406332   0.1166252E+00   0.3170512E+00
        2.0006978   0.1039416E+00   0.3256664E+00
        2.0623083   0.9230407E-01   0.3341963E+00
        2.1254840   0.8167214E-01   0.3426144E+00
        2.1902437   0.7200089E-01   0.3508931E+00
        2.2566051   0.6324180E-01   0.3590045E+00
        2.3245855   0.5534354E-01   0.3669201E+00
        2.3942013   0.4825284E-01   0.3746114E+00
        2.4654682   0.4191527E-01   0.3820494E+00
        2.5384010   0.3627594E-01   0.3892054E+00
        2.6130137   0.3128024E-01   0.3960511E+00
        2.6893195   0.2687442E-01   0.4025586E+00
        2.7673307   0.2300614E-01   0.4087007E+00
        2.8470587   0.1962496E-01   0.4144510E+00
        2.9285140   0.1668268E-01   0.4197845E+00
        3.0117065   0.1413366E-01   0.4246771E+00
        3.0966446   0.1193508E-01   0.4291065E+00
        3.1833364   0.1004705E-01   0.4330520E+00
        3.2717888   0.8432741E-02   0.4364947E+00
        3.3620077   0.7058369E-02   0.4394177E+00
        3.4539983   0.5893202E-02   0.4418063E+00
        3.5477649   0.4909473E-02   0.4436479E+00
        3.6433107   0.4082271E-02   0.4449324E+00
        3.7406381   0.3389405E-02   0.4456522E+00
        3.8397488   0.2811234E-02   0.4458020E+00
        3.9406434   0.2330494E-02   0.4453793E+00
        4.0433217   0.1932107E-02   0.4443841E+00
        4.1477828   0.1602985E-02   0.4428189E+00
        4.2540248   0.1331842E-02   0.4406888E+00
        4.3620451   0.1109003E-02   0.4380015E+00
        4.4718403   0.9262263E-03   0.4347671E+00
        4.5834063   0.7765298E-03   0.4309979E+00
        4.6967382   0.6540345E-03   0.4267089E+00
        4.8118303   0.5538180E-03   0.4219167E+00
        4.9286763   0.4717814E-03   0.4166405E+00
        5.0472694   0.4045305E-03   0.4109008E+00
        5.1676017   0.3492691E-03   0.4047201E+00
        5.2896653   0.3037055E-03   0.3981226E+00
        5.4134511   0.2659709E-03   0.3911334E+00
        5.5389498   0.2345486E-03   0.3837792E+00
        5.6661516   0.2082128E-03   0.3760874E+00
        5.7950459   0.1859776E-03   0.3680863E+00
        5.9256219   0.1670528E-03   0.3598047E+00
        6.0578681   0.1508071E-03   0.3512720E+00
        6.1917728   0.1367381E-03   0.3425177E+00
        6.3273237   0.1244467E-03   0.3335712E+00
        6.4645083   0.1136163E-03   0.3244620E+00
        6.6033135   0.1039963E-03   0.3152191E+00
        6.7437262   0.9538814E-04   0.3058710E+00
        6.8857326   0.8763420E-04   0.2964459E+00
        7.0293190   0.8060921E-04   0.2869710E+00
        7.1744712   0.7421310E-04   0.2774726E+00
        7.3211747   0.6836545E-04   0.2679761E+00
        7.4694151   0.6300118E-04   0.2585058E+00
        7.6191776   0.5806708E-04   0.2490848E+00
        7.7704471   0.5351920E-04   0.2397351E+00
        7.9232086   0.4932076E-04   0.2304772E+00
        8.0774469   0.4544055E-04   0.2213304E+00
        8.2331465   0.4185179E-04   0.2123125E+00
        8.3902921   0.3853110E-04   0.2034400E+00
        8.5488680   0.3545786E-04   0.1947279E+00
        8.7088588   0.3261366E-04   0.1861898E+00
        8.8702487   0.2998187E-04   0.1778381E+00
        9.0330221   0.2754734E-04   0.1696834E+00
        9.1971633   0.2529618E-04   0.1617352E+00
        9.3626565   0.2321556E-04   0.1540018E+00
        9.5294861   0.2129359E-04   0.1464899E+00
        9.6976365   0.1951919E-04   0.1392052E+00
        9.8670919   0.1788204E-04   0.1321520E+00
       10.0378367   0.1637248E-04   0.1253337E+00
       10.2098555   0.1498146E-04   0.1187524E+00
       10.3831327   0.1370054E-04   0.1124094E+00
       10.5576530   0.1252178E-04   0.1063050E+00
       10.7334009   0.1143778E-04   0.1004384E+00
       10.9103613   0.1044158E-04   0.9480837E-01
       11.0885190   0.9526682E-05   0.8941259E-01
       11.2678589   0.8687021E-05   0.8424824E-01
       11.4483661   0.7916918E-05   0.7931182E-01
       11.6300257   0.7211076E-05   0.7459930E-01
       11.8128232   0.6564556E-05   0.7010615E-01
       11.9967438   0.5972754E-05   0.6582739E-01
       12.1817732   0.5431385E-05   0.6175770E-01
       12.3678969   0.4936464E-05   0.5789141E-01
       12.5551009   0.4484288E-05   0.5422259E-01
       12.7433711   0.4071421E-05   0.5074510E-01
       12.9326936   0.3694674E-05   0.4745262E-01
       13.1230546   0.3351093E-05   0.4433871E-01
       13.3144406   0.3037946E-05   0.4139683E-01
       13.5068380   0.2752703E-05   0.3862038E-01
       13.7002336   0.2493027E-05   0.3600277E-01
       13.8946143   0.2256762E-05   0.3353740E-01
       14.0899669   0.2041918E-05   0.3121773E-01
       14.2862788   0.1846661E-05   0.2903728E-01
       14.4835373   0.1669302E-05   0.2698964E-01
       14.6817297   0.1508287E-05   0.2506855E-01
       14.8808438   0.1362189E-05   0.2326785E-01
       15.0808674   0.1229694E-05   0.2158152E-01
       15.2817883   0.1109598E-05   0.2000372E-01
       15.4835948   0.1000796E-05   0.1852875E-01
       15.6862751   0.9022764E-06   0.1715110E-01
       15.8898176   0.8131108E-06   0.1586544E-01
       16.0942110   0.7324509E-06   0.1466664E-01
       16.2994439   0.6595203E-06   0.1354973E-01
       16.5055053   0.5936098E-06   0.1250997E-01
       16.7123842   0.5340716E-06   0.1154279E-01
       16.9200698   0.4803145E-06   0.1064383E-01
       17.1285516   0.4317992E-06   0.9808923E-02
       17.3378190   0.3880344E-06   0.9034082E-02
       17.5478616   0.3485723E-06   0.8315525E-02
       17.7586694   0.3130055E-06   0.7649651E-02
       17.9702323   0.2809633E-06   0.7033040E-02
       18.1825403   0.2521088E-06   0.6462452E-02
       18.3955838   0.2261356E-06   0.5934822E-02
       18.6093532   0.2027658E-06   0.5447248E-02
       18.8238389   0.1817469E-06   0.4996995E-02
       19.0390318   0.1628501E-06   0.4581483E-02
       19.2549225   0.1458679E-06   0.4198283E-02
       19.4715021   0.1306122E-06   0.3845109E-02
       19.6887617   0.1169129E-06   0.3519815E-02
       19.9066925   0.1046157E-06   0.3220389E-02
       20.1252858   0.9358144E-07   0.2944943E-02
       20.3445333   0.8368399E-07   0.2691710E-02
       20.5644264   0.7480948E-07   0.2459038E-02
       20.7849570   0.6685505E-07   0.2245384E-02
       21.0061169   0.5972787E-07   0.2049308E-02
       21.2278982   0.5334412E-07   0.1869465E-02
       21.4502929   0.4762825E-07   0.1704605E-02
       21.6732933   0.4251213E-07   0.1553564E-02
       21.8968918   0.3793437E-07   0.1415259E-02
       22.1210809   0.3383968E-07   0.1288684E-02
       22.3458531   0.3017830E-07   0.1172907E-02
       22.5712012   0.2690542E-07   0.1067061E-02
       22.7971180   0.2398075E-07   0.9703454E-03
       23.0235964   0.2136809E-07   0.8820171E-03
       23.2506295   0.1903486E-07   0.8013894E-03
       23.4782104   0.1695182E-07   0.7278274E-03
       23.7063324   0.1509271E-07   0.6607449E-03
       23.9349888   0.1343396E-07   0.5996005E-03
       24.1641732   0.1195440E-07   0.5438953E-03
       24.3938790   0.1063507E-07   0.4931692E-03
       24.6240999   0.9458954E-08   0.4469986E-03
       24.8548298   0.8410805E-08   0.4049937E-03
       25.0860623   0.7476963E-08   0.3667958E-03
       25.3177916   0.6645193E-08   0.3320756E-03
       25.5500115   0.5904542E-08   0.3005302E-03
       25.7827163   0.5245205E-08   0.2718820E-03
       26.0159002   0.4658411E-08   0.2458761E-03
       26.2495575   0.4136313E-08   0.2222788E-03
       26.4836826   0.3671890E-08   0.2008762E-03
       26.7182700   0.3258865E-08   0.1814724E-03
       26.9533141   0.2891616E-08   0.1638879E-03
       27.1888098   0.2565108E-08   0.1479589E-03
       27.4247516   0.2274814E-08   0.1335355E-03
       27.6611345   0.2016645E-08   0.1204807E-03
       27.8979533   0.1786867E-08   0.1086696E-03
       28.1352029   0.1582005E-08   0.9798820E-04
       28.3728785   0.1398712E-08   0.8833248E-04
       28.6109750   0.1233580E-08   0.7960767E-04
       28.8494878   0.1082848E-08   0.7172749E-04
       29.0884120   0.9419168E-09   0.6461335E-04
       29.3277431   0.8045545E-09   0.5819378E-04
       29.5674763   0.6615411E-09   0.5240379E-04
       29.8076072   0.4983592E-09   0.4718434E-04
       30.0481313   0.2912332E-09   0.4248182E-04
       30.2890441   0.0000000E+00   0.0000000E+00
