        Distance           1s              1s              2p              2p              2p              2p
      0.865464E-06    0.000000E+00    0.193525E-04    0.000000E+00    0.854710E-11    0.000000E+00    0.854710E-11
      0.900784E-06    0.201420E-04    0.201423E-04    0.925890E-11    0.925896E-11    0.925890E-11    0.925896E-11
      0.937546E-06    0.209640E-04    0.209643E-04    0.100301E-10    0.100301E-10    0.100301E-10    0.100301E-10
      0.975808E-06    0.218196E-04    0.218199E-04    0.108654E-10    0.108655E-10    0.108654E-10    0.108655E-10
      0.101563E-05    0.227101E-04    0.227103E-04    0.117704E-10    0.117704E-10    0.117704E-10    0.117704E-10
      0.105708E-05    0.236369E-04    0.236372E-04    0.127507E-10    0.127508E-10    0.127507E-10    0.127508E-10
      0.110022E-05    0.246015E-04    0.246018E-04    0.138127E-10    0.138127E-10    0.138127E-10    0.138127E-10
      0.114512E-05    0.256055E-04    0.256058E-04    0.149631E-10    0.149632E-10    0.149631E-10    0.149632E-10
      0.119185E-05    0.266505E-04    0.266508E-04    0.162093E-10    0.162094E-10    0.162093E-10    0.162094E-10
      0.124049E-05    0.277381E-04    0.277384E-04    0.175593E-10    0.175594E-10    0.175593E-10    0.175594E-10
      0.129112E-05    0.288701E-04    0.288705E-04    0.190218E-10    0.190219E-10    0.190218E-10    0.190219E-10
      0.134381E-05    0.300483E-04    0.300487E-04    0.206060E-10    0.206062E-10    0.206060E-10    0.206062E-10
      0.139865E-05    0.312746E-04    0.312750E-04    0.223223E-10    0.223224E-10    0.223223E-10    0.223224E-10
      0.145573E-05    0.325509E-04    0.325513E-04    0.241814E-10    0.241816E-10    0.241814E-10    0.241816E-10
      0.151514E-05    0.338794E-04    0.338798E-04    0.261954E-10    0.261956E-10    0.261954E-10    0.261956E-10
      0.157698E-05    0.352620E-04    0.352624E-04    0.283771E-10    0.283773E-10    0.283771E-10    0.283773E-10
      0.164134E-05    0.367010E-04    0.367015E-04    0.307406E-10    0.307408E-10    0.307406E-10    0.307408E-10
      0.170832E-05    0.381988E-04    0.381993E-04    0.333009E-10    0.333011E-10    0.333009E-10    0.333011E-10
      0.177804E-05    0.397577E-04    0.397582E-04    0.360744E-10    0.360746E-10    0.360744E-10    0.360746E-10
      0.185060E-05    0.413803E-04    0.413807E-04    0.390789E-10    0.390791E-10    0.390789E-10    0.390791E-10
      0.192613E-05    0.430690E-04    0.430695E-04    0.423337E-10    0.423339E-10    0.423337E-10    0.423339E-10
      0.200473E-05    0.448267E-04    0.448272E-04    0.458595E-10    0.458598E-10    0.458595E-10    0.458598E-10
      0.208655E-05    0.466561E-04    0.466566E-04    0.496790E-10    0.496793E-10    0.496790E-10    0.496793E-10
      0.217170E-05    0.485601E-04    0.485607E-04    0.538166E-10    0.538169E-10    0.538166E-10    0.538169E-10
      0.226033E-05    0.505419E-04    0.505425E-04    0.582988E-10    0.582992E-10    0.582988E-10    0.582992E-10
      0.235257E-05    0.526045E-04    0.526051E-04    0.631544E-10    0.631547E-10    0.631544E-10    0.631547E-10
      0.244858E-05    0.547513E-04    0.547519E-04    0.684143E-10    0.684147E-10    0.684143E-10    0.684147E-10
      0.254851E-05    0.569857E-04    0.569864E-04    0.741123E-10    0.741127E-10    0.741123E-10    0.741127E-10
      0.265252E-05    0.593113E-04    0.593120E-04    0.802849E-10    0.802853E-10    0.802849E-10    0.802853E-10
      0.276077E-05    0.617318E-04    0.617325E-04    0.869715E-10    0.869720E-10    0.869715E-10    0.869720E-10
      0.287344E-05    0.642511E-04    0.642518E-04    0.942151E-10    0.942156E-10    0.942151E-10    0.942156E-10
      0.299071E-05    0.668732E-04    0.668740E-04    0.102062E-09    0.102063E-09    0.102062E-09    0.102063E-09
      0.311276E-05    0.696023E-04    0.696031E-04    0.110562E-09    0.110563E-09    0.110562E-09    0.110563E-09
      0.323979E-05    0.724428E-04    0.724436E-04    0.119771E-09    0.119771E-09    0.119771E-09    0.119771E-09
      0.337201E-05    0.753992E-04    0.754000E-04    0.129746E-09    0.129747E-09    0.129746E-09    0.129747E-09
      0.350963E-05    0.784763E-04    0.784771E-04    0.140552E-09    0.140553E-09    0.140552E-09    0.140553E-09
      0.365286E-05    0.816789E-04    0.816798E-04    0.152258E-09    0.152259E-09    0.152258E-09    0.152259E-09
      0.380193E-05    0.850122E-04    0.850131E-04    0.164939E-09    0.164940E-09    0.164939E-09    0.164940E-09
      0.395709E-05    0.884815E-04    0.884825E-04    0.178677E-09    0.178678E-09    0.178677E-09    0.178678E-09
      0.411859E-05    0.920925E-04    0.920935E-04    0.193558E-09    0.193559E-09    0.193558E-09    0.193559E-09
      0.428667E-05    0.958507E-04    0.958518E-04    0.209679E-09    0.209680E-09    0.209679E-09    0.209680E-09
      0.446161E-05    0.997624E-04    0.997635E-04    0.227142E-09    0.227143E-09    0.227142E-09    0.227143E-09
      0.464369E-05    0.103834E-03    0.103835E-03    0.246060E-09    0.246061E-09    0.246060E-09    0.246061E-09
      0.483320E-05    0.108071E-03    0.108072E-03    0.266554E-09    0.266555E-09    0.266554E-09    0.266555E-09
      0.503045E-05    0.112481E-03    0.112483E-03    0.288754E-09    0.288755E-09    0.288754E-09    0.288755E-09
      0.523575E-05    0.117072E-03    0.117073E-03    0.312803E-09    0.312805E-09    0.312803E-09    0.312805E-09
      0.544942E-05    0.121849E-03    0.121851E-03    0.338855E-09    0.338857E-09    0.338855E-09    0.338857E-09
      0.567182E-05    0.126822E-03    0.126823E-03    0.367077E-09    0.367079E-09    0.367077E-09    0.367079E-09
      0.590329E-05    0.131998E-03    0.131999E-03    0.397650E-09    0.397652E-09    0.397650E-09    0.397652E-09
      0.614421E-05    0.137384E-03    0.137386E-03    0.430769E-09    0.430771E-09    0.430769E-09    0.430771E-09
      0.639496E-05    0.142991E-03    0.142993E-03    0.466646E-09    0.466648E-09    0.466646E-09    0.466648E-09
      0.665594E-05    0.148826E-03    0.148828E-03    0.505511E-09    0.505514E-09    0.505511E-09    0.505514E-09
      0.692757E-05    0.154900E-03    0.154902E-03    0.547613E-09    0.547616E-09    0.547613E-09    0.547616E-09
      0.721029E-05    0.161221E-03    0.161223E-03    0.593222E-09    0.593225E-09    0.593222E-09    0.593225E-09
      0.750455E-05    0.167800E-03    0.167802E-03    0.642629E-09    0.642633E-09    0.642629E-09    0.642633E-09
      0.781082E-05    0.174648E-03    0.174650E-03    0.696151E-09    0.696155E-09    0.696151E-09    0.696155E-09
      0.812958E-05    0.181776E-03    0.181777E-03    0.754131E-09    0.754135E-09    0.754131E-09    0.754135E-09
      0.846135E-05    0.189194E-03    0.189196E-03    0.816939E-09    0.816944E-09    0.816939E-09    0.816944E-09
      0.880667E-05    0.196914E-03    0.196917E-03    0.884979E-09    0.884984E-09    0.884979E-09    0.884984E-09
      0.916607E-05    0.204950E-03    0.204952E-03    0.958685E-09    0.958691E-09    0.958685E-09    0.958691E-09
      0.954015E-05    0.213314E-03    0.213316E-03    0.103853E-08    0.103854E-08    0.103853E-08    0.103854E-08
      0.992949E-05    0.222019E-03    0.222021E-03    0.112503E-08    0.112503E-08    0.112503E-08    0.112503E-08
      0.103347E-04    0.231079E-03    0.231082E-03    0.121872E-08    0.121873E-08    0.121872E-08    0.121873E-08
      0.107565E-04    0.240509E-03    0.240512E-03    0.132023E-08    0.132023E-08    0.132023E-08    0.132023E-08
      0.111955E-04    0.250324E-03    0.250327E-03    0.143018E-08    0.143019E-08    0.143018E-08    0.143019E-08
      0.116524E-04    0.260539E-03    0.260542E-03    0.154930E-08    0.154930E-08    0.154930E-08    0.154930E-08
      0.121279E-04    0.271172E-03    0.271175E-03    0.167833E-08    0.167834E-08    0.167833E-08    0.167834E-08
      0.126228E-04    0.282238E-03    0.282241E-03    0.181811E-08    0.181812E-08    0.181811E-08    0.181812E-08
      0.131380E-04    0.293755E-03    0.293758E-03    0.196953E-08    0.196954E-08    0.196953E-08    0.196954E-08
      0.136742E-04    0.305743E-03    0.305746E-03    0.213357E-08    0.213358E-08    0.213357E-08    0.213358E-08
      0.142322E-04    0.318219E-03    0.318223E-03    0.231126E-08    0.231127E-08    0.231126E-08    0.231127E-08
      0.148130E-04    0.331205E-03    0.331209E-03    0.250376E-08    0.250377E-08    0.250376E-08    0.250377E-08
      0.154176E-04    0.344721E-03    0.344725E-03    0.271228E-08    0.271230E-08    0.271228E-08    0.271230E-08
      0.160468E-04    0.358788E-03    0.358792E-03    0.293817E-08    0.293819E-08    0.293817E-08    0.293819E-08
      0.167017E-04    0.373429E-03    0.373433E-03    0.318288E-08    0.318290E-08    0.318288E-08    0.318290E-08
      0.173833E-04    0.388668E-03    0.388672E-03    0.344797E-08    0.344798E-08    0.344797E-08    0.344798E-08
      0.180927E-04    0.404528E-03    0.404532E-03    0.373513E-08    0.373515E-08    0.373513E-08    0.373515E-08
      0.188311E-04    0.421036E-03    0.421040E-03    0.404621E-08    0.404623E-08    0.404621E-08    0.404623E-08
      0.195996E-04    0.438217E-03    0.438221E-03    0.438320E-08    0.438322E-08    0.438320E-08    0.438322E-08
      0.203994E-04    0.456099E-03    0.456104E-03    0.474825E-08    0.474828E-08    0.474825E-08    0.474828E-08
      0.212320E-04    0.474710E-03    0.474716E-03    0.514371E-08    0.514373E-08    0.514371E-08    0.514373E-08
      0.220984E-04    0.494082E-03    0.494087E-03    0.557210E-08    0.557213E-08    0.557210E-08    0.557213E-08
      0.230003E-04    0.514243E-03    0.514248E-03    0.603616E-08    0.603620E-08    0.603616E-08    0.603620E-08
      0.239389E-04    0.535227E-03    0.535233E-03    0.653888E-08    0.653892E-08    0.653888E-08    0.653892E-08
      0.249159E-04    0.557067E-03    0.557073E-03    0.708347E-08    0.708350E-08    0.708347E-08    0.708350E-08
      0.259327E-04    0.579799E-03    0.579805E-03    0.767340E-08    0.767345E-08    0.767340E-08    0.767345E-08
      0.269911E-04    0.603457E-03    0.603464E-03    0.831248E-08    0.831252E-08    0.831248E-08    0.831252E-08
      0.280926E-04    0.628081E-03    0.628088E-03    0.900477E-08    0.900482E-08    0.900477E-08    0.900482E-08
      0.292391E-04    0.653710E-03    0.653717E-03    0.975472E-08    0.975477E-08    0.975472E-08    0.975477E-08
      0.304323E-04    0.680384E-03    0.680391E-03    0.105671E-07    0.105672E-07    0.105671E-07    0.105672E-07
      0.316743E-04    0.708147E-03    0.708154E-03    0.114472E-07    0.114473E-07    0.114472E-07    0.114473E-07
      0.329669E-04    0.737042E-03    0.737050E-03    0.124005E-07    0.124006E-07    0.124005E-07    0.124006E-07
      0.343123E-04    0.767116E-03    0.767124E-03    0.134333E-07    0.134334E-07    0.134333E-07    0.134334E-07
      0.357126E-04    0.798416E-03    0.798425E-03    0.145521E-07    0.145521E-07    0.145521E-07    0.145521E-07
      0.371701E-04    0.830994E-03    0.831003E-03    0.157640E-07    0.157641E-07    0.157640E-07    0.157641E-07
      0.386870E-04    0.864901E-03    0.864910E-03    0.170769E-07    0.170770E-07    0.170769E-07    0.170770E-07
      0.402659E-04    0.900191E-03    0.900200E-03    0.184991E-07    0.184992E-07    0.184991E-07    0.184992E-07
      0.419091E-04    0.936921E-03    0.936930E-03    0.200397E-07    0.200398E-07    0.200397E-07    0.200398E-07
      0.436195E-04    0.975148E-03    0.975159E-03    0.217086E-07    0.217088E-07    0.217086E-07    0.217088E-07
      0.453996E-04    0.101494E-02    0.101495E-02    0.235166E-07    0.235167E-07    0.235166E-07    0.235167E-07
      0.472524E-04    0.105635E-02    0.105636E-02    0.254751E-07    0.254752E-07    0.254751E-07    0.254752E-07
      0.491808E-04    0.109945E-02    0.109946E-02    0.275967E-07    0.275968E-07    0.275967E-07    0.275968E-07
      0.511879E-04    0.114430E-02    0.114431E-02    0.298949E-07    0.298951E-07    0.298949E-07    0.298951E-07
      0.532769E-04    0.119099E-02    0.119100E-02    0.323846E-07    0.323848E-07    0.323846E-07    0.323848E-07
      0.554511E-04    0.123958E-02    0.123959E-02    0.350816E-07    0.350818E-07    0.350816E-07    0.350818E-07
      0.577141E-04    0.129015E-02    0.129017E-02    0.380032E-07    0.380034E-07    0.380032E-07    0.380034E-07
      0.600694E-04    0.134279E-02    0.134280E-02    0.411681E-07    0.411683E-07    0.411681E-07    0.411683E-07
      0.625209E-04    0.139757E-02    0.139759E-02    0.445966E-07    0.445968E-07    0.445966E-07    0.445968E-07
      0.650724E-04    0.145459E-02    0.145460E-02    0.483106E-07    0.483108E-07    0.483106E-07    0.483108E-07
      0.677280E-04    0.151393E-02    0.151395E-02    0.523338E-07    0.523341E-07    0.523338E-07    0.523341E-07
      0.704920E-04    0.157569E-02    0.157571E-02    0.566921E-07    0.566924E-07    0.566921E-07    0.566924E-07
      0.733688E-04    0.163997E-02    0.163999E-02    0.614133E-07    0.614137E-07    0.614133E-07    0.614137E-07
      0.763630E-04    0.170688E-02    0.170689E-02    0.665277E-07    0.665281E-07    0.665277E-07    0.665281E-07
      0.794794E-04    0.177651E-02    0.177653E-02    0.720680E-07    0.720684E-07    0.720680E-07    0.720684E-07
      0.827230E-04    0.184898E-02    0.184900E-02    0.780696E-07    0.780700E-07    0.780696E-07    0.780700E-07
      0.860989E-04    0.192440E-02    0.192442E-02    0.845710E-07    0.845714E-07    0.845710E-07    0.845714E-07
      0.896126E-04    0.200290E-02    0.200292E-02    0.916137E-07    0.916142E-07    0.916137E-07    0.916142E-07
      0.932698E-04    0.208460E-02    0.208462E-02    0.992430E-07    0.992435E-07    0.992430E-07    0.992435E-07
      0.970761E-04    0.216963E-02    0.216966E-02    0.107507E-06    0.107508E-06    0.107507E-06    0.107508E-06
      0.101038E-03    0.225813E-02    0.225816E-02    0.116460E-06    0.116461E-06    0.116460E-06    0.116461E-06
      0.105161E-03    0.235024E-02    0.235026E-02    0.126158E-06    0.126159E-06    0.126158E-06    0.126159E-06
      0.109453E-03    0.244610E-02    0.244612E-02    0.136664E-06    0.136665E-06    0.136664E-06    0.136665E-06
      0.113920E-03    0.254587E-02    0.254589E-02    0.148044E-06    0.148045E-06    0.148044E-06    0.148045E-06
      0.118569E-03    0.264970E-02    0.264973E-02    0.160373E-06    0.160373E-06    0.160373E-06    0.160373E-06
      0.123407E-03    0.275777E-02    0.275780E-02    0.173727E-06    0.173728E-06    0.173727E-06    0.173728E-06
      0.128444E-03    0.287024E-02    0.287027E-02    0.188194E-06    0.188195E-06    0.188194E-06    0.188195E-06
      0.133685E-03    0.298730E-02    0.298733E-02    0.203865E-06    0.203866E-06    0.203865E-06    0.203866E-06
      0.139141E-03    0.310913E-02    0.310916E-02    0.220841E-06    0.220842E-06    0.220841E-06    0.220842E-06
      0.144819E-03    0.323592E-02    0.323595E-02    0.239230E-06    0.239231E-06    0.239230E-06    0.239231E-06
      0.150729E-03    0.336787E-02    0.336791E-02    0.259151E-06    0.259152E-06    0.259151E-06    0.259152E-06
      0.156881E-03    0.350521E-02    0.350524E-02    0.280730E-06    0.280731E-06    0.280730E-06    0.280731E-06
      0.163283E-03    0.364814E-02    0.364818E-02    0.304105E-06    0.304107E-06    0.304105E-06    0.304107E-06
      0.169947E-03    0.379689E-02    0.379693E-02    0.329427E-06    0.329429E-06    0.329427E-06    0.329429E-06
      0.176882E-03    0.395170E-02    0.395174E-02    0.356857E-06    0.356859E-06    0.356857E-06    0.356859E-06
      0.184100E-03    0.411282E-02    0.411286E-02    0.386571E-06    0.386573E-06    0.386571E-06    0.386573E-06
      0.191614E-03    0.428051E-02    0.428055E-02    0.418758E-06    0.418761E-06    0.418758E-06    0.418761E-06
      0.199433E-03    0.445502E-02    0.445506E-02    0.453626E-06    0.453628E-06    0.453626E-06    0.453628E-06
      0.207572E-03    0.463663E-02    0.463668E-02    0.491395E-06    0.491398E-06    0.491395E-06    0.491398E-06
      0.216043E-03    0.482565E-02    0.482570E-02    0.532310E-06    0.532312E-06    0.532310E-06    0.532312E-06
      0.224859E-03    0.502236E-02    0.502241E-02    0.576630E-06    0.576633E-06    0.576630E-06    0.576633E-06
      0.234036E-03    0.522708E-02    0.522713E-02    0.624639E-06    0.624643E-06    0.624639E-06    0.624643E-06
      0.243587E-03    0.544013E-02    0.544018E-02    0.676646E-06    0.676649E-06    0.676646E-06    0.676649E-06
      0.253527E-03    0.566186E-02    0.566191E-02    0.732981E-06    0.732985E-06    0.732981E-06    0.732985E-06
      0.263873E-03    0.589261E-02    0.589266E-02    0.794006E-06    0.794010E-06    0.794006E-06    0.794010E-06
      0.274642E-03    0.613275E-02    0.613281E-02    0.860110E-06    0.860114E-06    0.860110E-06    0.860114E-06
      0.285850E-03    0.638266E-02    0.638272E-02    0.931717E-06    0.931721E-06    0.931717E-06    0.931721E-06
      0.297515E-03    0.664274E-02    0.664281E-02    0.100928E-05    0.100929E-05    0.100928E-05    0.100929E-05
      0.309656E-03    0.691340E-02    0.691347E-02    0.109331E-05    0.109331E-05    0.109331E-05    0.109331E-05
      0.322293E-03    0.719508E-02    0.719515E-02    0.118432E-05    0.118433E-05    0.118432E-05    0.118433E-05
      0.335445E-03    0.748821E-02    0.748828E-02    0.128291E-05    0.128292E-05    0.128291E-05    0.128292E-05
      0.349134E-03    0.779325E-02    0.779333E-02    0.138971E-05    0.138972E-05    0.138971E-05    0.138972E-05
      0.363381E-03    0.811071E-02    0.811078E-02    0.150539E-05    0.150540E-05    0.150539E-05    0.150540E-05
      0.378210E-03    0.844107E-02    0.844114E-02    0.163071E-05    0.163072E-05    0.163071E-05    0.163072E-05
      0.393645E-03    0.878485E-02    0.878493E-02    0.176645E-05    0.176646E-05    0.176645E-05    0.176646E-05
      0.409708E-03    0.914261E-02    0.914270E-02    0.191348E-05    0.191349E-05    0.191348E-05    0.191349E-05
      0.426428E-03    0.951491E-02    0.951500E-02    0.207275E-05    0.207276E-05    0.207275E-05    0.207276E-05
      0.443830E-03    0.990233E-02    0.990242E-02    0.224528E-05    0.224529E-05    0.224528E-05    0.224529E-05
      0.461941E-03    0.103055E-01    0.103056E-01    0.243216E-05    0.243217E-05    0.243216E-05    0.243217E-05
      0.480792E-03    0.107250E-01    0.107251E-01    0.263458E-05    0.263460E-05    0.263458E-05    0.263460E-05
      0.500412E-03    0.111616E-01    0.111617E-01    0.285385E-05    0.285387E-05    0.285385E-05    0.285387E-05
      0.520832E-03    0.116159E-01    0.116160E-01    0.309136E-05    0.309138E-05    0.309136E-05    0.309138E-05
      0.542086E-03    0.120886E-01    0.120887E-01    0.334863E-05    0.334865E-05    0.334863E-05    0.334865E-05
      0.564207E-03    0.125805E-01    0.125806E-01    0.362730E-05    0.362732E-05    0.362730E-05    0.362732E-05
      0.587231E-03    0.130924E-01    0.130925E-01    0.392916E-05    0.392918E-05    0.392916E-05    0.392918E-05
      0.611194E-03    0.136250E-01    0.136251E-01    0.425612E-05    0.425614E-05    0.425612E-05    0.425614E-05
      0.636135E-03    0.141792E-01    0.141794E-01    0.461027E-05    0.461030E-05    0.461027E-05    0.461030E-05
      0.662093E-03    0.147559E-01    0.147560E-01    0.499389E-05    0.499391E-05    0.499389E-05    0.499391E-05
      0.689111E-03    0.153560E-01    0.153561E-01    0.540940E-05    0.540943E-05    0.540940E-05    0.540943E-05
      0.717231E-03    0.159804E-01    0.159805E-01    0.585947E-05    0.585950E-05    0.585947E-05    0.585950E-05
      0.746498E-03    0.166300E-01    0.166301E-01    0.634696E-05    0.634699E-05    0.634696E-05    0.634699E-05
      0.776959E-03    0.173060E-01    0.173061E-01    0.687499E-05    0.687503E-05    0.687499E-05    0.687503E-05
      0.808664E-03    0.180093E-01    0.180094E-01    0.744693E-05    0.744696E-05    0.744693E-05    0.744696E-05
      0.841661E-03    0.187411E-01    0.187412E-01    0.806641E-05    0.806645E-05    0.806641E-05    0.806645E-05
      0.876005E-03    0.195025E-01    0.195026E-01    0.873739E-05    0.873744E-05    0.873739E-05    0.873744E-05
      0.911751E-03    0.202946E-01    0.202948E-01    0.946415E-05    0.946420E-05    0.946415E-05    0.946420E-05
      0.948954E-03    0.211188E-01    0.211190E-01    0.102513E-04    0.102514E-04    0.102513E-04    0.102514E-04
      0.987676E-03    0.219763E-01    0.219765E-01    0.111039E-04    0.111040E-04    0.111039E-04    0.111040E-04
      0.102798E-02    0.228684E-01    0.228686E-01    0.120274E-04    0.120274E-04    0.120274E-04    0.120274E-04
      0.106992E-02    0.237966E-01    0.237967E-01    0.130275E-04    0.130276E-04    0.130275E-04    0.130276E-04
      0.111358E-02    0.247621E-01    0.247623E-01    0.141108E-04    0.141109E-04    0.141108E-04    0.141109E-04
      0.115902E-02    0.257667E-01    0.257668E-01    0.152841E-04    0.152842E-04    0.152841E-04    0.152842E-04
      0.120631E-02    0.268117E-01    0.268119E-01    0.165549E-04    0.165550E-04    0.165549E-04    0.165550E-04
      0.125553E-02    0.278988E-01    0.278990E-01    0.179312E-04    0.179313E-04    0.179312E-04    0.179313E-04
      0.130676E-02    0.290297E-01    0.290299E-01    0.194219E-04    0.194219E-04    0.194219E-04    0.194219E-04
      0.136008E-02    0.302061E-01    0.302063E-01    0.210363E-04    0.210364E-04    0.210363E-04    0.210364E-04
      0.141557E-02    0.314299E-01    0.314300E-01    0.227848E-04    0.227849E-04    0.227848E-04    0.227849E-04
      0.147333E-02    0.327028E-01    0.327030E-01    0.246784E-04    0.246786E-04    0.246784E-04    0.246786E-04
      0.153344E-02    0.340269E-01    0.340271E-01    0.267293E-04    0.267294E-04    0.267293E-04    0.267294E-04
      0.159600E-02    0.354041E-01    0.354043E-01    0.289504E-04    0.289506E-04    0.289504E-04    0.289506E-04
      0.166112E-02    0.368366E-01    0.368368E-01    0.313559E-04    0.313560E-04    0.313559E-04    0.313560E-04
      0.172890E-02    0.383265E-01    0.383267E-01    0.339609E-04    0.339611E-04    0.339609E-04    0.339611E-04
      0.179943E-02    0.398761E-01    0.398763E-01    0.367821E-04    0.367823E-04    0.367821E-04    0.367823E-04
      0.187285E-02    0.414878E-01    0.414880E-01    0.398374E-04    0.398375E-04    0.398374E-04    0.398375E-04
      0.194926E-02    0.431639E-01    0.431641E-01    0.431460E-04    0.431462E-04    0.431460E-04    0.431462E-04
      0.202878E-02    0.449071E-01    0.449073E-01    0.467291E-04    0.467293E-04    0.467291E-04    0.467293E-04
      0.211155E-02    0.467198E-01    0.467200E-01    0.506092E-04    0.506094E-04    0.506092E-04    0.506094E-04
      0.219769E-02    0.486049E-01    0.486051E-01    0.548110E-04    0.548112E-04    0.548110E-04    0.548112E-04
      0.228735E-02    0.505651E-01    0.505653E-01    0.593610E-04    0.593613E-04    0.593610E-04    0.593613E-04
      0.238066E-02    0.526034E-01    0.526036E-01    0.642882E-04    0.642884E-04    0.642882E-04    0.642884E-04
      0.247778E-02    0.547227E-01    0.547229E-01    0.696235E-04    0.696238E-04    0.696235E-04    0.696238E-04
      0.257886E-02    0.569263E-01    0.569265E-01    0.754008E-04    0.754011E-04    0.754008E-04    0.754011E-04
      0.268406E-02    0.592174E-01    0.592176E-01    0.816565E-04    0.816568E-04    0.816565E-04    0.816568E-04
      0.279355E-02    0.615993E-01    0.615995E-01    0.884302E-04    0.884305E-04    0.884302E-04    0.884305E-04
      0.290751E-02    0.640756E-01    0.640757E-01    0.957645E-04    0.957649E-04    0.957645E-04    0.957649E-04
      0.302611E-02    0.666498E-01    0.666499E-01    0.103706E-03    0.103706E-03    0.103706E-03    0.103706E-03
      0.314955E-02    0.693256E-01    0.693258E-01    0.112304E-03    0.112305E-03    0.112304E-03    0.112305E-03
      0.327802E-02    0.721071E-01    0.721072E-01    0.121614E-03    0.121614E-03    0.121614E-03    0.121614E-03
      0.341172E-02    0.749981E-01    0.749982E-01    0.131693E-03    0.131693E-03    0.131693E-03    0.131693E-03
      0.355088E-02    0.780028E-01    0.780029E-01    0.142605E-03    0.142606E-03    0.142605E-03    0.142606E-03
      0.369571E-02    0.811255E-01    0.811256E-01    0.154419E-03    0.154420E-03    0.154419E-03    0.154420E-03
      0.384644E-02    0.843707E-01    0.843708E-01    0.167210E-03    0.167210E-03    0.167210E-03    0.167210E-03
      0.400332E-02    0.877429E-01    0.877430E-01    0.181056E-03    0.181057E-03    0.181056E-03    0.181057E-03
      0.416659E-02    0.912469E-01    0.912470E-01    0.196046E-03    0.196046E-03    0.196046E-03    0.196046E-03
      0.433652E-02    0.948876E-01    0.948876E-01    0.212272E-03    0.212273E-03    0.212272E-03    0.212273E-03
      0.451337E-02    0.986699E-01    0.986700E-01    0.229837E-03    0.229838E-03    0.229837E-03    0.229838E-03
      0.469742E-02    0.102599E+00    0.102599E+00    0.248851E-03    0.248851E-03    0.248851E-03    0.248851E-03
      0.488898E-02    0.106681E+00    0.106681E+00    0.269431E-03    0.269432E-03    0.269431E-03    0.269432E-03
      0.508834E-02    0.110921E+00    0.110921E+00    0.291708E-03    0.291708E-03    0.291708E-03    0.291708E-03
      0.529583E-02    0.115324E+00    0.115324E+00    0.315818E-03    0.315819E-03    0.315818E-03    0.315819E-03
      0.551177E-02    0.119897E+00    0.119897E+00    0.341914E-03    0.341915E-03    0.341914E-03    0.341915E-03
      0.573651E-02    0.124645E+00    0.124645E+00    0.370157E-03    0.370158E-03    0.370157E-03    0.370158E-03
      0.597040E-02    0.129576E+00    0.129576E+00    0.400722E-03    0.400723E-03    0.400722E-03    0.400723E-03
      0.621381E-02    0.134695E+00    0.134695E+00    0.433800E-03    0.433801E-03    0.433800E-03    0.433801E-03
      0.646715E-02    0.140009E+00    0.140008E+00    0.469595E-03    0.469596E-03    0.469595E-03    0.469596E-03
      0.673080E-02    0.145524E+00    0.145524E+00    0.508328E-03    0.508330E-03    0.508328E-03    0.508330E-03
      0.700518E-02    0.151249E+00    0.151249E+00    0.550240E-03    0.550242E-03    0.550240E-03    0.550242E-03
      0.729074E-02    0.157190E+00    0.157190E+00    0.595589E-03    0.595590E-03    0.595589E-03    0.595590E-03
      0.758792E-02    0.163354E+00    0.163354E+00    0.644654E-03    0.644656E-03    0.644654E-03    0.644656E-03
      0.789721E-02    0.169750E+00    0.169750E+00    0.697738E-03    0.697739E-03    0.697738E-03    0.697739E-03
      0.821908E-02    0.176385E+00    0.176385E+00    0.755166E-03    0.755167E-03    0.755166E-03    0.755167E-03
      0.855406E-02    0.183266E+00    0.183266E+00    0.817290E-03    0.817292E-03    0.817290E-03    0.817292E-03
      0.890266E-02    0.190403E+00    0.190403E+00    0.884491E-03    0.884493E-03    0.884491E-03    0.884493E-03
      0.926546E-02    0.197803E+00    0.197803E+00    0.957180E-03    0.957181E-03    0.957180E-03    0.957181E-03
      0.964302E-02    0.205475E+00    0.205475E+00    0.103580E-02    0.103580E-02    0.103580E-02    0.103580E-02
      0.100359E-01    0.213427E+00    0.213427E+00    0.112083E-02    0.112083E-02    0.112083E-02    0.112083E-02
      0.104448E-01    0.221669E+00    0.221669E+00    0.121278E-02    0.121278E-02    0.121278E-02    0.121278E-02
      0.108704E-01    0.230210E+00    0.230210E+00    0.131222E-02    0.131222E-02    0.131222E-02    0.131222E-02
      0.113132E-01    0.239059E+00    0.239059E+00    0.141973E-02    0.141974E-02    0.141973E-02    0.141974E-02
      0.117740E-01    0.248224E+00    0.248224E+00    0.153599E-02    0.153599E-02    0.153599E-02    0.153599E-02
      0.122536E-01    0.257716E+00    0.257716E+00    0.166167E-02    0.166167E-02    0.166167E-02    0.166167E-02
      0.127527E-01    0.267544E+00    0.267544E+00    0.179754E-02    0.179754E-02    0.179754E-02    0.179754E-02
      0.132721E-01    0.277718E+00    0.277718E+00    0.194440E-02    0.194440E-02    0.194440E-02    0.194440E-02
      0.138125E-01    0.288247E+00    0.288247E+00    0.210314E-02    0.210315E-02    0.210314E-02    0.210315E-02
      0.143750E-01    0.299141E+00    0.299142E+00    0.227470E-02    0.227470E-02    0.227470E-02    0.227470E-02
      0.149602E-01    0.310411E+00    0.310411E+00    0.246010E-02    0.246010E-02    0.246010E-02    0.246010E-02
      0.155693E-01    0.322066E+00    0.322066E+00    0.266043E-02    0.266043E-02    0.266043E-02    0.266043E-02
      0.162030E-01    0.334116E+00    0.334115E+00    0.287687E-02    0.287687E-02    0.287687E-02    0.287687E-02
      0.168625E-01    0.346570E+00    0.346570E+00    0.311069E-02    0.311069E-02    0.311069E-02    0.311069E-02
      0.175488E-01    0.359440E+00    0.359438E+00    0.336327E-02    0.336327E-02    0.336327E-02    0.336327E-02
      0.182629E-01    0.372733E+00    0.372731E+00    0.363607E-02    0.363607E-02    0.363607E-02    0.363607E-02
      0.190060E-01    0.386461E+00    0.386458E+00    0.393067E-02    0.393067E-02    0.393067E-02    0.393067E-02
      0.197793E-01    0.400632E+00    0.400628E+00    0.424879E-02    0.424879E-02    0.424879E-02    0.424879E-02
      0.205839E-01    0.415255E+00    0.415254E+00    0.459224E-02    0.459224E-02    0.459224E-02    0.459224E-02
      0.214211E-01    0.430339E+00    0.430339E+00    0.496300E-02    0.496300E-02    0.496300E-02    0.496300E-02
      0.222922E-01    0.445894E+00    0.445894E+00    0.536319E-02    0.536318E-02    0.536319E-02    0.536318E-02
      0.231987E-01    0.461926E+00    0.461926E+00    0.579506E-02    0.579506E-02    0.579506E-02    0.579506E-02
      0.241418E-01    0.478445E+00    0.478445E+00    0.626107E-02    0.626106E-02    0.626107E-02    0.626106E-02
      0.251232E-01    0.495456E+00    0.495456E+00    0.676382E-02    0.676382E-02    0.676382E-02    0.676382E-02
      0.261443E-01    0.512968E+00    0.512968E+00    0.730612E-02    0.730612E-02    0.730612E-02    0.730612E-02
      0.272067E-01    0.530985E+00    0.530985E+00    0.789099E-02    0.789098E-02    0.789099E-02    0.789098E-02
      0.283121E-01    0.549513E+00    0.549513E+00    0.852164E-02    0.852164E-02    0.852164E-02    0.852164E-02
      0.294622E-01    0.568556E+00    0.568556E+00    0.920154E-02    0.920154E-02    0.920154E-02    0.920154E-02
      0.306587E-01    0.588118E+00    0.588118E+00    0.993438E-02    0.993438E-02    0.993438E-02    0.993438E-02
      0.319037E-01    0.608202E+00    0.608202E+00    0.107241E-01    0.107241E-01    0.107241E-01    0.107241E-01
      0.331989E-01    0.628808E+00    0.628808E+00    0.115750E-01    0.115750E-01    0.115750E-01    0.115750E-01
      0.345464E-01    0.649938E+00    0.649938E+00    0.124916E-01    0.124916E-01    0.124916E-01    0.124916E-01
      0.359484E-01    0.671588E+00    0.671588E+00    0.134787E-01    0.134787E-01    0.134787E-01    0.134787E-01
      0.374068E-01    0.693758E+00    0.693758E+00    0.145414E-01    0.145414E-01    0.145414E-01    0.145414E-01
      0.389241E-01    0.716442E+00    0.716443E+00    0.156854E-01    0.156854E-01    0.156854E-01    0.156854E-01
      0.405025E-01    0.739635E+00    0.739635E+00    0.169164E-01    0.169164E-01    0.169164E-01    0.169164E-01
      0.421446E-01    0.763327E+00    0.763327E+00    0.182408E-01    0.182408E-01    0.182408E-01    0.182408E-01
      0.438527E-01    0.787511E+00    0.787511E+00    0.196653E-01    0.196653E-01    0.196653E-01    0.196653E-01
      0.456296E-01    0.812172E+00    0.812172E+00    0.211968E-01    0.211968E-01    0.211968E-01    0.211968E-01
      0.474779E-01    0.837297E+00    0.837297E+00    0.228430E-01    0.228430E-01    0.228430E-01    0.228430E-01
      0.494005E-01    0.862869E+00    0.862869E+00    0.246120E-01    0.246120E-01    0.246120E-01    0.246120E-01
      0.514004E-01    0.888867E+00    0.888867E+00    0.265121E-01    0.265121E-01    0.265121E-01    0.265121E-01
      0.534805E-01    0.915270E+00    0.915270E+00    0.285525E-01    0.285525E-01    0.285525E-01    0.285525E-01
      0.556441E-01    0.942051E+00    0.942051E+00    0.307427E-01    0.307428E-01    0.307427E-01    0.307428E-01
      0.578944E-01    0.969182E+00    0.969182E+00    0.330929E-01    0.330929E-01    0.330929E-01    0.330929E-01
      0.602349E-01    0.996632E+00    0.996630E+00    0.356136E-01    0.356136E-01    0.356136E-01    0.356136E-01
      0.626690E-01    0.102436E+01    0.102436E+01    0.383163E-01    0.383163E-01    0.383163E-01    0.383163E-01
      0.652006E-01    0.105234E+01    0.105234E+01    0.412127E-01    0.412127E-01    0.412127E-01    0.412127E-01
      0.678333E-01    0.108051E+01    0.108051E+01    0.443155E-01    0.443155E-01    0.443155E-01    0.443155E-01
      0.705711E-01    0.110884E+01    0.110884E+01    0.476378E-01    0.476377E-01    0.476378E-01    0.476377E-01
      0.734182E-01    0.113727E+01    0.113727E+01    0.511934E-01    0.511933E-01    0.511934E-01    0.511933E-01
      0.763787E-01    0.116574E+01    0.116574E+01    0.549968E-01    0.549966E-01    0.549968E-01    0.549966E-01
      0.794572E-01    0.119421E+01    0.119421E+01    0.590631E-01    0.590629E-01    0.590631E-01    0.590629E-01
      0.826582E-01    0.122259E+01    0.122259E+01    0.634083E-01    0.634082E-01    0.634083E-01    0.634082E-01
      0.859863E-01    0.125083E+01    0.125083E+01    0.680487E-01    0.680487E-01    0.680487E-01    0.680487E-01
      0.894467E-01    0.127885E+01    0.127885E+01    0.730016E-01    0.730016E-01    0.730016E-01    0.730016E-01
      0.930442E-01    0.130657E+01    0.130657E+01    0.782847E-01    0.782847E-01    0.782847E-01    0.782847E-01
      0.967843E-01    0.133391E+01    0.133391E+01    0.839164E-01    0.839164E-01    0.839164E-01    0.839164E-01
      0.100672E+00    0.136078E+01    0.136078E+01    0.899159E-01    0.899159E-01    0.899159E-01    0.899159E-01
      0.104714E+00    0.138710E+01    0.138710E+01    0.963025E-01    0.963025E-01    0.963025E-01    0.963025E-01
      0.108915E+00    0.141276E+01    0.141276E+01    0.103097E+00    0.103097E+00    0.103097E+00    0.103097E+00
      0.113282E+00    0.143766E+01    0.143766E+01    0.110318E+00    0.110318E+00    0.110318E+00    0.110318E+00
      0.117821E+00    0.146171E+01    0.146171E+01    0.117989E+00    0.117989E+00    0.117989E+00    0.117989E+00
      0.122538E+00    0.148480E+01    0.148480E+01    0.126130E+00    0.126130E+00    0.126130E+00    0.126130E+00
      0.127440E+00    0.150681E+01    0.150681E+01    0.134762E+00    0.134762E+00    0.134762E+00    0.134762E+00
      0.132535E+00    0.152763E+01    0.152763E+01    0.143907E+00    0.143907E+00    0.143907E+00    0.143907E+00
      0.137828E+00    0.154715E+01    0.154715E+01    0.153586E+00    0.153586E+00    0.153586E+00    0.153586E+00
      0.143329E+00    0.156525E+01    0.156525E+01    0.163821E+00    0.163821E+00    0.163821E+00    0.163821E+00
      0.149044E+00    0.158181E+01    0.158181E+01    0.174632E+00    0.174632E+00    0.174632E+00    0.174632E+00
      0.154981E+00    0.159671E+01    0.159671E+01    0.186041E+00    0.186041E+00    0.186041E+00    0.186041E+00
      0.161149E+00    0.160984E+01    0.160984E+01    0.198066E+00    0.198065E+00    0.198066E+00    0.198065E+00
      0.167556E+00    0.162107E+01    0.162107E+01    0.210726E+00    0.210726E+00    0.210726E+00    0.210726E+00
      0.174211E+00    0.163030E+01    0.163030E+01    0.224039E+00    0.224039E+00    0.224039E+00    0.224039E+00
      0.181123E+00    0.163740E+01    0.163740E+01    0.238021E+00    0.238021E+00    0.238021E+00    0.238021E+00
      0.188302E+00    0.164228E+01    0.164228E+01    0.252686E+00    0.252686E+00    0.252686E+00    0.252686E+00
      0.195756E+00    0.164483E+01    0.164483E+01    0.268047E+00    0.268047E+00    0.268047E+00    0.268047E+00
      0.203496E+00    0.164496E+01    0.164496E+01    0.284112E+00    0.284112E+00    0.284112E+00    0.284112E+00
      0.211533E+00    0.164257E+01    0.164257E+01    0.300889E+00    0.300889E+00    0.300889E+00    0.300889E+00
      0.219876E+00    0.163760E+01    0.163760E+01    0.318381E+00    0.318381E+00    0.318381E+00    0.318381E+00
      0.228537E+00    0.162997E+01    0.162997E+01    0.336590E+00    0.336590E+00    0.336590E+00    0.336590E+00
      0.237526E+00    0.161963E+01    0.161963E+01    0.355510E+00    0.355511E+00    0.355510E+00    0.355511E+00
      0.246856E+00    0.160653E+01    0.160653E+01    0.375135E+00    0.375135E+00    0.375135E+00    0.375135E+00
      0.256539E+00    0.159064E+01    0.159064E+01    0.395450E+00    0.395450E+00    0.395450E+00    0.395450E+00
      0.266585E+00    0.157195E+01    0.157195E+01    0.416438E+00    0.416438E+00    0.416438E+00    0.416438E+00
      0.277009E+00    0.155046E+01    0.155046E+01    0.438075E+00    0.438075E+00    0.438075E+00    0.438075E+00
      0.287822E+00    0.152620E+01    0.152620E+01    0.460330E+00    0.460330E+00    0.460330E+00    0.460330E+00
      0.299039E+00    0.149919E+01    0.149919E+01    0.483167E+00    0.483167E+00    0.483167E+00    0.483167E+00
      0.310672E+00    0.146951E+01    0.146951E+01    0.506543E+00    0.506543E+00    0.506543E+00    0.506543E+00
      0.322736E+00    0.143721E+01    0.143721E+01    0.530406E+00    0.530405E+00    0.530406E+00    0.530405E+00
      0.335245E+00    0.140240E+01    0.140240E+01    0.554697E+00    0.554697E+00    0.554697E+00    0.554697E+00
      0.348213E+00    0.136520E+01    0.136520E+01    0.579352E+00    0.579352E+00    0.579352E+00    0.579352E+00
      0.361656E+00    0.132573E+01    0.132573E+01    0.604293E+00    0.604293E+00    0.604293E+00    0.604293E+00
      0.375589E+00    0.128415E+01    0.128415E+01    0.629440E+00    0.629440E+00    0.629440E+00    0.629440E+00
      0.390028E+00    0.124064E+01    0.124064E+01    0.654701E+00    0.654701E+00    0.654701E+00    0.654701E+00
      0.404988E+00    0.119538E+01    0.119538E+01    0.679976E+00    0.679976E+00    0.679976E+00    0.679976E+00
      0.420486E+00    0.114858E+01    0.114858E+01    0.705157E+00    0.705157E+00    0.705157E+00    0.705157E+00
      0.436540E+00    0.110046E+01    0.110046E+01    0.730129E+00    0.730129E+00    0.730129E+00    0.730129E+00
      0.453165E+00    0.105125E+01    0.105125E+01    0.754769E+00    0.754769E+00    0.754769E+00    0.754769E+00
      0.470379E+00    0.100119E+01    0.100119E+01    0.778947E+00    0.778947E+00    0.778947E+00    0.778947E+00
      0.488201E+00    0.950535E+00    0.950535E+00    0.802527E+00    0.802527E+00    0.802527E+00    0.802527E+00
      0.506648E+00    0.899536E+00    0.899536E+00    0.825365E+00    0.825365E+00    0.825365E+00    0.825365E+00
      0.525739E+00    0.848452E+00    0.848452E+00    0.847317E+00    0.847317E+00    0.847317E+00    0.847317E+00
      0.545492E+00    0.797539E+00    0.797539E+00    0.868232E+00    0.868232E+00    0.868232E+00    0.868232E+00
      0.565927E+00    0.747052E+00    0.747052E+00    0.887958E+00    0.887959E+00    0.887958E+00    0.887959E+00
      0.587062E+00    0.697237E+00    0.697237E+00    0.906343E+00    0.906343E+00    0.906343E+00    0.906343E+00
      0.608917E+00    0.648331E+00    0.648331E+00    0.923235E+00    0.923235E+00    0.923235E+00    0.923235E+00
      0.631512E+00    0.600559E+00    0.600559E+00    0.938485E+00    0.938485E+00    0.938485E+00    0.938485E+00
      0.654867E+00    0.554132E+00    0.554132E+00    0.951947E+00    0.951947E+00    0.951947E+00    0.951947E+00
      0.679002E+00    0.509240E+00    0.509240E+00    0.963484E+00    0.963484E+00    0.963484E+00    0.963484E+00
      0.703937E+00    0.466056E+00    0.466056E+00    0.972965E+00    0.972965E+00    0.972965E+00    0.972965E+00
      0.729694E+00    0.424732E+00    0.424732E+00    0.980270E+00    0.980270E+00    0.980270E+00    0.980270E+00
      0.756293E+00    0.385395E+00    0.385395E+00    0.985292E+00    0.985292E+00    0.985292E+00    0.985292E+00
      0.783755E+00    0.348148E+00    0.348148E+00    0.987936E+00    0.987936E+00    0.987936E+00    0.987936E+00
      0.812100E+00    0.313070E+00    0.313070E+00    0.988125E+00    0.988126E+00    0.988125E+00    0.988126E+00
      0.841351E+00    0.280215E+00    0.280215E+00    0.985800E+00    0.985800E+00    0.985800E+00    0.985800E+00
      0.871527E+00    0.249614E+00    0.249614E+00    0.980918E+00    0.980918E+00    0.980918E+00    0.980918E+00
      0.902652E+00    0.221270E+00    0.221270E+00    0.973460E+00    0.973460E+00    0.973460E+00    0.973460E+00
      0.934744E+00    0.195167E+00    0.195167E+00    0.963428E+00    0.963428E+00    0.963428E+00    0.963428E+00
      0.967827E+00    0.171267E+00    0.171267E+00    0.950846E+00    0.950846E+00    0.950846E+00    0.950846E+00
      0.100192E+01    0.149512E+00    0.149512E+00    0.935760E+00    0.935760E+00    0.935760E+00    0.935760E+00
      0.103705E+01    0.129827E+00    0.129827E+00    0.918241E+00    0.918242E+00    0.918241E+00    0.918242E+00
      0.107323E+01    0.112123E+00    0.112123E+00    0.898383E+00    0.898383E+00    0.898383E+00    0.898383E+00
      0.111048E+01    0.962990E-01    0.962990E-01    0.876300E+00    0.876300E+00    0.876300E+00    0.876300E+00
      0.114883E+01    0.822423E-01    0.822423E-01    0.852130E+00    0.852130E+00    0.852130E+00    0.852130E+00
      0.118829E+01    0.698347E-01    0.698347E-01    0.826029E+00    0.826029E+00    0.826029E+00    0.826029E+00
      0.122889E+01    0.589526E-01    0.589526E-01    0.798172E+00    0.798172E+00    0.798172E+00    0.798172E+00
      0.127064E+01    0.494706E-01    0.494706E-01    0.768749E+00    0.768749E+00    0.768749E+00    0.768749E+00
      0.131357E+01    0.412629E-01    0.412629E-01    0.737965E+00    0.737965E+00    0.737965E+00    0.737965E+00
      0.135769E+01    0.342055E-01    0.342055E-01    0.706036E+00    0.706036E+00    0.706036E+00    0.706036E+00
      0.140303E+01    0.281783E-01    0.281783E-01    0.673184E+00    0.673184E+00    0.673184E+00    0.673184E+00
      0.144960E+01    0.230660E-01    0.230660E-01    0.639638E+00    0.639638E+00    0.639638E+00    0.639638E+00
      0.149742E+01    0.187599E-01    0.187599E-01    0.605628E+00    0.605628E+00    0.605628E+00    0.605628E+00
      0.154650E+01    0.151582E-01    0.151583E-01    0.571382E+00    0.571382E+00    0.571382E+00    0.571382E+00
      0.159687E+01    0.121671E-01    0.121671E-01    0.537126E+00    0.537126E+00    0.537126E+00    0.537126E+00
      0.164855E+01    0.970084E-02    0.970087E-02    0.503076E+00    0.503076E+00    0.503076E+00    0.503076E+00
      0.170154E+01    0.768208E-02    0.768211E-02    0.469439E+00    0.469439E+00    0.469439E+00    0.469439E+00
      0.175587E+01    0.604171E-02    0.604175E-02    0.436409E+00    0.436409E+00    0.436409E+00    0.436409E+00
      0.181154E+01    0.471868E-02    0.471871E-02    0.404166E+00    0.404166E+00    0.404166E+00    0.404166E+00
      0.186858E+01    0.365954E-02    0.365957E-02    0.372870E+00    0.372870E+00    0.372870E+00    0.372870E+00
      0.192700E+01    0.281804E-02    0.281808E-02    0.342666E+00    0.342666E+00    0.342666E+00    0.342666E+00
      0.198680E+01    0.215454E-02    0.215457E-02    0.313679E+00    0.313679E+00    0.313679E+00    0.313679E+00
      0.204801E+01    0.163538E-02    0.163541E-02    0.286012E+00    0.286012E+00    0.286012E+00    0.286012E+00
      0.211063E+01    0.123229E-02    0.123233E-02    0.259749E+00    0.259749E+00    0.259749E+00    0.259749E+00
      0.217468E+01    0.921756E-03    0.921786E-03    0.234952E+00    0.234952E+00    0.234952E+00    0.234952E+00
      0.224017E+01    0.684386E-03    0.684414E-03    0.211665E+00    0.211665E+00    0.211665E+00    0.211665E+00
      0.230710E+01    0.504369E-03    0.504393E-03    0.189912E+00    0.189912E+00    0.189912E+00    0.189912E+00
      0.237548E+01    0.368924E-03    0.368946E-03    0.169697E+00    0.169697E+00    0.169697E+00    0.169697E+00
      0.244533E+01    0.267824E-03    0.267843E-03    0.151012E+00    0.151012E+00    0.151012E+00    0.151012E+00
      0.251665E+01    0.192961E-03    0.192977E-03    0.133828E+00    0.133828E+00    0.133828E+00    0.133828E+00
      0.258944E+01    0.137969E-03    0.137982E-03    0.118108E+00    0.118108E+00    0.118108E+00    0.118108E+00
      0.266372E+01    0.978973E-04    0.979085E-04    0.103800E+00    0.103800E+00    0.103800E+00    0.103800E+00
      0.273948E+01    0.689332E-04    0.689425E-04    0.908448E-01    0.908448E-01    0.908448E-01    0.908448E-01
      0.281674E+01    0.481664E-04    0.481740E-04    0.791728E-01    0.791728E-01    0.791728E-01    0.791728E-01
      0.289549E+01    0.333972E-04    0.334033E-04    0.687106E-01    0.687106E-01    0.687106E-01    0.687106E-01
      0.297574E+01    0.229784E-04    0.229832E-04    0.593799E-01    0.593799E-01    0.593799E-01    0.593799E-01
      0.305749E+01    0.156880E-04    0.156918E-04    0.510999E-01    0.510999E-01    0.510999E-01    0.510999E-01
      0.314074E+01    0.106280E-04    0.106309E-04    0.437890E-01    0.437890E-01    0.437890E-01    0.437890E-01
      0.322550E+01    0.714447E-05    0.714672E-05    0.373657E-01    0.373657E-01    0.373657E-01    0.373657E-01
      0.331175E+01    0.476566E-05    0.476737E-05    0.317500E-01    0.317500E-01    0.317500E-01    0.317500E-01
      0.339951E+01    0.315437E-05    0.315565E-05    0.268646E-01    0.268646E-01    0.268646E-01    0.268646E-01
      0.348877E+01    0.207177E-05    0.207272E-05    0.226350E-01    0.226350E-01    0.226350E-01    0.226350E-01
      0.357952E+01    0.135025E-05    0.135095E-05    0.189912E-01    0.189912E-01    0.189912E-01    0.189912E-01
      0.367177E+01    0.873250E-06    0.873762E-06    0.158670E-01    0.158670E-01    0.158670E-01    0.158670E-01
      0.376551E+01    0.560430E-06    0.560799E-06    0.132012E-01    0.132012E-01    0.132012E-01    0.132012E-01
      0.386074E+01    0.356921E-06    0.357184E-06    0.109374E-01    0.109374E-01    0.109374E-01    0.109374E-01
      0.395745E+01    0.225580E-06    0.225765E-06    0.902403E-02    0.902403E-02    0.902403E-02    0.902403E-02
      0.405564E+01    0.141488E-06    0.141617E-06    0.741450E-02    0.741450E-02    0.741450E-02    0.741450E-02
      0.415530E+01    0.880723E-07    0.881622E-07    0.606686E-02    0.606686E-02    0.606686E-02    0.606686E-02
      0.425643E+01    0.544098E-07    0.544715E-07    0.494373E-02    0.494373E-02    0.494373E-02    0.494373E-02
      0.435901E+01    0.333616E-07    0.334036E-07    0.401201E-02    0.401201E-02    0.401201E-02    0.401201E-02
      0.446304E+01    0.203033E-07    0.203315E-07    0.324262E-02    0.324262E-02    0.324262E-02    0.324262E-02
      0.456852E+01    0.122646E-07    0.122834E-07    0.261015E-02    0.261015E-02    0.261015E-02    0.261015E-02
      0.467543E+01    0.735399E-08    0.736642E-08    0.209258E-02    0.209258E-02    0.209258E-02    0.209258E-02
      0.478376E+01    0.437722E-08    0.438535E-08    0.167091E-02    0.167092E-02    0.167091E-02    0.167092E-02
      0.489352E+01    0.258641E-08    0.259169E-08    0.132891E-02    0.132891E-02    0.132891E-02    0.132891E-02
      0.500467E+01    0.151721E-08    0.152060E-08    0.105272E-02    0.105273E-02    0.105272E-02    0.105273E-02
      0.511723E+01    0.883607E-09    0.885770E-09    0.830665E-03    0.830671E-03    0.830665E-03    0.830671E-03
      0.523117E+01    0.510934E-09    0.512301E-09    0.652892E-03    0.652900E-03    0.652892E-03    0.652900E-03
      0.534649E+01    0.293350E-09    0.294206E-09    0.511181E-03    0.511189E-03    0.511181E-03    0.511189E-03
      0.546318E+01    0.167242E-09    0.167774E-09    0.398693E-03    0.398702E-03    0.398693E-03    0.398702E-03
      0.558122E+01    0.946825E-10    0.950098E-10    0.309775E-03    0.309785E-03    0.309775E-03    0.309785E-03
      0.570060E+01    0.532333E-10    0.534331E-10    0.239780E-03    0.239790E-03    0.239780E-03    0.239790E-03
      0.582131E+01    0.297244E-10    0.298454E-10    0.184906E-03    0.184916E-03    0.184906E-03    0.184916E-03
      0.594334E+01    0.164848E-10    0.165575E-10    0.142062E-03    0.142072E-03    0.142062E-03    0.142072E-03
      0.606668E+01    0.908079E-11    0.912412E-11    0.108744E-03    0.108754E-03    0.108744E-03    0.108754E-03
      0.619131E+01    0.496890E-11    0.499452E-11    0.829370E-04    0.829463E-04    0.829370E-04    0.829463E-04
      0.631723E+01    0.270097E-11    0.271600E-11    0.630267E-04    0.630354E-04    0.630267E-04    0.630354E-04
      0.644441E+01    0.145859E-11    0.146734E-11    0.477252E-04    0.477332E-04    0.477252E-04    0.477332E-04
      0.657285E+01    0.782576E-12    0.787628E-12    0.360109E-04    0.360182E-04    0.360109E-04    0.360182E-04
      0.670254E+01    0.417185E-12    0.420081E-12    0.270769E-04    0.270834E-04    0.270769E-04    0.270834E-04
      0.683346E+01    0.220988E-12    0.222636E-12    0.202889E-04    0.202947E-04    0.202889E-04    0.202947E-04
      0.696559E+01    0.116326E-12    0.117257E-12    0.151506E-04    0.151556E-04    0.151506E-04    0.151556E-04
      0.709893E+01    0.608526E-13    0.613745E-13    0.112752E-04    0.112796E-04    0.112752E-04    0.112796E-04
      0.723347E+01    0.316379E-13    0.319284E-13    0.836304E-05    0.836675E-05    0.836304E-05    0.836675E-05
      0.736918E+01    0.163490E-13    0.165096E-13    0.618246E-05    0.618562E-05    0.618246E-05    0.618562E-05
      0.750605E+01    0.839765E-14    0.848579E-14    0.455547E-05    0.455813E-05    0.455547E-05    0.455813E-05
      0.764408E+01    0.428784E-14    0.433589E-14    0.334576E-05    0.334799E-05    0.334576E-05    0.334799E-05
      0.778325E+01    0.217652E-14    0.220253E-14    0.244943E-05    0.245128E-05    0.244943E-05    0.245128E-05
      0.792355E+01    0.109840E-14    0.111238E-14    0.178755E-05    0.178907E-05    0.178755E-05    0.178907E-05
      0.806495E+01    0.551135E-15    0.558607E-15    0.130044E-05    0.130168E-05    0.130044E-05    0.130168E-05
      0.820746E+01    0.000000E+00    0.000000E+00    0.943140E-06    0.944152E-06    0.943140E-06    0.944152E-06
      0.835105E+01    0.000000E+00    0.000000E+00    0.681921E-06    0.682739E-06    0.681921E-06    0.682739E-06
      0.849572E+01    0.000000E+00    0.000000E+00    0.491564E-06    0.492220E-06    0.491564E-06    0.492220E-06
      0.864145E+01    0.000000E+00    0.000000E+00    0.353288E-06    0.353812E-06    0.353288E-06    0.353812E-06
      0.878822E+01    0.000000E+00    0.000000E+00    0.253161E-06    0.253577E-06    0.253161E-06    0.253577E-06
      0.893603E+01    0.000000E+00    0.000000E+00    0.180884E-06    0.181212E-06    0.180884E-06    0.181212E-06
      0.908486E+01    0.000000E+00    0.000000E+00    0.128871E-06    0.129128E-06    0.128871E-06    0.129128E-06
      0.923470E+01    0.000000E+00    0.000000E+00    0.915536E-07    0.917542E-07    0.915536E-07    0.917542E-07
      0.938553E+01    0.000000E+00    0.000000E+00    0.648601E-07    0.650159E-07    0.648601E-07    0.650159E-07
      0.953735E+01    0.000000E+00    0.000000E+00    0.458223E-07    0.459427E-07    0.458223E-07    0.459427E-07
      0.969014E+01    0.000000E+00    0.000000E+00    0.322841E-07    0.323767E-07    0.322841E-07    0.323767E-07
      0.984389E+01    0.000000E+00    0.000000E+00    0.226844E-07    0.227553E-07    0.226844E-07    0.227553E-07
      0.999858E+01    0.000000E+00    0.000000E+00    0.158968E-07    0.159508E-07    0.158968E-07    0.159508E-07
      0.101542E+02    0.000000E+00    0.000000E+00    0.111109E-07    0.111519E-07    0.111109E-07    0.111519E-07
      0.103108E+02    0.000000E+00    0.000000E+00    0.774571E-08    0.777666E-08    0.774571E-08    0.777666E-08
      0.104682E+02    0.000000E+00    0.000000E+00    0.538592E-08    0.540920E-08    0.538592E-08    0.540920E-08
      0.106266E+02    0.000000E+00    0.000000E+00    0.373559E-08    0.375304E-08    0.373559E-08    0.375304E-08
      0.107858E+02    0.000000E+00    0.000000E+00    0.258449E-08    0.259751E-08    0.258449E-08    0.259751E-08
      0.109460E+02    0.000000E+00    0.000000E+00    0.178370E-08    0.179337E-08    0.178370E-08    0.179337E-08
      0.111069E+02    0.000000E+00    0.000000E+00    0.122803E-08    0.123519E-08    0.122803E-08    0.123519E-08
      0.112688E+02    0.000000E+00    0.000000E+00    0.843445E-09    0.848727E-09    0.843445E-09    0.848727E-09
      0.114315E+02    0.000000E+00    0.000000E+00    0.577930E-09    0.581812E-09    0.577930E-09    0.581812E-09
      0.115950E+02    0.000000E+00    0.000000E+00    0.395074E-09    0.397917E-09    0.395074E-09    0.397917E-09
      0.117593E+02    0.000000E+00    0.000000E+00    0.269451E-09    0.271525E-09    0.269451E-09    0.271525E-09
      0.119244E+02    0.000000E+00    0.000000E+00    0.183355E-09    0.184864E-09    0.183355E-09    0.184864E-09
      0.120904E+02    0.000000E+00    0.000000E+00    0.124489E-09    0.125582E-09    0.124489E-09    0.125582E-09
      0.122571E+02    0.000000E+00    0.000000E+00    0.843344E-10    0.851245E-10    0.843344E-10    0.851245E-10
      0.124246E+02    0.000000E+00    0.000000E+00    0.570073E-10    0.575762E-10    0.570073E-10    0.575762E-10
      0.125928E+02    0.000000E+00    0.000000E+00    0.384519E-10    0.388603E-10    0.384519E-10    0.388603E-10
      0.127619E+02    0.000000E+00    0.000000E+00    0.258810E-10    0.261732E-10    0.258810E-10    0.261732E-10
      0.129316E+02    0.000000E+00    0.000000E+00    0.173833E-10    0.175918E-10    0.173833E-10    0.175918E-10
      0.131021E+02    0.000000E+00    0.000000E+00    0.116515E-10    0.117998E-10    0.116515E-10    0.117998E-10
      0.132733E+02    0.000000E+00    0.000000E+00    0.779370E-11    0.789887E-11    0.779370E-11    0.789887E-11
      0.134453E+02    0.000000E+00    0.000000E+00    0.520269E-11    0.527707E-11    0.520269E-11    0.527707E-11
      0.136179E+02    0.000000E+00    0.000000E+00    0.346615E-11    0.351860E-11    0.346615E-11    0.351860E-11
      0.137913E+02    0.000000E+00    0.000000E+00    0.230469E-11    0.234158E-11    0.230469E-11    0.234158E-11
      0.139653E+02    0.000000E+00    0.000000E+00    0.152945E-11    0.155532E-11    0.152945E-11    0.155532E-11
      0.141400E+02    0.000000E+00    0.000000E+00    0.101304E-11    0.103114E-11    0.101304E-11    0.103114E-11
      0.143154E+02    0.000000E+00    0.000000E+00    0.669730E-12    0.682350E-12    0.669730E-12    0.682350E-12
      0.144915E+02    0.000000E+00    0.000000E+00    0.441938E-12    0.450719E-12    0.441938E-12    0.450719E-12
      0.146682E+02    0.000000E+00    0.000000E+00    0.291088E-12    0.297182E-12    0.291088E-12    0.297182E-12
      0.148455E+02    0.000000E+00    0.000000E+00    0.191381E-12    0.195600E-12    0.191381E-12    0.195600E-12
      0.150235E+02    0.000000E+00    0.000000E+00    0.125601E-12    0.128515E-12    0.125601E-12    0.128515E-12
      0.152021E+02    0.000000E+00    0.000000E+00    0.822853E-13    0.842927E-13    0.822853E-13    0.842927E-13
      0.153814E+02    0.000000E+00    0.000000E+00    0.538136E-13    0.551934E-13    0.538136E-13    0.551934E-13
      0.155612E+02    0.000000E+00    0.000000E+00    0.351329E-13    0.360790E-13    0.351329E-13    0.360790E-13
      0.157417E+02    0.000000E+00    0.000000E+00    0.228980E-13    0.235453E-13    0.228980E-13    0.235453E-13
      0.159227E+02    0.000000E+00    0.000000E+00    0.148989E-13    0.153407E-13    0.148989E-13    0.153407E-13
      0.161043E+02    0.000000E+00    0.000000E+00    0.967806E-14    0.997899E-14    0.967806E-14    0.997899E-14
      0.162866E+02    0.000000E+00    0.000000E+00    0.627645E-14    0.648096E-14    0.627645E-14    0.648096E-14
      0.164693E+02    0.000000E+00    0.000000E+00    0.406386E-14    0.420255E-14    0.406386E-14    0.420255E-14
      0.166527E+02    0.000000E+00    0.000000E+00    0.262707E-14    0.272092E-14    0.262707E-14    0.272092E-14
      0.168366E+02    0.000000E+00    0.000000E+00    0.169560E-14    0.175897E-14    0.169560E-14    0.175897E-14
      0.170211E+02    0.000000E+00    0.000000E+00    0.109270E-14    0.113541E-14    0.109270E-14    0.113541E-14
      0.172061E+02    0.000000E+00    0.000000E+00    0.703088E-15    0.731814E-15    0.703088E-15    0.731814E-15
      0.173916E+02    0.000000E+00    0.000000E+00    0.451714E-15    0.470996E-15    0.451714E-15    0.470996E-15
      0.175777E+02    0.000000E+00    0.000000E+00    0.289780E-15    0.302698E-15    0.289780E-15    0.302698E-15
      0.177643E+02    0.000000E+00    0.000000E+00    0.185624E-15    0.194261E-15    0.185624E-15    0.194261E-15
      0.179514E+02    0.000000E+00    0.000000E+00    0.118732E-15    0.124496E-15    0.118732E-15    0.124496E-15
      0.181390E+02    0.000000E+00    0.000000E+00    0.000000E+00    0.000000E+00    0.000000E+00    0.000000E+00
      0.183271E+02    0.000000E+00    0.000000E+00    0.000000E+00    0.000000E+00    0.000000E+00    0.000000E+00
      0.185158E+02    0.000000E+00    0.000000E+00    0.000000E+00    0.000000E+00    0.000000E+00    0.000000E+00
      0.187049E+02    0.000000E+00    0.000000E+00    0.000000E+00    0.000000E+00    0.000000E+00    0.000000E+00
      0.188945E+02    0.000000E+00    0.000000E+00    0.000000E+00    0.000000E+00    0.000000E+00    0.000000E+00
      0.190845E+02    0.000000E+00    0.000000E+00    0.000000E+00    0.000000E+00    0.000000E+00    0.000000E+00
      0.192751E+02    0.000000E+00    0.000000E+00    0.000000E+00    0.000000E+00    0.000000E+00    0.000000E+00
      0.194661E+02    0.000000E+00    0.000000E+00    0.000000E+00    0.000000E+00    0.000000E+00    0.000000E+00
      0.196576E+02    0.000000E+00    0.000000E+00    0.000000E+00    0.000000E+00    0.000000E+00    0.000000E+00
      0.198495E+02    0.000000E+00    0.000000E+00    0.000000E+00    0.000000E+00    0.000000E+00    0.000000E+00
      0.200419E+02    0.000000E+00    0.000000E+00    0.000000E+00    0.000000E+00    0.000000E+00    0.000000E+00
      0.202347E+02    0.000000E+00    0.000000E+00    0.000000E+00    0.000000E+00    0.000000E+00    0.000000E+00
      0.204280E+02    0.000000E+00    0.000000E+00    0.000000E+00    0.000000E+00    0.000000E+00    0.000000E+00
      0.206217E+02    0.000000E+00    0.000000E+00    0.000000E+00    0.000000E+00    0.000000E+00    0.000000E+00
      0.208159E+02    0.000000E+00    0.000000E+00    0.000000E+00    0.000000E+00    0.000000E+00    0.000000E+00
      0.210104E+02    0.000000E+00    0.000000E+00    0.000000E+00    0.000000E+00    0.000000E+00    0.000000E+00
      0.212054E+02    0.000000E+00    0.000000E+00    0.000000E+00    0.000000E+00    0.000000E+00    0.000000E+00
      0.214008E+02    0.000000E+00    0.000000E+00    0.000000E+00    0.000000E+00    0.000000E+00    0.000000E+00
      0.215966E+02    0.000000E+00    0.000000E+00    0.000000E+00    0.000000E+00    0.000000E+00    0.000000E+00
      0.217928E+02    0.000000E+00    0.000000E+00    0.000000E+00    0.000000E+00    0.000000E+00    0.000000E+00
      0.219894E+02    0.000000E+00    0.000000E+00    0.000000E+00    0.000000E+00    0.000000E+00    0.000000E+00
      0.221864E+02    0.000000E+00    0.000000E+00    0.000000E+00    0.000000E+00    0.000000E+00    0.000000E+00
      0.223838E+02    0.000000E+00    0.000000E+00    0.000000E+00    0.000000E+00    0.000000E+00    0.000000E+00
      0.225815E+02    0.000000E+00    0.000000E+00    0.000000E+00    0.000000E+00    0.000000E+00    0.000000E+00
      0.227797E+02    0.000000E+00    0.000000E+00    0.000000E+00    0.000000E+00    0.000000E+00    0.000000E+00
      0.229782E+02    0.000000E+00    0.000000E+00    0.000000E+00    0.000000E+00    0.000000E+00    0.000000E+00
      0.231771E+02    0.000000E+00    0.000000E+00    0.000000E+00    0.000000E+00    0.000000E+00    0.000000E+00
      0.233764E+02    0.000000E+00    0.000000E+00    0.000000E+00    0.000000E+00    0.000000E+00    0.000000E+00
      0.235760E+02    0.000000E+00    0.000000E+00    0.000000E+00    0.000000E+00    0.000000E+00    0.000000E+00
      0.237760E+02    0.000000E+00    0.000000E+00    0.000000E+00    0.000000E+00    0.000000E+00    0.000000E+00
      0.239763E+02    0.000000E+00    0.000000E+00    0.000000E+00    0.000000E+00    0.000000E+00    0.000000E+00
      0.241770E+02    0.000000E+00    0.000000E+00    0.000000E+00    0.000000E+00    0.000000E+00    0.000000E+00
      0.243780E+02    0.000000E+00    0.000000E+00    0.000000E+00    0.000000E+00    0.000000E+00    0.000000E+00
      0.245794E+02    0.000000E+00    0.000000E+00    0.000000E+00    0.000000E+00    0.000000E+00    0.000000E+00
      0.247811E+02    0.000000E+00    0.000000E+00    0.000000E+00    0.000000E+00    0.000000E+00    0.000000E+00
      0.249832E+02    0.000000E+00    0.000000E+00    0.000000E+00    0.000000E+00    0.000000E+00    0.000000E+00
      0.251856E+02    0.000000E+00    0.000000E+00    0.000000E+00    0.000000E+00    0.000000E+00    0.000000E+00
      0.253883E+02    0.000000E+00    0.000000E+00    0.000000E+00    0.000000E+00    0.000000E+00    0.000000E+00
      0.255913E+02    0.000000E+00    0.000000E+00    0.000000E+00    0.000000E+00    0.000000E+00    0.000000E+00
      0.257947E+02    0.000000E+00    0.000000E+00    0.000000E+00    0.000000E+00    0.000000E+00    0.000000E+00
      0.259983E+02    0.000000E+00    0.000000E+00    0.000000E+00    0.000000E+00    0.000000E+00    0.000000E+00
      0.262023E+02    0.000000E+00    0.000000E+00    0.000000E+00    0.000000E+00    0.000000E+00    0.000000E+00
      0.264066E+02    0.000000E+00    0.000000E+00    0.000000E+00    0.000000E+00    0.000000E+00    0.000000E+00
      0.266112E+02    0.000000E+00    0.000000E+00    0.000000E+00    0.000000E+00    0.000000E+00    0.000000E+00
      0.268161E+02    0.000000E+00    0.000000E+00    0.000000E+00    0.000000E+00    0.000000E+00    0.000000E+00
      0.270213E+02    0.000000E+00    0.000000E+00    0.000000E+00    0.000000E+00    0.000000E+00    0.000000E+00
      0.272268E+02    0.000000E+00    0.000000E+00    0.000000E+00    0.000000E+00    0.000000E+00    0.000000E+00
      0.274326E+02    0.000000E+00    0.000000E+00    0.000000E+00    0.000000E+00    0.000000E+00    0.000000E+00
      0.276387E+02    0.000000E+00    0.000000E+00    0.000000E+00    0.000000E+00    0.000000E+00    0.000000E+00
      0.278451E+02    0.000000E+00    0.000000E+00    0.000000E+00    0.000000E+00    0.000000E+00    0.000000E+00
      0.280517E+02    0.000000E+00    0.000000E+00    0.000000E+00    0.000000E+00    0.000000E+00    0.000000E+00
      0.282587E+02    0.000000E+00    0.000000E+00    0.000000E+00    0.000000E+00    0.000000E+00    0.000000E+00
      0.284659E+02    0.000000E+00    0.000000E+00    0.000000E+00    0.000000E+00    0.000000E+00    0.000000E+00
      0.286734E+02    0.000000E+00    0.000000E+00    0.000000E+00    0.000000E+00    0.000000E+00    0.000000E+00
      0.288812E+02    0.000000E+00    0.000000E+00    0.000000E+00    0.000000E+00    0.000000E+00    0.000000E+00
      0.290892E+02    0.000000E+00    0.000000E+00    0.000000E+00    0.000000E+00    0.000000E+00    0.000000E+00
      0.292975E+02    0.000000E+00    0.000000E+00    0.000000E+00    0.000000E+00    0.000000E+00    0.000000E+00
      0.295060E+02    0.000000E+00    0.000000E+00    0.000000E+00    0.000000E+00    0.000000E+00    0.000000E+00
      0.297149E+02    0.000000E+00    0.000000E+00    0.000000E+00    0.000000E+00    0.000000E+00    0.000000E+00
      0.299239E+02    0.000000E+00    0.000000E+00    0.000000E+00    0.000000E+00    0.000000E+00    0.000000E+00
      0.301333E+02    0.000000E+00    0.000000E+00    0.000000E+00    0.000000E+00    0.000000E+00    0.000000E+00
      0.303429E+02    0.000000E+00    0.000000E+00    0.000000E+00    0.000000E+00    0.000000E+00    0.000000E+00
      0.305527E+02    0.000000E+00    0.000000E+00    0.000000E+00    0.000000E+00    0.000000E+00    0.000000E+00
      0.307628E+02    0.000000E+00    0.000000E+00    0.000000E+00    0.000000E+00    0.000000E+00    0.000000E+00
      0.309731E+02    0.000000E+00    0.000000E+00    0.000000E+00    0.000000E+00    0.000000E+00    0.000000E+00
      0.311837E+02    0.000000E+00    0.000000E+00    0.000000E+00    0.000000E+00    0.000000E+00    0.000000E+00
      0.313945E+02    0.000000E+00    0.000000E+00    0.000000E+00    0.000000E+00    0.000000E+00    0.000000E+00
      0.316056E+02    0.000000E+00    0.000000E+00    0.000000E+00    0.000000E+00    0.000000E+00    0.000000E+00
      0.318169E+02    0.000000E+00    0.000000E+00    0.000000E+00    0.000000E+00    0.000000E+00    0.000000E+00
      0.320284E+02    0.000000E+00    0.000000E+00    0.000000E+00    0.000000E+00    0.000000E+00    0.000000E+00
      0.322402E+02    0.000000E+00    0.000000E+00    0.000000E+00    0.000000E+00    0.000000E+00    0.000000E+00
      0.324521E+02    0.000000E+00    0.000000E+00    0.000000E+00    0.000000E+00    0.000000E+00    0.000000E+00
      0.326643E+02    0.000000E+00    0.000000E+00    0.000000E+00    0.000000E+00    0.000000E+00    0.000000E+00
      0.328768E+02    0.000000E+00    0.000000E+00    0.000000E+00    0.000000E+00    0.000000E+00    0.000000E+00
      0.330894E+02    0.000000E+00    0.000000E+00    0.000000E+00    0.000000E+00    0.000000E+00    0.000000E+00
      0.333023E+02    0.000000E+00    0.000000E+00    0.000000E+00    0.000000E+00    0.000000E+00    0.000000E+00
      0.335154E+02    0.000000E+00    0.000000E+00    0.000000E+00    0.000000E+00    0.000000E+00    0.000000E+00
      0.337287E+02    0.000000E+00    0.000000E+00    0.000000E+00    0.000000E+00    0.000000E+00    0.000000E+00
      0.339422E+02    0.000000E+00    0.000000E+00    0.000000E+00    0.000000E+00    0.000000E+00    0.000000E+00
      0.341560E+02    0.000000E+00    0.000000E+00    0.000000E+00    0.000000E+00    0.000000E+00    0.000000E+00
      0.343699E+02    0.000000E+00    0.000000E+00    0.000000E+00    0.000000E+00    0.000000E+00    0.000000E+00
      0.345841E+02    0.000000E+00    0.000000E+00    0.000000E+00    0.000000E+00    0.000000E+00    0.000000E+00
      0.347984E+02    0.000000E+00    0.000000E+00    0.000000E+00    0.000000E+00    0.000000E+00    0.000000E+00
      0.350130E+02    0.000000E+00    0.000000E+00    0.000000E+00    0.000000E+00    0.000000E+00    0.000000E+00
      0.352278E+02    0.000000E+00    0.000000E+00    0.000000E+00    0.000000E+00    0.000000E+00    0.000000E+00
      0.354427E+02    0.000000E+00    0.000000E+00    0.000000E+00    0.000000E+00    0.000000E+00    0.000000E+00
      0.356579E+02    0.000000E+00    0.000000E+00    0.000000E+00    0.000000E+00    0.000000E+00    0.000000E+00
      0.358732E+02    0.000000E+00    0.000000E+00    0.000000E+00    0.000000E+00    0.000000E+00    0.000000E+00
      0.360888E+02    0.000000E+00    0.000000E+00    0.000000E+00    0.000000E+00    0.000000E+00    0.000000E+00
      0.363045E+02    0.000000E+00    0.000000E+00    0.000000E+00    0.000000E+00    0.000000E+00    0.000000E+00
      0.365205E+02    0.000000E+00    0.000000E+00    0.000000E+00    0.000000E+00    0.000000E+00    0.000000E+00
      0.367366E+02    0.000000E+00    0.000000E+00    0.000000E+00    0.000000E+00    0.000000E+00    0.000000E+00
      0.369529E+02    0.000000E+00    0.000000E+00    0.000000E+00    0.000000E+00    0.000000E+00    0.000000E+00
      0.371694E+02    0.000000E+00    0.000000E+00    0.000000E+00    0.000000E+00    0.000000E+00    0.000000E+00
      0.373861E+02    0.000000E+00    0.000000E+00    0.000000E+00    0.000000E+00    0.000000E+00    0.000000E+00
      0.376029E+02    0.000000E+00    0.000000E+00    0.000000E+00    0.000000E+00    0.000000E+00    0.000000E+00
      0.378200E+02    0.000000E+00    0.000000E+00    0.000000E+00    0.000000E+00    0.000000E+00    0.000000E+00
      0.380372E+02    0.000000E+00    0.000000E+00    0.000000E+00    0.000000E+00    0.000000E+00    0.000000E+00
      0.382546E+02    0.000000E+00    0.000000E+00    0.000000E+00    0.000000E+00    0.000000E+00    0.000000E+00
      0.384722E+02    0.000000E+00    0.000000E+00    0.000000E+00    0.000000E+00    0.000000E+00    0.000000E+00
      0.386899E+02    0.000000E+00    0.000000E+00    0.000000E+00    0.000000E+00    0.000000E+00    0.000000E+00
      0.389079E+02    0.000000E+00    0.000000E+00    0.000000E+00    0.000000E+00    0.000000E+00    0.000000E+00
      0.391259E+02    0.000000E+00    0.000000E+00    0.000000E+00    0.000000E+00    0.000000E+00    0.000000E+00
      0.393442E+02    0.000000E+00    0.000000E+00    0.000000E+00    0.000000E+00    0.000000E+00    0.000000E+00
      0.395626E+02    0.000000E+00    0.000000E+00    0.000000E+00    0.000000E+00    0.000000E+00    0.000000E+00
      0.397812E+02    0.000000E+00    0.000000E+00    0.000000E+00    0.000000E+00    0.000000E+00    0.000000E+00
      0.400000E+02    0.000000E+00    0.000000E+00    0.000000E+00    0.000000E+00    0.000000E+00    0.000000E+00
