 The analysis of a radial part of function
 NumbreZero=            1 NumbreExtrem=            1
 ZERO  0.000000000000000E+000
 EXTREMUM  0.200097967159269     
 POLINIM           1
   1.00000000000000     
 The analysis of a radial part of function
 NumbreZero=            1 NumbreExtrem=            1
 ZERO  0.000000000000000E+000
 EXTREMUM  0.800337550242274     
 POLINIM           1
   1.00000000000000     
 The analysis of a radial part of function
 NumbreZero=            1 NumbreExtrem=            1
 ZERO  0.000000000000000E+000
 EXTREMUM  0.800337550242274     
 POLINIM           1
   1.00000000000000     
 ZONA           1           1
 ZONA           1           2
 ZONA           1           3
 ZONA           1           4
 ZONA           1           5
 ZONA           1           6
 ZONA           1           7
 ZONA           1           8
 ZONA           1           9
 ZONA           1          10
 ZONA           1          11
 ZONA           1          12
 ZONA           1          13
 ZONA           1          14
 ZONA           1          15
 ZONA           1          16
 ZONA           1          17
 ZONA           1          18
 ZONA           1          19
 ZONA           1          20
 ZONA           1          21
 ZONA           1          22
 ZONA           1          23
 ZONA           1          24
 ZONA           1          25
 ZONA           1          26
 ZONA           1          27
 ZONA           1          28
 ZONA           1          29
 ZONA           1          30
 ZONA           1          31
 ZONA           1          32
 ZONA           1          33
 ZONA           1          34
 ZONA           1          35
 ZONA           1          36
 ZONA           1          37
 ZONA           1          38
 ZONA           1          39
 ZONA           1          40
 ZONA           1          41
 ZONA           1          42
 ZONA           1          43
 ZONA           1          44
 ZONA           1          45
 ZONA           1          46
 ZONA           1          47
 ZONA           1          48
 ZONA           1          49
 ZONA           1          50
 ZONA           1          51
 ZONA           1          52
 ZONA           1          53
 ZONA           1          54
 ZONA           1          55
 ZONA           1          56
 ZONA           1          57
 ZONA           1          58
 ZONA           1          59
 ZONA           1          60
 ZONA           1          61
 ZONA           1          62
 ZONA           1          63
 ZONA           1          64
 ZONA           1          65
 ZONA           1          66
 ZONA           1          67
 ZONA           1          68
 ZONA           1          69
 ZONA           1          70
 ZONA           1          71
 ZONA           1          72
 ZONA           1          73
 ZONA           1          74
 ZONA           1          75
 ZONA           1          76
 ZONA           1          77
 ZONA           1          78
 ZONA           1          79
 ZONA           1          80
 ZONA           1          81
 ZONA           1          82
 ZONA           1          83
 ZONA           1          84
 ZONA           1          85
 ZONA           1          86
 ZONA           1          87
 ZONA           1          88
 ZONA           1          89
 ZONA           1          90
 ZONA           1          91
 ZONA           1          92
 ZONA           1          93
 ZONA           1          94
 ZONA           1          95
 ZONA           1          96
 ZONA           1          97
 ZONA           1          98
 ZONA           1          99
 ZONA           1         100
 ZONA           1         101
 ZONA           2         102
 ZONA           2         103
 ZONA           2         104
 ZONA           2         105
 ZONA           2         106
 ZONA           2         107
 ZONA           2         108
 ZONA           2         109
 ZONA           2         110
 ZONA           2         111
 ZONA           2         112
 ZONA           2         113
 ZONA           2         114
 ZONA           2         115
 ZONA           2         116
 ZONA           2         117
 ZONA           2         118
 ZONA           2         119
 ZONA           2         120
 ZONA           2         121
 ZONA           2         122
 ZONA           2         123
 ZONA           2         124
 ZONA           2         125
 ZONA           2         126
 ZONA           2         127
 ZONA           2         128
 ZONA           2         129
 ZONA           2         130
 ZONA           2         131
 ZONA           2         132
 ZONA           2         133
 ZONA           2         134
 ZONA           2         135
 ZONA           2         136
 ZONA           2         137
 ZONA           2         138
 ZONA           2         139
 ZONA           2         140
 ZONA           2         141
 ZONA           2         142
 ZONA           2         143
 ZONA           2         144
 ZONA           2         145
 ZONA           2         146
 ZONA           2         147
 ZONA           2         148
 ZONA           2         149
 ZONA           2         150
 ZONA           2         151
 ZONA           2         152
 ZONA           2         153
 ZONA           2         154
 ZONA           2         155
 ZONA           2         156
 ZONA           2         157
 ZONA           2         158
 ZONA           2         159
 ZONA           2         160
 ZONA           2         161
 ZONA           2         162
 ZONA           2         163
 ZONA           2         164
 ZONA           2         165
 ZONA           2         166
 ZONA           2         167
 ZONA           2         168
 ZONA           2         169
 ZONA           2         170
 ZONA           2         171
 ZONA           2         172
 ZONA           2         173
 ZONA           2         174
 ZONA           2         175
 ZONA           2         176
 ZONA           2         177
 ZONA           2         178
 ZONA           2         179
 ZONA           2         180
 ZONA           2         181
 ZONA           2         182
 ZONA           2         183
 ZONA           2         184
 ZONA           2         185
 ZONA           2         186
 ZONA           2         187
 ZONA           2         188
 ZONA           2         189
 ZONA           2         190
 ZONA           2         191
 ZONA           2         192
 ZONA           2         193
 ZONA           2         194
 ZONA           2         195
 ZONA           2         196
 ZONA           2         197
 ZONA           2         198
 ZONA           2         199
 ZONA           2         200
 ZONA           2         201
 ZONA           2         202
 ZONA           3         203
 ZONA           3         204
 ZONA           3         205
 ZONA           3         206
 ZONA           3         207
 ZONA           3         208
 ZONA           3         209
 ZONA           3         210
 ZONA           3         211
 ZONA           3         212
 ZONA           3         213
 ZONA           3         214
 ZONA           3         215
 ZONA           3         216
 ZONA           3         217
 ZONA           3         218
 ZONA           3         219
 ZONA           3         220
 ZONA           3         221
 ZONA           3         222
 ZONA           3         223
 ZONA           3         224
 ZONA           3         225
 ZONA           3         226
 ZONA           3         227
 ZONA           3         228
 ZONA           3         229
 ZONA           3         230
 ZONA           3         231
 ZONA           3         232
 ZONA           3         233
 ZONA           3         234
 ZONA           3         235
 ZONA           3         236
 ZONA           3         237
 ZONA           3         238
 ZONA           3         239
 ZONA           3         240
 ZONA           3         241
 ZONA           3         242
 ZONA           3         243
 ZONA           3         244
 ZONA           3         245
 ZONA           3         246
 ZONA           3         247
 ZONA           3         248
 ZONA           3         249
 ZONA           3         250
 ZONA           3         251
 ZONA           3         252
 ZONA           3         253
 ZONA           3         254
 ZONA           3         255
 ZONA           3         256
 ZONA           3         257
 ZONA           3         258
 ZONA           3         259
 ZONA           3         260
 ZONA           3         261
 ZONA           3         262
 ZONA           3         263
 ZONA           3         264
 ZONA           3         265
 ZONA           3         266
 ZONA           3         267
 ZONA           3         268
 ZONA           3         269
 ZONA           3         270
 ZONA           3         271
 ZONA           3         272
 ZONA           3         273
 ZONA           3         274
 ZONA           3         275
 ZONA           3         276
 ZONA           3         277
 ZONA           3         278
 ZONA           3         279
 ZONA           3         280
 ZONA           3         281
 ZONA           3         282
 ZONA           3         283
 ZONA           3         284
 ZONA           3         285
 ZONA           3         286
 ZONA           3         287
 ZONA           3         288
 ZONA           3         289
 ZONA           3         290
 ZONA           3         291
 ZONA           3         292
 ZONA           3         293
 ZONA           3         294
 ZONA           3         295
 ZONA           3         296
 ZONA           3         297
 ZONA           3         298
 ZONA           3         299
 ZONA           3         300
 ZONA           3         301
 ZONA           3         302
 ZONA           3         303
 The report of the program Expansion_Function_Spherical_Harmonics ver 1.4.0 21.06.
 
  ALFA=0.157778  BETA =1.000000  M =   600  H =0.0400
  MOLECULAR GRID
  ALFAnew=0.113426  BETAnew =1.000000  GAMMAnew =0.100000  Mnew =   600  Hnew =0.0400  Ral=  2.000 a.e  Lmin=   0  Lmax= 100

  Configuration :     1sm=  0  2pm=  0  2pm=  1
 Files writing expansion function
    1s(m=  0) D:\Program\CAV\EFSH2\OUTFILE\1S0.OUT                                                      
    2p(m=  0) D:\Program\CAV\EFSH2\OUTFILE\2S0.OUT                                                      
    2p(m=  1) D:\Program\CAV\EFSH2\OUTFILE\2P0.OUT                                                      
 
 Commercial    time :    238.88 min.
