    0        -12.4951489387          0.0000000000          0.0000000000
 
    0          0.0983154159         10.0045146588         22.5979790134
    1         -1.3859827240          9.7670674630         20.8762336777
    2         -2.6740997180          9.3956437386         19.2166929594
    3         -3.7843341767          8.9186274560         17.6294422180
    4         -4.7491780651          8.3663081219         16.1122789955
    5         -5.5958634686          7.7676515596         14.6669370297
    6         -6.3445649879          7.1483929547         13.2989769056
    7         -7.0097961219          6.5299966590         12.0153494758
    8         -7.6021681653          5.9292385626         10.8222193361
    9         -8.1298199837          5.3582738524          9.7236028075
   10         -8.5994049036          4.8250657403          8.7208097755
   11         -9.0166971437          4.3340398215          7.8124916165
   12         -9.3869221752          3.8868307140          6.9950574775
   13         -9.7149111390          3.4830150286          6.2632528284
   14        -10.0051560153          3.1207603405          5.6107532640
   15        -10.2618180317          2.7973567177          5.0306876248
   16        -10.4887205431          2.5096242709          4.5160526665
   17        -10.6893428380          2.2542079009          4.0600140016
   18        -10.8668214330          2.0277779672          3.6561054729
   19        -11.0239601113          1.8271576828          3.2983465102
   20        -11.1632474146          1.6493965988          2.9812981229
   21        -11.2868793328          1.4918062120          2.7000758179
   22        -11.3967848976          1.3519700906          2.4503341318
   23        -11.4946528330          1.2277379022          2.2282340079
   24        -11.5819578351          1.1172098298          2.0304009335
   25        -11.6599855772          1.0187160356          1.8538793971
   26        -11.7298558552          0.9307940699          1.6960871534
   27        -11.7925436022          0.8521661559          1.5547714924
   28        -11.8488976985          0.7817175167          1.4279687570
   29        -11.8996576037          0.7184762636          1.3139675987
   30        -11.9454679585          0.6615952136          1.2112761939
   31        -11.9868913135          0.6103356477          1.1185932729
   32        -12.0244191819          0.5640530011          1.0347827580
   33        -12.0584816005          0.5221843276          0.9588516658
   34        -12.0894553825          0.4842373916          0.8899309477
   35        -12.1176712295          0.4497812009          0.8272589101
   36        -12.1434198574          0.4184378429          0.7701669243
   37        -12.1669572710          0.3898754405          0.7180671083
   38        -12.1885092994          0.3638020556          0.6704416950
   39        -12.2082755064          0.3399604589          0.6268338913
   40        -12.2264325578          0.3181236111          0.5868399921
   41        -12.2431371259          0.2980907680          0.5501025808
   42        -12.2585283981          0.2796841227          0.5163046633
   43        -12.2727302448          0.2627459081          0.4851646020
   44        -12.2858530974          0.2471358954          0.4564317368
   45        -12.2979955741          0.2327292243          0.4298825889
   46        -12.3092458937          0.2194145294          0.4053175744
   47        -12.3196831030          0.2070923134          0.3825581491
   48        -12.3293781467          0.1956735341          0.3614443262
   49        -12.3383947996          0.1850783702          0.3418325093
   50        -12.3467904817          0.1752351489          0.3235936060
   51        -12.3546169715          0.1660794172          0.3066113845
   52        -12.3619210310          0.1575531221          0.2907810298
   53        -12.3687449546          0.1496038985          0.2760078827
   54        -12.3751270511          0.1421844424          0.2622063300
   55        -12.3811020687          0.1352519572          0.2492988273
   56        -12.3867015690          0.1287676667          0.2372150364
   57        -12.3919542585          0.1226963871          0.2258910674
   58        -12.3968862809          0.1170061506          0.2152688085
   59        -12.4015214772          0.1116678725          0.2052953340
   60        -12.4058816160          0.1066550587          0.1959223814
   61        -12.4099865985          0.1019435450          0.1871058853
   62        -12.4138546403          0.0975112650          0.1788055634
   63        -12.4175024339          0.0933380412          0.1709845460
   64        -12.4209452938          0.0894054010          0.1636090459
   65        -12.4241972855          0.0856964115          0.1566480648
   66        -12.4272713423          0.0821955340          0.1500731304
   67        -12.4301793689          0.0788884953          0.1438580651
   68        -12.4329323350          0.0757621702          0.1379787740
   69        -12.4355403587          0.0728044771          0.1324130571
   70        -12.4380127831          0.0700042834          0.1271404391
   71        -12.4403582421          0.0673513201          0.1221420168
   72        -12.4425847244          0.0648361040          0.1174003183
   73        -12.4446996254          0.0624498676          0.1128991809
   74        -12.4467098015          0.0601844996          0.1086236369
   75        -12.4486216132          0.0580324896          0.1045598152
   76        -12.4504409634          0.0559868788          0.1006948542
   77        -12.4521733413          0.0540412133          0.0970168108
   78        -12.4538238491          0.0521895015          0.0935145912
   79        -12.4553972355          0.0504261755          0.0901778787
   80        -12.4568979368          0.0487460564          0.0869970584
   81        -12.4583300758          0.0471443226          0.0839631856
   82        -12.4596974797          0.0456164824          0.0810679415
   83        -12.4610037717          0.0441583484          0.0783035154
   84        -12.4622523040          0.0427660142          0.0756626489
   85        -12.4634462213          0.0414358329          0.0731385503
   86        -12.4645884497          0.0401643961          0.0707248852
   87        -12.4656817441          0.0389485147          0.0684157094
   88        -12.4667287768          0.0377852030          0.0662053650
   89        -12.4677318265          0.0366716644          0.0640887766
   90        -12.4686934340          0.0356052782          0.0620607829
   91        -12.4696147851          0.0345835884          0.0601177421
   92        -12.4704990474          0.0336042908          0.0582541821
   93        -12.4713478702          0.0326652224          0.0564662909
   94        -12.4721627861          0.0317643502          0.0547505028
   95        -12.4729446908          0.0308997612          0.0531040091
   96        -12.4736974704          0.0300696546          0.0515211230
   97        -12.4744218334          0.0292723343          0.0499994396
   98        -12.4751155938          0.0285062025          0.0485395474
   99        -12.4757820795          0.0277697539          0.0471366131
  100        -12.4764259026          0.0270615699          0.0457846060
    0         -3.1249894366          0.0000000000          0.0000000000
 
    0         -1.1435462818          1.8674002830          3.8488434378
    1         -1.7315284353          1.3291160936          2.7225770949
    2         -2.1260149180          0.9632605624          1.9622350810
    3         -2.3904737875          0.7330092353          1.4675248844
    4         -2.5860269317          0.5634921948          1.1024546997
    5         -2.7367721834          0.4233541650          0.8115714181
    6         -2.8505972587          0.3088653101          0.5832574881
    7         -2.9333656845          0.2203661692          0.4119899213
    8         -2.9916753354          0.1553368598          0.2886509610
    9         -3.0319488208          0.1091755633          0.2022161791
   10         -3.0595249051          0.0770302103          0.1424947418
   11         -3.0784044910          0.0548098143          0.1013947599
   12         -3.0914050098          0.0394371398          0.0730215666
   13         -3.1004428017          0.0287357448          0.0532823797
   14         -3.1067995595          0.0212151994          0.0394050766
   15         -3.1113279758          0.0158698599          0.0295313207
   16         -3.1145964780          0.0120239347          0.0224168933
   17         -3.1169864926          0.0092221216          0.0172250656
   18         -3.1187563589          0.0071556271          0.0133887048
   19         -3.1200829568          0.0056131152          0.0105195950
   20         -3.1210888088          0.0044484358          0.0083490635
   21         -3.1218597987          0.0035593924          0.0066890303
   22         -3.1224568431          0.0028737105          0.0054063040
   23         -3.1229236529          0.0023397001          0.0044054839
   24         -3.1232919452          0.0019199843          0.0036174756
   25         -3.1235849831          0.0015872464          0.0029916999
   26         -3.1238200046          0.0013213176          0.0024907496
   27         -3.1240099087          0.0011071594          0.0020866873
   28         -3.1241644374          0.0009334535          0.0017584528
   29         -3.1242910136          0.0007916061          0.0014900291
   30         -3.1243953405          0.0006750359          0.0012691320
   31         -3.1244818347          0.0005786629          0.0010862648
   32         -3.1245539426          0.0004985354          0.0009340294
   33         -3.1246143723          0.0004315575          0.0008066218
   34         -3.1246652667          0.0003752870          0.0006994570
   35         -3.1247083318          0.0003277847          0.0006088895
   36         -3.1247449346          0.0002875010          0.0005320030
   37         -3.1247761765          0.0002531907          0.0004664508
   38         -3.1248029501          0.0002238477          0.0004103342
   39         -3.1248259823          0.0001986544          0.0003621087
   40         -3.1248458683          0.0001769434          0.0003205117
   41         -3.1248630976          0.0001581667          0.0002845057
   42         -3.1248780746          0.0001418727          0.0002532347
   43         -3.1248911352          0.0001276876          0.0002259890
   44         -3.1249025592          0.0001153001          0.0002021775
   45         -3.1249125806          0.0001044504          0.0001813064
   46         -3.1249213961          0.0000949207          0.0001629612
   47         -3.1249291716          0.0000865277          0.0001467927
   48         -3.1249360473          0.0000791164          0.0001325057
   49         -3.1249421423          0.0000725556          0.0001198499
   50         -3.1249475580          0.0000667337          0.0001086122
   51         -3.1249523811          0.0000615553          0.0000986108
   52         -3.1249566858          0.0000569391          0.0000896899
   53         -3.1249605359          0.0000528152          0.0000817158
   54         -3.1249639865          0.0000491234          0.0000745735
   55         -3.1249670851          0.0000458119          0.0000681634
   56         -3.1249698728          0.0000428358          0.0000623996
   57         -3.1249723854          0.0000401560          0.0000572072
   58         -3.1249746540          0.0000377388          0.0000525214
   59         -3.1249767059          0.0000355547          0.0000482853
   60         -3.1249785648          0.0000335777          0.0000444495
   61         -3.1249802516          0.0000317854          0.0000409704
   62         -3.1249817845          0.0000301580          0.0000378101
   63         -3.1249831797          0.0000286779          0.0000349348
   64         -3.1249844514          0.0000273298          0.0000323150
   65         -3.1249856122          0.0000261003          0.0000299247
   66         -3.1249866732          0.0000249772          0.0000277406
   67         -3.1249876442          0.0000239500          0.0000257424
   68         -3.1249885341          0.0000230093          0.0000239118
   69         -3.1249893506          0.0000221467          0.0000222327
   70         -3.1249901006          0.0000213546          0.0000206906
   71         -3.1249907905          0.0000206264          0.0000192725
   72         -3.1249914258          0.0000199562          0.0000179671
   73         -3.1249920114          0.0000193387          0.0000167639
   74         -3.1249925518          0.0000187691          0.0000156539
   75         -3.1249930510          0.0000182430          0.0000146286
   76         -3.1249935127          0.0000177566          0.0000136805
   77         -3.1249939401          0.0000173065          0.0000128031
   78         -3.1249943360          0.0000168896          0.0000119901
   79         -3.1249947033          0.0000165029          0.0000112362
   80         -3.1249950442          0.0000161440          0.0000105364
   81         -3.1249953610          0.0000158106          0.0000098863
   82         -3.1249956556          0.0000155007          0.0000092817
   83         -3.1249959298          0.0000152123          0.0000087191
   84         -3.1249961853          0.0000149437          0.0000081950
   85         -3.1249964235          0.0000146934          0.0000077065
   86         -3.1249966458          0.0000144599          0.0000072507
   87         -3.1249968534          0.0000142419          0.0000068251
   88         -3.1249970474          0.0000140382          0.0000064274
   89         -3.1249972289          0.0000138478          0.0000060555
   90         -3.1249973987          0.0000136696          0.0000057075
   91         -3.1249975578          0.0000135027          0.0000053816
   92         -3.1249977069          0.0000133464          0.0000050761
   93         -3.1249978467          0.0000131998          0.0000047897
   94         -3.1249979780          0.0000130623          0.0000045209
   95         -3.1249981013          0.0000129333          0.0000042686
   96         -3.1249982173          0.0000128120          0.0000040314
   97         -3.1249983264          0.0000126981          0.0000038083
   98         -3.1249984289          0.0000125909          0.0000035986
   99         -3.1249985254          0.0000124901          0.0000034012
  100         -3.1249986165          0.0000123951          0.0000032152
    0         -3.1249894366          0.0000000000          0.0000000000
 
    0   NaN                   NaN                   NaN                
    1         -1.2046806281          2.3971196761          4.3174284846
    2         -1.5478527780          2.0234136501          3.6005503087
    3         -1.8707970024          1.6408406505          2.8950330847
    4         -2.1575074188          1.2814131237          2.2488951415
    5         -2.3977210123          0.9689955224          1.6962639467
    6         -2.5886162180          0.7151518723          1.2515250909
    7         -2.7339123707          0.5197098566          0.9107869225
    8         -2.8410981957          0.3749704860          0.6588617269
    9         -2.9186305937          0.2704154960          0.4767743389
   10         -2.9741625118          0.1958876577          0.3467145825
   11         -3.0138408081          0.1430058296          0.2541544581
   12         -3.0422720260          0.1054234862          0.1881408967
   13         -3.0627730290          0.0785623483          0.1407787559
   14         -3.0776810324          0.0592055363          0.1065139405
   15         -3.0886268820          0.0451208222          0.0814833767
   16         -3.0967460299          0.0347650020          0.0630084086
   17         -3.1028311192          0.0270692616          0.0492275790
   18         -3.1074386489          0.0212893930          0.0388401806
   19         -3.1109622950          0.0169033209          0.0309304626
   20         -3.1136829679          0.0135415904          0.0248480590
   21         -3.1158029652          0.0109402792          0.0201267506
   22         -3.1174693493          0.0089090236          0.0164291108
   23         -3.1187900390          0.0073091837          0.0135085813
   24         -3.1198449632          0.0060388222          0.0111832956
   25         -3.1206938557          0.0050222846          0.0093178655
   26         -3.1213817468          0.0042029124          0.0078106021
   27         -3.1219428680          0.0035379022          0.0065844707
   28         -3.1224034508          0.0029946475          0.0055806333
   29         -3.1227837509          0.0025481121          0.0047537978
   30         -3.1230995252          0.0021789277          0.0040688390
   31         -3.1233631167          0.0018720030          0.0034983229
   32         -3.1235842587          0.0016154987          0.0030206765
   33         -3.1237706759          0.0014000645          0.0026188252
   34         -3.1239285355          0.0012182688          0.0022791699
   35         -3.1240627905          0.0010641697          0.0019908158
   36         -3.1241774406          0.0009329894          0.0017449854
   37         -3.1242757326          0.0008208661          0.0015345701
   38         -3.1243603158          0.0007246621          0.0013537829
   39         -3.1244333620          0.0006418138          0.0011978884
   40         -3.1244966600          0.0005702166          0.0010629933
   41         -3.1245516894          0.0005081354          0.0009458826
   42         -3.1245996797          0.0004541331          0.0008438899
   43         -3.1246416564          0.0004070145          0.0007547947
   44         -3.1246784780          0.0003657813          0.0006767399
   45         -3.1247108664          0.0003295962          0.0006081664
   46         -3.1247394302          0.0002977540          0.0005477604
   47         -3.1247646850          0.0002696591          0.0004944107
   48         -3.1247870682          0.0002448070          0.0004471753
   49         -3.1248069529          0.0002227694          0.0004052531
   50         -3.1248246578          0.0002031820          0.0003679608
   51         -3.1248404561          0.0001857337          0.0003347142
   52         -3.1248545827          0.0001701579          0.0003050119
   53         -3.1248672400          0.0001562251          0.0002784218
   54         -3.1248786028          0.0001437369          0.0002545707
   55         -3.1248888229          0.0001325215          0.0002331353
   56         -3.1248980317          0.0001224299          0.0002138347
   57         -3.1249063440          0.0001133324          0.0001964250
   58         -3.1249138597          0.0001051166          0.0001806935
   59         -3.1249206664          0.0000976844          0.0001664546
   60         -3.1249268408          0.0000909502          0.0001535460
   61         -3.1249324503          0.0000848389          0.0001418252
   62         -3.1249375542          0.0000792843          0.0001311667
   63         -3.1249422048          0.0000742279          0.0001214597
   64         -3.1249464484          0.0000696184          0.0001126067
   65         -3.1249503258          0.0000654103          0.0001045211
   66         -3.1249538733          0.0000615631          0.0000971264
   67         -3.1249571232          0.0000580413          0.0000903547
   68         -3.1249601042          0.0000548134          0.0000841458
   69         -3.1249628419          0.0000518519          0.0000784466
   70         -3.1249653591          0.0000491319          0.0000732094
   71         -3.1249676763          0.0000466313          0.0000683916
   72         -3.1249698117          0.0000443297          0.0000639546
   73         -3.1249717818          0.0000422086          0.0000598635
   74         -3.1249736012          0.0000402517          0.0000560871
   75         -3.1249752832          0.0000384442          0.0000525976
   76         -3.1249768398          0.0000367733          0.0000493701
   77         -3.1249782818          0.0000352273          0.0000463821
   78         -3.1249796188          0.0000337954          0.0000436132
   79         -3.1249808596          0.0000324679          0.0000410449
   80         -3.1249820123          0.0000312359          0.0000386602
   81         -3.1249830840          0.0000300914          0.0000364440
   82         -3.1249840813          0.0000290272          0.0000343826
   83         -3.1249850101          0.0000280368          0.0000324633
   84         -3.1249858759          0.0000271143          0.0000306750
   85         -3.1249866835          0.0000262542          0.0000290072
   86         -3.1249874375          0.0000254516          0.0000274507
   87         -3.1249881420          0.0000247021          0.0000259967
   88         -3.1249888008          0.0000240016          0.0000246374
   89         -3.1249894172          0.0000233463          0.0000233657
   90         -3.1249899944          0.0000227332          0.0000221754
   91         -3.1249905352          0.0000221595          0.0000210609
   92         -3.1249910426          0.0000216225          0.0000200164
   93         -3.1249915191          0.0000211195          0.0000190371
   94         -3.1249919658          0.0000206480          0.0000181188
   95         -3.1249923862          0.0000202054          0.0000172558
   96         -3.1249927817          0.0000197894          0.0000164443
   97         -3.1249931527          0.0000193982          0.0000156821
   98         -3.1249935020          0.0000190299          0.0000149645
   99         -3.1249938316          0.0000186831          0.0000142881
  100         -3.1249941436          0.0000183564          0.0000136495
