 
  EnergyXF(  1s(m=  0))=  -12.4951489387        12.5048517276       -25.0000006663 Int_Ort=         1.00000
    Energy(L=  0,ML= 0)=    0.0983154159         2.5003370688        -2.4020216529 Int_Ort= 0.0249999657408
    Energy(L=  1,ML= 0)=   -1.3859827240         2.7377842646        -4.1237669886 Int_Ort= 0.0947501050911
    Energy(L=  2,ML= 0)=   -2.6740997180         3.1092079890        -5.7833077069 Int_Ort= 0.1958622567495
    Energy(L=  3,ML= 0)=   -3.7843341767         3.5862242716        -7.3705584483 Int_Ort= 0.3120815907717
    Energy(L=  4,ML= 0)=   -4.7491780651         4.1385436057        -8.8877216708 Int_Ort= 0.4291225952293
    Energy(L=  5,ML= 0)=   -5.5958634686         4.7372001680       -10.3330636366 Int_Ort= 0.5371535655241
    Energy(L=  6,ML= 0)=   -6.3445649879         5.3564587728       -11.7010237607 Int_Ort= 0.6310086713315
    Energy(L=  7,ML= 0)=   -7.0097961219         5.9748550686       -12.9846511905 Int_Ort= 0.7091423690224
    Energy(L=  8,ML= 0)=   -7.6021681653         6.5756131649       -14.1777813302 Int_Ort= 0.7722767148952
    Energy(L=  9,ML= 0)=   -8.1298199837         7.1465778751       -15.2763978588 Int_Ort= 0.8222644147833
    Energy(L= 10,ML= 0)=   -8.5994049036         7.6797859872       -16.2791908908 Int_Ort= 0.8613231530851
    Energy(L= 11,ML= 0)=   -9.0166971437         8.1708119061       -17.1875090498 Int_Ort= 0.8916026396478
    Energy(L= 12,ML= 0)=   -9.3869221752         8.6180210136       -18.0049431888 Int_Ort= 0.9149850137752
    Energy(L= 13,ML= 0)=   -9.7149111390         9.0218366989       -18.7367478379 Int_Ort= 0.9330246234706
    Energy(L= 14,ML= 0)=  -10.0051560153         9.3840913870       -19.3892474023 Int_Ort= 0.9469597642021
    Energy(L= 15,ML= 0)=  -10.2618180317         9.7074950098       -19.9693130416 Int_Ort= 0.9577548823261
    Energy(L= 16,ML= 0)=  -10.4887205431         9.9952274567       -20.4839479998 Int_Ort= 0.9661506930390
    Energy(L= 17,ML= 0)=  -10.6893428380        10.2506438267       -20.9399866647 Int_Ort= 0.9727114444318
    Energy(L= 18,ML= 0)=  -10.8668214330        10.4770737604       -21.3438951934 Int_Ort= 0.9778651894279
    Energy(L= 19,ML= 0)=  -11.0239601113        10.6776940448       -21.7016541561 Int_Ort= 0.9819362557590
    Energy(L= 20,ML= 0)=  -11.1632474146        10.8554551288       -22.0187025434 Int_Ort= 0.9851705785970
    Energy(L= 21,ML= 0)=  -11.2868793328        11.0130455156       -22.2999248484 Int_Ort= 0.9877550725846
    Energy(L= 22,ML= 0)=  -11.3967848976        11.1528816370       -22.5496665345 Int_Ort= 0.9898322684020
    Energy(L= 23,ML= 0)=  -11.4946528330        11.2771138254       -22.7717666584 Int_Ort= 0.9915112930939
    Energy(L= 24,ML= 0)=  -11.5819578351        11.3876418978       -22.9695997328 Int_Ort= 0.9928760807363
    Energy(L= 25,ML= 0)=  -11.6599855772        11.4861356920       -23.1461212692 Int_Ort= 0.9939915047497
    Energy(L= 26,ML= 0)=  -11.7298558552        11.5740576577       -23.3039135129 Int_Ort= 0.9949079626386
    Energy(L= 27,ML= 0)=  -11.7925436022        11.6526855717       -23.4452291739 Int_Ort= 0.9956648104856
    Energy(L= 28,ML= 0)=  -11.8488976985        11.7231342108       -23.5720319093 Int_Ort= 0.9962929431319
    Energy(L= 29,ML= 0)=  -11.8996576037        11.7863754639       -23.6860330676 Int_Ort= 0.9968167404118
    Energy(L= 30,ML= 0)=  -11.9454679585        11.8432565140       -23.7887244724 Int_Ort= 0.9972555405746
    Energy(L= 31,ML= 0)=  -11.9868913135        11.8945160799       -23.8814073934 Int_Ort= 0.9976247610986
    Energy(L= 32,ML= 0)=  -12.0244191819        11.9407987264       -23.9652179083 Int_Ort= 0.9979367549156
    Energy(L= 33,ML= 0)=  -12.0584816005        11.9826674000       -24.0411490005 Int_Ort= 0.9982014677927
    Energy(L= 34,ML= 0)=  -12.0894553825        12.0206143360       -24.1100697186 Int_Ort= 0.9984269453853
    Energy(L= 35,ML= 0)=  -12.1176712295        12.0550705267       -24.1727417562 Int_Ort= 0.9986197263113
    Energy(L= 36,ML= 0)=  -12.1434198574        12.0864138846       -24.2298337420 Int_Ort= 0.9987851481434
    Energy(L= 37,ML= 0)=  -12.1669572710        12.1149762870       -24.2819335580 Int_Ort= 0.9989275868476
    Energy(L= 38,ML= 0)=  -12.1885092994        12.1410496720       -24.3295589713 Int_Ort= 0.9990506451354
    Energy(L= 39,ML= 0)=  -12.2082755064        12.1648912687       -24.3731667750 Int_Ort= 0.9991573010994
    Energy(L= 40,ML= 0)=  -12.2264325578        12.1867281165       -24.4131606742 Int_Ort= 0.9992500261834
    Energy(L= 41,ML= 0)=  -12.2431371259        12.2067609596       -24.4498980855 Int_Ort= 0.9993308791744
    Energy(L= 42,ML= 0)=  -12.2585283981        12.2251676049       -24.4836960030 Int_Ort= 0.9994015814059
    Energy(L= 43,ML= 0)=  -12.2727302448        12.2421058194       -24.5148360643 Int_Ort= 0.9994635771780
    Energy(L= 44,ML= 0)=  -12.2858530974        12.2577158321       -24.5435689295 Int_Ort= 0.9995180824961
    Energy(L= 45,ML= 0)=  -12.2979955741        12.2721225032       -24.5701180774 Int_Ort= 0.9995661245641
    Energy(L= 46,ML= 0)=  -12.3092458937        12.2854371982       -24.5946830919 Int_Ort= 0.9996085738749
    Energy(L= 47,ML= 0)=  -12.3196831030        12.2977594141       -24.6174425172 Int_Ort= 0.9996461704031
    Energy(L= 48,ML= 0)=  -12.3293781467        12.3091781935       -24.6385563401 Int_Ort= 0.9996795450611
    Energy(L= 49,ML= 0)=  -12.3383947996        12.3197733574       -24.6581681570 Int_Ort= 0.9997092373436
    Energy(L= 50,ML= 0)=  -12.3467904817        12.3296165787       -24.6764070603 Int_Ort= 0.9997357098732
    Energy(L= 51,ML= 0)=  -12.3546169715        12.3387723104       -24.6933892819 Int_Ort= 0.9997593604165
    Energy(L= 52,ML= 0)=  -12.3619210310        12.3472986055       -24.7092196365 Int_Ort= 0.9997805318802
    Energy(L= 53,ML= 0)=  -12.3687449546        12.3552478291       -24.7239927836 Int_Ort= 0.9997995206231
    Energy(L= 54,ML= 0)=  -12.3751270511        12.3626672852       -24.7377943363 Int_Ort= 0.9998165834032
    Energy(L= 55,ML= 0)=  -12.3811020687        12.3695997703       -24.7507018390 Int_Ort= 0.9998319432061
    Energy(L= 56,ML= 0)=  -12.3867015690        12.3760840609       -24.7627856299 Int_Ort= 0.9998457941414
    Energy(L= 57,ML= 0)=  -12.3919542585        12.3821553405       -24.7741095989 Int_Ort= 0.9998583055626
    Energy(L= 58,ML= 0)=  -12.3968862809        12.3878455770       -24.7847318578 Int_Ort= 0.9998696255473
    Energy(L= 59,ML= 0)=  -12.4015214772        12.3931838551       -24.7947053323 Int_Ort= 0.9998798838431
    Energy(L= 60,ML= 0)=  -12.4058816160        12.3981966688       -24.8040782849 Int_Ort= 0.9998891943660
    Energy(L= 61,ML= 0)=  -12.4099865985        12.4029081825       -24.8128947810 Int_Ort= 0.9998976573298
    Energy(L= 62,ML= 0)=  -12.4138546403        12.4073404626       -24.8211951029 Int_Ort= 0.9999053610641
    Energy(L= 63,ML= 0)=  -12.4175024339        12.4115136864       -24.8290161203 Int_Ort= 0.9999123835739
    Energy(L= 64,ML= 0)=  -12.4209452938        12.4154463266       -24.8363916204 Int_Ort= 0.9999187938733
    Energy(L= 65,ML= 0)=  -12.4241972855        12.4191553161       -24.8433526016 Int_Ort= 0.9999246531321
    Energy(L= 66,ML= 0)=  -12.4272713423        12.4226561936       -24.8499275359 Int_Ort= 0.9999300156604
    Energy(L= 67,ML= 0)=  -12.4301793689        12.4259632323       -24.8561426012 Int_Ort= 0.9999349297559
    Energy(L= 68,ML= 0)=  -12.4329323350        12.4290895573       -24.8620218923 Int_Ort= 0.9999394384397
    Energy(L= 69,ML= 0)=  -12.4355403587        12.4320472505       -24.8675876092 Int_Ort= 0.9999435800937
    Energy(L= 70,ML= 0)=  -12.4380127831        12.4348474441       -24.8728602272 Int_Ort= 0.9999473890128
    Energy(L= 71,ML= 0)=  -12.4403582421        12.4375004074       -24.8778586495 Int_Ort= 0.9999508958880
    Energy(L= 72,ML= 0)=  -12.4425847244        12.4400156236       -24.8826003480 Int_Ort= 0.9999541282273
    Energy(L= 73,ML= 0)=  -12.4446996254        12.4424018600       -24.8871014854 Int_Ort= 0.9999571107224
    Energy(L= 74,ML= 0)=  -12.4467098015        12.4446672279       -24.8913770294 Int_Ort= 0.9999598655662
    Energy(L= 75,ML= 0)=  -12.4486216132        12.4468192379       -24.8954408511 Int_Ort= 0.9999624127313
    Energy(L= 76,ML= 0)=  -12.4504409634        12.4488648487       -24.8993058121 Int_Ort= 0.9999647702143
    Energy(L= 77,ML= 0)=  -12.4521733413        12.4508105143       -24.9029838555 Int_Ort= 0.9999669542531
    Energy(L= 78,ML= 0)=  -12.4538238491        12.4526622260       -24.9064860751 Int_Ort= 0.9999689795184
    Energy(L= 79,ML= 0)=  -12.4553972355        12.4544255521       -24.9098227876 Int_Ort= 0.9999708592819
    Energy(L= 80,ML= 0)=  -12.4568979368        12.4561056712       -24.9130036079 Int_Ort= 0.9999726055651
    Energy(L= 81,ML= 0)=  -12.4583300758        12.4577074050       -24.9160374807 Int_Ort= 0.9999742292704
    Energy(L= 82,ML= 0)=  -12.4596974797        12.4592352451       -24.9189327248 Int_Ort= 0.9999757402959
    Energy(L= 83,ML= 0)=  -12.4610037717        12.4606933792       -24.9216971509 Int_Ort= 0.9999771476380
    Energy(L= 84,ML= 0)=  -12.4622523040        12.4620857134       -24.9243380174 Int_Ort= 0.9999784594822
    Energy(L= 85,ML= 0)=  -12.4634462213        12.4634158947       -24.9268621160 Int_Ort= 0.9999796832841
    Energy(L= 86,ML= 0)=  -12.4645884497        12.4646873315       -24.9292757811 Int_Ort= 0.9999808258432
    Energy(L= 87,ML= 0)=  -12.4656817441        12.4659032128       -24.9315849569 Int_Ort= 0.9999818933676
    Energy(L= 88,ML= 0)=  -12.4667287768        12.4670665245       -24.9337953014 Int_Ort= 0.9999828915314
    Energy(L= 89,ML= 0)=  -12.4677318265        12.4681800632       -24.9359118897 Int_Ort= 0.9999838255246
    Energy(L= 90,ML= 0)=  -12.4686934340        12.4692464493       -24.9379398834 Int_Ort= 0.9999847000988
    Energy(L= 91,ML= 0)=  -12.4696147851        12.4702681392       -24.9398829243 Int_Ort= 0.9999855196076
    Energy(L= 92,ML= 0)=  -12.4704990474        12.4712474368       -24.9417464842 Int_Ort= 0.9999862880432
    Energy(L= 93,ML= 0)=  -12.4713478702        12.4721865051       -24.9435343754 Int_Ort= 0.9999870090712
    Energy(L= 94,ML= 0)=  -12.4721627861        12.4730873774       -24.9452501635 Int_Ort= 0.9999876860600
    Energy(L= 95,ML= 0)=  -12.4729446908        12.4739519664       -24.9468966572 Int_Ort= 0.9999883221094
    Energy(L= 96,ML= 0)=  -12.4736974704        12.4747820730       -24.9484795433 Int_Ort= 0.9999889200732
    Energy(L= 97,ML= 0)=  -12.4744218334        12.4755793933       -24.9500012267 Int_Ort= 0.9999894825817
    Energy(L= 98,ML= 0)=  -12.4751155938        12.4763455251       -24.9514611189 Int_Ort= 0.9999900120603
    Energy(L= 99,ML= 0)=  -12.4757820795        12.4770819737       -24.9528640532 Int_Ort= 0.9999905107464
    Energy(L=100,ML= 0)=  -12.4764259026        12.4777901577       -24.9542160603 Int_Ort= 0.9999909807062
 
  EnergyXF(  2p(m=  0))=   -3.1249894366         3.1250108273        -6.2500002639 Int_Ort=         1.00000
    Energy(L=  0,ML= 0)=   -1.1435462818         1.2576105443        -2.4011568261 Int_Ort= 0.1740704898467
    Energy(L=  1,ML= 0)=   -1.7315284353         1.7958947338        -3.5274231691 Int_Ort= 0.4244880343068
    Energy(L=  2,ML= 0)=   -2.1260149180         2.1617502649        -4.2877651829 Int_Ort= 0.6189509640412
    Energy(L=  3,ML= 0)=   -2.3904737875         2.3920015920        -4.7824753796 Int_Ort= 0.7620922663784
    Energy(L=  4,ML= 0)=   -2.5860269317         2.5615186325        -5.1475455642 Int_Ort= 0.8609207181407
    Energy(L=  5,ML= 0)=   -2.7367721834         2.7016566624        -5.4384288458 Int_Ort= 0.9227010044893
    Energy(L=  6,ML= 0)=   -2.8505972587         2.8161455172        -5.6667427759 Int_Ort= 0.9582201785018
    Energy(L=  7,ML= 0)=   -2.9333656845         2.9046446582        -5.8380103426 Int_Ort= 0.9775880200432
    Energy(L=  8,ML= 0)=   -2.9916753354         2.9696739675        -5.9613493029 Int_Ort= 0.9878853849873
    Energy(L=  9,ML= 0)=   -3.0319488208         3.0158352640        -6.0477840848 Int_Ort= 0.9933346510441
    Energy(L= 10,ML= 0)=   -3.0595249051         3.0479806171        -6.1075055222 Int_Ort= 0.9962451572603
    Energy(L= 11,ML= 0)=   -3.0784044910         3.0702010130        -6.1486055040 Int_Ort= 0.9978278784765
    Energy(L= 12,ML= 0)=   -3.0914050098         3.0855736875        -6.1769786973 Int_Ort= 0.9987085123825
    Energy(L= 13,ML= 0)=   -3.1004428017         3.0962750825        -6.1967178842 Int_Ort= 0.9992110525397
    Energy(L= 14,ML= 0)=   -3.1067995595         3.1037956279        -6.2105951873 Int_Ort= 0.9995053789674
    Energy(L= 15,ML= 0)=   -3.1113279758         3.1091409675        -6.2204689432 Int_Ort= 0.9996822333705
    Energy(L= 16,ML= 0)=   -3.1145964780         3.1129868927        -6.2275833706 Int_Ort= 0.9997911541463
    Energy(L= 17,ML= 0)=   -3.1169864926         3.1157887057        -6.2327751984 Int_Ort= 0.9998598218919
    Energy(L= 18,ML= 0)=   -3.1187563589         3.1178552002        -6.2366115591 Int_Ort= 0.9999040724252
    Energy(L= 19,ML= 0)=   -3.1200829568         3.1193977121        -6.2394806689 Int_Ort= 0.9999331776050
    Energy(L= 20,ML= 0)=   -3.1210888088         3.1205623915        -6.2416512004 Int_Ort= 0.9999526888497
    Energy(L= 21,ML= 0)=   -3.1218597987         3.1214514350        -6.2433112336 Int_Ort= 0.9999660016516
    Energy(L= 22,ML= 0)=   -3.1224568431         3.1221371169        -6.2445939599 Int_Ort= 0.9999752352067
    Energy(L= 23,ML= 0)=   -3.1229236529         3.1226711272        -6.2455947800 Int_Ort= 0.9999817375450
    Energy(L= 24,ML= 0)=   -3.1232919452         3.1230908430        -6.2463827883 Int_Ort= 0.9999863816146
    Energy(L= 25,ML= 0)=   -3.1235849831         3.1234235809        -6.2470085640 Int_Ort= 0.9999897422687
    Energy(L= 26,ML= 0)=   -3.1238200046         3.1236895097        -6.2475095143 Int_Ort= 0.9999922040488
    Energy(L= 27,ML= 0)=   -3.1240099087         3.1239036679        -6.2479135766 Int_Ort= 0.9999940280057
    Energy(L= 28,ML= 0)=   -3.1241644374         3.1240773738        -6.2482418112 Int_Ort= 0.9999953938171
    Energy(L= 29,ML= 0)=   -3.1242910136         3.1242192213        -6.2485102349 Int_Ort= 0.9999964267624
    Energy(L= 30,ML= 0)=   -3.1243953405         3.1243357915        -6.2487311319 Int_Ort= 0.9999972152595
    Energy(L= 31,ML= 0)=   -3.1244818347         3.1244321644        -6.2489139992 Int_Ort= 0.9999978224280
    Energy(L= 32,ML= 0)=   -3.1245539426         3.1245122919        -6.2490662345 Int_Ort= 0.9999982938141
    Energy(L= 33,ML= 0)=   -3.1246143723         3.1245792698        -6.2491936422 Int_Ort= 0.9999986626165
    Energy(L= 34,ML= 0)=   -3.1246652667         3.1246355403        -6.2493008070 Int_Ort= 0.9999989532650
    Energy(L= 35,ML= 0)=   -3.1247083318         3.1246830426        -6.2493913744 Int_Ort= 0.9999991838988
    Energy(L= 36,ML= 0)=   -3.1247449346         3.1247233263        -6.2494682609 Int_Ort= 0.9999993681019
    Energy(L= 37,ML= 0)=   -3.1247761765         3.1247576366        -6.2495338132 Int_Ort= 0.9999995161280
    Energy(L= 38,ML= 0)=   -3.1248029501         3.1247869797        -6.2495899298 Int_Ort= 0.9999996357764
    Energy(L= 39,ML= 0)=   -3.1248259823         3.1248121729        -6.2496381552 Int_Ort= 0.9999997330226
    Energy(L= 40,ML= 0)=   -3.1248458683         3.1248338840        -6.2496797523 Int_Ort= 0.9999998124767
    Energy(L= 41,ML= 0)=   -3.1248630976         3.1248526607        -6.2497157582 Int_Ort= 0.9999998777183
    Energy(L= 42,ML= 0)=   -3.1248780746         3.1248689546        -6.2497470292 Int_Ort= 0.9999999315444
    Energy(L= 43,ML= 0)=   -3.1248911352         3.1248831397        -6.2497742750 Int_Ort= 0.9999999761535
    Energy(L= 44,ML= 0)=   -3.1249025592         3.1248955273        -6.2497980864 Int_Ort= 1.0000000132835
    Energy(L= 45,ML= 0)=   -3.1249125806         3.1249063769        -6.2498189575 Int_Ort= 1.0000000443160
    Energy(L= 46,ML= 0)=   -3.1249213961         3.1249159066        -6.2498373027 Int_Ort= 1.0000000703547
    Energy(L= 47,ML= 0)=   -3.1249291716         3.1249242996        -6.2498534713 Int_Ort= 1.0000000922856
    Energy(L= 48,ML= 0)=   -3.1249360473         3.1249317109        -6.2498677583 Int_Ort= 1.0000001108236
    Energy(L= 49,ML= 0)=   -3.1249421423         3.1249382717        -6.2498804141 Int_Ort= 1.0000001265481
    Energy(L= 50,ML= 0)=   -3.1249475580         3.1249440937        -6.2498916517 Int_Ort= 1.0000001399307
    Energy(L= 51,ML= 0)=   -3.1249523811         3.1249492720        -6.2499016531 Int_Ort= 1.0000001513566
    Energy(L= 52,ML= 0)=   -3.1249566858         3.1249538882        -6.2499105740 Int_Ort= 1.0000001611422
    Energy(L= 53,ML= 0)=   -3.1249605359         3.1249580121        -6.2499185481 Int_Ort= 1.0000001695478
    Energy(L= 54,ML= 0)=   -3.1249639865         3.1249617039        -6.2499256905 Int_Ort= 1.0000001767885
    Energy(L= 55,ML= 0)=   -3.1249670851         3.1249650154        -6.2499321005 Int_Ort= 1.0000001830430
    Energy(L= 56,ML= 0)=   -3.1249698728         3.1249679916        -6.2499378644 Int_Ort= 1.0000001884599
    Energy(L= 57,ML= 0)=   -3.1249723854         3.1249706713        -6.2499430567 Int_Ort= 1.0000001931633
    Energy(L= 58,ML= 0)=   -3.1249746540         3.1249730885        -6.2499477425 Int_Ort= 1.0000001972574
    Energy(L= 59,ML= 0)=   -3.1249767059         3.1249752727        -6.2499519786 Int_Ort= 1.0000002008296
    Energy(L= 60,ML= 0)=   -3.1249785648         3.1249772496        -6.2499558145 Int_Ort= 1.0000002039536
    Energy(L= 61,ML= 0)=   -3.1249802516         3.1249790419        -6.2499592935 Int_Ort= 1.0000002066916
    Energy(L= 62,ML= 0)=   -3.1249817845         3.1249806694        -6.2499624539 Int_Ort= 1.0000002090967
    Energy(L= 63,ML= 0)=   -3.1249831797         3.1249821494        -6.2499653291 Int_Ort= 1.0000002112137
    Energy(L= 64,ML= 0)=   -3.1249844514         3.1249834975        -6.2499679489 Int_Ort= 1.0000002130810
    Energy(L= 65,ML= 0)=   -3.1249856122         3.1249847270        -6.2499703393 Int_Ort= 1.0000002147312
    Energy(L= 66,ML= 0)=   -3.1249866732         3.1249858501        -6.2499725233 Int_Ort= 1.0000002161924
    Energy(L= 67,ML= 0)=   -3.1249876442         3.1249868773        -6.2499745215 Int_Ort= 1.0000002174887
    Energy(L= 68,ML= 0)=   -3.1249885341         3.1249878180        -6.2499763521 Int_Ort= 1.0000002186406
    Energy(L= 69,ML= 0)=   -3.1249893506         3.1249886807        -6.2499780312 Int_Ort= 1.0000002196660
    Energy(L= 70,ML= 0)=   -3.1249901006         3.1249894727        -6.2499795734 Int_Ort= 1.0000002205805
    Energy(L= 71,ML= 0)=   -3.1249907905         3.1249902009        -6.2499809914 Int_Ort= 1.0000002213974
    Energy(L= 72,ML= 0)=   -3.1249914258         3.1249908711        -6.2499822968 Int_Ort= 1.0000002221282
    Energy(L= 73,ML= 0)=   -3.1249920114         3.1249914886        -6.2499835000 Int_Ort= 1.0000002227832
    Energy(L= 74,ML= 0)=   -3.1249925518         3.1249920583        -6.2499846101 Int_Ort= 1.0000002233710
    Energy(L= 75,ML= 0)=   -3.1249930510         3.1249925843        -6.2499856354 Int_Ort= 1.0000002238992
    Energy(L= 76,ML= 0)=   -3.1249935127         3.1249930707        -6.2499865834 Int_Ort= 1.0000002243747
    Energy(L= 77,ML= 0)=   -3.1249939401         3.1249935208        -6.2499874609 Int_Ort= 1.0000002248033
    Energy(L= 78,ML= 0)=   -3.1249943360         3.1249939378        -6.2499882738 Int_Ort= 1.0000002251902
    Energy(L= 79,ML= 0)=   -3.1249947033         3.1249943244        -6.2499890277 Int_Ort= 1.0000002255399
    Energy(L= 80,ML= 0)=   -3.1249950442         3.1249946833        -6.2499897275 Int_Ort= 1.0000002258563
    Energy(L= 81,ML= 0)=   -3.1249953610         3.1249950167        -6.2499903777 Int_Ort= 1.0000002261429
    Energy(L= 82,ML= 0)=   -3.1249956556         3.1249953266        -6.2499909822 Int_Ort= 1.0000002264030
    Energy(L= 83,ML= 0)=   -3.1249959298         3.1249956151        -6.2499915449 Int_Ort= 1.0000002266391
    Energy(L= 84,ML= 0)=   -3.1249961853         3.1249958836        -6.2499920689 Int_Ort= 1.0000002268537
    Energy(L= 85,ML= 0)=   -3.1249964235         3.1249961340        -6.2499925575 Int_Ort= 1.0000002270490
    Energy(L= 86,ML= 0)=   -3.1249966458         3.1249963674        -6.2499930132 Int_Ort= 1.0000002272270
    Energy(L= 87,ML= 0)=   -3.1249968534         3.1249965854        -6.2499934388 Int_Ort= 1.0000002273893
    Energy(L= 88,ML= 0)=   -3.1249970474         3.1249967891        -6.2499938365 Int_Ort= 1.0000002275375
    Energy(L= 89,ML= 0)=   -3.1249972289         3.1249969795        -6.2499942084 Int_Ort= 1.0000002276729
    Energy(L= 90,ML= 0)=   -3.1249973987         3.1249971577        -6.2499945564 Int_Ort= 1.0000002277969
    Energy(L= 91,ML= 0)=   -3.1249975578         3.1249973246        -6.2499948823 Int_Ort= 1.0000002279103
    Energy(L= 92,ML= 0)=   -3.1249977069         3.1249974809        -6.2499951878 Int_Ort= 1.0000002280144
    Energy(L= 93,ML= 0)=   -3.1249978467         3.1249976275        -6.2499954742 Int_Ort= 1.0000002281098
    Energy(L= 94,ML= 0)=   -3.1249979780         3.1249977650        -6.2499957430 Int_Ort= 1.0000002281973
    Energy(L= 95,ML= 0)=   -3.1249981013         3.1249978941        -6.2499959954 Int_Ort= 1.0000002282778
    Energy(L= 96,ML= 0)=   -3.1249982173         3.1249980153        -6.2499962325 Int_Ort= 1.0000002283518
    Energy(L= 97,ML= 0)=   -3.1249983264         3.1249981292        -6.2499964556 Int_Ort= 1.0000002284199
    Energy(L= 98,ML= 0)=   -3.1249984289         3.1249982364        -6.2499966653 Int_Ort= 1.0000002284827
    Energy(L= 99,ML= 0)=   -3.1249985254         3.1249983373        -6.2499968627 Int_Ort= 1.0000002285405
    Energy(L=100,ML= 0)=   -3.1249986165         3.1249984322        -6.2499970487 Int_Ort= 1.0000002285939
 
  EnergyXF(  2p(m=  1))=   -3.1249894366         3.1250108273        -6.2500002639 Int_Ort=         1.00000
    Energy(L=  0,ML= 1)=  NaN             NaN                  NaN                 Int_Ort= 0.0000000000000
    Energy(L=  1,ML= 1)=   -1.2046806281         0.7278911512        -1.9325717794 Int_Ort= 0.0896788312612
    Energy(L=  2,ML= 1)=   -1.5478527780         1.1015971772        -2.6494499553 Int_Ort= 0.2980946551957
    Energy(L=  3,ML= 1)=   -1.8707970024         1.4841701768        -3.3549671793 Int_Ort= 0.5315421699554
    Energy(L=  4,ML= 1)=   -2.1575074188         1.8435977036        -4.0011051224 Int_Ort= 0.7163486806977
    Energy(L=  5,ML= 1)=   -2.3977210123         2.1560153049        -4.5537363172 Int_Ort= 0.8374868854242
    Energy(L=  6,ML= 1)=   -2.5886162180         2.4098589550        -4.9984751730 Int_Ort= 0.9090931534365
    Energy(L=  7,ML= 1)=   -2.7339123707         2.6053009707        -5.3392133414 Int_Ort= 0.9492742624078
    Energy(L=  8,ML= 1)=   -2.8410981957         2.7500403413        -5.5911385371 Int_Ort= 0.9713762821451
    Energy(L=  9,ML= 1)=   -2.9186305937         2.8545953313        -5.7732259250 Int_Ort= 0.9835345263197
    Energy(L= 10,ML= 1)=   -2.9741625118         2.9291231696        -5.9032856814 Int_Ort= 0.9903044548694
    Energy(L= 11,ML= 1)=   -3.0138408081         2.9820049977        -5.9958458058 Int_Ort= 0.9941463513280
    Energy(L= 12,ML= 1)=   -3.0422720260         3.0195873412        -6.0618593672 Int_Ort= 0.9963761128135
    Energy(L= 13,ML= 1)=   -3.0627730290         3.0464484790        -6.1092215080 Int_Ort= 0.9977013679734
    Energy(L= 14,ML= 1)=   -3.0776810324         3.0658052910        -6.1434863234 Int_Ort= 0.9985080190794
    Energy(L= 15,ML= 1)=   -3.0886268820         3.0798900052        -6.1685168872 Int_Ort= 0.9990104903001
    Energy(L= 16,ML= 1)=   -3.0967460299         3.0902458254        -6.1869918553 Int_Ort= 0.9993304519561
    Energy(L= 17,ML= 1)=   -3.1028311192         3.0979415657        -6.2007726849 Int_Ort= 0.9995384638514
    Energy(L= 18,ML= 1)=   -3.1074386489         3.1037214344        -6.2111600833 Int_Ort= 0.9996763432949
    Energy(L= 19,ML= 1)=   -3.1109622950         3.1081075064        -6.2190698013 Int_Ort= 0.9997694020719
    Energy(L= 20,ML= 1)=   -3.1136829679         3.1114692370        -6.2251522049 Int_Ort= 0.9998332743417
    Energy(L= 21,ML= 1)=   -3.1158029652         3.1140705481        -6.2298735133 Int_Ort= 0.9998778040548
    Energy(L= 22,ML= 1)=   -3.1174693493         3.1161018038        -6.2335711531 Int_Ort= 0.9999093027713
    Energy(L= 23,ML= 1)=   -3.1187900390         3.1177016436        -6.2364916826 Int_Ort= 0.9999318867631
    Energy(L= 24,ML= 1)=   -3.1198449632         3.1189720052        -6.2388169683 Int_Ort= 0.9999482839271
    Energy(L= 25,ML= 1)=   -3.1206938557         3.1199885427        -6.2406823984 Int_Ort= 0.9999603294941
    Energy(L= 26,ML= 1)=   -3.1213817468         3.1208079149        -6.2421896618 Int_Ort= 0.9999692757143
    Energy(L= 27,ML= 1)=   -3.1219428680         3.1214729252        -6.2434157932 Int_Ort= 0.9999759884553
    Energy(L= 28,ML= 1)=   -3.1224034508         3.1220161799        -6.2444196306 Int_Ort= 0.9999810739091
    Energy(L= 29,ML= 1)=   -3.1227837509         3.1224627152        -6.2452464661 Int_Ort= 0.9999849614463
    Energy(L= 30,ML= 1)=   -3.1230995252         3.1228318997        -6.2459314249 Int_Ort= 0.9999879585416
    Energy(L= 31,ML= 1)=   -3.1233631167         3.1231388244        -6.2465019411 Int_Ort= 0.9999902876573
    Energy(L= 32,ML= 1)=   -3.1235842587         3.1233953287        -6.2469795874 Int_Ort= 0.9999921113263
    Energy(L= 33,ML= 1)=   -3.1237706759         3.1236107628        -6.2473814387 Int_Ort= 0.9999935494022
    Energy(L= 34,ML= 1)=   -3.1239285355         3.1237925585        -6.2477210940 Int_Ort= 0.9999946910454
    Energy(L= 35,ML= 1)=   -3.1240627905         3.1239466576        -6.2480094482 Int_Ort= 0.9999956031338
    Energy(L= 36,ML= 1)=   -3.1241774406         3.1240778380        -6.2482552785 Int_Ort= 0.9999963362224
    Energy(L= 37,ML= 1)=   -3.1242757326         3.1241899612        -6.2484656938 Int_Ort= 0.9999969288071
    Energy(L= 38,ML= 1)=   -3.1243603158         3.1242861652        -6.2486464810 Int_Ort= 0.9999974104105
    Energy(L= 39,ML= 1)=   -3.1244333620         3.1243690136        -6.2488023756 Int_Ort= 0.9999978038323
    Energy(L= 40,ML= 1)=   -3.1244966600         3.1244406107        -6.2489372706 Int_Ort= 0.9999981267944
    Energy(L= 41,ML= 1)=   -3.1245516894         3.1245026919        -6.2490543813 Int_Ort= 0.9999983931545
    Energy(L= 42,ML= 1)=   -3.1245996797         3.1245566943        -6.2491563740 Int_Ort= 0.9999986138104
    Energy(L= 43,ML= 1)=   -3.1246416564         3.1246038129        -6.2492454692 Int_Ort= 0.9999987973818
    Energy(L= 44,ML= 1)=   -3.1246784780         3.1246450460        -6.2493235240 Int_Ort= 0.9999989507231
    Energy(L= 45,ML= 1)=   -3.1247108664         3.1246812311        -6.2493920975 Int_Ort= 0.9999990793142
    Energy(L= 46,ML= 1)=   -3.1247394302         3.1247130733        -6.2494525036 Int_Ort= 0.9999991875572
    Energy(L= 47,ML= 1)=   -3.1247646850         3.1247411682        -6.2495058532 Int_Ort= 0.9999992790040
    Energy(L= 48,ML= 1)=   -3.1247870682         3.1247660204        -6.2495530886 Int_Ort= 0.9999993565320
    Energy(L= 49,ML= 1)=   -3.1248069529         3.1247880579        -6.2495950108 Int_Ort= 0.9999994224806
    Energy(L= 50,ML= 1)=   -3.1248246578         3.1248076453        -6.2496323031 Int_Ort= 0.9999994787587
    Energy(L= 51,ML= 1)=   -3.1248404561         3.1248250936        -6.2496655497 Int_Ort= 0.9999995269307
    Energy(L= 52,ML= 1)=   -3.1248545827         3.1248406694        -6.2496952521 Int_Ort= 0.9999995682843
    Energy(L= 53,ML= 1)=   -3.1248672400         3.1248546022        -6.2497218422 Int_Ort= 0.9999996038845
    Energy(L= 54,ML= 1)=   -3.1248786028         3.1248670904        -6.2497456932 Int_Ort= 0.9999996346159
    Energy(L= 55,ML= 1)=   -3.1248888229         3.1248783058        -6.2497671287 Int_Ort= 0.9999996612153
    Energy(L= 56,ML= 1)=   -3.1248980317         3.1248883975        -6.2497864292 Int_Ort= 0.9999996842983
    Energy(L= 57,ML= 1)=   -3.1249063440         3.1248974949        -6.2498038389 Int_Ort= 0.9999997043804
    Energy(L= 58,ML= 1)=   -3.1249138597         3.1249057108        -6.2498195705 Int_Ort= 0.9999997218939
    Energy(L= 59,ML= 1)=   -3.1249206664         3.1249131429        -6.2498338093 Int_Ort= 0.9999997372024
    Energy(L= 60,ML= 1)=   -3.1249268408         3.1249198771        -6.2498467179 Int_Ort= 0.9999997506131
    Energy(L= 61,ML= 1)=   -3.1249324503         3.1249259884        -6.2498584387 Int_Ort= 0.9999997623865
    Energy(L= 62,ML= 1)=   -3.1249375542         3.1249315431        -6.2498690972 Int_Ort= 0.9999997727440
    Energy(L= 63,ML= 1)=   -3.1249422048         3.1249365994        -6.2498788042 Int_Ort= 0.9999997818748
    Energy(L= 64,ML= 1)=   -3.1249464484         3.1249412089        -6.2498876572 Int_Ort= 0.9999997899400
    Energy(L= 65,ML= 1)=   -3.1249503258         3.1249454171        -6.2498957428 Int_Ort= 0.9999997970779
    Energy(L= 66,ML= 1)=   -3.1249538733         3.1249492643        -6.2499031376 Int_Ort= 0.9999998034069
    Energy(L= 67,ML= 1)=   -3.1249571232         3.1249527861        -6.2499099093 Int_Ort= 0.9999998090288
    Energy(L= 68,ML= 1)=   -3.1249601042         3.1249560139        -6.2499161181 Int_Ort= 0.9999998140307
    Energy(L= 69,ML= 1)=   -3.1249628419         3.1249589755        -6.2499218173 Int_Ort= 0.9999998184878
    Energy(L= 70,ML= 1)=   -3.1249653591         3.1249616954        -6.2499270545 Int_Ort= 0.9999998224648
    Energy(L= 71,ML= 1)=   -3.1249676763         3.1249641960        -6.2499318723 Int_Ort= 0.9999998260186
    Energy(L= 72,ML= 1)=   -3.1249698117         3.1249664977        -6.2499363094 Int_Ort= 0.9999998291991
    Energy(L= 73,ML= 1)=   -3.1249717818         3.1249686187        -6.2499404005 Int_Ort= 0.9999998320501
    Energy(L= 74,ML= 1)=   -3.1249736012         3.1249705756        -6.2499441768 Int_Ort= 0.9999998346098
    Energy(L= 75,ML= 1)=   -3.1249752832         3.1249723831        -6.2499476663 Int_Ort= 0.9999998369113
    Energy(L= 76,ML= 1)=   -3.1249768398         3.1249740540        -6.2499508938 Int_Ort= 0.9999998389832
    Energy(L= 77,ML= 1)=   -3.1249782818         3.1249756000        -6.2499538818 Int_Ort= 0.9999998408506
    Energy(L= 78,ML= 1)=   -3.1249796188         3.1249770319        -6.2499566507 Int_Ort= 0.9999998425360
    Energy(L= 79,ML= 1)=   -3.1249808596         3.1249783595        -6.2499592191 Int_Ort= 0.9999998440592
    Energy(L= 80,ML= 1)=   -3.1249820123         3.1249795915        -6.2499616037 Int_Ort= 0.9999998454376
    Energy(L= 81,ML= 1)=   -3.1249830840         3.1249807359        -6.2499638199 Int_Ort= 0.9999998466867
    Energy(L= 82,ML= 1)=   -3.1249840813         3.1249818001        -6.2499658813 Int_Ort= 0.9999998478199
    Energy(L= 83,ML= 1)=   -3.1249850101         3.1249827905        -6.2499678006 Int_Ort= 0.9999998488493
    Energy(L= 84,ML= 1)=   -3.1249858759         3.1249837131        -6.2499695889 Int_Ort= 0.9999998497855
    Energy(L= 85,ML= 1)=   -3.1249866835         3.1249845732        -6.2499712567 Int_Ort= 0.9999998506379
    Energy(L= 86,ML= 1)=   -3.1249874375         3.1249853757        -6.2499728132 Int_Ort= 0.9999998514148
    Energy(L= 87,ML= 1)=   -3.1249881420         3.1249861252        -6.2499742672 Int_Ort= 0.9999998521239
    Energy(L= 88,ML= 1)=   -3.1249888008         3.1249868257        -6.2499756265 Int_Ort= 0.9999998527717
    Energy(L= 89,ML= 1)=   -3.1249894172         3.1249874810        -6.2499768983 Int_Ort= 0.9999998533641
    Energy(L= 90,ML= 1)=   -3.1249899944         3.1249880941        -6.2499780885 Int_Ort= 0.9999998539061
    Energy(L= 91,ML= 1)=   -3.1249905352         3.1249886678        -6.2499792031 Int_Ort= 0.9999998544021
    Energy(L= 92,ML= 1)=   -3.1249910426         3.1249892048        -6.2499802475 Int_Ort= 0.9999998548563
    Energy(L= 93,ML= 1)=   -3.1249915191         3.1249897078        -6.2499812269 Int_Ort= 0.9999998552726
    Energy(L= 94,ML= 1)=   -3.1249919658         3.1249901793        -6.2499821451 Int_Ort= 0.9999998556546
    Energy(L= 95,ML= 1)=   -3.1249923862         3.1249906220        -6.2499830081 Int_Ort= 0.9999998560056
    Energy(L= 96,ML= 1)=   -3.1249927817         3.1249910379        -6.2499838196 Int_Ort= 0.9999998563286
    Energy(L= 97,ML= 1)=   -3.1249931527         3.1249914292        -6.2499845819 Int_Ort= 0.9999998566262
    Energy(L= 98,ML= 1)=   -3.1249935020         3.1249917974        -6.2499852994 Int_Ort= 0.9999998569007
    Energy(L= 99,ML= 1)=   -3.1249938316         3.1249921442        -6.2499859758 Int_Ort= 0.9999998571540
    Energy(L=100,ML= 1)=   -3.1249941436         3.1249924709        -6.2499866145 Int_Ort= 0.9999998573878
