        Distance           1s              1s              2s              2s
      0.865464E-06    0.000000E+00    0.486092E-05    0.000000E+00    0.753478E-06
      0.900784E-06    0.505987E-05    0.505929E-05    0.784484E-06    0.784228E-06
      0.937546E-06    0.526637E-05    0.526577E-05    0.816500E-06    0.816233E-06
      0.975808E-06    0.548129E-05    0.548067E-05    0.849822E-06    0.849544E-06
      0.101563E-05    0.570499E-05    0.570434E-05    0.884504E-06    0.884215E-06
      0.105708E-05    0.593781E-05    0.593713E-05    0.920601E-06    0.920300E-06
      0.110022E-05    0.618014E-05    0.617943E-05    0.958172E-06    0.957858E-06
      0.114512E-05    0.643236E-05    0.643162E-05    0.997276E-06    0.996949E-06
      0.119185E-05    0.669487E-05    0.669410E-05    0.103798E-05    0.103764E-05
      0.124049E-05    0.696809E-05    0.696729E-05    0.108034E-05    0.107998E-05
      0.129112E-05    0.725247E-05    0.725163E-05    0.112443E-05    0.112406E-05
      0.134381E-05    0.754845E-05    0.754757E-05    0.117031E-05    0.116993E-05
      0.139865E-05    0.785650E-05    0.785560E-05    0.121808E-05    0.121768E-05
      0.145573E-05    0.817713E-05    0.817619E-05    0.126779E-05    0.126737E-05
      0.151514E-05    0.851085E-05    0.850986E-05    0.131953E-05    0.131909E-05
      0.157698E-05    0.885818E-05    0.885716E-05    0.137338E-05    0.137293E-05
      0.164134E-05    0.921969E-05    0.921862E-05    0.142943E-05    0.142896E-05
      0.170832E-05    0.959596E-05    0.959484E-05    0.148776E-05    0.148727E-05
      0.177804E-05    0.998758E-05    0.998641E-05    0.154848E-05    0.154797E-05
      0.185060E-05    0.103952E-04    0.103940E-04    0.161167E-05    0.161114E-05
      0.192613E-05    0.108194E-04    0.108182E-04    0.167745E-05    0.167689E-05
      0.200473E-05    0.112610E-04    0.112596E-04    0.174590E-05    0.174533E-05
      0.208655E-05    0.117205E-04    0.117192E-04    0.181716E-05    0.181656E-05
      0.217170E-05    0.121989E-04    0.121974E-04    0.189132E-05    0.189069E-05
      0.226033E-05    0.126967E-04    0.126952E-04    0.196850E-05    0.196785E-05
      0.235257E-05    0.132149E-04    0.132133E-04    0.204884E-05    0.204816E-05
      0.244858E-05    0.137542E-04    0.137526E-04    0.213245E-05    0.213175E-05
      0.254851E-05    0.143155E-04    0.143138E-04    0.221948E-05    0.221875E-05
      0.265252E-05    0.148997E-04    0.148980E-04    0.231006E-05    0.230930E-05
      0.276077E-05    0.155078E-04    0.155060E-04    0.240433E-05    0.240354E-05
      0.287344E-05    0.161407E-04    0.161388E-04    0.250245E-05    0.250163E-05
      0.299071E-05    0.167994E-04    0.167974E-04    0.260458E-05    0.260372E-05
      0.311276E-05    0.174850E-04    0.174829E-04    0.271088E-05    0.270998E-05
      0.323980E-05    0.181985E-04    0.181964E-04    0.282151E-05    0.282058E-05
      0.337201E-05    0.189412E-04    0.189390E-04    0.293666E-05    0.293569E-05
      0.350963E-05    0.197142E-04    0.197119E-04    0.305650E-05    0.305550E-05
      0.365286E-05    0.205188E-04    0.205164E-04    0.318124E-05    0.318019E-05
      0.380193E-05    0.213562E-04    0.213537E-04    0.331107E-05    0.330998E-05
      0.395709E-05    0.222277E-04    0.222251E-04    0.344620E-05    0.344506E-05
      0.411859E-05    0.231349E-04    0.231321E-04    0.358684E-05    0.358565E-05
      0.428667E-05    0.240790E-04    0.240762E-04    0.373322E-05    0.373199E-05
      0.446161E-05    0.250617E-04    0.250587E-04    0.388557E-05    0.388429E-05
      0.464369E-05    0.260845E-04    0.260814E-04    0.404415E-05    0.404281E-05
      0.483321E-05    0.271490E-04    0.271458E-04    0.420919E-05    0.420780E-05
      0.503045E-05    0.282570E-04    0.282536E-04    0.438097E-05    0.437952E-05
      0.523575E-05    0.294101E-04    0.294067E-04    0.455976E-05    0.455825E-05
      0.544942E-05    0.306104E-04    0.306068E-04    0.474585E-05    0.474428E-05
      0.567182E-05    0.318596E-04    0.318558E-04    0.493953E-05    0.493789E-05
      0.590329E-05    0.331598E-04    0.331559E-04    0.514111E-05    0.513941E-05
      0.614421E-05    0.345131E-04    0.345090E-04    0.535092E-05    0.534915E-05
      0.639496E-05    0.359216E-04    0.359173E-04    0.556930E-05    0.556746E-05
      0.665594E-05    0.373876E-04    0.373831E-04    0.579658E-05    0.579467E-05
      0.692757E-05    0.389134E-04    0.389088E-04    0.603314E-05    0.603115E-05
      0.721029E-05    0.405014E-04    0.404966E-04    0.627936E-05    0.627728E-05
      0.750455E-05    0.421543E-04    0.421493E-04    0.653562E-05    0.653346E-05
      0.781082E-05    0.438746E-04    0.438695E-04    0.680234E-05    0.680009E-05
      0.812958E-05    0.456652E-04    0.456598E-04    0.707995E-05    0.707761E-05
      0.846136E-05    0.475288E-04    0.475232E-04    0.736888E-05    0.736645E-05
      0.880667E-05    0.494685E-04    0.494626E-04    0.766961E-05    0.766707E-05
      0.916608E-05    0.514873E-04    0.514812E-04    0.798261E-05    0.797997E-05
      0.954015E-05    0.535885E-04    0.535822E-04    0.830838E-05    0.830564E-05
      0.992949E-05    0.557755E-04    0.557689E-04    0.864745E-05    0.864459E-05
      0.103347E-04    0.580517E-04    0.580448E-04    0.900036E-05    0.899738E-05
      0.107565E-04    0.604208E-04    0.604136E-04    0.936766E-05    0.936456E-05
      0.111955E-04    0.628866E-04    0.628791E-04    0.974996E-05    0.974673E-05
      0.116524E-04    0.654530E-04    0.654452E-04    0.101479E-04    0.101445E-04
      0.121279E-04    0.681241E-04    0.681161E-04    0.105620E-04    0.105585E-04
      0.126229E-04    0.709043E-04    0.708959E-04    0.109930E-04    0.109894E-04
      0.131380E-04    0.737979E-04    0.737891E-04    0.114417E-04    0.114379E-04
      0.136742E-04    0.768096E-04    0.768005E-04    0.119086E-04    0.119047E-04
      0.142322E-04    0.799442E-04    0.799347E-04    0.123946E-04    0.123905E-04
      0.148131E-04    0.832067E-04    0.831969E-04    0.129004E-04    0.128961E-04
      0.154176E-04    0.866024E-04    0.865921E-04    0.134269E-04    0.134224E-04
      0.160468E-04    0.901366E-04    0.901259E-04    0.139748E-04    0.139702E-04
      0.167017E-04    0.938151E-04    0.938040E-04    0.145451E-04    0.145403E-04
      0.173833E-04    0.976437E-04    0.976321E-04    0.151387E-04    0.151337E-04
      0.180927E-04    0.101629E-03    0.101616E-03    0.157565E-04    0.157513E-04
      0.188311E-04    0.105776E-03    0.105763E-03    0.163995E-04    0.163941E-04
      0.195996E-04    0.110093E-03    0.110080E-03    0.170688E-04    0.170632E-04
      0.203994E-04    0.114585E-03    0.114572E-03    0.177654E-04    0.177595E-04
      0.212320E-04    0.119262E-03    0.119248E-03    0.184904E-04    0.184843E-04
      0.220985E-04    0.124129E-03    0.124114E-03    0.192450E-04    0.192386E-04
      0.230003E-04    0.129194E-03    0.129179E-03    0.200304E-04    0.200237E-04
      0.239390E-04    0.134467E-03    0.134451E-03    0.208478E-04    0.208409E-04
      0.249159E-04    0.139954E-03    0.139938E-03    0.216986E-04    0.216914E-04
      0.259328E-04    0.145666E-03    0.145648E-03    0.225841E-04    0.225766E-04
      0.269911E-04    0.151610E-03    0.151592E-03    0.235057E-04    0.234979E-04
      0.280926E-04    0.157797E-03    0.157779E-03    0.244650E-04    0.244569E-04
      0.292391E-04    0.164237E-03    0.164218E-03    0.254634E-04    0.254549E-04
      0.304324E-04    0.170939E-03    0.170919E-03    0.265025E-04    0.264937E-04
      0.316743E-04    0.177915E-03    0.177894E-03    0.275841E-04    0.275749E-04
      0.329670E-04    0.185176E-03    0.185154E-03    0.287097E-04    0.287002E-04
      0.343124E-04    0.192733E-03    0.192710E-03    0.298814E-04    0.298715E-04
      0.357127E-04    0.200598E-03    0.200574E-03    0.311008E-04    0.310905E-04
      0.371701E-04    0.208784E-03    0.208759E-03    0.323700E-04    0.323593E-04
      0.386871E-04    0.217304E-03    0.217279E-03    0.336910E-04    0.336798E-04
      0.402659E-04    0.226172E-03    0.226145E-03    0.350658E-04    0.350542E-04
      0.419092E-04    0.235402E-03    0.235374E-03    0.364968E-04    0.364848E-04
      0.436195E-04    0.245008E-03    0.244979E-03    0.379862E-04    0.379737E-04
      0.453997E-04    0.255007E-03    0.254977E-03    0.395364E-04    0.395233E-04
      0.472524E-04    0.265413E-03    0.265382E-03    0.411498E-04    0.411362E-04
      0.491808E-04    0.276244E-03    0.276212E-03    0.428290E-04    0.428149E-04
      0.511879E-04    0.287517E-03    0.287483E-03    0.445768E-04    0.445621E-04
      0.532769E-04    0.299250E-03    0.299215E-03    0.463959E-04    0.463806E-04
      0.554512E-04    0.311462E-03    0.311425E-03    0.482892E-04    0.482733E-04
      0.577142E-04    0.324172E-03    0.324134E-03    0.502598E-04    0.502432E-04
      0.600695E-04    0.337401E-03    0.337361E-03    0.523108E-04    0.522935E-04
      0.625210E-04    0.351170E-03    0.351128E-03    0.544455E-04    0.544275E-04
      0.650725E-04    0.365500E-03    0.365457E-03    0.566673E-04    0.566486E-04
      0.677281E-04    0.380415E-03    0.380370E-03    0.589797E-04    0.589602E-04
      0.704921E-04    0.395939E-03    0.395892E-03    0.613865E-04    0.613662E-04
      0.733689E-04    0.412096E-03    0.412047E-03    0.638915E-04    0.638704E-04
      0.763632E-04    0.428912E-03    0.428861E-03    0.664987E-04    0.664768E-04
      0.794796E-04    0.446415E-03    0.446362E-03    0.692123E-04    0.691895E-04
      0.827232E-04    0.464631E-03    0.464576E-03    0.720366E-04    0.720129E-04
      0.860991E-04    0.483591E-03    0.483534E-03    0.749762E-04    0.749515E-04
      0.896128E-04    0.503325E-03    0.503265E-03    0.780357E-04    0.780100E-04
      0.932700E-04    0.523864E-03    0.523802E-03    0.812200E-04    0.811932E-04
      0.970763E-04    0.545240E-03    0.545176E-03    0.845343E-04    0.845064E-04
      0.101038E-03    0.567489E-03    0.567422E-03    0.879838E-04    0.879548E-04
      0.105161E-03    0.590646E-03    0.590576E-03    0.915740E-04    0.915438E-04
      0.109453E-03    0.614747E-03    0.614675E-03    0.953107E-04    0.952793E-04
      0.113920E-03    0.639832E-03    0.639757E-03    0.991998E-04    0.991671E-04
      0.118569E-03    0.665940E-03    0.665862E-03    0.103248E-03    0.103214E-03
      0.123408E-03    0.693114E-03    0.693032E-03    0.107461E-03    0.107425E-03
      0.128444E-03    0.721396E-03    0.721311E-03    0.111846E-03    0.111809E-03
      0.133686E-03    0.750832E-03    0.750743E-03    0.116409E-03    0.116371E-03
      0.139142E-03    0.781468E-03    0.781376E-03    0.121159E-03    0.121119E-03
      0.144820E-03    0.813355E-03    0.813259E-03    0.126103E-03    0.126061E-03
      0.150730E-03    0.846542E-03    0.846443E-03    0.131248E-03    0.131205E-03
      0.156881E-03    0.881084E-03    0.880980E-03    0.136604E-03    0.136559E-03
      0.163284E-03    0.917034E-03    0.916926E-03    0.142177E-03    0.142131E-03
      0.169947E-03    0.954451E-03    0.954339E-03    0.147979E-03    0.147930E-03
      0.176883E-03    0.993395E-03    0.993278E-03    0.154016E-03    0.153966E-03
      0.184101E-03    0.103393E-02    0.103380E-02    0.160300E-03    0.160248E-03
      0.191614E-03    0.107611E-02    0.107599E-02    0.166841E-03    0.166786E-03
      0.199434E-03    0.112002E-02    0.111989E-02    0.173648E-03    0.173591E-03
      0.207573E-03    0.116572E-02    0.116558E-02    0.180733E-03    0.180674E-03
      0.216044E-03    0.121328E-02    0.121313E-02    0.188107E-03    0.188045E-03
      0.224861E-03    0.126278E-02    0.126263E-02    0.195782E-03    0.195717E-03
      0.234037E-03    0.131430E-02    0.131414E-02    0.203769E-03    0.203702E-03
      0.243588E-03    0.136792E-02    0.136776E-02    0.212083E-03    0.212013E-03
      0.253529E-03    0.142373E-02    0.142356E-02    0.220735E-03    0.220663E-03
      0.263875E-03    0.148181E-02    0.148164E-02    0.229741E-03    0.229665E-03
      0.274644E-03    0.154226E-02    0.154208E-02    0.239113E-03    0.239035E-03
      0.285852E-03    0.160518E-02    0.160500E-02    0.248868E-03    0.248787E-03
      0.297517E-03    0.167067E-02    0.167047E-02    0.259021E-03    0.258936E-03
      0.309658E-03    0.173882E-02    0.173862E-02    0.269588E-03    0.269500E-03
      0.322295E-03    0.180976E-02    0.180955E-02    0.280586E-03    0.280494E-03
      0.335448E-03    0.188358E-02    0.188336E-02    0.292032E-03    0.291936E-03
      0.349137E-03    0.196042E-02    0.196019E-02    0.303945E-03    0.303846E-03
      0.363385E-03    0.204039E-02    0.204015E-02    0.316343E-03    0.316240E-03
      0.378214E-03    0.212362E-02    0.212338E-02    0.329248E-03    0.329140E-03
      0.393648E-03    0.221025E-02    0.220999E-02    0.342678E-03    0.342566E-03
      0.409713E-03    0.230040E-02    0.230014E-02    0.356656E-03    0.356540E-03
      0.426432E-03    0.239424E-02    0.239396E-02    0.371203E-03    0.371083E-03
      0.443834E-03    0.249189E-02    0.249160E-02    0.386344E-03    0.386219E-03
      0.461947E-03    0.259353E-02    0.259323E-02    0.402102E-03    0.401972E-03
      0.480798E-03    0.269931E-02    0.269900E-02    0.418503E-03    0.418367E-03
      0.500418E-03    0.280941E-02    0.280908E-02    0.435571E-03    0.435430E-03
      0.520839E-03    0.292399E-02    0.292365E-02    0.453336E-03    0.453189E-03
      0.542094E-03    0.304324E-02    0.304288E-02    0.471825E-03    0.471672E-03
      0.564215E-03    0.316735E-02    0.316698E-02    0.491067E-03    0.490908E-03
      0.587239E-03    0.329651E-02    0.329613E-02    0.511093E-03    0.510928E-03
      0.611203E-03    0.343095E-02    0.343055E-02    0.531935E-03    0.531764E-03
      0.636145E-03    0.357086E-02    0.357044E-02    0.553627E-03    0.553449E-03
      0.662104E-03    0.371647E-02    0.371604E-02    0.576202E-03    0.576017E-03
      0.689123E-03    0.386801E-02    0.386756E-02    0.599698E-03    0.599505E-03
      0.717243E-03    0.402572E-02    0.402526E-02    0.624150E-03    0.623950E-03
      0.746512E-03    0.418987E-02    0.418939E-02    0.649599E-03    0.649390E-03
      0.776974E-03    0.436069E-02    0.436020E-02    0.676084E-03    0.675867E-03
      0.808680E-03    0.453848E-02    0.453796E-02    0.703648E-03    0.703423E-03
      0.841679E-03    0.472351E-02    0.472297E-02    0.732334E-03    0.732100E-03
      0.876025E-03    0.491607E-02    0.491551E-02    0.762189E-03    0.761946E-03
      0.911772E-03    0.511647E-02    0.511589E-02    0.793259E-03    0.793007E-03
      0.948977E-03    0.532503E-02    0.532443E-02    0.825595E-03    0.825333E-03
      0.987700E-03    0.554208E-02    0.554146E-02    0.859247E-03    0.858975E-03
      0.102800E-02    0.576797E-02    0.576732E-02    0.894269E-03    0.893986E-03
      0.106995E-02    0.600306E-02    0.600238E-02    0.930717E-03    0.930423E-03
      0.111361E-02    0.624771E-02    0.624701E-02    0.968648E-03    0.968342E-03
      0.115905E-02    0.650232E-02    0.650159E-02    0.100812E-02    0.100781E-02
      0.120634E-02    0.676729E-02    0.676653E-02    0.104920E-02    0.104887E-02
      0.125557E-02    0.704304E-02    0.704226E-02    0.109196E-02    0.109161E-02
      0.130680E-02    0.733001E-02    0.732919E-02    0.113645E-02    0.113609E-02
      0.136012E-02    0.762865E-02    0.762780E-02    0.118275E-02    0.118238E-02
      0.141562E-02    0.793944E-02    0.793856E-02    0.123093E-02    0.123055E-02
      0.147338E-02    0.826286E-02    0.826195E-02    0.128108E-02    0.128068E-02
      0.153350E-02    0.859944E-02    0.859849E-02    0.133326E-02    0.133285E-02
      0.159607E-02    0.894969E-02    0.894871E-02    0.138756E-02    0.138714E-02
      0.166119E-02    0.931419E-02    0.931317E-02    0.144408E-02    0.144363E-02
      0.172897E-02    0.969350E-02    0.969244E-02    0.150288E-02    0.150242E-02
      0.179951E-02    0.100882E-01    0.100871E-01    0.156408E-02    0.156360E-02
      0.187293E-02    0.104990E-01    0.104978E-01    0.162777E-02    0.162727E-02
      0.194935E-02    0.109264E-01    0.109252E-01    0.169404E-02    0.169352E-02
      0.202888E-02    0.113712E-01    0.113700E-01    0.176300E-02    0.176246E-02
      0.211166E-02    0.118341E-01    0.118328E-01    0.183476E-02    0.183421E-02
      0.219781E-02    0.123157E-01    0.123144E-01    0.190943E-02    0.190886E-02
      0.228748E-02    0.128169E-01    0.128156E-01    0.198714E-02    0.198655E-02
      0.238081E-02    0.133384E-01    0.133370E-01    0.206800E-02    0.206738E-02
      0.247794E-02    0.138811E-01    0.138797E-01    0.215214E-02    0.215150E-02
      0.257903E-02    0.144458E-01    0.144443E-01    0.223969E-02    0.223903E-02
      0.268424E-02    0.150334E-01    0.150319E-01    0.233079E-02    0.233010E-02
      0.279375E-02    0.156448E-01    0.156432E-01    0.242558E-02    0.242487E-02
      0.290772E-02    0.162810E-01    0.162794E-01    0.252422E-02    0.252348E-02
      0.302634E-02    0.169430E-01    0.169413E-01    0.262685E-02    0.262609E-02
      0.314979E-02    0.176318E-01    0.176300E-01    0.273363E-02    0.273285E-02
      0.327828E-02    0.183484E-01    0.183466E-01    0.284475E-02    0.284393E-02
      0.341201E-02    0.190941E-01    0.190922E-01    0.296035E-02    0.295951E-02
      0.355119E-02    0.198699E-01    0.198680E-01    0.308064E-02    0.307977E-02
      0.369605E-02    0.206771E-01    0.206751E-01    0.320579E-02    0.320489E-02
      0.384681E-02    0.215170E-01    0.215149E-01    0.333600E-02    0.333507E-02
      0.400372E-02    0.223908E-01    0.223886E-01    0.347147E-02    0.347051E-02
      0.416702E-02    0.232999E-01    0.232976E-01    0.361242E-02    0.361143E-02
      0.433699E-02    0.242457E-01    0.242434E-01    0.375906E-02    0.375803E-02
      0.451387E-02    0.252297E-01    0.252273E-01    0.391161E-02    0.391056E-02
      0.469797E-02    0.262534E-01    0.262509E-01    0.407033E-02    0.406923E-02
      0.488958E-02    0.273183E-01    0.273158E-01    0.423544E-02    0.423431E-02
      0.508899E-02    0.284262E-01    0.284236E-01    0.440721E-02    0.440605E-02
      0.529653E-02    0.295788E-01    0.295761E-01    0.458590E-02    0.458470E-02
      0.551253E-02    0.307777E-01    0.307750E-01    0.477178E-02    0.477055E-02
      0.573733E-02    0.320249E-01    0.320221E-01    0.496515E-02    0.496388E-02
      0.597129E-02    0.333223E-01    0.333194E-01    0.516629E-02    0.516498E-02
      0.621478E-02    0.346718E-01    0.346688E-01    0.537552E-02    0.537417E-02
      0.646819E-02    0.360756E-01    0.360724E-01    0.559315E-02    0.559177E-02
      0.673193E-02    0.375357E-01    0.375325E-01    0.581952E-02    0.581810E-02
      0.700641E-02    0.390543E-01    0.390510E-01    0.605498E-02    0.605352E-02
      0.729207E-02    0.406339E-01    0.406305E-01    0.629987E-02    0.629837E-02
      0.758936E-02    0.422767E-01    0.422733E-01    0.655458E-02    0.655304E-02
      0.789877E-02    0.439854E-01    0.439818E-01    0.681948E-02    0.681790E-02
      0.822077E-02    0.457623E-01    0.457587E-01    0.709498E-02    0.709336E-02
      0.855588E-02    0.476103E-01    0.476066E-01    0.738149E-02    0.737983E-02
      0.890464E-02    0.495321E-01    0.495283E-01    0.767944E-02    0.767774E-02
      0.926760E-02    0.515306E-01    0.515267E-01    0.798928E-02    0.798755E-02
      0.964534E-02    0.536088E-01    0.536048E-01    0.831147E-02    0.830970E-02
      0.100384E-01    0.557697E-01    0.557656E-01    0.864649E-02    0.864468E-02
      0.104476E-01    0.580165E-01    0.580124E-01    0.899484E-02    0.899300E-02
      0.108733E-01    0.603527E-01    0.603485E-01    0.935704E-02    0.935516E-02
      0.113164E-01    0.627817E-01    0.627773E-01    0.973361E-02    0.973169E-02
      0.117775E-01    0.653069E-01    0.653025E-01    0.101251E-01    0.101232E-01
      0.122574E-01    0.679322E-01    0.679277E-01    0.105321E-01    0.105301E-01
      0.127568E-01    0.706613E-01    0.706567E-01    0.109552E-01    0.109532E-01
      0.132765E-01    0.734983E-01    0.734936E-01    0.113951E-01    0.113930E-01
      0.138173E-01    0.764472E-01    0.764425E-01    0.118523E-01    0.118502E-01
      0.143801E-01    0.795123E-01    0.795075E-01    0.123274E-01    0.123254E-01
      0.149658E-01    0.826980E-01    0.826931E-01    0.128213E-01    0.128192E-01
      0.155753E-01    0.860089E-01    0.860039E-01    0.133346E-01    0.133325E-01
      0.162096E-01    0.894496E-01    0.894446E-01    0.138681E-01    0.138659E-01
      0.168696E-01    0.930251E-01    0.930200E-01    0.144224E-01    0.144202E-01
      0.175565E-01    0.967404E-01    0.967353E-01    0.149984E-01    0.149962E-01
      0.182713E-01    0.100601E+00    0.100595E+00    0.155968E-01    0.155947E-01
      0.190150E-01    0.104611E+00    0.104606E+00    0.162186E-01    0.162164E-01
      0.197890E-01    0.108778E+00    0.108773E+00    0.168645E-01    0.168624E-01
      0.205944E-01    0.113106E+00    0.113101E+00    0.175355E-01    0.175334E-01
      0.214325E-01    0.117602E+00    0.117597E+00    0.182325E-01    0.182304E-01
      0.223046E-01    0.122272E+00    0.122266E+00    0.189564E-01    0.189544E-01
      0.232121E-01    0.127121E+00    0.127116E+00    0.197082E-01    0.197062E-01
      0.241564E-01    0.132157E+00    0.132152E+00    0.204890E-01    0.204870E-01
      0.251389E-01    0.137387E+00    0.137381E+00    0.212996E-01    0.212977E-01
      0.261613E-01    0.142816E+00    0.142811E+00    0.221413E-01    0.221394E-01
      0.272251E-01    0.148453E+00    0.148448E+00    0.230151E-01    0.230133E-01
      0.283320E-01    0.154304E+00    0.154299E+00    0.239221E-01    0.239204E-01
      0.294838E-01    0.160377E+00    0.160372E+00    0.248636E-01    0.248619E-01
      0.306822E-01    0.166680E+00    0.166676E+00    0.258407E-01    0.258391E-01
      0.319290E-01    0.173221E+00    0.173217E+00    0.268546E-01    0.268531E-01
      0.332264E-01    0.180008E+00    0.180003E+00    0.279066E-01    0.279052E-01
      0.345762E-01    0.187049E+00    0.187045E+00    0.289981E-01    0.289968E-01
      0.359805E-01    0.194353E+00    0.194349E+00    0.301302E-01    0.301291E-01
      0.374417E-01    0.201929E+00    0.201925E+00    0.313045E-01    0.313035E-01
      0.389618E-01    0.209785E+00    0.209781E+00    0.325222E-01    0.325214E-01
      0.405434E-01    0.217932E+00    0.217928E+00    0.337849E-01    0.337842E-01
      0.421887E-01    0.226377E+00    0.226374E+00    0.350940E-01    0.350934E-01
      0.439005E-01    0.235132E+00    0.235130E+00    0.364509E-01    0.364506E-01
      0.456813E-01    0.244206E+00    0.244204E+00    0.378573E-01    0.378571E-01
      0.475339E-01    0.253609E+00    0.253607E+00    0.393146E-01    0.393146E-01
      0.494612E-01    0.263351E+00    0.263350E+00    0.408244E-01    0.408246E-01
      0.514660E-01    0.273443E+00    0.273442E+00    0.423884E-01    0.423888E-01
      0.535516E-01    0.283895E+00    0.283895E+00    0.440082E-01    0.440088E-01
      0.557210E-01    0.294719E+00    0.294719E+00    0.456855E-01    0.456862E-01
      0.579776E-01    0.305924E+00    0.305925E+00    0.474220E-01    0.474228E-01
      0.603249E-01    0.317523E+00    0.317525E+00    0.492193E-01    0.492203E-01
      0.627665E-01    0.329527E+00    0.329529E+00    0.510792E-01    0.510804E-01
      0.653060E-01    0.341946E+00    0.341949E+00    0.530036E-01    0.530048E-01
      0.679474E-01    0.354793E+00    0.354796E+00    0.549940E-01    0.549953E-01
      0.706946E-01    0.368079E+00    0.368083E+00    0.570524E-01    0.570538E-01
      0.735517E-01    0.381815E+00    0.381820E+00    0.591806E-01    0.591819E-01
      0.765233E-01    0.396014E+00    0.396019E+00    0.613802E-01    0.613816E-01
      0.796136E-01    0.410688E+00    0.410693E+00    0.636533E-01    0.636545E-01
      0.828273E-01    0.425847E+00    0.425853E+00    0.660015E-01    0.660025E-01
      0.861693E-01    0.441505E+00    0.441510E+00    0.684266E-01    0.684275E-01
      0.896446E-01    0.457672E+00    0.457677E+00    0.709306E-01    0.709312E-01
      0.932583E-01    0.474361E+00    0.474366E+00    0.735152E-01    0.735154E-01
      0.970158E-01    0.491583E+00    0.491587E+00    0.761821E-01    0.761819E-01
      0.100923E+00    0.509349E+00    0.509352E+00    0.789332E-01    0.789325E-01
      0.104985E+00    0.527672E+00    0.527674E+00    0.817701E-01    0.817690E-01
      0.109208E+00    0.546562E+00    0.546562E+00    0.846946E-01    0.846930E-01
      0.113599E+00    0.566030E+00    0.566028E+00    0.877084E-01    0.877063E-01
      0.118163E+00    0.586088E+00    0.586083E+00    0.908131E-01    0.908105E-01
      0.122908E+00    0.606745E+00    0.606738E+00    0.940102E-01    0.940075E-01
      0.127840E+00    0.628012E+00    0.628002E+00    0.973014E-01    0.972986E-01
      0.132967E+00    0.649898E+00    0.649887E+00    0.100688E+00    0.100686E+00
      0.138295E+00    0.672414E+00    0.672401E+00    0.104172E+00    0.104170E+00
      0.143834E+00    0.695568E+00    0.695554E+00    0.107753E+00    0.107754E+00
      0.149589E+00    0.719368E+00    0.719355E+00    0.111435E+00    0.111438E+00
      0.155570E+00    0.743823E+00    0.743813E+00    0.115217E+00    0.115224E+00
      0.161786E+00    0.768939E+00    0.768936E+00    0.119100E+00    0.119113E+00
      0.168244E+00    0.794725E+00    0.794734E+00    0.123087E+00    0.123108E+00
      0.174954E+00    0.821185E+00    0.821212E+00    0.127177E+00    0.127210E+00
      0.181926E+00    0.848325E+00    0.848380E+00    0.131371E+00    0.131419E+00
      0.189168E+00    0.876149E+00    0.876244E+00    0.135670E+00    0.135738E+00
      0.196692E+00    0.904662E+00    0.904812E+00    0.140075E+00    0.140119E+00
      0.204507E+00    0.933866E+00    0.934091E+00    0.144585E+00    0.144617E+00
      0.212624E+00    0.963764E+00    0.964088E+00    0.149202E+00    0.149223E+00
      0.221053E+00    0.994356E+00    0.994840E+00    0.153924E+00    0.153936E+00
      0.229807E+00    0.102564E+01    0.102600E+01    0.158752E+00    0.158757E+00
      0.238898E+00    0.105762E+01    0.105787E+01    0.163686E+00    0.163686E+00
      0.248336E+00    0.109029E+01    0.109045E+01    0.168724E+00    0.168721E+00
      0.258134E+00    0.112365E+01    0.112373E+01    0.173867E+00    0.173863E+00
      0.268307E+00    0.115769E+01    0.115771E+01    0.179114E+00    0.179110E+00
      0.278865E+00    0.119240E+01    0.119239E+01    0.184462E+00    0.184461E+00
      0.289824E+00    0.122779E+01    0.122775E+01    0.189912E+00    0.189913E+00
      0.301197E+00    0.126384E+01    0.126380E+01    0.195461E+00    0.195464E+00
      0.312998E+00    0.130053E+01    0.130051E+01    0.201107E+00    0.201112E+00
      0.325242E+00    0.133787E+01    0.133787E+01    0.206849E+00    0.206853E+00
      0.337945E+00    0.137583E+01    0.137586E+01    0.212685E+00    0.212682E+00
      0.351122E+00    0.141440E+01    0.141445E+01    0.218610E+00    0.218594E+00
      0.364789E+00    0.145357E+01    0.145362E+01    0.224624E+00    0.224583E+00
      0.378963E+00    0.149331E+01    0.149333E+01    0.230722E+00    0.230640E+00
      0.393659E+00    0.153361E+01    0.153354E+01    0.236901E+00    0.236932E+00
      0.408897E+00    0.157445E+01    0.157419E+01    0.243158E+00    0.243171E+00
      0.424693E+00    0.161579E+01    0.161522E+01    0.249488E+00    0.249490E+00
      0.441065E+00    0.165763E+01    0.165802E+01    0.255887E+00    0.255885E+00
      0.458032E+00    0.169992E+01    0.170012E+01    0.262351E+00    0.262349E+00
      0.475613E+00    0.174264E+01    0.174271E+01    0.268874E+00    0.268875E+00
      0.493827E+00    0.178576E+01    0.178575E+01    0.275451E+00    0.275456E+00
      0.512695E+00    0.182925E+01    0.182922E+01    0.282076E+00    0.282080E+00
      0.532236E+00    0.187306E+01    0.187305E+01    0.288743E+00    0.288738E+00
      0.552470E+00    0.191718E+01    0.191720E+01    0.295446E+00    0.295414E+00
      0.573420E+00    0.196154E+01    0.196159E+01    0.302177E+00    0.302216E+00
      0.595105E+00    0.200612E+01    0.200615E+01    0.308930E+00    0.308945E+00
      0.617549E+00    0.205086E+01    0.205078E+01    0.315698E+00    0.315699E+00
      0.640773E+00    0.209573E+01    0.209537E+01    0.322471E+00    0.322468E+00
      0.664799E+00    0.214067E+01    0.214090E+01    0.329242E+00    0.329241E+00
      0.689650E+00    0.218563E+01    0.218570E+01    0.336001E+00    0.336004E+00
      0.715350E+00    0.223057E+01    0.223055E+01    0.342740E+00    0.342740E+00
      0.741922E+00    0.227542E+01    0.227539E+01    0.349448E+00    0.349430E+00
      0.769389E+00    0.232012E+01    0.232013E+01    0.356116E+00    0.356141E+00
      0.797776E+00    0.236463E+01    0.236465E+01    0.362733E+00    0.362741E+00
      0.827107E+00    0.240887E+01    0.240885E+01    0.369288E+00    0.369290E+00
      0.857405E+00    0.245278E+01    0.245256E+01    0.375768E+00    0.375773E+00
      0.888697E+00    0.249630E+01    0.249645E+01    0.382163E+00    0.382169E+00
      0.921005E+00    0.253935E+01    0.253939E+01    0.388460E+00    0.388457E+00
      0.954357E+00    0.258186E+01    0.258188E+01    0.394645E+00    0.394610E+00
      0.988776E+00    0.262376E+01    0.262380E+01    0.400706E+00    0.400713E+00
      0.102429E+01    0.266498E+01    0.266501E+01    0.406627E+00    0.406631E+00
      0.106092E+01    0.270543E+01    0.270535E+01    0.412396E+00    0.412400E+00
      0.109869E+01    0.274503E+01    0.274521E+01    0.417996E+00    0.417995E+00
      0.113763E+01    0.278371E+01    0.278376E+01    0.423412E+00    0.423388E+00
      0.117777E+01    0.282137E+01    0.282140E+01    0.428629E+00    0.428634E+00
      0.121912E+01    0.285793E+01    0.285796E+01    0.433629E+00    0.433629E+00
      0.126172E+01    0.289331E+01    0.289329E+01    0.438397E+00    0.438400E+00
      0.130558E+01    0.292740E+01    0.292720E+01    0.442914E+00    0.442917E+00
      0.135074E+01    0.296012E+01    0.296013E+01    0.447162E+00    0.447182E+00
      0.139721E+01    0.299138E+01    0.299140E+01    0.451123E+00    0.451125E+00
      0.144503E+01    0.302108E+01    0.302113E+01    0.454779E+00    0.454780E+00
      0.149422E+01    0.304912E+01    0.304911E+01    0.458109E+00    0.458117E+00
      0.154479E+01    0.307541E+01    0.307558E+01    0.461095E+00    0.461100E+00
      0.159677E+01    0.309986E+01    0.309988E+01    0.463717E+00    0.463722E+00
      0.165019E+01    0.312236E+01    0.312236E+01    0.465953E+00    0.465958E+00
      0.170507E+01    0.314282E+01    0.314287E+01    0.467783E+00    0.467771E+00
      0.176142E+01    0.316114E+01    0.316129E+01    0.469186E+00    0.469186E+00
      0.181928E+01    0.317722E+01    0.317724E+01    0.470142E+00    0.470148E+00
      0.187865E+01    0.319097E+01    0.319099E+01    0.470628E+00    0.470620E+00
      0.193957E+01    0.320231E+01    0.320236E+01    0.470622E+00    0.470625E+00
      0.200205E+01    0.321113E+01    0.321111E+01    0.470104E+00    0.470105E+00
      0.206611E+01    0.321734E+01    0.321740E+01    0.469052E+00    0.469058E+00
      0.213176E+01    0.322087E+01    0.322087E+01    0.467444E+00    0.467451E+00
      0.219903E+01    0.322163E+01    0.322161E+01    0.465258E+00    0.465248E+00
      0.226793E+01    0.321955E+01    0.321955E+01    0.462474E+00    0.462504E+00
      0.233848E+01    0.321455E+01    0.321461E+01    0.459071E+00    0.459076E+00
      0.241069E+01    0.320656E+01    0.320658E+01    0.455027E+00    0.455027E+00
      0.248458E+01    0.319553E+01    0.319526E+01    0.450324E+00    0.450329E+00
      0.256015E+01    0.318140E+01    0.318139E+01    0.444942E+00    0.444950E+00
      0.263743E+01    0.316412E+01    0.316419E+01    0.438861E+00    0.438870E+00
      0.271643E+01    0.314367E+01    0.314370E+01    0.432065E+00    0.432069E+00
      0.279715E+01    0.312000E+01    0.311973E+01    0.424537E+00    0.424540E+00
      0.287960E+01    0.309310E+01    0.309309E+01    0.416261E+00    0.416257E+00
      0.296380E+01    0.306296E+01    0.306304E+01    0.407222E+00    0.407222E+00
      0.304975E+01    0.302958E+01    0.302956E+01    0.397407E+00    0.397409E+00
      0.313746E+01    0.299298E+01    0.299298E+01    0.386804E+00    0.386808E+00
      0.322694E+01    0.295318E+01    0.295320E+01    0.375404E+00    0.375398E+00
      0.331819E+01    0.291022E+01    0.291031E+01    0.363198E+00    0.363207E+00
      0.341121E+01    0.286415E+01    0.286417E+01    0.350178E+00    0.350179E+00
      0.350601E+01    0.281503E+01    0.281515E+01    0.336342E+00    0.336345E+00
      0.360260E+01    0.276294E+01    0.276295E+01    0.321686E+00    0.321695E+00
      0.370096E+01    0.270798E+01    0.270815E+01    0.306209E+00    0.306212E+00
      0.380112E+01    0.265025E+01    0.265021E+01    0.289914E+00    0.289915E+00
      0.390306E+01    0.258987E+01    0.259001E+01    0.272806E+00    0.272810E+00
      0.400678E+01    0.252698E+01    0.252684E+01    0.254891E+00    0.254890E+00
      0.411229E+01    0.246171E+01    0.246198E+01    0.236179E+00    0.236181E+00
      0.421957E+01    0.239424E+01    0.239424E+01    0.216682E+00    0.216680E+00
      0.432864E+01    0.232473E+01    0.232499E+01    0.196415E+00    0.196420E+00
      0.443947E+01    0.225337E+01    0.225336E+01    0.175396E+00    0.175396E+00
      0.455208E+01    0.218036E+01    0.218052E+01    0.153646E+00    0.153648E+00
      0.466645E+01    0.210589E+01    0.210602E+01    0.131189E+00    0.131189E+00
      0.478258E+01    0.203020E+01    0.202970E+01    0.108052E+00    0.108045E+00
      0.490045E+01    0.195350E+01    0.195347E+01    0.842639E-01    0.842458E-01
      0.502007E+01    0.187602E+01    0.187626E+01    0.598580E-01    0.598290E-01
      0.514143E+01    0.179800E+01    0.179794E+01    0.348702E-01    0.348387E-01
      0.526451E+01    0.171968E+01    0.171966E+01    0.933929E-02    0.932646E-02
      0.538931E+01    0.164130E+01    0.164136E+01   -0.166929E-01   -0.166475E-01
      0.551582E+01    0.156311E+01    0.156338E+01   -0.431815E-01   -0.430139E-01
      0.564403E+01    0.148534E+01    0.148539E+01   -0.700788E-01   -0.696936E-01
      0.577392E+01    0.140823E+01    0.140867E+01   -0.973342E-01   -0.965971E-01
      0.590548E+01    0.133202E+01    0.133202E+01   -0.124894E+00   -0.123624E+00
      0.603872E+01    0.125694E+01    0.125736E+01   -0.152704E+00   -0.150662E+00
      0.617360E+01    0.118319E+01    0.118303E+01   -0.180703E+00   -0.177586E+00
      0.631012E+01    0.111099E+01    0.111134E+01   -0.208832E+00   -0.204263E+00
      0.644827E+01    0.104053E+01    0.104049E+01   -0.237026E+00   -0.230544E+00
      0.658803E+01    0.972000E+00    0.972356E+00   -0.265222E+00   -0.256271E+00
      0.672939E+01    0.905560E+00    0.905562E+00   -0.293351E+00   -0.281275E+00
      0.687234E+01    0.841363E+00    0.841727E+00   -0.321345E+00   -0.305378E+00
      0.701686E+01    0.779543E+00    0.779584E+00   -0.349133E+00   -0.328394E+00
      0.716293E+01    0.720214E+00    0.720590E+00   -0.376643E+00   -0.350132E+00
      0.731055E+01    0.663474E+00    0.663516E+00   -0.403804E+00   -0.370398E+00
      0.745970E+01    0.609398E+00    0.610525E+00   -0.430541E+00   -0.388996E+00
      0.761036E+01    0.558046E+00    0.558099E+00   -0.456781E+00   -0.405735E+00
      0.776252E+01    0.509455E+00    0.509855E+00   -0.482451E+00   -0.420430E+00
      0.791617E+01    0.463644E+00    0.463388E+00   -0.507476E+00   -0.432907E+00
      0.807128E+01    0.420613E+00    0.420971E+00   -0.531786E+00   -0.443008E+00
      0.822784E+01    0.380344E+00    0.380046E+00   -0.555307E+00   -0.450594E+00
      0.838584E+01    0.342803E+00    0.343327E+00   -0.577970E+00   -0.455552E+00
      0.854526E+01    0.307938E+00    0.307939E+00   -0.599707E+00   -0.457796E+00
      0.870609E+01    0.275683E+00    0.276186E+00   -0.620452E+00   -0.457275E+00
      0.886831E+01    0.245961E+00    0.245950E+00   -0.640142E+00   -0.453973E+00
      0.903190E+01    0.218681E+00    0.218932E+00   -0.658716E+00   -0.447916E+00
      0.919685E+01    0.193742E+00    0.193484E+00   -0.676120E+00   -0.439170E+00
      0.936314E+01    0.171035E+00    0.171582E+00   -0.692300E+00   -0.427845E+00
      0.953076E+01    0.150445E+00    0.150459E+00   -0.707207E+00   -0.414092E+00
      0.969969E+01    0.131851E+00    0.132065E+00   -0.720800E+00   -0.398107E+00
      0.986992E+01    0.115129E+00    0.115200E+00   -0.733039E+00   -0.380120E+00
      0.100414E+02    0.100154E+00    0.100313E+00   -0.743891E+00   -0.360398E+00
      0.102142E+02    0.868001E-01    0.868518E-01   -0.753329E+00   -0.339236E+00
      0.103882E+02    0.749417E-01    0.750379E-01   -0.761332E+00   -0.316950E+00
      0.105635E+02    0.644565E-01    0.644609E-01   -0.767883E+00   -0.293871E+00
      0.107400E+02    0.552253E-01    0.553201E-01   -0.772975E+00   -0.270336E+00
      0.109176E+02    0.471332E-01    0.472055E-01   -0.776603E+00   -0.246679E+00
      0.110965E+02    0.400704E-01    0.867412E-01   -0.778772E+00   -0.223223E+00
      0.112765E+02    0.339328E-01    0.551203E-01   -0.779492E+00   -0.200271E+00
      0.114577E+02    0.286226E-01    0.368637E-01   -0.778778E+00   -0.178098E+00
      0.116401E+02    0.240483E-01    0.262923E-01   -0.776654E+00   -0.156945E+00
      0.118235E+02    0.201253E-01    0.200021E-01   -0.773147E+00   -0.137017E+00
      0.120081E+02    0.167756E-01    0.160222E-01   -0.768293E+00   -0.118471E+00
      0.121938E+02    0.139281E-01    0.132588E-01   -0.762132E+00   -0.101426E+00
      0.123806E+02    0.115181E-01    0.111363E-01   -0.754708E+00   -0.859524E-01
      0.125684E+02    0.948749E-02    0.937191E-02   -0.746072E+00   -0.720799E-01
      0.127573E+02    0.778400E-02    0.783937E-02   -0.736280E+00   -0.597984E-01
      0.129473E+02    0.636125E-02    0.648909E-02   -0.725391E+00   -0.490632E-01
      0.131383E+02    0.517820E-02    0.530431E-02   -0.713468E+00   -0.397997E-01
      0.133303E+02    0.419877E-02    0.427866E-02   -0.700577E+00   -0.319102E-01
      0.135232E+02    0.339147E-02    0.340598E-02   -0.686788E+00   -0.252794E-01
      0.137172E+02    0.272894E-02    0.267689E-02   -0.672171E+00   -0.197813E-01
      0.139122E+02    0.218757E-02    0.207853E-02   -0.656800E+00   -0.152846E-01
      0.141081E+02    0.174712E-02    0.159565E-02   -0.640750E+00   -0.116580E-01
      0.143050E+02    0.139029E-02    0.121197E-02   -0.624096E+00   -0.877443E-02
      0.145028E+02    0.110245E-02    0.601722E-03   -0.606914E+00   -0.651472E-02
      0.147016E+02    0.871226E-03    0.760596E-03   -0.589279E+00   -0.476987E-02
      0.149012E+02    0.686254E-03    0.679204E-03   -0.571265E+00   -0.344273E-02
      0.151018E+02    0.538889E-03    0.545645E-03   -0.552947E+00   -0.244870E-02
      0.153032E+02    0.421956E-03    0.421767E-03   -0.534395E+00   -0.171574E-02
      0.155056E+02    0.329537E-03    0.322811E-03   -0.515681E+00   -0.118385E-02
      0.157088E+02    0.256772E-03    0.248279E-03   -0.496872E+00   -0.804112E-03
      0.159128E+02    0.199696E-03    0.193415E-03   -0.478033E+00   -0.537472E-03
      0.161177E+02    0.155085E-03    0.153150E-03   -0.459226E+00   -0.353390E-03
      0.163235E+02    0.120336E-03    0.123182E-03   -0.440509E+00   -0.228483E-03
      0.165300E+02    0.933546E-04    0.100023E-03   -0.421940E+00   -0.145209E-03
      0.167374E+02    0.724663E-04    0.806548E-04   -0.403569E+00   -0.906792E-04
      0.169455E+02    0.563371E-04    0.619657E-04   -0.385444E+00   -0.556205E-04
      0.171545E+02    0.439104E-04    0.398115E-04   -0.367611E+00   -0.334972E-04
      0.173642E+02    0.343528E-04    0.724551E-05   -0.350109E+00   -0.197998E-04
      0.175747E+02    0.270104E-04   -0.492765E-04   -0.332976E+00   -0.114822E-04
      0.177860E+02    0.213723E-04   -0.158701E-03   -0.316243E+00   -0.653028E-05
      0.179980E+02    0.170412E-04    0.307164E-06   -0.299941E+00   -0.364089E-05
      0.182108E+02    0.137095E-04    0.783410E-06   -0.284093E+00   -0.198921E-05
      0.184242E+02    0.111400E-04    0.183946E-05   -0.268722E+00   -0.106458E-05
      0.186384E+02    0.915060E-05    0.392739E-05   -0.253845E+00   -0.557856E-06
      0.188533E+02    0.760205E-05    0.749343E-05   -0.239476E+00   -0.286114E-06
      0.190690E+02    0.638828E-05    0.124301E-04   -0.225626E+00   -0.143565E-06
      0.192853E+02    0.542878E-05    0.170165E-04   -0.212304E+00   -0.704491E-07
      0.195023E+02    0.466263E-05    0.167929E-04   -0.199513E+00   -0.337937E-07
      0.197199E+02    0.404386E-05    0.498267E-05   -0.187257E+00   -0.158398E-07
      0.199382E+02    0.353791E-05   -0.229148E-04   -0.175535E+00   -0.725160E-08
      0.201572E+02    0.311879E-05   -0.590115E-04   -0.164343E+00   -0.324119E-08
      0.203769E+02    0.276701E-05   -0.716241E-04   -0.153677E+00   -0.141376E-08
      0.205971E+02    0.246795E-05   -0.461166E-05   -0.143530E+00   -0.601538E-09
      0.208181E+02    0.221063E-05    0.199445E-03   -0.133893E+00   -0.249561E-09
      0.210396E+02    0.198680E-05    0.554454E-03   -0.124756E+00   -0.100909E-09
      0.212617E+02    0.179022E-05    0.993167E-03   -0.116107E+00   -0.397496E-10
      0.214845E+02    0.161614E-05    0.137649E-02   -0.107933E+00   -0.152473E-10
      0.217079E+02    0.146093E-05    0.145434E-05   -0.100220E+00   -0.569272E-11
      0.219318E+02    0.132178E-05    0.132157E-05   -0.929535E-01   -0.206785E-11
      0.221563E+02    0.119648E-05    0.119714E-05   -0.861181E-01   -0.730464E-12
      0.223815E+02    0.108328E-05    0.108318E-05   -0.796977E-01   -0.250820E-12
      0.226072E+02    0.980770E-06    0.980297E-06   -0.736759E-01   -0.836783E-13
      0.228334E+02    0.887769E-06    0.887738E-06   -0.680361E-01   -0.271115E-13
      0.230602E+02    0.803301E-06    0.803767E-06   -0.627615E-01   -0.852682E-14
      0.232876E+02    0.726533E-06    0.726158E-06   -0.578352E-01   -0.260204E-14
      0.235155E+02    0.656742E-06    0.652699E-06   -0.532405E-01   -0.770074E-15
      0.237439E+02    0.593293E-06    0.581632E-06   -0.489609E-01   -0.220924E-15
      0.239729E+02    0.535622E-06    0.511943E-06   -0.449799E-01   -0.614104E-16
      0.242024E+02    0.483225E-06    0.443473E-06   -0.412815E-01   -0.165321E-16
      0.244324E+02    0.435643E-06    0.376834E-06   -0.378500E-01   -0.430820E-17
      0.246630E+02    0.392461E-06    0.313194E-06   -0.346701E-01   -0.108628E-17
      0.248940E+02    0.353298E-06    0.253967E-06   -0.317269E-01   -0.264884E-18
      0.251255E+02    0.317808E-06    0.200495E-06   -0.290062E-01   -0.624360E-19
      0.253575E+02    0.285670E-06    0.153836E-06   -0.264940E-01   -0.142191E-19
      0.255901E+02    0.256592E-06    0.114544E-06   -0.241771E-01   -0.312720E-20
      0.258230E+02    0.230303E-06    0.826578E-07   -0.220427E-01   -0.663862E-21
      0.260565E+02    0.206556E-06    0.577425E-07   -0.200788E-01   -0.135965E-21
      0.262905E+02    0.185123E-06    0.390090E-07   -0.182736E-01   -0.268532E-22
      0.265249E+02    0.165794E-06    0.254616E-07   -0.166162E-01   -0.511173E-23
      0.267597E+02    0.148378E-06    0.160428E-07   -0.150960E-01   -0.937415E-24
      0.269950E+02    0.132697E-06    0.974959E-08   -0.137033E-01   -0.165529E-24
      0.272308E+02    0.118591E-06    0.571031E-08   -0.124286E-01   -0.281307E-25
      0.274670E+02    0.105911E-06    0.322076E-08   -0.112631E-01   -0.459870E-26
      0.277037E+02    0.945220E-07    0.174803E-08   -0.101986E-01   -0.722808E-27
      0.279407E+02    0.843012E-07    0.912215E-09   -0.922719E-02   -0.109176E-27
      0.281782E+02    0.751357E-07    0.457375E-09   -0.834167E-02   -0.158390E-28
      0.284162E+02    0.669227E-07    0.220162E-09   -0.753520E-02   -0.220602E-29
      0.286545E+02    0.595689E-07    0.101664E-09   -0.680141E-02   -0.294816E-30
      0.288933E+02    0.529893E-07    0.450005E-10   -0.613438E-02   -0.377864E-31
      0.291324E+02    0.471066E-07    0.190786E-10   -0.552857E-02   -0.464236E-32
      0.293720E+02    0.418510E-07    0.774127E-11   -0.497888E-02   -0.546440E-33
      0.296120E+02    0.371588E-07    0.300379E-11   -0.448054E-02   -0.615918E-34
      0.298524E+02    0.329727E-07    0.111370E-11   -0.402915E-02   -0.664445E-35
      0.300931E+02    0.292407E-07    0.394233E-12   -0.362063E-02   -0.685687E-36
      0.303343E+02    0.259157E-07    0.133128E-12   -0.325123E-02   -0.676550E-37
      0.305758E+02    0.229555E-07    0.428503E-13   -0.291748E-02   -0.637907E-38
      0.308177E+02    0.203216E-07    0.131355E-13   -0.261619E-02   -0.574476E-39
      0.310600E+02    0.179798E-07    0.383157E-14   -0.234441E-02   -0.493876E-40
      0.313026E+02    0.158989E-07    0.106262E-14   -0.209946E-02   -0.405107E-41
      0.315456E+02    0.140510E-07    0.279947E-15   -0.187886E-02   -0.316882E-42
      0.317890E+02    0.124112E-07    0.699994E-16   -0.168033E-02   -0.236253E-43
      0.320327E+02    0.109568E-07    0.165979E-16   -0.150181E-02   -0.167794E-44
      0.322768E+02    0.966765E-08    0.372884E-17   -0.134141E-02   -0.113467E-45
      0.325212E+02    0.852573E-08    0.792992E-18   -0.119738E-02   -0.730166E-47
      0.327660E+02    0.751479E-08    0.159497E-18   -0.106815E-02   -0.446898E-48
      0.330111E+02    0.662033E-08    0.303134E-19   -0.952287E-03   -0.260013E-49
      0.332566E+02    0.582939E-08    0.543906E-20   -0.848478E-03   -0.143732E-50
      0.335024E+02    0.513038E-08    0.920502E-21   -0.755534E-03   -0.754478E-52
      0.337485E+02    0.451297E-08    0.146805E-21   -0.672375E-03   -0.375877E-53
      0.339950E+02    0.396793E-08    0.220431E-22   -0.598021E-03   -0.177630E-54
      0.342418E+02    0.348704E-08    0.311330E-23   -0.531583E-03   -0.795841E-56
      0.344889E+02    0.306298E-08    0.413218E-24   -0.472259E-03   -0.337861E-57
      0.347363E+02    0.268923E-08    0.514925E-25   -0.419321E-03   -0.135838E-58
      0.349840E+02    0.236000E-08    0.601877E-26   -0.372111E-03   -0.516934E-60
      0.352321E+02    0.207013E-08    0.659264E-27   -0.330036E-03   -0.186100E-61
      0.354804E+02    0.181504E-08    0.676066E-28   -0.292561E-03   -0.633462E-63
      0.357291E+02    0.159068E-08    0.648460E-29   -0.259204E-03   -0.203759E-64
      0.359780E+02    0.139345E-08    0.581201E-30   -0.229529E-03   -0.619016E-66
      0.362273E+02    0.122014E-08    0.486297E-31   -0.203146E-03   -0.177515E-67
      0.364768E+02    0.106792E-08    0.379481E-32   -0.179704E-03   -0.480261E-69
      0.367267E+02    0.934304E-09    0.275913E-33   -0.158886E-03   -0.122515E-70
      0.369768E+02    0.817063E-09    0.186735E-34   -0.140410E-03   -0.294535E-72
      0.372272E+02    0.714239E-09    0.117524E-35   -0.124022E-03   -0.666921E-74
      0.374779E+02    0.624101E-09    0.687146E-37   -0.109492E-03   -0.142155E-75
      0.377289E+02    0.545119E-09    0.372878E-38   -0.966190E-04   -0.285077E-77
      0.379802E+02    0.475943E-09    0.187609E-39   -0.852186E-04   -0.537566E-79
      0.382317E+02    0.415383E-09    0.874332E-41   -0.751282E-04   -0.952637E-81
      0.384835E+02    0.362388E-09    0.377056E-42   -0.662018E-04   -0.158566E-82
      0.387356E+02    0.316034E-09    0.150317E-43   -0.583094E-04   -0.247761E-84
      0.389880E+02    0.275504E-09    0.553414E-45   -0.513347E-04   -0.363208E-86
      0.392406E+02    0.240083E-09    0.187973E-46   -0.451741E-04   -0.499269E-88
      0.394935E+02    0.209138E-09    0.588447E-48   -0.397353E-04   -0.643169E-90
      0.397466E+02    0.182116E-09    0.169609E-49   -0.349361E-04   -0.776038E-92
      0.400000E+02    0.158528E-09    0.449654E-51   -0.307033E-04   -0.876523E-94
      0.402536E+02    0.137946E-09    0.109536E-52   -0.269719E-04   -0.926235E-96
      0.405075E+02    0.119995E-09    0.244929E-54   -0.236841E-04   -0.915187E-98
      0.407617E+02    0.104343E-09    0.502213E-56   -0.207884E-04   -0.845053-100
      0.410161E+02    0.907014E-10    0.943306E-58   -0.182393E-04   -0.728781-102
      0.412707E+02    0.788168E-10    0.162140E-59   -0.159963E-04   -0.586681-104
      0.415256E+02    0.684666E-10    0.254773E-61   -0.140235E-04   -0.440607-106
      0.417807E+02    0.594559E-10    0.365589E-63   -0.122892E-04   -0.308530-108
      0.420361E+02    0.516142E-10    0.478587E-65   -0.107652E-04   -0.201323-110
      0.422917E+02    0.447922E-10    0.570961E-67   -0.942660E-05   -0.122346-112
      0.425475E+02    0.388593E-10    0.620123E-69   -0.825133E-05   -0.692047-115
      0.428036E+02    0.337012E-10    0.612524E-71   -0.721991E-05   -0.364154-117
      0.430599E+02    0.292177E-10    0.549652E-73   -0.631512E-05   -0.178151-119
      0.433164E+02    0.253214E-10    0.447628E-75   -0.552174E-05   -0.809826-122
      0.435732E+02    0.219352E-10    0.330488E-77   -0.482635E-05   -0.341861-124
      0.438301E+02    0.189913E-10    0.220976E-79   -0.421710E-05   -0.133939-126
      0.440873E+02    0.164293E-10    0.133669E-81   -0.368354E-05   -0.486762-129
      0.443447E+02    0.141942E-10    0.730718E-84   -0.321647E-05   -0.163993-131
      0.446024E+02    0.122348E-10    0.360616E-86   -0.280777E-05   -0.511896-134
      0.448602E+02    0.105004E-10    0.160492E-88   -0.245031E-05   -0.147956-136
      0.451183E+02    0.893640E-11    0.643453E-91   -0.213780E-05   -0.395757-139
      0.453765E+02    0.747784E-11    0.232150E-93   -0.186472E-05   -0.979068-142
      0.456350E+02    0.603818E-11    0.752917E-96   -0.162620E-05   -0.223890-144
      0.458937E+02    0.449090E-11    0.219274E-98   -0.141798E-05   -0.472978-147
      0.461526E+02    0.263841E-11    0.572824-101   -0.123632E-05   -0.922521-150
      0.464117E+02    0.000000E+00    0.000000E+00    0.000000E+00    0.000000E+00
