 
  EnergyXF(  1s(m=  0))=  -54.7254965736         5.1626844999       -59.8881810736 Int_Ort=        39.34451
    Energy(L=  0,ML= 0)=   -0.7284301914         0.0650342863        -0.7934644777 Int_Ort= ***************
    Energy(L=  1,ML= 0)=   -1.0282058039         0.0926352926        -1.1208410966 Int_Ort= ***************
    Energy(L=  2,ML= 0)=   -1.1917290494         0.1073768951        -1.2991059445 Int_Ort= ***************
    Energy(L=  3,ML= 0)=   -1.2719781847         0.1152210293        -1.3871992140 Int_Ort= ***************
    Energy(L=  4,ML= 0)=   -1.3138527876         0.1198307175        -1.4336835051 Int_Ort= ***************
    Energy(L=  5,ML= 0)=   -1.3378908396         0.1227774890        -1.4606683286 Int_Ort= ***************
    Energy(L=  6,ML= 0)=   -1.3527736682         0.1247770072        -1.4775506754 Int_Ort= ***************
    Energy(L=  7,ML= 0)=   -1.3625258604         0.1261893720        -1.4887152324 Int_Ort= ***************
    Energy(L=  8,ML= 0)=   -1.3691967420         0.1272213652        -1.4964181072 Int_Ort= ***************
    Energy(L=  9,ML= 0)=   -1.3739206525         0.1279940063        -1.5019146588 Int_Ort= ***************
    Energy(L= 10,ML= 0)=   -1.3773599245         0.1285869408        -1.5059468652 Int_Ort= ***************
    Energy(L= 11,ML= 0)=   -1.3799234132         0.1290500075        -1.5089734207 Int_Ort= ***************
    Energy(L= 12,ML= 0)=   -1.3818711926         0.1294188528        -1.5112900454 Int_Ort= ***************
    Energy(L= 13,ML= 0)=   -1.3833764769         0.1297165440        -1.5130930209 Int_Ort= ***************
    Energy(L= 14,ML= 0)=   -1.3845569449         0.1299605452        -1.5145174901 Int_Ort= ***************
    Energy(L= 15,ML= 0)=   -1.3854956864         0.1301623291        -1.5156580155 Int_Ort= ***************
    Energy(L= 16,ML= 0)=   -1.3862507479         0.1303305951        -1.5165813430 Int_Ort= ***************
    Energy(L= 17,ML= 0)=   -1.3868650216         0.1304712562        -1.5173362778 Int_Ort= ***************
    Energy(L= 18,ML= 0)=   -1.3873694363         0.1305904976        -1.5179599339 Int_Ort= ***************
    Energy(L= 19,ML= 0)=   -1.3877860728         0.1306934369        -1.5184795097 Int_Ort= ***************
    Energy(L= 20,ML= 0)=   -1.3881322875         0.1307831484        -1.5189154359 Int_Ort= ***************
    Energy(L= 21,ML= 0)=   -1.3884222338         0.1308620251        -1.5192842589 Int_Ort= ***************
    Energy(L= 22,ML= 0)=   -1.3886666128         0.1309312757        -1.5195978885 Int_Ort= ***************
    Energy(L= 23,ML= 0)=   -1.3888730922         0.1309928644        -1.5198659565 Int_Ort= ***************
    Energy(L= 24,ML= 0)=   -1.3890483448         0.1310486237        -1.5200969684 Int_Ort= ***************
    Energy(L= 25,ML= 0)=   -1.3891977502         0.1310991521        -1.5202969023 Int_Ort= ***************
    Energy(L= 26,ML= 0)=   -1.3893256213         0.1311447945        -1.5204704158 Int_Ort= ***************
    Energy(L= 27,ML= 0)=   -1.3894345785         0.1311872884        -1.5206218669 Int_Ort= ***************
    Energy(L= 28,ML= 0)=   -1.3895278343         0.1312269250        -1.5207547593 Int_Ort= ***************
    Energy(L= 29,ML= 0)=   -1.3896093217         0.1312622852        -1.5208716068 Int_Ort= ***************
    Energy(L= 30,ML= 0)=   -1.3896804395         0.1312944415        -1.5209748809 Int_Ort= ***************
    Energy(L= 31,ML= 0)=   -1.3897404466         0.1313261708        -1.5210666174 Int_Ort= ***************
    Energy(L= 32,ML= 0)=   -1.3897927522         0.1313553325        -1.5211480847 Int_Ort= ***************
    Energy(L= 33,ML= 0)=   -1.3898402187         0.1313805108        -1.5212207296 Int_Ort= ***************
    Energy(L= 34,ML= 0)=   -1.3898813100         0.1314044842        -1.5212857942 Int_Ort= ***************
    Energy(L= 35,ML= 0)=   -1.3899161410         0.1314280710        -1.5213442120 Int_Ort= ***************
    Energy(L= 36,ML= 0)=   -1.3899448476         0.1314519300        -1.5213967776 Int_Ort= ***************
    Energy(L= 37,ML= 0)=   -1.3899690800         0.1314750565        -1.5214441365 Int_Ort= ***************
    Energy(L= 38,ML= 0)=   -1.3899912916         0.1314956744        -1.5214869661 Int_Ort= ***************
    Energy(L= 39,ML= 0)=   -1.3900090382         0.1315167064        -1.5215257446 Int_Ort= ***************
    Energy(L= 40,ML= 0)=   -1.3900280965         0.1315329131        -1.5215610096 Int_Ort= ***************
    Energy(L= 41,ML= 0)=   -1.3900412723         0.1315518766        -1.5215931489 Int_Ort= ***************
    Energy(L= 42,ML= 0)=   -1.3900528367         0.1315696314        -1.5216224681 Int_Ort= ***************
    Energy(L= 43,ML= 0)=   -1.3900613102         0.1315878104        -1.5216491206 Int_Ort= ***************
    Energy(L= 44,ML= 0)=   -1.3900685311         0.1316049299        -1.5216734610 Int_Ort= ***************
    Energy(L= 45,ML= 0)=   -1.3900748550         0.1316210088        -1.5216958639 Int_Ort= ***************
    Energy(L= 46,ML= 0)=   -1.3900797773         0.1316366653        -1.5217164426 Int_Ort= ***************
    Energy(L= 47,ML= 0)=   -1.3900839931         0.1316513832        -1.5217353763 Int_Ort= ***************
    Energy(L= 48,ML= 0)=   -1.3900877415         0.1316651563        -1.5217528978 Int_Ort= ***************
    Energy(L= 49,ML= 0)=   -1.3900898574         0.1316791677        -1.5217690252 Int_Ort= ***************
    Energy(L= 50,ML= 0)=   -1.3900897003         0.1316941492        -1.5217838494 Int_Ort= ***************
 
  EnergyXF(  2s(m=  0))=   -2.1055482903         0.2313092289        -2.3368575192 Int_Ort=         5.03900
    Energy(L=  0,ML= 0)=   -0.4147467196         0.0960029796        -0.5107496992 Int_Ort= 0.6466060806559
    Energy(L=  1,ML= 0)=   -0.6435170246         0.1230238347        -0.7665408593 Int_Ort= 1.1948265856143
    Energy(L=  2,ML= 0)=   -0.7674233116         0.1330965435        -0.9005198552 Int_Ort= 1.3214579430230
    Energy(L=  3,ML= 0)=   -0.8266459377         0.1386030485        -0.9652489861 Int_Ort= 1.3412147726108
    Energy(L=  4,ML= 0)=   -0.8574654820         0.1419001894        -0.9993656714 Int_Ort= 1.3457247608408
    Energy(L=  5,ML= 0)=   -0.8749909554         0.1440003566        -1.0189913120 Int_Ort= 1.3473530823708
    Energy(L=  6,ML= 0)=   -0.8857664958         0.1454237155        -1.0311902113 Int_Ort= 1.3480882663793
    Energy(L=  7,ML= 0)=   -0.8927957235         0.1464284700        -1.0392241935 Int_Ort= 1.3484642177876
    Energy(L=  8,ML= 0)=   -0.8975894281         0.1471592722        -1.0447487003 Int_Ort= 1.3486726648309
    Energy(L=  9,ML= 0)=   -0.9009769521         0.1477044974        -1.0486814494 Int_Ort= 1.3487954029872
    Energy(L= 10,ML= 0)=   -0.9034412227         0.1481198418        -1.0515610645 Int_Ort= 1.3488712045480
    Energy(L= 11,ML= 0)=   -0.9052773956         0.1484417384        -1.0537191340 Int_Ort= 1.3489198566045
    Energy(L= 12,ML= 0)=   -0.9066739011         0.1486950675        -1.0553689686 Int_Ort= 1.3489521067574
    Energy(L= 13,ML= 0)=   -0.9077550877         0.1488971792        -1.0566522669 Int_Ort= 1.3489740856771
    Energy(L= 14,ML= 0)=   -0.9086051479         0.1490603357        -1.0576654836 Int_Ort= 1.3489894254728
    Energy(L= 15,ML= 0)=   -0.9092825441         0.1491933909        -1.0584759350 Int_Ort= 1.3490003531203
    Energy(L= 16,ML= 0)=   -0.9098288298         0.1493029016        -1.0591317314 Int_Ort= 1.3490082788409
    Energy(L= 17,ML= 0)=   -0.9102741238         0.1493937879        -1.0596679117 Int_Ort= 1.3490141202505
    Energy(L= 18,ML= 0)=   -0.9106406335         0.1494698036        -1.0601104371 Int_Ort= 1.3490184885192
    Energy(L= 19,ML= 0)=   -0.9109449914         0.1495338451        -1.0604788364 Int_Ort= 1.3490217989442
    Energy(L= 20,ML= 0)=   -0.9111997871         0.1495881619        -1.0607879490 Int_Ort= 1.3490243382681
    Energy(L= 21,ML= 0)=   -0.9114146548         0.1496345027        -1.0610491576 Int_Ort= 1.3490263074000
    Energy(L= 22,ML= 0)=   -0.9115970641         0.1496742538        -1.0612713179 Int_Ort= 1.3490278495073
    Energy(L= 23,ML= 0)=   -0.9117528870         0.1497085270        -1.0614614139 Int_Ort= 1.3490290683264
    Energy(L= 24,ML= 0)=   -0.9118867656         0.1497382227        -1.0616249882 Int_Ort= 1.3490300398807
    Energy(L= 25,ML= 0)=   -0.9120024067         0.1497640676        -1.0617664744 Int_Ort= 1.3490308205094
    Energy(L= 26,ML= 0)=   -0.9121027967         0.1497866590        -1.0618894557 Int_Ort= 1.3490314524166
    Energy(L= 27,ML= 0)=   -0.9121903584         0.1498064872        -1.0619968456 Int_Ort= 1.3490319675029
    Energy(L= 28,ML= 0)=   -0.9122670528         0.1498239513        -1.0620910041 Int_Ort= 1.3490323899267
    Energy(L= 29,ML= 0)=   -0.9123344835         0.1498393738        -1.0621738573 Int_Ort= 1.3490327381871
    Energy(L= 30,ML= 0)=   -0.9123939807         0.1498530309        -1.0622470116 Int_Ort= 1.3490330267375
    Energy(L= 31,ML= 0)=   -0.9124466699         0.1498651636        -1.0623118335 Int_Ort= 1.3490332670933
    Energy(L= 32,ML= 0)=   -0.9124935027         0.1498759836        -1.0623694862 Int_Ort= 1.3490334684531
    Energy(L= 33,ML= 0)=   -0.9125352770         0.1498856673        -1.0624209443 Int_Ort= 1.3490336380709
    Energy(L= 34,ML= 0)=   -0.9125726524         0.1498943582        -1.0624670106 Int_Ort= 1.3490337816089
    Energy(L= 35,ML= 0)=   -0.9126061803         0.1499021715        -1.0625083518 Int_Ort= 1.3490339035322
    Energy(L= 36,ML= 0)=   -0.9126363360         0.1499092124        -1.0625455484 Int_Ort= 1.3490340074966
    Energy(L= 37,ML= 0)=   -0.9126635364         0.1499155754        -1.0625791119 Int_Ort= 1.3490340965237
    Energy(L= 38,ML= 0)=   -0.9126881358         0.1499213420        -1.0626094777 Int_Ort= 1.3490341730716
    Energy(L= 39,ML= 0)=   -0.9127104317         0.1499265764        -1.0626370081 Int_Ort= 1.3490342391045
    Energy(L= 40,ML= 0)=   -0.9127306827         0.1499313358        -1.0626620186 Int_Ort= 1.3490342962382
    Energy(L= 41,ML= 0)=   -0.9127491173         0.1499356725        -1.0626847899 Int_Ort= 1.3490343458257
    Energy(L= 42,ML= 0)=   -0.9127659305         0.1499396306        -1.0627055611 Int_Ort= 1.3490343889791
    Energy(L= 43,ML= 0)=   -0.9127812908         0.1499432463        -1.0627245370 Int_Ort= 1.3490344266212
    Energy(L= 44,ML= 0)=   -0.9127953500         0.1499465553        -1.0627419053 Int_Ort= 1.3490344595469
    Energy(L= 45,ML= 0)=   -0.9128082469         0.1499495919        -1.0627578388 Int_Ort= 1.3490344884484
    Energy(L= 46,ML= 0)=   -0.9128201010         0.1499523848        -1.0627724858 Int_Ort= 1.3490345138997
    Energy(L= 47,ML= 0)=   -0.9128310135         0.1499549565        -1.0627859700 Int_Ort= 1.3490345363599
    Energy(L= 48,ML= 0)=   -0.9128410698         0.1499573250        -1.0627983947 Int_Ort= 1.3490345561970
    Energy(L= 49,ML= 0)=   -0.9128503433         0.1499595042        -1.0628098475 Int_Ort= 1.3490345737212
    Energy(L= 50,ML= 0)=   -0.9128589055         0.1499615111        -1.0628204166 Int_Ort= 1.3490345892322
