    0        -54.7254965736          0.0000000000          0.0000000000
 
    0         -0.7284301914          5.0976502136         59.0947165958
    1         -1.0282058039          5.0700492073         58.7673399770
    2         -1.1917290494          5.0553076048         58.5890751291
    3         -1.2719781847          5.0474634706         58.5009818595
    4         -1.3138527876          5.0428537824         58.4544975685
    5         -1.3378908396          5.0399070109         58.4275127450
    6         -1.3527736682          5.0379074927         58.4106303982
    7         -1.3625258604          5.0364951279         58.3994658412
    8         -1.3691967420          5.0354631347         58.3917629663
    9         -1.3739206525          5.0346904936         58.3862664148
   10         -1.3773599245          5.0340975592         58.3822342083
   11         -1.3799234132          5.0336344924         58.3792076529
   12         -1.3818711926          5.0332656471         58.3768910281
   13         -1.3833764769          5.0329679559         58.3750880526
   14         -1.3845569449          5.0327239548         58.3736635835
   15         -1.3854956864          5.0325221708         58.3725230581
   16         -1.3862507479          5.0323539048         58.3715997306
   17         -1.3868650216          5.0322132437         58.3708447957
   18         -1.3873694363          5.0320940023         58.3702211397
   19         -1.3877860728          5.0319910630         58.3697015639
   20         -1.3881322875          5.0319013515         58.3692656377
   21         -1.3884222338          5.0318224748         58.3688968146
   22         -1.3886666128          5.0317532242         58.3685831851
   23         -1.3888730922          5.0316916355         58.3683151170
   24         -1.3890483448          5.0316358763         58.3680841051
   25         -1.3891977502          5.0315853478         58.3678841712
   26         -1.3893256213          5.0315397054         58.3677106578
   27         -1.3894345785          5.0314972115         58.3675592066
   28         -1.3895278343          5.0314575749         58.3674263143
   29         -1.3896093217          5.0314222148         58.3673094667
   30         -1.3896804395          5.0313900585         58.3672061926
   31         -1.3897404466          5.0313583291         58.3671144562
   32         -1.3897927522          5.0313291674         58.3670329889
   33         -1.3898402187          5.0313039891         58.3669603440
   34         -1.3898813100          5.0312800157         58.3668952794
   35         -1.3899161410          5.0312564289         58.3668368616
   36         -1.3899448476          5.0312325699         58.3667842960
   37         -1.3899690800          5.0312094434         58.3667369371
   38         -1.3899912916          5.0311888255         58.3666941075
   39         -1.3900090382          5.0311677935         58.3666553290
   40         -1.3900280965          5.0311515868         58.3666200639
   41         -1.3900412723          5.0311326234         58.3665879247
   42         -1.3900528367          5.0311148685         58.3665586055
   43         -1.3900613102          5.0310966895         58.3665319529
   44         -1.3900685311          5.0310795700         58.3665076125
   45         -1.3900748550          5.0310634911         58.3664852097
   46         -1.3900797773          5.0310478346         58.3664646309
   47         -1.3900839931          5.0310331167         58.3664456973
   48         -1.3900877415          5.0310193437         58.3664281758
   49         -1.3900898574          5.0310053322         58.3664120484
   50         -1.3900897003          5.0309903507         58.3663972241
    0         -2.1055482903          0.0000000000          0.0000000000
 
    0         -0.4147467196          0.1353062493          1.8261078200
    1         -0.6435170246          0.1082853942          1.5703166600
    2         -0.7674233116          0.0982126854          1.4363376641
    3         -0.8266459377          0.0927061805          1.3716085331
    4         -0.8574654820          0.0894090396          1.3374918478
    5         -0.8749909554          0.0873088723          1.3178662072
    6         -0.8857664958          0.0858855134          1.3056673079
    7         -0.8927957235          0.0848807589          1.2976333257
    8         -0.8975894281          0.0841499567          1.2921088189
    9         -0.9009769521          0.0836047315          1.2881760698
   10         -0.9034412227          0.0831893871          1.2852964547
   11         -0.9052773956          0.0828674905          1.2831383852
   12         -0.9066739011          0.0826141614          1.2814885506
   13         -0.9077550877          0.0824120497          1.2802052523
   14         -0.9086051479          0.0822488932          1.2791920356
   15         -0.9092825441          0.0821158380          1.2783815842
   16         -0.9098288298          0.0820063274          1.2777257879
   17         -0.9102741238          0.0819154410          1.2771896075
   18         -0.9106406335          0.0818394253          1.2767470821
   19         -0.9109449914          0.0817753838          1.2763786828
   20         -0.9111997871          0.0817210670          1.2760695702
   21         -0.9114146548          0.0816747262          1.2758083617
   22         -0.9115970641          0.0816349751          1.2755862013
   23         -0.9117528870          0.0816007020          1.2753961053
   24         -0.9118867656          0.0815710062          1.2752325310
   25         -0.9120024067          0.0815451613          1.2750910448
   26         -0.9121027967          0.0815225699          1.2749680636
   27         -0.9121903584          0.0815027417          1.2748606736
   28         -0.9122670528          0.0814852776          1.2747665152
   29         -0.9123344835          0.0814698552          1.2746836620
   30         -0.9123939807          0.0814561980          1.2746105076
   31         -0.9124466699          0.0814440653          1.2745456857
   32         -0.9124935027          0.0814332453          1.2744880330
   33         -0.9125352770          0.0814235616          1.2744365749
   34         -0.9125726524          0.0814148707          1.2743905086
   35         -0.9126061803          0.0814070574          1.2743491675
   36         -0.9126363360          0.0814000166          1.2743119708
   37         -0.9126635364          0.0813936535          1.2742784073
   38         -0.9126881358          0.0813878869          1.2742480415
   39         -0.9127104317          0.0813826526          1.2742205111
   40         -0.9127306827          0.0813778931          1.2741955007
   41         -0.9127491173          0.0813735564          1.2741727294
   42         -0.9127659305          0.0813695983          1.2741519581
   43         -0.9127812908          0.0813659827          1.2741329822
   44         -0.9127953500          0.0813626736          1.2741156139
   45         -0.9128082469          0.0813596370          1.2740996804
   46         -0.9128201010          0.0813568441          1.2740850334
   47         -0.9128310135          0.0813542724          1.2740715492
   48         -0.9128410698          0.0813519039          1.2740591245
   49         -0.9128503433          0.0813497247          1.2740476717
   50         -0.9128589055          0.0813477178          1.2740371026
