
            r               1s              2s              2p
        0.0000015   0.0000000E+00   0.0000000E+00   0.0000000E+00
        0.0000015   0.7960533E-04   0.1844439E-04   0.4902683E-10
        0.0000016   0.8285401E-04   0.1919710E-04   0.5311012E-10
        0.0000017   0.8623527E-04   0.1998053E-04   0.5753349E-10
        0.0000017   0.8975452E-04   0.2079593E-04   0.6232526E-10
        0.0000018   0.9341738E-04   0.2164461E-04   0.6751612E-10
        0.0000019   0.9722973E-04   0.2252792E-04   0.7313931E-10
        0.0000020   0.1011976E-03   0.2344728E-04   0.7923084E-10
        0.0000020   0.1053275E-03   0.2440416E-04   0.8582971E-10
        0.0000021   0.1096259E-03   0.2540008E-04   0.9297818E-10
        0.0000022   0.1140997E-03   0.2643665E-04   0.1007220E-09
        0.0000023   0.1187561E-03   0.2751553E-04   0.1091108E-09
        0.0000024   0.1236025E-03   0.2863843E-04   0.1181983E-09
        0.0000025   0.1286466E-03   0.2980715E-04   0.1280426E-09
        0.0000026   0.1338966E-03   0.3102357E-04   0.1387068E-09
        0.0000027   0.1393609E-03   0.3228963E-04   0.1502592E-09
        0.0000028   0.1450482E-03   0.3360735E-04   0.1627738E-09
        0.0000029   0.1509675E-03   0.3497885E-04   0.1763306E-09
        0.0000030   0.1571284E-03   0.3640632E-04   0.1910166E-09
        0.0000032   0.1635407E-03   0.3789204E-04   0.2069257E-09
        0.0000033   0.1702147E-03   0.3943839E-04   0.2241597E-09
        0.0000034   0.1771611E-03   0.4104784E-04   0.2428292E-09
        0.0000036   0.1843909E-03   0.4272297E-04   0.2630535E-09
        0.0000037   0.1919157E-03   0.4446647E-04   0.2849623E-09
        0.0000039   0.1997477E-03   0.4628111E-04   0.3086957E-09
        0.0000040   0.2078992E-03   0.4816980E-04   0.3344058E-09
        0.0000042   0.2163834E-03   0.5013556E-04   0.3622572E-09
        0.0000044   0.2252137E-03   0.5218155E-04   0.3924282E-09
        0.0000045   0.2344045E-03   0.5431102E-04   0.4251120E-09
        0.0000047   0.2439703E-03   0.5652739E-04   0.4605179E-09
        0.0000049   0.2539264E-03   0.5883421E-04   0.4988726E-09
        0.0000051   0.2642888E-03   0.6123516E-04   0.5404217E-09
        0.0000053   0.2750741E-03   0.6373408E-04   0.5854312E-09
        0.0000055   0.2862995E-03   0.6633498E-04   0.6341894E-09
        0.0000058   0.2979829E-03   0.6904201E-04   0.6870084E-09
        0.0000060   0.3101431E-03   0.7185951E-04   0.7442264E-09
        0.0000062   0.3227996E-03   0.7479197E-04   0.8062098E-09
        0.0000065   0.3359724E-03   0.7784410E-04   0.8733556E-09
        0.0000068   0.3496829E-03   0.8102077E-04   0.9460935E-09
        0.0000070   0.3639527E-03   0.8432707E-04   0.1024889E-08
        0.0000073   0.3788049E-03   0.8776829E-04   0.1110248E-08
        0.0000076   0.3942631E-03   0.9134992E-04   0.1202715E-08
        0.0000079   0.4103521E-03   0.9507770E-04   0.1302884E-08
        0.0000083   0.4270975E-03   0.9895759E-04   0.1411395E-08
        0.0000086   0.4445263E-03   0.1029958E-03   0.1528943E-08
        0.0000090   0.4626662E-03   0.1071988E-03   0.1656282E-08
        0.0000093   0.4815464E-03   0.1115733E-03   0.1794225E-08
        0.0000097   0.5011968E-03   0.1161262E-03   0.1943657E-08
        0.0000101   0.5216491E-03   0.1208650E-03   0.2105535E-08
        0.0000105   0.5429359E-03   0.1257971E-03   0.2280894E-08
        0.0000109   0.5650913E-03   0.1309305E-03   0.2470857E-08
        0.0000114   0.5881507E-03   0.1362733E-03   0.2676642E-08
        0.0000119   0.6121509E-03   0.1418341E-03   0.2899565E-08
        0.0000123   0.6371303E-03   0.1476217E-03   0.3141053E-08
        0.0000128   0.6631290E-03   0.1536456E-03   0.3402654E-08
        0.0000134   0.6901884E-03   0.1599152E-03   0.3686041E-08
        0.0000139   0.7183519E-03   0.1664406E-03   0.3993030E-08
        0.0000145   0.7476644E-03   0.1732323E-03   0.4325585E-08
        0.0000151   0.7781729E-03   0.1803010E-03   0.4685836E-08
        0.0000157   0.8099261E-03   0.1876582E-03   0.5076090E-08
        0.0000163   0.8429748E-03   0.1953155E-03   0.5498845E-08
        0.0000170   0.8773718E-03   0.2032852E-03   0.5956808E-08
        0.0000177   0.9131722E-03   0.2115800E-03   0.6452910E-08
        0.0000184   0.9504330E-03   0.2202133E-03   0.6990329E-08
        0.0000192   0.9892140E-03   0.2291988E-03   0.7572504E-08
        0.0000199   0.1029577E-02   0.2385508E-03   0.8203164E-08
        0.0000207   0.1071587E-02   0.2482844E-03   0.8886345E-08
        0.0000216   0.1115310E-02   0.2584150E-03   0.9626421E-08
        0.0000225   0.1160818E-02   0.2689590E-03   0.1042813E-07
        0.0000234   0.1208181E-02   0.2799330E-03   0.1129661E-07
        0.0000243   0.1257477E-02   0.2913547E-03   0.1223741E-07
        0.0000253   0.1308783E-02   0.3032423E-03   0.1325656E-07
        0.0000264   0.1362183E-02   0.3156148E-03   0.1436059E-07
        0.0000275   0.1417760E-02   0.3284920E-03   0.1555655E-07
        0.0000286   0.1475605E-02   0.3418945E-03   0.1685212E-07
        0.0000297   0.1535809E-02   0.3558436E-03   0.1825558E-07
        0.0000310   0.1598468E-02   0.3703617E-03   0.1977591E-07
        0.0000322   0.1663684E-02   0.3854719E-03   0.2142285E-07
        0.0000335   0.1731559E-02   0.4011984E-03   0.2320694E-07
        0.0000349   0.1802202E-02   0.4175664E-03   0.2513961E-07
        0.0000363   0.1875726E-02   0.4346018E-03   0.2723322E-07
        0.0000378   0.1952249E-02   0.4523320E-03   0.2950117E-07
        0.0000393   0.2031893E-02   0.4707853E-03   0.3195799E-07
        0.0000410   0.2114785E-02   0.4899911E-03   0.3461940E-07
        0.0000426   0.2201057E-02   0.5099802E-03   0.3750243E-07
        0.0000444   0.2290847E-02   0.5307843E-03   0.4062554E-07
        0.0000462   0.2384298E-02   0.5524367E-03   0.4400872E-07
        0.0000481   0.2481559E-02   0.5749720E-03   0.4767363E-07
        0.0000500   0.2582787E-02   0.5984262E-03   0.5164371E-07
        0.0000521   0.2688142E-02   0.6228367E-03   0.5594439E-07
        0.0000542   0.2797792E-02   0.6482423E-03   0.6060319E-07
        0.0000564   0.2911912E-02   0.6746838E-03   0.6564992E-07
        0.0000587   0.3030685E-02   0.7022031E-03   0.7111688E-07
        0.0000611   0.3154299E-02   0.7308444E-03   0.7703907E-07
        0.0000636   0.3282953E-02   0.7606531E-03   0.8345438E-07
        0.0000662   0.3416850E-02   0.7916769E-03   0.9040387E-07
        0.0000689   0.3556206E-02   0.8239652E-03   0.9793201E-07
        0.0000717   0.3701241E-02   0.8575695E-03   0.1060870E-06
        0.0000746   0.3852187E-02   0.8925434E-03   0.1149210E-06
        0.0000777   0.4009284E-02   0.9289425E-03   0.1244905E-06
        0.0000808   0.4172783E-02   0.9668250E-03   0.1348568E-06
        0.0000841   0.4342945E-02   0.1006251E-02   0.1460862E-06
        0.0000876   0.4520040E-02   0.1047284E-02   0.1582505E-06
        0.0000911   0.4704351E-02   0.1089988E-02   0.1714277E-06
        0.0000949   0.4896170E-02   0.1134432E-02   0.1857019E-06
        0.0000987   0.5095804E-02   0.1180687E-02   0.2011646E-06
        0.0001028   0.5303570E-02   0.1228826E-02   0.2179145E-06
        0.0001070   0.5519798E-02   0.1278925E-02   0.2360590E-06
        0.0001113   0.5744833E-02   0.1331065E-02   0.2557141E-06
        0.0001159   0.5979032E-02   0.1385329E-02   0.2770054E-06
        0.0001206   0.6222768E-02   0.1441802E-02   0.3000692E-06
        0.0001255   0.6476429E-02   0.1500575E-02   0.3250531E-06
        0.0001306   0.6740417E-02   0.1561740E-02   0.3521167E-06
        0.0001360   0.7015152E-02   0.1625395E-02   0.3814332E-06
        0.0001415   0.7301070E-02   0.1691642E-02   0.4131901E-06
        0.0001473   0.7598626E-02   0.1760585E-02   0.4475905E-06
        0.0001533   0.7908291E-02   0.1832334E-02   0.4848543E-06
        0.0001596   0.8230557E-02   0.1907002E-02   0.5252199E-06
        0.0001661   0.8565936E-02   0.1984709E-02   0.5689453E-06
        0.0001729   0.8914958E-02   0.2065576E-02   0.6163100E-06
        0.0001799   0.9278178E-02   0.2149734E-02   0.6676170E-06
        0.0001872   0.9656170E-02   0.2237314E-02   0.7231941E-06
        0.0001949   0.1004953E-01   0.2328455E-02   0.7833967E-06
        0.0002028   0.1045889E-01   0.2423302E-02   0.8486095E-06
        0.0002111   0.1088489E-01   0.2522006E-02   0.9192494E-06
        0.0002197   0.1132821E-01   0.2624721E-02   0.9957678E-06
        0.0002287   0.1178954E-01   0.2731611E-02   0.1078654E-05
        0.0002380   0.1226962E-01   0.2842844E-02   0.1168437E-05
        0.0002477   0.1276921E-01   0.2958596E-02   0.1265691E-05
        0.0002579   0.1328908E-01   0.3079050E-02   0.1371036E-05
        0.0002684   0.1383007E-01   0.3204396E-02   0.1485147E-05
        0.0002793   0.1439303E-01   0.3334831E-02   0.1608752E-05
        0.0002907   0.1497883E-01   0.3470562E-02   0.1742640E-05
        0.0003026   0.1558842E-01   0.3611801E-02   0.1887667E-05
        0.0003149   0.1622274E-01   0.3758771E-02   0.2044758E-05
        0.0003278   0.1688279E-01   0.3911703E-02   0.2214917E-05
        0.0003412   0.1756961E-01   0.4070838E-02   0.2399229E-05
        0.0003551   0.1828428E-01   0.4236425E-02   0.2598872E-05
        0.0003696   0.1902792E-01   0.4408724E-02   0.2815119E-05
        0.0003847   0.1980170E-01   0.4588006E-02   0.3049351E-05
        0.0004004   0.2060682E-01   0.4774551E-02   0.3303061E-05
        0.0004167   0.2144456E-01   0.4968651E-02   0.3577869E-05
        0.0004337   0.2231621E-01   0.5170611E-02   0.3875528E-05
        0.0004514   0.2322314E-01   0.5380744E-02   0.4197935E-05
        0.0004698   0.2416677E-01   0.5599380E-02   0.4547147E-05
        0.0004890   0.2514857E-01   0.5826859E-02   0.4925391E-05
        0.0005089   0.2617006E-01   0.6063535E-02   0.5335076E-05
        0.0005297   0.2723284E-01   0.6309778E-02   0.5778815E-05
        0.0005513   0.2833856E-01   0.6565968E-02   0.6259435E-05
        0.0005738   0.2948893E-01   0.6832505E-02   0.6779997E-05
        0.0005972   0.3068573E-01   0.7109800E-02   0.7343818E-05
        0.0006216   0.3193083E-01   0.7398284E-02   0.7954487E-05
        0.0006470   0.3322614E-01   0.7698402E-02   0.8615893E-05
        0.0006734   0.3457367E-01   0.8010618E-02   0.9332246E-05
        0.0007008   0.3597549E-01   0.8335413E-02   0.1010810E-04
        0.0007294   0.3743376E-01   0.8673287E-02   0.1094840E-04
        0.0007592   0.3895071E-01   0.9024758E-02   0.1185849E-04
        0.0007902   0.4052869E-01   0.9390366E-02   0.1284414E-04
        0.0008224   0.4217010E-01   0.9770671E-02   0.1391164E-04
        0.0008560   0.4387745E-01   0.1016625E-01   0.1506775E-04
        0.0008909   0.4565334E-01   0.1057772E-01   0.1631983E-04
        0.0009273   0.4750049E-01   0.1100569E-01   0.1767583E-04
        0.0009651   0.4942170E-01   0.1145082E-01   0.1914436E-04
        0.0010045   0.5141987E-01   0.1191378E-01   0.2073473E-04
        0.0010454   0.5349804E-01   0.1239528E-01   0.2245703E-04
        0.0010881   0.5565934E-01   0.1289603E-01   0.2432219E-04
        0.0011325   0.5790701E-01   0.1341680E-01   0.2634203E-04
        0.0011787   0.6024445E-01   0.1395836E-01   0.2852935E-04
        0.0012268   0.6267514E-01   0.1452153E-01   0.3089800E-04
        0.0012768   0.6520272E-01   0.1510715E-01   0.3346298E-04
        0.0013289   0.6783096E-01   0.1571608E-01   0.3624052E-04
        0.0013831   0.7056374E-01   0.1634923E-01   0.3924819E-04
        0.0014396   0.7340512E-01   0.1700754E-01   0.4250499E-04
        0.0014983   0.7635929E-01   0.1769198E-01   0.4603151E-04
        0.0015594   0.7943058E-01   0.1840356E-01   0.4985002E-04
        0.0016230   0.8262350E-01   0.1914330E-01   0.5398461E-04
        0.0016892   0.8594270E-01   0.1991231E-01   0.5846136E-04
        0.0017581   0.8939301E-01   0.2071168E-01   0.6330850E-04
        0.0018299   0.9297942E-01   0.2154258E-01   0.6855656E-04
        0.0019045   0.9670710E-01   0.2240621E-01   0.7423857E-04
        0.0019822   0.1005814E+00   0.2330380E-01   0.8039029E-04
        0.0020630   0.1046078E+00   0.2423662E-01   0.8705038E-04
        0.0021472   0.1087921E+00   0.2520602E-01   0.9426068E-04
        0.0022347   0.1131402E+00   0.2621335E-01   0.1020664E-03
        0.0023259   0.1176582E+00   0.2726002E-01   0.1105166E-03
        0.0024207   0.1223524E+00   0.2834751E-01   0.1196642E-03
        0.0025195   0.1272293E+00   0.2947732E-01   0.1295664E-03
        0.0026222   0.1322956E+00   0.3065101E-01   0.1402851E-03
        0.0027292   0.1375584E+00   0.3187018E-01   0.1518875E-03
        0.0028405   0.1430248E+00   0.3313650E-01   0.1644458E-03
        0.0029563   0.1487022E+00   0.3445167E-01   0.1780384E-03
        0.0030768   0.1545981E+00   0.3581746E-01   0.1927499E-03
        0.0032023   0.1607206E+00   0.3723569E-01   0.2086720E-03
        0.0033329   0.1670776E+00   0.3870823E-01   0.2259035E-03
        0.0034688   0.1736775E+00   0.4023699E-01   0.2445515E-03
        0.0036102   0.1805288E+00   0.4182397E-01   0.2647314E-03
        0.0037574   0.1876404E+00   0.4347119E-01   0.2865683E-03
        0.0039105   0.1950214E+00   0.4518075E-01   0.3101972E-03
        0.0040700   0.2026810E+00   0.4695480E-01   0.3357639E-03
        0.0042359   0.2106288E+00   0.4879554E-01   0.3634261E-03
        0.0044085   0.2188746E+00   0.5070522E-01   0.3933539E-03
        0.0045882   0.2274285E+00   0.5268617E-01   0.4257313E-03
        0.0047753   0.2363006E+00   0.5474075E-01   0.4607569E-03
        0.0049699   0.2455015E+00   0.5687138E-01   0.4986451E-03
        0.0051724   0.2550421E+00   0.5908055E-01   0.5396276E-03
        0.0053832   0.2649332E+00   0.6137077E-01   0.5839543E-03
        0.0056026   0.2751861E+00   0.6374462E-01   0.6318950E-03
        0.0058309   0.2858122E+00   0.6620473E-01   0.6837412E-03
        0.0060684   0.2968232E+00   0.6875377E-01   0.7398070E-03
        0.0063157   0.3082309E+00   0.7139444E-01   0.8004316E-03
        0.0065730   0.3200472E+00   0.7412950E-01   0.8659807E-03
        0.0068407   0.3322844E+00   0.7696174E-01   0.9368491E-03
        0.0071194   0.3449549E+00   0.7989396E-01   0.1013462E-02
        0.0074093   0.3580710E+00   0.8292901E-01   0.1096279E-02
        0.0077111   0.3716454E+00   0.8606976E-01   0.1185793E-02
        0.0080251   0.3856908E+00   0.8931907E-01   0.1282538E-02
        0.0083519   0.4002198E+00   0.9267983E-01   0.1387089E-02
        0.0086920   0.4152453E+00   0.9615492E-01   0.1500064E-02
        0.0090458   0.4307800E+00   0.9974722E-01   0.1622129E-02
        0.0094141   0.4468366E+00   0.1034596E+00   0.1754002E-02
        0.0097973   0.4634278E+00   0.1072948E+00   0.1896455E-02
        0.0101960   0.4805661E+00   0.1112557E+00   0.2050320E-02
        0.0106109   0.4982639E+00   0.1153450E+00   0.2216492E-02
        0.0110427   0.5165333E+00   0.1195654E+00   0.2395931E-02
        0.0114920   0.5353861E+00   0.1239193E+00   0.2589673E-02
        0.0119595   0.5548340E+00   0.1284094E+00   0.2798830E-02
        0.0124459   0.5748879E+00   0.1330380E+00   0.3024598E-02
        0.0129521   0.5955585E+00   0.1378073E+00   0.3268259E-02
        0.0134788   0.6168559E+00   0.1427193E+00   0.3531193E-02
        0.0140268   0.6387895E+00   0.1477760E+00   0.3814880E-02
        0.0145970   0.6613680E+00   0.1529791E+00   0.4120909E-02
        0.0151903   0.6845991E+00   0.1583299E+00   0.4450984E-02
        0.0158077   0.7084899E+00   0.1638297E+00   0.4806930E-02
        0.0164500   0.7330462E+00   0.1694793E+00   0.5190708E-02
        0.0171182   0.7582726E+00   0.1752794E+00   0.5604414E-02
        0.0178135   0.7841726E+00   0.1812302E+00   0.6050294E-02
        0.0185369   0.8107481E+00   0.1873314E+00   0.6530754E-02
        0.0192895   0.8379995E+00   0.1935825E+00   0.7048364E-02
        0.0200726   0.8659255E+00   0.1999824E+00   0.7605875E-02
        0.0208872   0.8945230E+00   0.2065294E+00   0.8206224E-02
        0.0217347   0.9237867E+00   0.2132213E+00   0.8852550E-02
        0.0226163   0.9537092E+00   0.2200554E+00   0.9548201E-02
        0.0235336   0.9842806E+00   0.2270282E+00   0.1029675E-01
        0.0244877   0.1015489E+01   0.2341354E+00   0.1110201E-01
        0.0254803   0.1047318E+01   0.2413720E+00   0.1196802E-01
        0.0265129   0.1079751E+01   0.2487323E+00   0.1289912E-01
        0.0275869   0.1112767E+01   0.2562094E+00   0.1389988E-01
        0.0287042   0.1146340E+01   0.2637956E+00   0.1497519E-01
        0.0298664   0.1180442E+01   0.2714822E+00   0.1613024E-01
        0.0310752   0.1215043E+01   0.2792592E+00   0.1737052E-01
        0.0323325   0.1250105E+01   0.2871156E+00   0.1870185E-01
        0.0336402   0.1285588E+01   0.2950391E+00   0.2013041E-01
        0.0350004   0.1321450E+01   0.3030160E+00   0.2166272E-01
        0.0364149   0.1357639E+01   0.3110312E+00   0.2330569E-01
        0.0378861   0.1394103E+01   0.3190682E+00   0.2506660E-01
        0.0394162   0.1430783E+01   0.3271088E+00   0.2695314E-01
        0.0410073   0.1467615E+01   0.3351334E+00   0.2897338E-01
        0.0426619   0.1504530E+01   0.3431205E+00   0.3113583E-01
        0.0443825   0.1541452E+01   0.3510467E+00   0.3344944E-01
        0.0461717   0.1578303E+01   0.3588871E+00   0.3592357E-01
        0.0480321   0.1614996E+01   0.3666146E+00   0.3856805E-01
        0.0499664   0.1651441E+01   0.3742002E+00   0.4139314E-01
        0.0519775   0.1687539E+01   0.3816129E+00   0.4440956E-01
        0.0540685   0.1723189E+01   0.3888196E+00   0.4762848E-01
        0.0562423   0.1758281E+01   0.3957851E+00   0.5106152E-01
        0.0585022   0.1792703E+01   0.4024721E+00   0.5472073E-01
        0.0608514   0.1826335E+01   0.4088409E+00   0.5861863E-01
        0.0632933   0.1859053E+01   0.4148498E+00   0.6276812E-01
        0.0658316   0.1890728E+01   0.4204550E+00   0.6718253E-01
        0.0684698   0.1921227E+01   0.4256105E+00   0.7187555E-01
        0.0712118   0.1950412E+01   0.4302680E+00   0.7686123E-01
        0.0740614   0.1978142E+01   0.4343775E+00   0.8215394E-01
        0.0770227   0.2004274E+01   0.4378869E+00   0.8776834E-01
        0.0801000   0.2028661E+01   0.4407422E+00   0.9371929E-01
        0.0832975   0.2051156E+01   0.4428876E+00   0.1000219E+00
        0.0866197   0.2071611E+01   0.4442661E+00   0.1066912E+00
        0.0900713   0.2089878E+01   0.4448190E+00   0.1137425E+00
        0.0936571   0.2105810E+01   0.4444867E+00   0.1211911E+00
        0.0973820   0.2119264E+01   0.4432085E+00   0.1290518E+00
        0.1012511   0.2130099E+01   0.4409233E+00   0.1373397E+00
        0.1052697   0.2138178E+01   0.4375697E+00   0.1460691E+00
        0.1094432   0.2143374E+01   0.4330862E+00   0.1552543E+00
        0.1137772   0.2145563E+01   0.4274121E+00   0.1649086E+00
        0.1182776   0.2144634E+01   0.4204874E+00   0.1750449E+00
        0.1229503   0.2140483E+01   0.4122535E+00   0.1856752E+00
        0.1278014   0.2133021E+01   0.4026539E+00   0.1968105E+00
        0.1328373   0.2122172E+01   0.3916344E+00   0.2084604E+00
        0.1380646   0.2107872E+01   0.3791439E+00   0.2206335E+00
        0.1434898   0.2090078E+01   0.3651348E+00   0.2333367E+00
        0.1491200   0.2068761E+01   0.3495639E+00   0.2465751E+00
        0.1549622   0.2043915E+01   0.3323931E+00   0.2603520E+00
        0.1610238   0.2015550E+01   0.3135896E+00   0.2746686E+00
        0.1673122   0.1983700E+01   0.2931271E+00   0.2895237E+00
        0.1738352   0.1948422E+01   0.2709864E+00   0.3049135E+00
        0.1806007   0.1909794E+01   0.2471560E+00   0.3208315E+00
        0.1876167   0.1867920E+01   0.2216326E+00   0.3372684E+00
        0.1948916   0.1822924E+01   0.1944224E+00   0.3542115E+00
        0.2024339   0.1774956E+01   0.1655412E+00   0.3716449E+00
        0.2102523   0.1724190E+01   0.1350150E+00   0.3895491E+00
        0.2183559   0.1670822E+01   0.1028812E+00   0.4079008E+00
        0.2267536   0.1615067E+01   0.6918838E-01   0.4266731E+00
        0.2354548   0.1557165E+01   0.3399702E-01   0.4458347E+00
        0.2444692   0.1497370E+01  -0.2620058E-02   0.4653506E+00
        0.2538064   0.1435956E+01  -0.4057754E-01   0.4851815E+00
        0.2634762   0.1373209E+01  -0.7977751E-01   0.5052837E+00
        0.2734890   0.1309428E+01  -0.1201094E+00   0.5256094E+00
        0.2838549   0.1244920E+01  -0.1614501E+00   0.5461069E+00
        0.2945844   0.1179998E+01  -0.2036644E+00   0.5667199E+00
        0.3056882   0.1114977E+01  -0.2466052E+00   0.5873885E+00
        0.3171770   0.1050172E+01  -0.2901142E+00   0.6080491E+00
        0.3290620   0.9858902E+00  -0.3340227E+00   0.6286343E+00
        0.3413541   0.9224342E+00  -0.3781528E+00   0.6490737E+00
        0.3540647   0.8600930E+00  -0.4223177E+00   0.6692939E+00
        0.3672052   0.7991408E+00  -0.4663242E+00   0.6892192E+00
        0.3807870   0.7398336E+00  -0.5099729E+00   0.7087720E+00
        0.3948218   0.6824064E+00  -0.5530608E+00   0.7278730E+00
        0.4093213   0.6270705E+00  -0.5953823E+00   0.7464423E+00
        0.4242973   0.5740113E+00  -0.6367313E+00   0.7643995E+00
        0.4397616   0.5233868E+00  -0.6769033E+00   0.7816649E+00
        0.4557262   0.4753263E+00  -0.7156971E+00   0.7981596E+00
        0.4722029   0.4299297E+00  -0.7529168E+00   0.8138065E+00
        0.4892038   0.3872672E+00  -0.7883739E+00   0.8285313E+00
        0.5067408   0.3473797E+00  -0.8218894E+00   0.8422624E+00
        0.5248258   0.3102800E+00  -0.8532955E+00   0.8549325E+00
        0.5434705   0.2759533E+00  -0.8824373E+00   0.8664785E+00
        0.5626870   0.2443599E+00  -0.9091748E+00   0.8768428E+00
        0.5824867   0.2154368E+00  -0.9333840E+00   0.8859732E+00
        0.6028813   0.1891002E+00  -0.9549588E+00   0.8938241E+00
        0.6238823   0.1652482E+00  -0.9738113E+00   0.9003566E+00
        0.6455007   0.1437639E+00  -0.9898732E+00   0.9055386E+00
        0.6677478   0.1245180E+00  -0.1003096E+01   0.9093459E+00
        0.6906343   0.1073719E+00  -0.1013453E+01   0.9117616E+00
        0.7141707   0.9218081E-01  -0.1020935E+01   0.9127768E+00
        0.7383673   0.7879603E-01  -0.1025557E+01   0.9123903E+00
        0.7632339   0.6706794E-01  -0.1027350E+01   0.9106087E+00
        0.7887801   0.5684815E-01  -0.1026366E+01   0.9074463E+00
        0.8150150   0.4799160E-01  -0.1022676E+01   0.9029248E+00
        0.8419473   0.4035833E-01  -0.1016367E+01   0.8970729E+00
        0.8695851   0.3381494E-01  -0.1007541E+01   0.8899262E+00
        0.8979360   0.2823573E-01  -0.9963165E+00   0.8815266E+00
        0.9270071   0.2350353E-01  -0.9828233E+00   0.8719219E+00
        0.9568047   0.1951028E-01  -0.9672025E+00   0.8611650E+00
        0.9873345   0.1615730E-01  -0.9496049E+00   0.8493140E+00
        1.0186015   0.1335537E-01  -0.9301886E+00   0.8364309E+00
        1.0506096   0.1102452E-01  -0.9091179E+00   0.8225812E+00
        1.0833622   0.9093815E-02  -0.8865610E+00   0.8078339E+00
        1.1168614   0.7500800E-02  -0.8626886E+00   0.7922598E+00
        1.1511083   0.6191021E-02  -0.8376722E+00   0.7759321E+00
        1.1861030   0.5117375E-02  -0.8116824E+00   0.7589250E+00
        1.2218439   0.4239463E-02  -0.7848880E+00   0.7413135E+00
        1.2583286   0.3522903E-02  -0.7574539E+00   0.7231728E+00
        1.2955525   0.2938671E-02  -0.7295405E+00   0.7045779E+00
        1.3335099   0.2462443E-02  -0.7013024E+00   0.6856032E+00
        1.3721928   0.2073985E-02  -0.6728876E+00   0.6663220E+00
        1.4115912   0.1756577E-02  -0.6444365E+00   0.6468061E+00
        1.4516928   0.1496496E-02  -0.6160813E+00   0.6271257E+00
        1.4924827   0.1282538E-02  -0.5879458E+00   0.6073489E+00
        1.5339429   0.1105604E-02  -0.5601446E+00   0.5875416E+00
        1.5760523   0.9583284E-03  -0.5327831E+00   0.5677672E+00
        1.6187859   0.8347581E-03  -0.5059571E+00   0.5480868E+00
        1.6621142   0.7300719E-03  -0.4797530E+00   0.5285585E+00
        1.7060032   0.6403370E-03  -0.4542481E+00   0.5092380E+00
        1.7504131   0.5622950E-03  -0.4295101E+00   0.4901778E+00
        1.7952977   0.4931699E-03  -0.4055981E+00   0.4714283E+00
        1.8406036   0.4304895E-03  -0.3825622E+00   0.4530365E+00
        1.8862687   0.3719117E-03  -0.3604447E+00   0.4350474E+00
        1.9322217   0.3150439E-03  -0.3392797E+00   0.4175030E+00
        1.9783801   0.2572455E-03  -0.3190945E+00   0.4004433E+00
        2.0246490   0.1954017E-03  -0.2999093E+00   0.3839058E+00
        2.0709196   0.1256565E-03  -0.2817380E+00   0.3679259E+00
        2.1170678   0.4309933E-04  -0.2645890E+00   0.3525371E+00
        2.1629526  -0.5859741E-04  -0.2484651E+00   0.3377708E+00
        2.2084154  -0.1875750E-03  -0.2333644E+00   0.3236564E+00
        2.2532795  -0.3541860E-03  -0.2192801E+00   0.3102212E+00
        2.2973513  -0.5713268E-03  -0.2062009E+00   0.2974899E+00
        2.3404225  -0.8546053E-03  -0.1941111E+00   0.2854841E+00
        2.3822745  -0.1222210E-02  -0.1829899E+00   0.2742213E+00
        2.4226856  -0.1694339E-02  -0.1728114E+00   0.2637142E+00
        2.4614398  -0.2292089E-02  -0.1635444E+00   0.2539688E+00
        2.4983385  -0.3035792E-02  -0.1551512E+00   0.2449838E+00
        2.5332119  -0.3942964E-02  -0.1475883E+00   0.2367489E+00
        2.5659308  -0.5026184E-02  -0.1408062E+00   0.2292443E+00
        2.5964146  -0.6291361E-02  -0.1347501E+00   0.2224411E+00
        2.6246357  -0.7736776E-02  -0.1293612E+00   0.2163016E+00
        2.6506184  -0.9353160E-02  -0.1245786E+00   0.2107812E+00
        2.6744336  -0.1112476E-01  -0.1203408E+00   0.2058305E+00
        2.6961895  -0.1303110E-01  -0.1165878E+00   0.2013975E+00
        2.7160212  -0.1504910E-01  -0.1132626E+00   0.1974299E+00
        2.7340798  -0.1715498E-01  -0.1103123E+00   0.1938770E+00
        2.7505231  -0.1932597E-01  -0.1076886E+00   0.1906909E+00
        2.7655079  -0.2154139E-01  -0.1053488E+00   0.1878275E+00
        2.7791851  -0.2378329E-01  -0.1032548E+00   0.1852469E+00
        2.7916955  -0.2603678E-01  -0.1013738E+00   0.1829139E+00
        2.8031685  -0.2828990E-01  -0.9967700E-01   0.1807969E+00
        2.8137213  -0.3053345E-01  -0.9813988E-01   0.1788688E+00
        2.8234586  -0.3276068E-01  -0.9674128E-01   0.1771057E+00
        2.8324737  -0.3496690E-01  -0.9546311E-01   0.1754870E+00
        2.8408492  -0.3714917E-01  -0.9428984E-01   0.1739947E+00
        2.8486578  -0.3930597E-01  -0.9320817E-01   0.1726135E+00
        2.8559636  -0.4143692E-01  -0.9220669E-01   0.1713298E+00
        2.8628233  -0.4354257E-01  -0.9127557E-01   0.1701322E+00
        2.8692865  -0.4562418E-01  -0.9040633E-01   0.1690105E+00
        2.8753974  -0.4768357E-01  -0.8959163E-01   0.1679560E+00
        2.8811946  -0.4972302E-01  -0.8882510E-01   0.1669608E+00
        2.8867128  -0.5174516E-01  -0.8810118E-01   0.1660184E+00
        2.8919827  -0.5375290E-01  -0.8741500E-01   0.1651227E+00
        2.8970316  -0.5574941E-01  -0.8676230E-01   0.1642685E+00
        2.9018840  -0.5773801E-01  -0.8613929E-01   0.1634512E+00
        2.9065622  -0.5972224E-01  -0.8554263E-01   0.1626666E+00
        2.9110861  -0.6170578E-01  -0.8496934E-01   0.1619110E+00
        2.9154739  -0.6369250E-01  -0.8441673E-01   0.1611811E+00
        2.9197421  -0.6568640E-01  -0.8388240E-01   0.1604738E+00
        2.9239062  -0.6769170E-01  -0.8336417E-01   0.1597864E+00
        2.9279801  -0.6971282E-01  -0.8286005E-01   0.1591164E+00
        2.9319773  -0.7175439E-01  -0.8236822E-01   0.1584613E+00
        2.9359099  -0.7382132E-01  -0.8188699E-01   0.1578192E+00
        2.9397898  -0.7591882E-01  -0.8141479E-01   0.1571878E+00
        2.9436281  -0.7805244E-01  -0.8095016E-01   0.1565654E+00
        2.9474356  -0.8022815E-01  -0.8049171E-01   0.1559502E+00
        2.9512228  -0.8245239E-01  -0.8003811E-01   0.1553402E+00
        2.9550000  -0.8473211E-01  -0.7958809E-01   0.1547340E+00
        2.9587773  -0.8707493E-01  -0.7914042E-01   0.1541298E+00
        2.9625650  -0.8948918E-01  -0.7869389E-01   0.1535260E+00
        2.9663734  -0.9198404E-01  -0.7824731E-01   0.1529210E+00
        2.9702128  -0.9456967E-01  -0.7779947E-01   0.1523132E+00
        2.9740942  -0.9725740E-01  -0.7734918E-01   0.1517008E+00
        2.9780288  -0.1000599E+00  -0.7689522E-01   0.1510823E+00
        2.9820283  -0.1029914E+00  -0.7643631E-01   0.1504558E+00
        2.9861052  -0.1060681E+00  -0.7597116E-01   0.1498196E+00
        2.9902729  -0.1093082E+00  -0.7549840E-01   0.1491716E+00
        2.9945455  -0.1127327E+00  -0.7501660E-01   0.1485098E+00
        2.9989385  -0.1163655E+00  -0.7452423E-01   0.1478321E+00
        3.0034687  -0.1202345E+00  -0.7401965E-01   0.1471360E+00
        3.0081545  -0.1243716E+00  -0.7350111E-01   0.1464191E+00
        3.0130161  -0.1200803E+00  -0.7296672E-01   0.1456785E+00
        3.0180761  -0.1157711E+00  -0.7241440E-01   0.1449112E+00
        3.0233593  -0.1114364E+00  -0.7184189E-01   0.1441138E+00
        3.0288938  -0.1070695E+00  -0.7124671E-01   0.1432827E+00
        3.0347109  -0.1026638E+00  -0.7062613E-01   0.1424137E+00
        3.0408461  -0.9821326E-01  -0.6997712E-01   0.1415022E+00
        3.0473393  -0.9371283E-01  -0.6929635E-01   0.1405431E+00
        3.0542361  -0.8915817E-01  -0.6858008E-01   0.1395306E+00
        3.0615881  -0.8454616E-01  -0.6782421E-01   0.1384585E+00
        3.0694545  -0.7987518E-01  -0.6702414E-01   0.1373194E+00
        3.0779027  -0.7514549E-01  -0.6617479E-01   0.1361053E+00
        3.0870098  -0.7035982E-01  -0.6527055E-01   0.1348071E+00
        3.0968644  -0.6552386E-01  -0.6430524E-01   0.1334147E+00
        3.1075672  -0.6064709E-01  -0.6327207E-01   0.1319170E+00
        3.1192335  -0.5574348E-01  -0.6216376E-01   0.1303015E+00
        3.1319941  -0.5083238E-01  -0.6097248E-01   0.1285545E+00
        3.1459966  -0.4593935E-01  -0.5969011E-01   0.1266616E+00
        3.1614062  -0.4109675E-01  -0.5830836E-01   0.1246072E+00
        3.1784052  -0.3634408E-01  -0.5681923E-01   0.1223754E+00
        3.1971920  -0.3172772E-01  -0.5521541E-01   0.1199506E+00
        3.2179774  -0.2729971E-01  -0.5349102E-01   0.1173180E+00
        3.2409792  -0.2311550E-01  -0.5164238E-01   0.1144652E+00
        3.2664142  -0.1923040E-01  -0.4966892E-01   0.1113833E+00
        3.2944879  -0.1569496E-01  -0.4757408E-01   0.1080688E+00
        3.3253830  -0.1254975E-01  -0.4536607E-01   0.1045244E+00
        3.3592474  -0.9820541E-02  -0.4305823E-01   0.1007605E+00
        3.3961841  -0.7514823E-02  -0.4066901E-01   0.9679594E-01
        3.4362446  -0.5620795E-02  -0.3822125E-01   0.9265712E-01
        3.4794269  -0.4109058E-02  -0.3574099E-01   0.8837735E-01
        3.5256790  -0.2936737E-02  -0.3325593E-01   0.8399487E-01
        3.5749060  -0.2053010E-02  -0.3079371E-01   0.7955066E-01
        3.6269801  -0.1404803E-02  -0.2838036E-01   0.7508621E-01
        3.6817516  -0.9415683E-03  -0.2603908E-01   0.7064144E-01
        3.7390592  -0.6185469E-03  -0.2378939E-01   0.6625314E-01
        3.7987384  -0.3984180E-03  -0.2164676E-01   0.6195389E-01
        3.8606284  -0.2515982E-03  -0.1962255E-01   0.5777147E-01
        3.9245760  -0.1556305E-03  -0.1772428E-01   0.5372867E-01
        3.9904390  -0.9409162E-04  -0.1595599E-01   0.4984347E-01
        4.0580869  -0.5535404E-04  -0.1431877E-01   0.4612930E-01
        4.1274017  -0.3141548E-04  -0.1281126E-01   0.4259554E-01
        4.1982771  -0.1690459E-04  -0.1143019E-01   0.3924802E-01
        4.2706182  -0.8295210E-05  -0.1017076E-01   0.3608947E-01
        4.3443402  -0.3318183E-05  -0.9027135E-02   0.3312007E-01
        4.4193677  -0.5394683E-06  -0.7992721E-02   0.3033787E-01
        4.4956332   0.9322162E-06  -0.7060486E-02   0.2773916E-01
        4.5730768   0.1642194E-05  -0.6223177E-02   0.2531889E-01
        4.6516445   0.1919098E-05  -0.5473510E-02   0.2307092E-01
        4.7312882   0.1957975E-05  -0.4804310E-02   0.2098831E-01
        4.8119644   0.1872727E-05  -0.4208619E-02   0.1906355E-01
        4.8936337   0.1728640E-05  -0.3679775E-02   0.1728875E-01
        4.9762607   0.1562269E-05  -0.3211465E-02   0.1565579E-01
        5.0598128   0.1393416E-05  -0.2797761E-02   0.1415646E-01
        5.1442605   0.1232263E-05  -0.2433140E-02   0.1278256E-01
        5.2295764   0.1083558E-05  -0.2112491E-02   0.1152602E-01
        5.3157354   0.9490491E-06  -0.1831109E-02   0.1037893E-01
        5.4027144   0.8288780E-06  -0.1584693E-02   0.9333630E-02
        5.4904916   0.7223708E-06  -0.1369322E-02   0.8382716E-02
        5.5790470   0.6284775E-06  -0.1181446E-02   0.7519115E-02
        5.6683616   0.5460130E-06  -0.1017856E-02   0.6736080E-02
        5.7584178   0.4737839E-06  -0.8756666E-03   0.6027214E-02
        5.8491987   0.4106526E-06  -0.7522934E-03   0.5386473E-02
        5.9406886   0.3555674E-06  -0.6454258E-03   0.4808177E-02
        6.0328725   0.3075725E-06  -0.5530068E-03   0.4286999E-02
        6.1257361   0.2658090E-06  -0.4732096E-03   0.3817966E-02
        6.2192658   0.2295106E-06  -0.4044166E-03   0.3396446E-02
        6.3134486   0.1979966E-06  -0.3451995E-03   0.3018142E-02
        6.4082721   0.1706650E-06  -0.2942995E-03   0.2679073E-02
        6.5037242   0.1469843E-06  -0.2506108E-03   0.2375565E-02
        6.5997935   0.1264868E-06  -0.2131636E-03   0.2104235E-02
        6.6964689   0.1087612E-06  -0.1811095E-03   0.1861975E-02
        6.7937397   0.9344662E-07  -0.1537079E-03   0.1645934E-02
        6.8915955   0.8022697E-07  -0.1303134E-03   0.1453506E-02
        6.9900264   0.6882564E-07  -0.1103650E-03   0.1282312E-02
        7.0890226   0.5900093E-07  -0.9337578E-04   0.1130186E-02
        7.1885747   0.5054190E-07  -0.7892384E-04   0.9951557E-03
        7.2886736   0.4326472E-07  -0.6664447E-04   0.8754347E-03
        7.3893104   0.3700929E-07  -0.5622281E-04   0.7694032E-03
        7.4904765   0.3163641E-07  -0.4738750E-04   0.6755969E-03
        7.5921633   0.2702515E-07  -0.3990507E-04   0.5926939E-03
        7.6943628   0.2307056E-07  -0.3357497E-04   0.5195031E-03
        7.7970669   0.1968166E-07  -0.2822514E-04   0.4549528E-03
        7.9002677   0.1677968E-07  -0.2370825E-04   0.3980800E-03
        8.0039578   0.1429645E-07  -0.1989828E-04   0.3480211E-03
        8.1081295   0.1217305E-07  -0.1668759E-04   0.3040026E-03
        8.2127756   0.1035862E-07  -0.1398438E-04   0.2653326E-03
        8.3178890   0.8809253E-08  -0.1171044E-04   0.2313932E-03
        8.4234627   0.7487132E-08  -0.9799267E-05   0.2016332E-03
        8.5294899   0.6359674E-08  -0.8194317E-05   0.1755618E-03
        8.6359639   0.5398847E-08  -0.6847622E-05   0.1527423E-03
        8.7428782   0.4580551E-08  -0.5718517E-05   0.1327867E-03
        8.8502264   0.3884084E-08  -0.4772571E-05   0.1153507E-03
        8.9580021   0.3291677E-08  -0.3980662E-05   0.1001292E-03
        9.0661992   0.2788093E-08  -0.3318183E-05   0.8685227E-04
        9.1748117   0.2360272E-08  -0.2764369E-05   0.7528099E-04
        9.2838337   0.1997031E-08  -0.2301709E-05   0.6520452E-04
        9.3932593   0.1688804E-08  -0.1915453E-05   0.5643681E-04
        9.5030829   0.1427409E-08  -0.1593189E-05   0.4881393E-04
        9.6132988   0.1205856E-08  -0.1324480E-05   0.4219158E-04
        9.7239017   0.1018178E-08  -0.1100559E-05   0.3644285E-04
        9.8348861   0.8592822E-09  -0.9140689E-06   0.3145630E-04
        9.9462468   0.7248286E-09  -0.7588385E-06   0.2713409E-04
       10.0579784   0.6111179E-09  -0.6296972E-06   0.2339049E-04
       10.1700761   0.5150006E-09  -0.5223158E-06   0.2015039E-04
       10.2825347   0.4337969E-09  -0.4330725E-06   0.1734807E-04
       10.3953494   0.3652279E-09  -0.3589390E-06   0.1492610E-04
       10.5085154   0.3073569E-09  -0.2973857E-06   0.1283431E-04
       10.6220278   0.2585391E-09  -0.2463004E-06   0.1102892E-04
       10.7358821   0.2173784E-09  -0.2039211E-06   0.9471775E-05
       10.8500737   0.1826905E-09  -0.1687786E-06   0.8129637E-05
       10.9645981   0.1534715E-09  -0.1396485E-06   0.6973575E-05
       11.0794508   0.1288707E-09  -0.1155115E-06   0.5978439E-05
       11.1946277   0.1081678E-09  -0.9551896E-07   0.5122374E-05
       11.3101243   0.9075303E-10  -0.7896500E-07   0.4386408E-05
       11.4259365   0.7611080E-10  -0.6526281E-07   0.3754087E-05
       11.5420602   0.6380516E-10  -0.5392474E-07   0.3211146E-05
       11.6584914   0.5346775E-10  -0.4454575E-07   0.2745235E-05
       11.7752260   0.4478752E-10  -0.3678962E-07   0.2345662E-05
       11.8922602   0.3750190E-10  -0.3037733E-07   0.2003184E-05
       12.0095901   0.3138939E-10  -0.2507746E-07   0.1709813E-05
       12.1272120   0.2626323E-10  -0.2069814E-07   0.1458652E-05
       12.2451221   0.2196600E-10  -0.1708035E-07   0.1243749E-05
       12.3633167   0.1836511E-10  -0.1409237E-07   0.1059972E-05
       12.4817924   0.1534892E-10  -0.1162510E-07   0.9029001E-06
       12.6005455   0.1282349E-10  -0.9588218E-08   0.7687252E-06
       12.7195725   0.1070977E-10  -0.7906992E-08   0.6541709E-06
       12.8388702   0.8941329E-11  -0.6519584E-08   0.5564200E-06
       12.9584350   0.7462315E-11  -0.5374854E-08   0.4730511E-06
       13.0782637   0.6225822E-11  -0.4430516E-08   0.4019849E-06
       13.1983531   0.5192461E-11  -0.3651620E-08   0.3414368E-06
       13.3186999   0.4329174E-11  -0.3009281E-08   0.2898759E-06
       13.4393009   0.3608228E-11  -0.2479638E-08   0.2459901E-06
       13.5601532   0.3006365E-11  -0.2042981E-08   0.2086551E-06
       13.6812536   0.2504090E-11  -0.1683033E-08   0.1769085E-06
       13.8025992   0.2085069E-11  -0.1386358E-08   0.1499267E-06
       13.9241870   0.1735621E-11  -0.1141863E-08   0.1270054E-06
       14.0460141   0.1444292E-11  -0.9403946E-09   0.1075425E-06
       14.1680776   0.1201496E-11  -0.7743998E-09   0.9102393E-07
       14.2903747   0.9992141E-12  -0.6376472E-09   0.7701055E-07
       14.4129027   0.8307400E-12  -0.5249974E-09   0.6512778E-07
       14.5356589   0.6904681E-12  -0.4322114E-09   0.5505615E-07
       14.6586405   0.5737142E-12  -0.3557940E-09   0.4652335E-07
       14.7818449   0.4765655E-12  -0.2928634E-09   0.3929739E-07
       14.9052695   0.3957546E-12  -0.2410441E-09   0.3318073E-07
       15.0289118   0.3285544E-12  -0.1983779E-09   0.2800526E-07
       15.1527693   0.2726892E-12  -0.1632511E-09   0.2362799E-07
       15.2768394   0.2262607E-12  -0.1343338E-09   0.1992733E-07
       15.4011197   0.1876863E-12  -0.1105303E-09   0.1679998E-07
       15.5256079   0.1556466E-12  -0.9093777E-10   0.1415818E-07
       15.6503015   0.1290421E-12  -0.7481254E-10   0.1192742E-07
       15.7751983   0.1069570E-12  -0.6154202E-10   0.1004451E-07
       15.9002959   0.8862873E-13  -0.5062167E-10   0.8455805E-08
       16.0255920   0.7342239E-13  -0.4163595E-10   0.7115859E-08
       16.1510845   0.6080964E-13  -0.3424267E-10   0.5986148E-08
       16.2767712   0.5035094E-13  -0.2816009E-10   0.5034044E-08
       16.4026499   0.4168072E-13  -0.2315620E-10   0.4231923E-08
       16.5287184   0.3449502E-13  -0.1904002E-10   0.3556404E-08
       16.6549748   0.2854121E-13  -0.1565431E-10   0.2987713E-08
       16.7814168   0.2360937E-13  -0.1286965E-10   0.2509126E-08
       16.9080425   0.1952511E-13  -0.1057950E-10   0.2106511E-08
       17.0348499   0.1614361E-13  -0.8696200E-11   0.1767925E-08
       17.1618371   0.1334466E-13  -0.7147579E-11   0.1483285E-08
       17.2890019   0.1102845E-13  -0.5874260E-11   0.1244077E-08
       17.4163427   0.9112197E-14  -0.4827384E-11   0.1043118E-08
       17.5438574   0.7527215E-14  -0.3966748E-11   0.8743482E-09
       17.6715441   0.6216546E-14  -0.3259274E-11   0.7326590E-09
       17.7994012   0.5132969E-14  -0.2677752E-11   0.6137438E-09
       17.9274267   0.4237345E-14  -0.2199797E-11   0.5139744E-09
       18.0556189   0.3497242E-14  -0.1806996E-11   0.4302951E-09
       18.1839760   0.2885793E-14  -0.1484204E-11   0.3601332E-09
       18.3124964   0.2380748E-14  -0.1218965E-11   0.3013236E-09
       18.4411782   0.1963682E-14  -0.1001037E-11   0.2520447E-09
       18.5700198   0.1619345E-14  -0.8219952E-12   0.2107647E-09
       18.6990196   0.1335117E-14  -0.6749145E-12   0.1761957E-09
       18.8281759   0.1100554E-14  -0.5540996E-12   0.1472553E-09
       18.9574871   0.9070199E-15  -0.4548689E-12   0.1230343E-09
       19.0869517   0.1207359E-20  -0.3733736E-12   0.1027690E-09
       19.2165680   0.0000000E+00  -0.3064498E-12   0.8581840E-10
       19.3463345   0.0000000E+00  -0.2514973E-12   0.7164431E-10
       19.4762498   0.0000000E+00  -0.2063788E-12   0.5979534E-10
       19.6063122   0.0000000E+00  -0.1693379E-12   0.4989287E-10
       19.7365203   0.0000000E+00  -0.1389314E-12   0.4161945E-10
       19.8668727   0.0000000E+00  -0.1139733E-12   0.3470898E-10
       19.9973680   0.0000000E+00  -0.9348941E-13   0.2893852E-10
       20.1280046   0.0000000E+00  -0.7667925E-13   0.2412131E-10
       20.2587812   0.0000000E+00  -0.6288530E-13   0.2010094E-10
       20.3896965   0.0000000E+00  -0.5156749E-13   0.1674650E-10
       20.5207490   0.0000000E+00  -0.4228226E-13   0.1394842E-10
       20.6519374   0.0000000E+00  -0.3466534E-13   0.1161502E-10
       20.7832604   0.0000000E+00  -0.2841762E-13   0.9669641E-11
       20.9147167   0.0000000E+00  -0.2329349E-13   0.8048166E-11
       21.0463050   0.0000000E+00  -0.1909132E-13   0.6697007E-11
       21.1780240   0.0000000E+00  -0.1564558E-13   0.5571380E-11
       21.3098724   0.0000000E+00  -0.1282040E-13   0.4633872E-11
       21.4418491   0.0000000E+00  -0.1050426E-13   0.3853235E-11
       21.5739528   0.0000000E+00  -0.8605643E-14   0.3203376E-11
       21.7061823   0.0000000E+00  -0.7049445E-14   0.2662518E-11
       21.8385364   0.0000000E+00  -0.5774047E-14   0.2212483E-11
       21.9710140   0.0000000E+00  -0.4728891E-14   0.1838110E-11
       22.1036138   0.0000000E+00  -0.3872504E-14   0.1526749E-11
       22.2363347   0.0000000E+00  -0.3170866E-14   0.1267854E-11
       22.3691757   0.0000000E+00  -0.2596076E-14   0.1052634E-11
       22.5021355   0.0000000E+00  -0.2125252E-14   0.8737621E-12
       22.6352131   0.0000000E+00  -0.1739630E-14   0.7251320E-12
       22.7684074   0.0000000E+00  -0.1423826E-14   0.6016585E-12
       22.9017173   0.0000000E+00  -0.1165226E-14   0.4991061E-12
       23.0351418   0.0000000E+00  -0.9534917E-15   0.4139486E-12
       23.1686798   0.0000000E+00  -0.7801484E-15   0.3432508E-12
       23.3023303   0.0000000E+00  -0.6382504E-15   0.2845699E-12
       23.4360923   0.0000000E+00  -0.5221059E-15   0.2358737E-12
       23.5699647   0.0000000E+00  -0.4270510E-15   0.1954717E-12
       23.7039467   0.0000000E+00  -0.3492647E-15   0.1619582E-12
       23.8380371   0.0000000E+00  -0.2856166E-15   0.1341645E-12
       23.9722350   0.0000000E+00  -0.2335426E-15   0.1111189E-12
       24.1065395   0.0000000E+00  -0.2117133E-19   0.9201437E-13
       24.2409496   0.0000000E+00   0.0000000E+00   0.7617998E-13
       24.3754644   0.0000000E+00   0.0000000E+00   0.6305861E-13
       24.5100830   0.0000000E+00   0.0000000E+00   0.5218756E-13
       24.6448045   0.0000000E+00   0.0000000E+00   0.4318266E-13
       24.7796279   0.0000000E+00   0.0000000E+00   0.3572501E-13
       24.9145524   0.0000000E+00   0.0000000E+00   0.2954993E-13
       25.0495770   0.0000000E+00   0.0000000E+00   0.2443781E-13
       25.1847010   0.0000000E+00   0.0000000E+00   0.2020648E-13
       25.3199235   0.0000000E+00   0.0000000E+00   0.1670484E-13
       25.4552436   0.0000000E+00   0.0000000E+00   0.1380759E-13
       25.5906606   0.0000000E+00   0.0000000E+00   0.1141084E-13
       25.7261734   0.0000000E+00   0.0000000E+00   0.9428504E-14
       25.8617815   0.0000000E+00   0.0000000E+00   0.7789214E-14
       25.9974839   0.0000000E+00   0.0000000E+00   0.6433848E-14
       26.1332798   0.0000000E+00   0.0000000E+00   0.5313431E-14
       26.2691685   0.0000000E+00   0.0000000E+00   0.4387396E-14
       26.4051492   0.0000000E+00   0.0000000E+00   0.3622154E-14
       26.5412212   0.0000000E+00   0.0000000E+00   0.2989893E-14
       26.6773836   0.0000000E+00   0.0000000E+00   0.2467595E-14
       26.8136357   0.0000000E+00   0.0000000E+00   0.2036208E-14
       26.9499767   0.0000000E+00   0.0000000E+00   0.1679968E-14
       27.0864061   0.0000000E+00   0.0000000E+00   0.1385833E-14
       27.2229229   0.0000000E+00   0.0000000E+00   0.1143016E-14
       27.3595266   0.0000000E+00   0.0000000E+00   0.9425972E-15
       27.4962163   0.0000000E+00   0.0000000E+00   0.7771999E-15
       27.6329914   0.0000000E+00   0.0000000E+00   0.6407265E-15
       27.7698513   0.0000000E+00   0.0000000E+00   0.5281369E-15
       27.9067951   0.0000000E+00   0.0000000E+00   0.4352660E-15
       28.0438223   0.0000000E+00   0.0000000E+00   0.3586723E-15
       28.1809322   0.0000000E+00   0.0000000E+00   0.2955129E-15
       28.3181241   0.0000000E+00   0.0000000E+00   0.2434394E-15
       28.4553973   0.0000000E+00   0.0000000E+00   0.2005127E-15
       28.5927513   0.0000000E+00   0.0000000E+00   0.1651315E-15
       28.7301854   0.0000000E+00   0.0000000E+00   0.1359738E-15
       28.8676989   0.0000000E+00   0.0000000E+00   0.0000000E+00
       29.0052912   0.0000000E+00   0.0000000E+00   0.0000000E+00
       29.1429618   0.0000000E+00   0.0000000E+00   0.0000000E+00
       29.2807099   0.0000000E+00   0.0000000E+00   0.0000000E+00
       29.4185351   0.0000000E+00   0.0000000E+00   0.0000000E+00
       29.5564366   0.0000000E+00   0.0000000E+00   0.0000000E+00
       29.6944140   0.0000000E+00   0.0000000E+00   0.0000000E+00
       29.8324665   0.0000000E+00   0.0000000E+00   0.0000000E+00
       29.9705937   0.0000000E+00   0.0000000E+00   0.0000000E+00
       30.1087950   0.0000000E+00   0.0000000E+00   0.0000000E+00
       30.2470699   0.0000000E+00   0.0000000E+00   0.0000000E+00
       30.3854176   0.0000000E+00   0.0000000E+00   0.0000000E+00
       30.5238378   0.0000000E+00   0.0000000E+00   0.0000000E+00
       30.6623298   0.0000000E+00   0.0000000E+00   0.0000000E+00
       30.8008931   0.0000000E+00   0.0000000E+00   0.0000000E+00
       30.9395272   0.0000000E+00   0.0000000E+00   0.0000000E+00
       31.0782316   0.0000000E+00   0.0000000E+00   0.0000000E+00
       31.2170056   0.0000000E+00   0.0000000E+00   0.0000000E+00
       31.3558489   0.0000000E+00   0.0000000E+00   0.0000000E+00
       31.4947609   0.0000000E+00   0.0000000E+00   0.0000000E+00
       31.6337411   0.0000000E+00   0.0000000E+00   0.0000000E+00
       31.7727889   0.0000000E+00   0.0000000E+00   0.0000000E+00
       31.9119039   0.0000000E+00   0.0000000E+00   0.0000000E+00
       32.0510857   0.0000000E+00   0.0000000E+00   0.0000000E+00
       32.1903336   0.0000000E+00   0.0000000E+00   0.0000000E+00
       32.3296473   0.0000000E+00   0.0000000E+00   0.0000000E+00
       32.4690262   0.0000000E+00   0.0000000E+00   0.0000000E+00
       32.6084699   0.0000000E+00   0.0000000E+00   0.0000000E+00
       32.7479779   0.0000000E+00   0.0000000E+00   0.0000000E+00
       32.8875498   0.0000000E+00   0.0000000E+00   0.0000000E+00
       33.0271850   0.0000000E+00   0.0000000E+00   0.0000000E+00
       33.1668832   0.0000000E+00   0.0000000E+00   0.0000000E+00
       33.3066439   0.0000000E+00   0.0000000E+00   0.0000000E+00
       33.4464667   0.0000000E+00   0.0000000E+00   0.0000000E+00
       33.5863511   0.0000000E+00   0.0000000E+00   0.0000000E+00
       33.7262966   0.0000000E+00   0.0000000E+00   0.0000000E+00
       33.8663029   0.0000000E+00   0.0000000E+00   0.0000000E+00
       34.0063695   0.0000000E+00   0.0000000E+00   0.0000000E+00
       34.1464960   0.0000000E+00   0.0000000E+00   0.0000000E+00
       34.2866821   0.0000000E+00   0.0000000E+00   0.0000000E+00
       34.4269271   0.0000000E+00   0.0000000E+00   0.0000000E+00
       34.5672309   0.0000000E+00   0.0000000E+00   0.0000000E+00
       34.7075929   0.0000000E+00   0.0000000E+00   0.0000000E+00
       34.8480128   0.0000000E+00   0.0000000E+00   0.0000000E+00
       34.9884901   0.0000000E+00   0.0000000E+00   0.0000000E+00
       35.1290245   0.0000000E+00   0.0000000E+00   0.0000000E+00
       35.2696155   0.0000000E+00   0.0000000E+00   0.0000000E+00
       35.4102629   0.0000000E+00   0.0000000E+00   0.0000000E+00
       35.5509662   0.0000000E+00   0.0000000E+00   0.0000000E+00
       35.6917250   0.0000000E+00   0.0000000E+00   0.0000000E+00
       35.8325390   0.0000000E+00   0.0000000E+00   0.0000000E+00
       35.9734078   0.0000000E+00   0.0000000E+00   0.0000000E+00
       36.1143310   0.0000000E+00   0.0000000E+00   0.0000000E+00
       36.2553082   0.0000000E+00   0.0000000E+00   0.0000000E+00
       36.3963392   0.0000000E+00   0.0000000E+00   0.0000000E+00
       36.5374235   0.0000000E+00   0.0000000E+00   0.0000000E+00
       36.6785607   0.0000000E+00   0.0000000E+00   0.0000000E+00
       36.8197507   0.0000000E+00   0.0000000E+00   0.0000000E+00
       36.9609929   0.0000000E+00   0.0000000E+00   0.0000000E+00
       37.1022871   0.0000000E+00   0.0000000E+00   0.0000000E+00
       37.2436328   0.0000000E+00   0.0000000E+00   0.0000000E+00
       37.3850299   0.0000000E+00   0.0000000E+00   0.0000000E+00
       37.5264779   0.0000000E+00   0.0000000E+00   0.0000000E+00
       37.6679765   0.0000000E+00   0.0000000E+00   0.0000000E+00
       37.8095254   0.0000000E+00   0.0000000E+00   0.0000000E+00
       37.9511243   0.0000000E+00   0.0000000E+00   0.0000000E+00
       38.0927727   0.0000000E+00   0.0000000E+00   0.0000000E+00
       38.2344706   0.0000000E+00   0.0000000E+00   0.0000000E+00
       38.3762174   0.0000000E+00   0.0000000E+00   0.0000000E+00
       38.5180129   0.0000000E+00   0.0000000E+00   0.0000000E+00
       38.6598568   0.0000000E+00   0.0000000E+00   0.0000000E+00
       38.8017487   0.0000000E+00   0.0000000E+00   0.0000000E+00
       38.9436884   0.0000000E+00   0.0000000E+00   0.0000000E+00
       39.0856756   0.0000000E+00   0.0000000E+00   0.0000000E+00
       39.2277100   0.0000000E+00   0.0000000E+00   0.0000000E+00
       39.3697913   0.0000000E+00   0.0000000E+00   0.0000000E+00
       39.5119191   0.0000000E+00   0.0000000E+00   0.0000000E+00
       39.6540932   0.0000000E+00   0.0000000E+00   0.0000000E+00
       39.7963133   0.0000000E+00   0.0000000E+00   0.0000000E+00
       39.9385792   0.0000000E+00   0.0000000E+00   0.0000000E+00
       40.0808905   0.0000000E+00   0.0000000E+00   0.0000000E+00
       40.2232469   0.0000000E+00   0.0000000E+00   0.0000000E+00
       40.3656482   0.0000000E+00   0.0000000E+00   0.0000000E+00
       40.5080941   0.0000000E+00   0.0000000E+00   0.0000000E+00
       40.6505844   0.0000000E+00   0.0000000E+00   0.0000000E+00
       40.7931187   0.0000000E+00   0.0000000E+00   0.0000000E+00
       40.9356968   0.0000000E+00   0.0000000E+00   0.0000000E+00
       41.0783184   0.0000000E+00   0.0000000E+00   0.0000000E+00
       41.2209833   0.0000000E+00   0.0000000E+00   0.0000000E+00
       41.3636911   0.0000000E+00   0.0000000E+00   0.0000000E+00
       41.5064418   0.0000000E+00   0.0000000E+00   0.0000000E+00
       41.6492349   0.0000000E+00   0.0000000E+00   0.0000000E+00
       41.7920702   0.0000000E+00   0.0000000E+00   0.0000000E+00
       41.9349475   0.0000000E+00   0.0000000E+00   0.0000000E+00
       42.0778666   0.0000000E+00   0.0000000E+00   0.0000000E+00
       42.2208271   0.0000000E+00   0.0000000E+00   0.0000000E+00
       42.3638289   0.0000000E+00   0.0000000E+00   0.0000000E+00
       42.5068717   0.0000000E+00   0.0000000E+00   0.0000000E+00
       42.6499552   0.0000000E+00   0.0000000E+00   0.0000000E+00
       42.7930792   0.0000000E+00   0.0000000E+00   0.0000000E+00
       42.9362435   0.0000000E+00   0.0000000E+00   0.0000000E+00
       43.0794478   0.0000000E+00   0.0000000E+00   0.0000000E+00
       43.2226920   0.0000000E+00   0.0000000E+00   0.0000000E+00
       43.3659757   0.0000000E+00   0.0000000E+00   0.0000000E+00
       43.5092987   0.0000000E+00   0.0000000E+00   0.0000000E+00
       43.6526609   0.0000000E+00   0.0000000E+00   0.0000000E+00
       43.7960620   0.0000000E+00   0.0000000E+00   0.0000000E+00
       43.9395017   0.0000000E+00   0.0000000E+00   0.0000000E+00
       44.0829799   0.0000000E+00   0.0000000E+00   0.0000000E+00
       44.2264963   0.0000000E+00   0.0000000E+00   0.0000000E+00
       44.3700507   0.0000000E+00   0.0000000E+00   0.0000000E+00
       44.5136429   0.0000000E+00   0.0000000E+00   0.0000000E+00
       44.6572727   0.0000000E+00   0.0000000E+00   0.0000000E+00
       44.8009398   0.0000000E+00   0.0000000E+00   0.0000000E+00
       44.9446441   0.0000000E+00   0.0000000E+00   0.0000000E+00
       45.0883853   0.0000000E+00   0.0000000E+00   0.0000000E+00
       45.2321633   0.0000000E+00   0.0000000E+00   0.0000000E+00
       45.3759778   0.0000000E+00   0.0000000E+00   0.0000000E+00
