  Niteration NMO     Norma MO
 
       1      1           0.030382192
       1      2           0.522052615
       1      3           4.490930561
       1      4           0.889758787
 
       2      1           0.030612884
       2      2           1.043231254
       2      3           8.413457402
       2      4           1.838372125
 
       3      1           0.030458406
       3      2           0.932205929
       3      3          74.364111117
       3      4           1.103000552
 
       4      1           0.030316822
       4      2           0.575236416
       4      3       33007.145963471
       4      4           1.066221120
 
       5      1           0.030423051
       5      2           0.590444689
       5      3        1253.016990952
       5      4           1.080320731
 
       6      1           0.030353913
       6      2           0.605675975
       6      3         230.015150891
       6      4           1.119413997
 
       7      1           0.030382415
       7      2           0.633842455
       7      3          84.125764009
       7      4           1.151742866
 
       8      1           0.030403859
       8      2           0.654790892
       8      3          52.555268062
       8      4           1.105696125
 
       9      1           0.030420113
       9      2           0.670113093
       9      3          40.030452981
       9      4           1.126013341
 
      10      1           0.030432594
      10      2           0.681165917
      10      3          31.975507085
      10      4           1.148921566
 
      11      1           0.030445770
      11      2           0.691655042
      11      3          28.659060479
      11      4           1.161196776
 
      12      1           0.030452768
      12      2           0.696334447
      12      3          25.384131613
      12      4           1.177221927
 
      13      1           0.030460888
      13      2           0.701052183
      13      3          24.406304280
      13      4           1.184253700
 
      14      1           0.030465104
      14      2           0.702867192
      14      3          22.315354807
      14      4           1.191474521
 
      15      1           0.030469138
      15      2           0.703659180
      15      3          21.765353991
      15      4           1.195986298
 
      16      1           0.030471996
      16      2           0.703911461
      16      3          22.054774793
      16      4           1.197454173
 
      17      1           0.030472411
      17      2           0.702006345
      17      3          21.550284680
      17      4           1.200687104
 
      18      1           0.030474830
      18      2           0.702120563
      18      3          21.724622108
      18      4           1.201987944
 
      19      1           0.030475207
      19      2           0.700654258
      19      3          20.996658381
      19      4           1.204820924
 
      20      1           0.030477298
      20      2           0.700826100
      20      3          21.034655412
      20      4           1.205976240
 
      21      1           0.030477649
      21      2           0.699725145
      21      3          20.191027864
      21      4           1.208465999
 
      22      1           0.030479471
      22      2           0.699970890
      22      3          20.129038600
      22      4           1.209489110
 
      23      1           0.030479798
      23      2           0.699145750
      23      3          19.256035638
      23      4           1.211678571
 
      24      1           0.030481389
      24      2           0.699430333
      24      3          19.137159855
      24      4           1.212584038
 
      25      1           0.030481691
      25      2           0.698803753
      25      3          18.289961575
      25      4           1.214502249
 
      26      1           0.030483079
      26      2           0.699090696
      26      3          16.758861858
      26      4           1.218907106
 
      27      1           0.030485026
      27      2           0.698797666
      27      3          16.586817882
      27      4           1.220101437
 
      28      1           0.030486107
      28      2           0.699447065
      28      3          15.020815701
      28      4           1.223070657
 
      29      1           0.030487766
      29      2           0.700438882
      29      3          14.591966615
      29      4           1.223506603
 
      30      1           0.030488418
      30      2           0.700061913
      30      3          13.771133172
      30      4           1.225273671
 
      31      1           0.030489322
      31      2           0.700235289
      31      3          13.482717848
      31      4           1.225285116
 
      32      1           0.030489805
      32      2           0.699636092
      32      3          12.859779072
      32      4           1.226710105
 
      33      1           0.030490506
      33      2           0.699689684
      33      3          12.638258733
      33      4           1.226604180
 
      34      1           0.030490887
      34      2           0.699060970
      34      3          12.139407454
      34      4           1.227860224
 
      35      1           0.030491673
      35      2           0.698580949
      35      3          12.058995634
      35      4           1.228691986
 
      36      1           0.030492050
      36      2           0.698665594
      36      3          11.449387306
      36      4           1.229774476
 
      37      1           0.030492698
      37      2           0.699126741
      37      3          11.271382690
      37      4           1.229718566
 
      38      1           0.030492911
      38      2           0.698668986
      38      3          10.929544075
      38      4           1.230366127
 
      39      1           0.030493360
      39      2           0.697995121
      39      3          10.905301240
      39      4           1.230889366
 
      40      1           0.030493601
      40      2           0.698111216
      40      3          10.482160729
      40      4           1.231542498
 
      41      1           0.030493970
      41      2           0.698343237
      41      3          10.373045268
      41      4           1.231297792
 
      42      1           0.030494095
      42      2           0.697957866
      42      3          10.135144420
      42      4           1.231655005
 
      43      1           0.030494390
      43      2           0.697556272
      43      3          10.096675349
      43      4           1.231964940
 
      44      1           0.030494535
      44      2           0.697526708
      44      3           9.810298638
      44      4           1.232400949
 
      45      1           0.030494791
      45      2           0.697683995
      45      3           9.736218018
      45      4           1.232190671
 
      46      1           0.030494862
      46      2           0.697327468
      46      3           9.570522667
      46      4           1.232364033
 
      47      1           0.030495028
      47      2           0.696781680
      47      3           9.565146688
      47      4           1.232603802
 
      48      1           0.030495145
      48      2           0.696839139
      48      3           9.349543174
      48      4           1.232921298
 
      49      1           0.030495336
      49      2           0.696992222
      49      3           9.293515811
      49      4           1.232772101
 
      50      1           0.030495387
      50      2           0.696733016
      50      3           9.137986063
      50      4           1.232900716
 
      51      1           0.030495525
      51      2           0.696320624
      51      3           9.140143733
      51      4           1.233064224
 
      52      1           0.030495608
      52      2           0.696362079
      52      3           8.984304230
      52      4           1.233218275
 
      53      1           0.030495696
      53      2           0.696068578
      53      3           8.983368045
      53      4           1.233182921
 
      54      1           0.030495764
      54      2           0.696075929
      54      3           8.850944366
      54      4           1.233387627
 
      55      1           0.030495939
      55      2           0.696341095
      55      3           8.797903349
      55      4           1.233421557
 
      56      1           0.030495961
      56      2           0.696158880
      56      3           8.700859183
      56      4           1.233427383
 
      57      1           0.030496020
      57      2           0.695794481
      57      3           8.708224084
      57      4           1.233525318
 
      58      1           0.030496073
      58      2           0.695840226
      58      3           8.608391311
      58      4           1.233595436
 
      59      1           0.030496118
      59      2           0.695625381
      59      3           8.610165275
      59      4           1.233551452
 
      60      1           0.030496158
      60      2           0.695617490
      60      3           8.526351230
      60      4           1.233680909
 
      61      1           0.030496269
      61      2           0.695793503
      61      3           8.492533714
      61      4           1.233690928
 
      62      1           0.030496281
      62      2           0.695661898
      62      3           8.430304153
      62      4           1.233649739
 
      63      1           0.030496270
      63      2           0.695224043
      63      3           8.454512605
      63      4           1.233647544
 
      64      1           0.030496313
      64      2           0.695286225
      64      3           8.386032910
      64      4           1.233756801
 
      65      1           0.030496400
      65      2           0.695438738
      65      3           8.359159936
      65      4           1.233771347
 
      66      1           0.030496414
      66      2           0.695361382
      66      3           8.309967151
      66      4           1.233744172
 
      67      1           0.030496412
      67      2           0.695055718
      67      3           8.325669160
      67      4           1.233751228
 
      68      1           0.030496445
      68      2           0.695102153
      68      3           8.273711990
      68      4           1.233836066
 
      69      1           0.030496511
      69      2           0.695219886
      69      3           8.253236134
      69      4           1.233844778
 
      70      1           0.030496521
      70      2           0.695161128
      70      3           8.215664636
      70      4           1.233817744
 
      71      1           0.030496519
      71      2           0.694925311
      71      3           8.227418392
      71      4           1.233828488
 
      72      1           0.030496545
      72      2           0.694961731
      72      3           8.187676772
      72      4           1.233894270
 
      73      1           0.030496595
      73      2           0.695054203
      73      3           8.171995410
      73      4           1.233899279
 
      74      1           0.030496603
      74      2           0.695008714
      74      3           8.143176891
      74      4           1.233874000
 
      75      1           0.030496602
      75      2           0.694826157
      75      3           8.152045422
      75      4           1.233885157
 
      76      1           0.030496621
      76      2           0.694855314
      76      3           8.121575311
      76      4           1.233936124
 
      77      1           0.030496660
      77      2           0.694926751
      77      3           8.109539768
      77      4           1.233938739
 
      78      1           0.030496666
      78      2           0.694890901
      78      3           8.084431105
      78      4           1.233917845
 
      79      1           0.030496667
      79      2           0.694749252
      79      3           8.092132719
      79      4           1.233928159
 
      80      1           0.030496682
      80      2           0.694772065
      80      3           8.066337931
      80      4           1.233971757
 
      81      1           0.030496710
      81      2           0.694804169
      81      3           8.061288501
      81      4           1.233958419
 
      82      1           0.030496713
      82      2           0.694772023
      82      3           8.042361457
      82      4           1.233992358
 
      83      1           0.030496740
      83      2           0.694814553
      83      3           8.035371549
      83      4           1.233985226
 
      84      1           0.030496740
      84      2           0.694770226
      84      3           8.020222193
      84      4           1.233959686
 
      85      1           0.030496737
      85      2           0.694656304
      85      3           8.026439104
      85      4           1.233971477
 
      86      1           0.030496747
      86      2           0.694675293
      86      3           8.009241362
      86      4           1.233975529
 
      87      1           0.030496756
      87      2           0.694639518
      87      3           8.009992388
      87      4           1.233981892
 
      88      1           0.030496764
      88      2           0.694648291
      88      3           7.995468929
      88      4           1.234007208
 
      89      1           0.030496781
      89      2           0.694668536
      89      3           7.992397530
      89      4           1.234000169
 
      90      1           0.030496782
      90      2           0.694647966
      90      3           7.981555388
      90      4           1.234019798
 
      91      1           0.030496797
      91      2           0.694672994
      91      3           7.977529509
      91      4           1.234014787
 
      92      1           0.030496797
      92      2           0.694647315
      92      3           7.968786295
      92      4           1.233998090
 
      93      1           0.030496795
      93      2           0.694580423
      93      3           7.972272896
      93      4           1.234005688
 
      94      1           0.030496801
      94      2           0.694592247
      94      3           7.962334750
      94      4           1.234006871
 
      95      1           0.030496807
      95      2           0.694572242
      95      3           7.962667015
      95      4           1.234011221
 
      96      1           0.030496811
      96      2           0.694576690
      96      3           7.954283756
      96      4           1.234025969
 
      97      1           0.030496821
      97      2           0.694589549
      97      3           7.952456719
      97      4           1.234022127
 
      98      1           0.030496822
      98      2           0.694577841
      98      3           7.946192344
      98      4           1.234033469
 
      99      1           0.030496830
      99      2           0.694591618
      99      3           7.943867399
      99      4           1.234030201
 
     100      1           0.030496830
     100      2           0.694577160
     100      3           7.938813369
     100      4           1.234019661
 
     101      1           0.030496829
     101      2           0.694537651
     101      3           7.940921343
     101      4           1.234024132
 
     102      1           0.030496833
     102      2           0.694543656
     102      3           7.935174071
     102      4           1.234024242
 
     103      1           0.030496835
     103      2           0.694532561
     103      3           7.935332749
     103      4           1.234027045
 
     104      1           0.030496838
     104      2           0.694535470
     104      3           7.930468881
     104      4           1.234035649
 
     105      1           0.030496844
     105      2           0.694542543
     105      3           7.929378170
     105      4           1.234033520
 
     106      1           0.030496844
     106      2           0.694536326
     106      3           7.925743756
     106      4           1.234040096
 
     107      1           0.030496849
     107      2           0.694544544
     107      3           7.924396037
     107      4           1.234038063
 
     108      1           0.030496849
     108      2           0.694535426
     108      3           7.921464844
     108      4           1.234031613
 
     109      1           0.030496849
     109      2           0.694513009
     109      3           7.922669946
     109      4           1.234034289
 
     110      1           0.030496851
     110      2           0.694516671
     110      3           7.919341164
     110      4           1.234034120
 
     111      1           0.030496852
     111      2           0.694509489
     111      3           7.919425623
     111      4           1.234035819
 
     112      1           0.030496854
     112      2           0.694511685
     112      3           7.916607880
     112      4           1.234040826
 
     113      1           0.030496857
     113      2           0.694516065
     113      3           7.915969055
     113      4           1.234039609
 
     114      1           0.030496857
     114      2           0.694511720
     114      3           7.913486554
     114      4           1.234044091
 
     115      1           0.030496861
     115      2           0.694517980
     115      3           7.912742594
     115      4           1.234042645
 
     116      1           0.030496861
     116      2           0.694512400
     116      3           7.910785502
     116      4           1.234038693
 
     117      1           0.030496860
     117      2           0.694497980
     117      3           7.911630972
     117      4           1.234040250
 
     118      1           0.030496861
     118      2           0.694500661
     118      3           7.909480019
     118      4           1.234040216
 
     119      1           0.030496862
     119      2           0.694496677
     119      3           7.909619420
     119      4           1.234041146
 
     120      1           0.030496863
     120      2           0.694497143
     120      3           7.907823271
     120      4           1.234044348
 
     121      1           0.030496865
     121      2           0.694500568
     121      3           7.907512522
     121      4           1.234043468
 
     122      1           0.030496866
     122      2           0.694497942
     122      3           7.906181791
     122      4           1.234045877
 
     123      1           0.030496867
     123      2           0.694500551
     123      3           7.905784016
     123      4           1.234044977
 
     124      1           0.030496867
     124      2           0.694497786
     124      3           7.904726159
     124      4           1.234042620
 
     125      1           0.030496867
     125      2           0.694489702
     125      3           7.905218283
     125      4           1.234043488
 
     126      1           0.030496868
     126      2           0.694490434
     126      3           7.904040482
     126      4           1.234043403
 
     127      1           0.030496868
     127      2           0.694488661
     127      3           7.904126376
     127      4           1.234043928
 
     128      1           0.030496869
     128      2           0.694489068
     128      3           7.903141444
     128      4           1.234045694
 
     129      1           0.030496870
     129      2           0.694490234
     129      3           7.902973912
     129      4           1.234045211
 
     130      1           0.030496870
     130      2           0.694489275
     130      3           7.902243891
     130      4           1.234046536
 
     131      1           0.030496871
     131      2           0.694490888
     131      3           7.902026138
     131      4           1.234046028
 
     132      1           0.030496871
     132      2           0.694488639
     132      3           7.901445393
     132      4           1.234044699
 
     133      1           0.030496871
     133      2           0.694484667
     133      3           7.901719385
     133      4           1.234045186
 
     134      1           0.030496871
     134      2           0.694485247
     134      3           7.901071384
     134      4           1.234045123
 
     135      1           0.030496871
     135      2           0.694483551
     135      3           7.901120096
     135      4           1.234045420
 
     136      1           0.030496872
     136      2           0.694484289
     136      3           7.900577871
     136      4           1.234046394
 
     137      1           0.030496872
     137      2           0.694485117
     137      3           7.900485963
     137      4           1.234046130
 
     138      1           0.030496872
     138      2           0.694483879
     138      3           7.900084048
     138      4           1.234046861
 
     139      1           0.030496873
     139      2           0.694485282
     139      3           7.899964323
     139      4           1.234046576
 
     140      1           0.030496873
     140      2           0.694484225
     140      3           7.899644544
     140      4           1.234045835
 
     141      1           0.030496873
     141      2           0.694481325
     141      3           7.899796043
     141      4           1.234046107
 
     142      1           0.030496873
     142      2           0.694482161
     142      3           7.899438876
     142      4           1.234046067
 
     143      1           0.030496873
     143      2           0.694481407
     143      3           7.899465966
     143      4           1.234046233
 
     144      1           0.030496873
     144      2           0.694481110
     144      3           7.899167038
     144      4           1.234046770
 
     145      1           0.030496874
     145      2           0.694482085
     145      3           7.899116381
     145      4           1.234046625
 
     146      1           0.030496874
     146      2           0.694481587
     146      3           7.898894859
     146      4           1.234047028
 
     147      1           0.030496874
     147      2           0.694481657
     147      3           7.898828926
     147      4           1.234046870
 
     148      1           0.030496874
     148      2           0.694481590
     148      3           7.898652601
     148      4           1.234046457
 
     149      1           0.030496874
     149      2           0.694480173
     149      3           7.898736317
     149      4           1.234046609
