  Niteration NMO  Numbre Ligand  Numbre function  Alfa function Ligands
 
       1      1        1                1               0.00000
       1      2        1                1              -0.20894
       1      3        1                1               0.71016
       1      4        1                3               0.63938
 
       2      1        1                1               0.00004
       2      2        1                1              -0.26979
       2      3        1                1               1.46691
       2      4        1                3               1.02199
 
       3      1        1                1               0.00000
       3      2        1                1              -0.50727
       3      3        1                1               4.75325
       3      4        1                3               0.63524
 
       4      1        1                1               0.00004
       4      2        1                1              -0.33605
       4      3        1                1              -4.29747
       4      4        1                3               0.75259
 
       5      1        1                1               0.00005
       5      2        1                1              -0.33413
       5      3        1                1              -4.37517
       5      4        1                3               0.76775
 
       6      1        1                1               0.00005
       6      2        1                1              -0.32984
       6      3        1                1               3.02059
       6      4        1                3               0.80175
 
       7      1        1                1               0.00005
       7      2        1                1              -0.32869
       7      3        1                1               3.28106
       7      4        1                3               0.82826
 
       8      1        1                1               0.00005
       8      2        1                1              -0.32754
       8      3        1                1               3.46853
       8      4        1                3               0.84889
 
       9      1        1                1               0.00005
       9      2        1                1              -0.32629
       9      3        1                1               3.61046
       9      4        1                3               0.86499
 
      10      1        1                1               0.00005
      10      2        1                1              -0.32495
      10      3        1                1               3.73401
      10      4        1                3               0.88231
 
      11      1        1                1               0.00005
      11      2        1                1              -0.32286
      11      3        1                1               3.83423
      11      4        1                3               0.89118
 
      12      1        1                1               0.00005
      12      2        1                1              -0.32138
      12      3        1                1               3.90393
      12      4        1                3               0.90199
 
      13      1        1                1               0.00005
      13      2        1                1              -0.31930
      13      3        1                1               3.94007
      13      4        1                3               0.90706
 
      14      1        1                1               0.00005
      14      2        1                1              -0.31773
      14      3        1                1               3.98770
      14      4        1                3               0.91271
 
      15      1        1                1               0.00005
      15      2        1                1              -0.31518
      15      3        1                1               4.02751
      15      4        1                3               0.91565
 
      16      1        1                1               0.00005
      16      2        1                1              -0.31377
      16      3        1                1               4.01218
      16      4        1                3               0.91685
 
      17      1        1                1               0.00005
      17      2        1                1              -0.31239
      17      3        1                1               4.04766
      17      4        1                3               0.91903
 
      18      1        1                1               0.00005
      18      2        1                1              -0.31113
      18      3        1                1               4.02384
      18      4        1                3               0.92012
 
      19      1        1                1               0.00005
      19      2        1                1              -0.30994
      19      3        1                1               4.05451
      19      4        1                3               0.92210
 
      20      1        1                1               0.00005
      20      2        1                1              -0.30876
      20      3        1                1               4.03000
      20      4        1                3               0.92312
 
      21      1        1                1               0.00005
      21      2        1                1              -0.30772
      21      3        1                1               4.05841
      21      4        1                3               0.92497
 
      22      1        1                1               0.00005
      22      2        1                1              -0.30660
      22      3        1                1               4.03578
      22      4        1                3               0.92593
 
      23      1        1                1               0.00005
      23      2        1                1              -0.30568
      23      3        1                1               4.06286
      23      4        1                3               0.92764
 
      24      1        1                1               0.00005
      24      2        1                1              -0.30461
      24      3        1                1               4.04254
      24      4        1                3               0.92853
 
      25      1        1                1               0.00005
      25      2        1                1              -0.30378
      25      3        1                1               4.06855
      25      4        1                3               0.93010
 
      26      1        1                1               0.00005
      26      2        1                1              -0.30277
      26      3        1                1               4.09215
      26      4        1                3               0.93275
 
      27      1        1                1               0.00005
      27      2        1                1              -0.30117
      27      3        1                1               4.04955
      27      4        1                3               0.93437
 
      28      1        1                1               0.00005
      28      2        1                1              -0.30010
      28      3        1                1               4.10267
      28      4        1                3               0.93797
 
      29      1        1                1               0.00005
      29      2        1                1              -0.29788
      29      3        1                1               4.12089
      29      4        1                3               0.93846
 
      30      1        1                1               0.00005
      30      2        1                1              -0.29704
      30      3        1                1               4.13419
      30      4        1                3               0.94082
 
      31      1        1                1               0.00005
      31      2        1                1              -0.29529
      31      3        1                1               4.14663
      31      4        1                3               0.94088
 
      32      1        1                1               0.00005
      32      2        1                1              -0.29459
      32      3        1                1               4.15081
      32      4        1                3               0.94290
 
      33      1        1                1               0.00005
      33      2        1                1              -0.29302
      33      3        1                1               4.16036
      33      4        1                3               0.94281
 
      34      1        1                1               0.00005
      34      2        1                1              -0.29242
      34      3        1                1               4.16096
      34      4        1                3               0.94348
 
      35      1        1                1               0.00005
      35      2        1                1              -0.29152
      35      3        1                1               4.12371
      35      4        1                3               0.94439
 
      36      1        1                1               0.00005
      36      2        1                1              -0.29082
      36      3        1                1               4.15504
      36      4        1                3               0.94633
 
      37      1        1                1               0.00005
      37      2        1                1              -0.28939
      37      3        1                1               4.16558
      37      4        1                3               0.94637
 
      38      1        1                1               0.00005
      38      2        1                1              -0.28887
      38      3        1                1               4.17168
      38      4        1                3               0.94656
 
      39      1        1                1               0.00005
      39      2        1                1              -0.28817
      39      3        1                1               4.13757
      39      4        1                3               0.94731
 
      40      1        1                1               0.00005
      40      2        1                1              -0.28758
      40      3        1                1               4.16674
      40      4        1                3               0.94878
 
      41      1        1                1               0.00005
      41      2        1                1              -0.28641
      41      3        1                1               4.17649
      41      4        1                3               0.94871
 
      42      1        1                1               0.00005
      42      2        1                1              -0.28599
      42      3        1                1               4.18165
      42      4        1                3               0.94896
 
      43      1        1                1               0.00005
      43      2        1                1              -0.28539
      43      3        1                1               4.16087
      43      4        1                3               0.94942
 
      44      1        1                1               0.00005
      44      2        1                1              -0.28495
      44      3        1                1               4.18071
      44      4        1                3               0.95053
 
      45      1        1                1               0.00005
      45      2        1                1              -0.28403
      45      3        1                1               4.18781
      45      4        1                3               0.95043
 
      46      1        1                1               0.00005
      46      2        1                1              -0.28370
      46      3        1                1               4.19062
      46      4        1                3               0.95041
 
      47      1        1                1               0.00005
      47      2        1                1              -0.28326
      47      3        1                1               4.16786
      47      4        1                3               0.95083
 
      48      1        1                1               0.00005
      48      2        1                1              -0.28290
      48      3        1                1               4.18623
      48      4        1                3               0.95172
 
      49      1        1                1               0.00005
      49      2        1                1              -0.28217
      49      3        1                1               4.19252
      49      4        1                3               0.95166
 
      50      1        1                1               0.00005
      50      2        1                1              -0.28191
      50      3        1                1               4.19845
      50      4        1                3               0.95172
 
      51      1        1                1               0.00005
      51      2        1                1              -0.28148
      51      3        1                1               4.17897
      51      4        1                3               0.95204
 
      52      1        1                1               0.00005
      52      2        1                1              -0.28120
      52      3        1                1               4.19335
      52      4        1                3               0.95231
 
      53      1        1                1               0.00005
      53      2        1                1              -0.28072
      53      3        1                1               4.18575
      53      4        1                3               0.95247
 
      54      1        1                1               0.00005
      54      2        1                1              -0.28048
      54      3        1                1               4.19690
      54      4        1                3               0.95307
 
      55      1        1                1               0.00005
      55      2        1                1              -0.28004
      55      3        1                1               4.19993
      55      4        1                3               0.95312
 
      56      1        1                1               0.00005
      56      2        1                1              -0.27985
      56      3        1                1               4.20458
      56      4        1                3               0.95307
 
      57      1        1                1               0.00005
      57      2        1                1              -0.27956
      57      3        1                1               4.18973
      57      4        1                3               0.95331
 
      58      1        1                1               0.00005
      58      2        1                1              -0.27936
      58      3        1                1               4.20062
      58      4        1                3               0.95350
 
      59      1        1                1               0.00005
      59      2        1                1              -0.27901
      59      3        1                1               4.19652
      59      4        1                3               0.95358
 
      60      1        1                1               0.00005
      60      2        1                1              -0.27885
      60      3        1                1               4.20392
      60      4        1                3               0.95399
 
      61      1        1                1               0.00005
      61      2        1                1              -0.27855
      61      3        1                1               4.20595
      61      4        1                3               0.95402
 
      62      1        1                1               0.00005
      62      2        1                1              -0.27842
      62      3        1                1               4.20905
      62      4        1                3               0.95391
 
      63      1        1                1               0.00005
      63      2        1                1              -0.27819
      63      3        1                1               4.19767
      63      4        1                3               0.95404
 
      64      1        1                1               0.00005
      64      2        1                1              -0.27806
      64      3        1                1               4.20534
      64      4        1                3               0.95437
 
      65      1        1                1               0.00005
      65      2        1                1              -0.27782
      65      3        1                1               4.20737
      65      4        1                3               0.95441
 
      66      1        1                1               0.00005
      66      2        1                1              -0.27772
      66      3        1                1               4.21045
      66      4        1                3               0.95435
 
      67      1        1                1               0.00005
      67      2        1                1              -0.27754
      67      3        1                1               4.20247
      67      4        1                3               0.95446
 
      68      1        1                1               0.00005
      68      2        1                1              -0.27744
      68      3        1                1               4.20833
      68      4        1                3               0.95471
 
      69      1        1                1               0.00005
      69      2        1                1              -0.27725
      69      3        1                1               4.20989
      69      4        1                3               0.95475
 
      70      1        1                1               0.00005
      70      2        1                1              -0.27717
      70      3        1                1               4.21226
      70      4        1                3               0.95470
 
      71      1        1                1               0.00005
      71      2        1                1              -0.27703
      71      3        1                1               4.20606
      71      4        1                3               0.95478
 
      72      1        1                1               0.00005
      72      2        1                1              -0.27695
      72      3        1                1               4.21062
      72      4        1                3               0.95498
 
      73      1        1                1               0.00005
      73      2        1                1              -0.27681
      73      3        1                1               4.21184
      73      4        1                3               0.95501
 
      74      1        1                1               0.00005
      74      2        1                1              -0.27675
      74      3        1                1               4.21369
      74      4        1                3               0.95497
 
      75      1        1                1               0.00005
      75      2        1                1              -0.27664
      75      3        1                1               4.20889
      75      4        1                3               0.95503
 
      76      1        1                1               0.00005
      76      2        1                1              -0.27658
      76      3        1                1               4.21244
      76      4        1                3               0.95519
 
      77      1        1                1               0.00005
      77      2        1                1              -0.27647
      77      3        1                1               4.21339
      77      4        1                3               0.95521
 
      78      1        1                1               0.00005
      78      2        1                1              -0.27642
      78      3        1                1               4.21514
      78      4        1                3               0.95518
 
      79      1        1                1               0.00005
      79      2        1                1              -0.27633
      79      3        1                1               4.21111
      79      4        1                3               0.95523
 
      80      1        1                1               0.00005
      80      2        1                1              -0.27628
      80      3        1                1               4.21415
      80      4        1                3               0.95536
 
      81      1        1                1               0.00005
      81      2        1                1              -0.27617
      81      3        1                1               4.21516
      81      4        1                3               0.95536
 
      82      1        1                1               0.00005
      82      2        1                1              -0.27614
      82      3        1                1               4.21616
      82      4        1                3               0.95547
 
      83      1        1                1               0.00005
      83      2        1                1              -0.27606
      83      3        1                1               4.21638
      83      4        1                3               0.95546
 
      84      1        1                1               0.00005
      84      2        1                1              -0.27603
      84      3        1                1               4.21692
      84      4        1                3               0.95542
 
      85      1        1                1               0.00005
      85      2        1                1              -0.27597
      85      3        1                1               4.21346
      85      4        1                3               0.95546
 
      86      1        1                1               0.00005
      86      2        1                1              -0.27594
      86      3        1                1               4.21562
      86      4        1                3               0.95548
 
      87      1        1                1               0.00005
      87      2        1                1              -0.27588
      87      3        1                1               4.21468
      87      4        1                3               0.95551
 
      88      1        1                1               0.00005
      88      2        1                1              -0.27585
      88      3        1                1               4.21626
      88      4        1                3               0.95559
 
      89      1        1                1               0.00005
      89      2        1                1              -0.27579
      89      3        1                1               4.21679
      89      4        1                3               0.95558
 
      90      1        1                1               0.00005
      90      2        1                1              -0.27577
      90      3        1                1               4.21733
      90      4        1                3               0.95564
 
      91      1        1                1               0.00005
      91      2        1                1              -0.27573
      91      3        1                1               4.21745
      91      4        1                3               0.95564
 
      92      1        1                1               0.00005
      92      2        1                1              -0.27571
      92      3        1                1               4.21774
      92      4        1                3               0.95561
 
      93      1        1                1               0.00005
      93      2        1                1              -0.27568
      93      3        1                1               4.21572
      93      4        1                3               0.95564
 
      94      1        1                1               0.00005
      94      2        1                1              -0.27566
      94      3        1                1               4.21698
      94      4        1                3               0.95565
 
      95      1        1                1               0.00005
      95      2        1                1              -0.27562
      95      3        1                1               4.21645
      95      4        1                3               0.95567
 
      96      1        1                1               0.00005
      96      2        1                1              -0.27561
      96      3        1                1               4.21736
      96      4        1                3               0.95571
 
      97      1        1                1               0.00005
      97      2        1                1              -0.27557
      97      3        1                1               4.21767
      97      4        1                3               0.95571
 
      98      1        1                1               0.00005
      98      2        1                1              -0.27556
      98      3        1                1               4.21799
      98      4        1                3               0.95575
 
      99      1        1                1               0.00005
      99      2        1                1              -0.27553
      99      3        1                1               4.21806
      99      4        1                3               0.95574
 
     100      1        1                1               0.00005
     100      2        1                1              -0.27552
     100      3        1                1               4.21823
     100      4        1                3               0.95573
 
     101      1        1                1               0.00005
     101      2        1                1              -0.27551
     101      3        1                1               4.21707
     101      4        1                3               0.95574
 
     102      1        1                1               0.00005
     102      2        1                1              -0.27549
     102      3        1                1               4.21779
     102      4        1                3               0.95575
 
     103      1        1                1               0.00005
     103      2        1                1              -0.27547
     103      3        1                1               4.21747
     103      4        1                3               0.95576
 
     104      1        1                1               0.00005
     104      2        1                1              -0.27546
     104      3        1                1               4.21801
     104      4        1                3               0.95578
 
     105      1        1                1               0.00005
     105      2        1                1              -0.27544
     105      3        1                1               4.21819
     105      4        1                3               0.95578
 
     106      1        1                1               0.00005
     106      2        1                1              -0.27544
     106      3        1                1               4.21837
     106      4        1                3               0.95580
 
     107      1        1                1               0.00005
     107      2        1                1              -0.27542
     107      3        1                1               4.21841
     107      4        1                3               0.95580
 
     108      1        1                1               0.00005
     108      2        1                1              -0.27542
     108      3        1                1               4.21852
     108      4        1                3               0.95579
 
     109      1        1                1               0.00005
     109      2        1                1              -0.27541
     109      3        1                1               4.21784
     109      4        1                3               0.95580
 
     110      1        1                1               0.00005
     110      2        1                1              -0.27540
     110      3        1                1               4.21826
     110      4        1                3               0.95580
 
     111      1        1                1               0.00005
     111      2        1                1              -0.27539
     111      3        1                1               4.21808
     111      4        1                3               0.95581
 
     112      1        1                1               0.00005
     112      2        1                1              -0.27538
     112      3        1                1               4.21839
     112      4        1                3               0.95582
 
     113      1        1                1               0.00005
     113      2        1                1              -0.27537
     113      3        1                1               4.21849
     113      4        1                3               0.95582
 
     114      1        1                1               0.00005
     114      2        1                1              -0.27537
     114      3        1                1               4.21864
     114      4        1                3               0.95584
 
     115      1        1                1               0.00005
     115      2        1                1              -0.27536
     115      3        1                1               4.21866
     115      4        1                3               0.95584
 
     116      1        1                1               0.00005
     116      2        1                1              -0.27535
     116      3        1                1               4.21874
     116      4        1                3               0.95583
 
     117      1        1                1               0.00005
     117      2        1                1              -0.27535
     117      3        1                1               4.21830
     117      4        1                3               0.95584
 
     118      1        1                1               0.00005
     118      2        1                1              -0.27534
     118      3        1                1               4.21858
     118      4        1                3               0.95584
 
     119      1        1                1               0.00005
     119      2        1                1              -0.27533
     119      3        1                1               4.21845
     119      4        1                3               0.95584
 
     120      1        1                1               0.00005
     120      2        1                1              -0.27533
     120      3        1                1               4.21865
     120      4        1                3               0.95585
 
     121      1        1                1               0.00005
     121      2        1                1              -0.27532
     121      3        1                1               4.21870
     121      4        1                3               0.95585
 
     122      1        1                1               0.00005
     122      2        1                1              -0.27532
     122      3        1                1               4.21878
     122      4        1                3               0.95586
 
     123      1        1                1               0.00005
     123      2        1                1              -0.27532
     123      3        1                1               4.21878
     123      4        1                3               0.95586
 
     124      1        1                1               0.00005
     124      2        1                1              -0.27531
     124      3        1                1               4.21882
     124      4        1                3               0.95585
 
     125      1        1                1               0.00005
     125      2        1                1              -0.27531
     125      3        1                1               4.21858
     125      4        1                3               0.95586
 
     126      1        1                1               0.00005
     126      2        1                1              -0.27531
     126      3        1                1               4.21873
     126      4        1                3               0.95586
 
     127      1        1                1               0.00005
     127      2        1                1              -0.27530
     127      3        1                1               4.21866
     127      4        1                3               0.95586
 
     128      1        1                1               0.00005
     128      2        1                1              -0.27530
     128      3        1                1               4.21877
     128      4        1                3               0.95586
 
     129      1        1                1               0.00005
     129      2        1                1              -0.27530
     129      3        1                1               4.21880
     129      4        1                3               0.95586
 
     130      1        1                1               0.00005
     130      2        1                1              -0.27530
     130      3        1                1               4.21884
     130      4        1                3               0.95587
 
     131      1        1                1               0.00005
     131      2        1                1              -0.27529
     131      3        1                1               4.21885
     131      4        1                3               0.95587
 
     132      1        1                1               0.00005
     132      2        1                1              -0.27529
     132      3        1                1               4.21887
     132      4        1                3               0.95587
 
     133      1        1                1               0.00005
     133      2        1                1              -0.27529
     133      3        1                1               4.21873
     133      4        1                3               0.95587
 
     134      1        1                1               0.00005
     134      2        1                1              -0.27529
     134      3        1                1               4.21882
     134      4        1                3               0.95587
 
     135      1        1                1               0.00005
     135      2        1                1              -0.27529
     135      3        1                1               4.21878
     135      4        1                3               0.95587
 
     136      1        1                1               0.00005
     136      2        1                1              -0.27529
     136      3        1                1               4.21884
     136      4        1                3               0.95587
 
     137      1        1                1               0.00005
     137      2        1                1              -0.27528
     137      3        1                1               4.21886
     137      4        1                3               0.95587
 
     138      1        1                1               0.00005
     138      2        1                1              -0.27528
     138      3        1                1               4.21888
     138      4        1                3               0.95587
 
     139      1        1                1               0.00005
     139      2        1                1              -0.27528
     139      3        1                1               4.21888
     139      4        1                3               0.95587
 
     140      1        1                1               0.00005
     140      2        1                1              -0.27528
     140      3        1                1               4.21889
     140      4        1                3               0.95587
 
     141      1        1                1               0.00005
     141      2        1                1              -0.27528
     141      3        1                1               4.21882
     141      4        1                3               0.95587
 
     142      1        1                1               0.00005
     142      2        1                1              -0.27528
     142      3        1                1               4.21886
     142      4        1                3               0.95587
 
     143      1        1                1               0.00005
     143      2        1                1              -0.27528
     143      3        1                1               4.21884
     143      4        1                3               0.95587
 
     144      1        1                1               0.00005
     144      2        1                1              -0.27528
     144      3        1                1               4.21888
     144      4        1                3               0.95588
 
     145      1        1                1               0.00005
     145      2        1                1              -0.27528
     145      3        1                1               4.21889
     145      4        1                3               0.95588
 
     146      1        1                1               0.00005
     146      2        1                1              -0.27528
     146      3        1                1               4.21890
     146      4        1                3               0.95588
 
     147      1        1                1               0.00005
     147      2        1                1              -0.27528
     147      3        1                1               4.21890
     147      4        1                3               0.95588
 
     148      1        1                1               0.00005
     148      2        1                1              -0.27528
     148      3        1                1               4.21891
     148      4        1                3               0.95588
 
     149      1        1                1               0.00005
     149      2        1                1              -0.27527
     149      3        1                1               4.21886
     149      4        1                3               0.95588
 
     150      1        1                1               0.00005
     150      2        1                1              -0.27527
     150      3        1                1               4.21896
     150      4        1                3               0.95587
