  Niteration NMO     L<=Lk          L>Lk
 
       1      1     1.00000000    0.3D-13
       1      2     0.99999184    0.8D-05
       1      3     0.99998904    0.1D-04
       1      4     0.99999978    0.2D-06
 
       2      1     1.00000000    0.2D-12
       2      2     0.99999124    0.9D-05
       2      3     0.99998577    0.1D-04
       2      4     0.99999975    0.3D-06
 
       3      1     1.00000000    0.5D-13
       3      2     0.99997307    0.3D-04
       3      3     0.99997036    0.3D-04
       3      4     0.99999983    0.2D-06
 
       4      1     1.00000000    0.2D-12
       4      2     0.99997508    0.2D-04
       4      3     0.99997018    0.3D-04
       4      4     0.99999982    0.2D-06
 
       5      1     1.00000000    0.5D-12
       5      2     0.99997655    0.2D-04
       5      3     0.99996993    0.3D-04
       5      4     0.99999981    0.2D-06
 
       6      1     1.00000000    0.8D-12
       6      2     0.99997789    0.2D-04
       6      3     0.99997287    0.3D-04
       6      4     0.99999981    0.2D-06
 
       7      1     1.00000000    0.1D-11
       7      2     0.99997909    0.2D-04
       7      3     0.99997486    0.3D-04
       7      4     0.99999980    0.2D-06
 
       8      1     1.00000000    0.2D-11
       8      2     0.99998016    0.2D-04
       8      3     0.99997621    0.2D-04
       8      4     0.99999979    0.2D-06
 
       9      1     1.00000000    0.2D-11
       9      2     0.99998112    0.2D-04
       9      3     0.99997713    0.2D-04
       9      4     0.99999978    0.2D-06
 
      10      1     1.00000000    0.2D-11
      10      2     0.99998232    0.2D-04
      10      3     0.99997796    0.2D-04
      10      4     0.99999976    0.2D-06
 
      11      1     1.00000000    0.3D-11
      11      2     0.99998305    0.2D-04
      11      3     0.99997830    0.2D-04
      11      4     0.99999975    0.2D-06
 
      12      1     1.00000000    0.3D-11
      12      2     0.99998398    0.2D-04
      12      3     0.99997865    0.2D-04
      12      4     0.99999974    0.3D-06
 
      13      1     1.00000000    0.4D-11
      13      2     0.99998456    0.2D-04
      13      3     0.99997876    0.2D-04
      13      4     0.99999973    0.3D-06
 
      14      1     1.00000000    0.4D-11
      14      2     0.99998529    0.1D-04
      14      3     0.99997878    0.2D-04
      14      4     0.99999972    0.3D-06
 
      15      1     1.00000000    0.5D-11
      15      2     0.99998575    0.1D-04
      15      3     0.99997877    0.2D-04
      15      4     0.99999971    0.3D-06
 
      16      1     1.00000000    0.5D-11
      16      2     0.99998596    0.1D-04
      16      3     0.99997878    0.2D-04
      16      4     0.99999970    0.3D-06
 
      17      1     1.00000000    0.6D-11
      17      2     0.99998636    0.1D-04
      17      3     0.99997874    0.2D-04
      17      4     0.99999970    0.3D-06
 
      18      1     1.00000000    0.6D-11
      18      2     0.99998655    0.1D-04
      18      3     0.99997874    0.2D-04
      18      4     0.99999969    0.3D-06
 
      19      1     1.00000000    0.6D-11
      19      2     0.99998691    0.1D-04
      19      3     0.99997871    0.2D-04
      19      4     0.99999968    0.3D-06
 
      20      1     1.00000000    0.6D-11
      20      2     0.99998707    0.1D-04
      20      3     0.99997871    0.2D-04
      20      4     0.99999967    0.3D-06
 
      21      1     1.00000000    0.6D-11
      21      2     0.99998739    0.1D-04
      21      3     0.99997867    0.2D-04
      21      4     0.99999967    0.3D-06
 
      22      1     1.00000000    0.6D-11
      22      2     0.99998753    0.1D-04
      22      3     0.99997867    0.2D-04
      22      4     0.99999966    0.3D-06
 
      23      1     1.00000000    0.7D-11
      23      2     0.99998781    0.1D-04
      23      3     0.99997863    0.2D-04
      23      4     0.99999966    0.3D-06
 
      24      1     1.00000000    0.7D-11
      24      2     0.99998794    0.1D-04
      24      3     0.99997863    0.2D-04
      24      4     0.99999966    0.3D-06
 
      25      1     1.00000000    0.7D-11
      25      2     0.99998819    0.1D-04
      25      3     0.99997859    0.2D-04
      25      4     0.99999965    0.3D-06
 
      26      1     1.00000000    0.7D-11
      26      2     0.99998858    0.1D-04
      26      3     0.99997847    0.2D-04
      26      4     0.99999965    0.4D-06
 
      27      1     1.00000000    0.7D-11
      27      2     0.99998878    0.1D-04
      27      3     0.99997847    0.2D-04
      27      4     0.99999965    0.4D-06
 
      28      1     1.00000000    0.8D-11
      28      2     0.99998915    0.1D-04
      28      3     0.99997844    0.2D-04
      28      4     0.99999964    0.4D-06
 
      29      1     1.00000000    0.8D-11
      29      2     0.99998931    0.1D-04
      29      3     0.99997837    0.2D-04
      29      4     0.99999964    0.4D-06
 
      30      1     1.00000000    0.8D-11
      30      2     0.99998956    0.1D-04
      30      3     0.99997833    0.2D-04
      30      4     0.99999964    0.4D-06
 
      31      1     1.00000000    0.8D-11
      31      2     0.99998970    0.1D-04
      31      3     0.99997824    0.2D-04
      31      4     0.99999964    0.4D-06
 
      32      1     1.00000000    0.8D-11
      32      2     0.99998991    0.1D-04
      32      3     0.99997819    0.2D-04
      32      4     0.99999963    0.4D-06
 
      33      1     1.00000000    0.8D-11
      33      2     0.99999002    0.1D-04
      33      3     0.99997810    0.2D-04
      33      4     0.99999963    0.4D-06
 
      34      1     1.00000000    0.9D-11
      34      2     0.99999020    0.1D-04
      34      3     0.99997796    0.2D-04
      34      4     0.99999963    0.4D-06
 
      35      1     1.00000000    0.9D-11
      35      2     0.99999029    0.1D-04
      35      3     0.99997793    0.2D-04
      35      4     0.99999963    0.4D-06
 
      36      1     1.00000000    0.9D-11
      36      2     0.99999047    0.1D-04
      36      3     0.99997790    0.2D-04
      36      4     0.99999963    0.4D-06
 
      37      1     1.00000000    0.9D-11
      37      2     0.99999054    0.9D-05
      37      3     0.99997783    0.2D-04
      37      4     0.99999963    0.4D-06
 
      38      1     1.00000000    0.9D-11
      38      2     0.99999067    0.9D-05
      38      3     0.99997770    0.2D-04
      38      4     0.99999963    0.4D-06
 
      39      1     1.00000000    0.9D-11
      39      2     0.99999073    0.9D-05
      39      3     0.99997768    0.2D-04
      39      4     0.99999962    0.4D-06
 
      40      1     1.00000000    0.9D-11
      40      2     0.99999086    0.9D-05
      40      3     0.99997766    0.2D-04
      40      4     0.99999962    0.4D-06
 
      41      1     1.00000000    0.9D-11
      41      2     0.99999091    0.9D-05
      41      3     0.99997760    0.2D-04
      41      4     0.99999962    0.4D-06
 
      42      1     1.00000000    0.9D-11
      42      2     0.99999100    0.9D-05
      42      3     0.99997751    0.2D-04
      42      4     0.99999962    0.4D-06
 
      43      1     1.00000000    0.9D-11
      43      2     0.99999105    0.9D-05
      43      3     0.99997749    0.2D-04
      43      4     0.99999962    0.4D-06
 
      44      1     1.00000000    0.9D-11
      44      2     0.99999114    0.9D-05
      44      3     0.99997747    0.2D-04
      44      4     0.99999962    0.4D-06
 
      45      1     1.00000000    0.9D-11
      45      2     0.99999118    0.9D-05
      45      3     0.99997742    0.2D-04
      45      4     0.99999962    0.4D-06
 
      46      1     1.00000000    0.9D-11
      46      2     0.99999125    0.9D-05
      46      3     0.99997733    0.2D-04
      46      4     0.99999962    0.4D-06
 
      47      1     1.00000000    0.9D-11
      47      2     0.99999129    0.9D-05
      47      3     0.99997731    0.2D-04
      47      4     0.99999962    0.4D-06
 
      48      1     1.00000000    0.9D-11
      48      2     0.99999135    0.9D-05
      48      3     0.99997730    0.2D-04
      48      4     0.99999962    0.4D-06
 
      49      1     1.00000000    0.9D-11
      49      2     0.99999139    0.9D-05
      49      3     0.99997726    0.2D-04
      49      4     0.99999962    0.4D-06
 
      50      1     1.00000000    0.9D-11
      50      2     0.99999144    0.9D-05
      50      3     0.99997719    0.2D-04
      50      4     0.99999962    0.4D-06
 
      51      1     1.00000000    0.9D-11
      51      2     0.99999147    0.9D-05
      51      3     0.99997718    0.2D-04
      51      4     0.99999962    0.4D-06
 
      52      1     1.00000000    0.9D-11
      52      2     0.99999152    0.8D-05
      52      3     0.99997713    0.2D-04
      52      4     0.99999962    0.4D-06
 
      53      1     1.00000000    0.9D-11
      53      2     0.99999155    0.8D-05
      53      3     0.99997712    0.2D-04
      53      4     0.99999961    0.4D-06
 
      54      1     1.00000000    0.9D-11
      54      2     0.99999159    0.8D-05
      54      3     0.99997710    0.2D-04
      54      4     0.99999961    0.4D-06
 
      55      1     1.00000000    0.9D-11
      55      2     0.99999161    0.8D-05
      55      3     0.99997708    0.2D-04
      55      4     0.99999961    0.4D-06
 
      56      1     1.00000000    0.9D-11
      56      2     0.99999165    0.8D-05
      56      3     0.99997702    0.2D-04
      56      4     0.99999961    0.4D-06
 
      57      1     1.00000000    0.9D-11
      57      2     0.99999167    0.8D-05
      57      3     0.99997701    0.2D-04
      57      4     0.99999961    0.4D-06
 
      58      1     1.00000000    0.9D-11
      58      2     0.99999170    0.8D-05
      58      3     0.99997698    0.2D-04
      58      4     0.99999961    0.4D-06
 
      59      1     1.00000000    0.9D-11
      59      2     0.99999171    0.8D-05
      59      3     0.99997697    0.2D-04
      59      4     0.99999961    0.4D-06
 
      60      1     1.00000000    0.9D-11
      60      2     0.99999174    0.8D-05
      60      3     0.99997696    0.2D-04
      60      4     0.99999961    0.4D-06
 
      61      1     1.00000000    0.9D-11
      61      2     0.99999176    0.8D-05
      61      3     0.99997695    0.2D-04
      61      4     0.99999961    0.4D-06
 
      62      1     1.00000000    0.9D-11
      62      2     0.99999178    0.8D-05
      62      3     0.99997690    0.2D-04
      62      4     0.99999961    0.4D-06
 
      63      1     1.00000000    0.9D-11
      63      2     0.99999180    0.8D-05
      63      3     0.99997690    0.2D-04
      63      4     0.99999961    0.4D-06
 
      64      1     1.00000000    0.9D-11
      64      2     0.99999182    0.8D-05
      64      3     0.99997689    0.2D-04
      64      4     0.99999961    0.4D-06
 
      65      1     1.00000000    0.9D-11
      65      2     0.99999183    0.8D-05
      65      3     0.99997688    0.2D-04
      65      4     0.99999961    0.4D-06
 
      66      1     1.00000000    0.9D-11
      66      2     0.99999185    0.8D-05
      66      3     0.99997685    0.2D-04
      66      4     0.99999961    0.4D-06
 
      67      1     1.00000000    0.9D-11
      67      2     0.99999186    0.8D-05
      67      3     0.99997684    0.2D-04
      67      4     0.99999961    0.4D-06
 
      68      1     1.00000000    0.9D-11
      68      2     0.99999187    0.8D-05
      68      3     0.99997684    0.2D-04
      68      4     0.99999961    0.4D-06
 
      69      1     1.00000000    0.9D-11
      69      2     0.99999188    0.8D-05
      69      3     0.99997683    0.2D-04
      69      4     0.99999961    0.4D-06
 
      70      1     1.00000000    0.9D-11
      70      2     0.99999190    0.8D-05
      70      3     0.99997680    0.2D-04
      70      4     0.99999961    0.4D-06
 
      71      1     1.00000000    0.9D-11
      71      2     0.99999191    0.8D-05
      71      3     0.99997680    0.2D-04
      71      4     0.99999961    0.4D-06
 
      72      1     1.00000000    0.9D-11
      72      2     0.99999192    0.8D-05
      72      3     0.99997680    0.2D-04
      72      4     0.99999961    0.4D-06
 
      73      1     1.00000000    0.9D-11
      73      2     0.99999192    0.8D-05
      73      3     0.99997679    0.2D-04
      73      4     0.99999961    0.4D-06
 
      74      1     1.00000000    0.9D-11
      74      2     0.99999194    0.8D-05
      74      3     0.99997677    0.2D-04
      74      4     0.99999961    0.4D-06
 
      75      1     1.00000000    0.9D-11
      75      2     0.99999194    0.8D-05
      75      3     0.99997677    0.2D-04
      75      4     0.99999961    0.4D-06
 
      76      1     1.00000000    0.9D-11
      76      2     0.99999195    0.8D-05
      76      3     0.99997677    0.2D-04
      76      4     0.99999961    0.4D-06
 
      77      1     1.00000000    0.9D-11
      77      2     0.99999196    0.8D-05
      77      3     0.99997676    0.2D-04
      77      4     0.99999961    0.4D-06
 
      78      1     1.00000000    0.9D-11
      78      2     0.99999197    0.8D-05
      78      3     0.99997674    0.2D-04
      78      4     0.99999961    0.4D-06
 
      79      1     1.00000000    0.9D-11
      79      2     0.99999197    0.8D-05
      79      3     0.99997674    0.2D-04
      79      4     0.99999961    0.4D-06
 
      80      1     1.00000000    0.9D-11
      80      2     0.99999198    0.8D-05
      80      3     0.99997674    0.2D-04
      80      4     0.99999961    0.4D-06
 
      81      1     1.00000000    0.9D-11
      81      2     0.99999198    0.8D-05
      81      3     0.99997674    0.2D-04
      81      4     0.99999961    0.4D-06
 
      82      1     1.00000000    0.9D-11
      82      2     0.99999199    0.8D-05
      82      3     0.99997673    0.2D-04
      82      4     0.99999961    0.4D-06
 
      83      1     1.00000000    0.9D-11
      83      2     0.99999200    0.8D-05
      83      3     0.99997673    0.2D-04
      83      4     0.99999961    0.4D-06
 
      84      1     1.00000000    0.9D-11
      84      2     0.99999200    0.8D-05
      84      3     0.99997671    0.2D-04
      84      4     0.99999961    0.4D-06
 
      85      1     1.00000000    0.9D-11
      85      2     0.99999200    0.8D-05
      85      3     0.99997671    0.2D-04
      85      4     0.99999961    0.4D-06
 
      86      1     1.00000000    0.9D-11
      86      2     0.99999201    0.8D-05
      86      3     0.99997671    0.2D-04
      86      4     0.99999961    0.4D-06
 
      87      1     1.00000000    0.9D-11
      87      2     0.99999201    0.8D-05
      87      3     0.99997670    0.2D-04
      87      4     0.99999961    0.4D-06
 
      88      1     1.00000000    0.9D-11
      88      2     0.99999202    0.8D-05
      88      3     0.99997670    0.2D-04
      88      4     0.99999961    0.4D-06
 
      89      1     1.00000000    0.9D-11
      89      2     0.99999202    0.8D-05
      89      3     0.99997670    0.2D-04
      89      4     0.99999961    0.4D-06
 
      90      1     1.00000000    0.9D-11
      90      2     0.99999202    0.8D-05
      90      3     0.99997670    0.2D-04
      90      4     0.99999961    0.4D-06
 
      91      1     1.00000000    0.9D-11
      91      2     0.99999203    0.8D-05
      91      3     0.99997669    0.2D-04
      91      4     0.99999961    0.4D-06
 
      92      1     1.00000000    0.9D-11
      92      2     0.99999203    0.8D-05
      92      3     0.99997669    0.2D-04
      92      4     0.99999961    0.4D-06
 
      93      1     1.00000000    0.9D-11
      93      2     0.99999203    0.8D-05
      93      3     0.99997669    0.2D-04
      93      4     0.99999961    0.4D-06
 
      94      1     1.00000000    0.9D-11
      94      2     0.99999204    0.8D-05
      94      3     0.99997668    0.2D-04
      94      4     0.99999961    0.4D-06
 
      95      1     1.00000000    0.9D-11
      95      2     0.99999204    0.8D-05
      95      3     0.99997668    0.2D-04
      95      4     0.99999961    0.4D-06
 
      96      1     1.00000000    0.9D-11
      96      2     0.99999204    0.8D-05
      96      3     0.99997668    0.2D-04
      96      4     0.99999961    0.4D-06
 
      97      1     1.00000000    0.9D-11
      97      2     0.99999204    0.8D-05
      97      3     0.99997668    0.2D-04
      97      4     0.99999961    0.4D-06
 
      98      1     1.00000000    0.9D-11
      98      2     0.99999204    0.8D-05
      98      3     0.99997668    0.2D-04
      98      4     0.99999961    0.4D-06
 
      99      1     1.00000000    0.9D-11
      99      2     0.99999204    0.8D-05
      99      3     0.99997668    0.2D-04
      99      4     0.99999961    0.4D-06
 
     100      1     1.00000000    0.9D-11
     100      2     0.99999205    0.8D-05
     100      3     0.99997667    0.2D-04
     100      4     0.99999961    0.4D-06
 
     101      1     1.00000000    0.9D-11
     101      2     0.99999205    0.8D-05
     101      3     0.99997667    0.2D-04
     101      4     0.99999961    0.4D-06
 
     102      1     1.00000000    0.9D-11
     102      2     0.99999205    0.8D-05
     102      3     0.99997667    0.2D-04
     102      4     0.99999961    0.4D-06
 
     103      1     1.00000000    0.9D-11
     103      2     0.99999205    0.8D-05
     103      3     0.99997667    0.2D-04
     103      4     0.99999961    0.4D-06
 
     104      1     1.00000000    0.9D-11
     104      2     0.99999205    0.8D-05
     104      3     0.99997667    0.2D-04
     104      4     0.99999961    0.4D-06
 
     105      1     1.00000000    0.9D-11
     105      2     0.99999205    0.8D-05
     105      3     0.99997667    0.2D-04
     105      4     0.99999961    0.4D-06
 
     106      1     1.00000000    0.9D-11
     106      2     0.99999205    0.8D-05
     106      3     0.99997667    0.2D-04
     106      4     0.99999961    0.4D-06
 
     107      1     1.00000000    0.9D-11
     107      2     0.99999206    0.8D-05
     107      3     0.99997666    0.2D-04
     107      4     0.99999961    0.4D-06
 
     108      1     1.00000000    0.9D-11
     108      2     0.99999206    0.8D-05
     108      3     0.99997666    0.2D-04
     108      4     0.99999961    0.4D-06
 
     109      1     1.00000000    0.9D-11
     109      2     0.99999206    0.8D-05
     109      3     0.99997666    0.2D-04
     109      4     0.99999961    0.4D-06
 
     110      1     1.00000000    0.9D-11
     110      2     0.99999206    0.8D-05
     110      3     0.99997666    0.2D-04
     110      4     0.99999961    0.4D-06
 
     111      1     1.00000000    0.9D-11
     111      2     0.99999206    0.8D-05
     111      3     0.99997666    0.2D-04
     111      4     0.99999961    0.4D-06
 
     112      1     1.00000000    0.9D-11
     112      2     0.99999206    0.8D-05
     112      3     0.99997666    0.2D-04
     112      4     0.99999961    0.4D-06
 
     113      1     1.00000000    0.9D-11
     113      2     0.99999206    0.8D-05
     113      3     0.99997666    0.2D-04
     113      4     0.99999961    0.4D-06
 
     114      1     1.00000000    0.9D-11
     114      2     0.99999206    0.8D-05
     114      3     0.99997666    0.2D-04
     114      4     0.99999961    0.4D-06
 
     115      1     1.00000000    0.9D-11
     115      2     0.99999206    0.8D-05
     115      3     0.99997666    0.2D-04
     115      4     0.99999961    0.4D-06
 
     116      1     1.00000000    0.9D-11
     116      2     0.99999206    0.8D-05
     116      3     0.99997666    0.2D-04
     116      4     0.99999961    0.4D-06
 
     117      1     1.00000000    0.9D-11
     117      2     0.99999206    0.8D-05
     117      3     0.99997666    0.2D-04
     117      4     0.99999961    0.4D-06
 
     118      1     1.00000000    0.9D-11
     118      2     0.99999206    0.8D-05
     118      3     0.99997665    0.2D-04
     118      4     0.99999961    0.4D-06
 
     119      1     1.00000000    0.9D-11
     119      2     0.99999206    0.8D-05
     119      3     0.99997665    0.2D-04
     119      4     0.99999961    0.4D-06
 
     120      1     1.00000000    0.9D-11
     120      2     0.99999206    0.8D-05
     120      3     0.99997665    0.2D-04
     120      4     0.99999961    0.4D-06
 
     121      1     1.00000000    0.9D-11
     121      2     0.99999206    0.8D-05
     121      3     0.99997665    0.2D-04
     121      4     0.99999961    0.4D-06
 
     122      1     1.00000000    0.9D-11
     122      2     0.99999207    0.8D-05
     122      3     0.99997665    0.2D-04
     122      4     0.99999961    0.4D-06
 
     123      1     1.00000000    0.9D-11
     123      2     0.99999207    0.8D-05
     123      3     0.99997665    0.2D-04
     123      4     0.99999961    0.4D-06
 
     124      1     1.00000000    0.9D-11
     124      2     0.99999207    0.8D-05
     124      3     0.99997665    0.2D-04
     124      4     0.99999961    0.4D-06
 
     125      1     1.00000000    0.9D-11
     125      2     0.99999207    0.8D-05
     125      3     0.99997665    0.2D-04
     125      4     0.99999961    0.4D-06
 
     126      1     1.00000000    0.9D-11
     126      2     0.99999207    0.8D-05
     126      3     0.99997665    0.2D-04
     126      4     0.99999961    0.4D-06
 
     127      1     1.00000000    0.9D-11
     127      2     0.99999207    0.8D-05
     127      3     0.99997665    0.2D-04
     127      4     0.99999961    0.4D-06
 
     128      1     1.00000000    0.9D-11
     128      2     0.99999207    0.8D-05
     128      3     0.99997665    0.2D-04
     128      4     0.99999961    0.4D-06
 
     129      1     1.00000000    0.9D-11
     129      2     0.99999207    0.8D-05
     129      3     0.99997665    0.2D-04
     129      4     0.99999961    0.4D-06
 
     130      1     1.00000000    0.9D-11
     130      2     0.99999207    0.8D-05
     130      3     0.99997665    0.2D-04
     130      4     0.99999961    0.4D-06
 
     131      1     1.00000000    0.9D-11
     131      2     0.99999207    0.8D-05
     131      3     0.99997665    0.2D-04
     131      4     0.99999961    0.4D-06
 
     132      1     1.00000000    0.9D-11
     132      2     0.99999207    0.8D-05
     132      3     0.99997665    0.2D-04
     132      4     0.99999961    0.4D-06
 
     133      1     1.00000000    0.9D-11
     133      2     0.99999207    0.8D-05
     133      3     0.99997665    0.2D-04
     133      4     0.99999961    0.4D-06
 
     134      1     1.00000000    0.9D-11
     134      2     0.99999207    0.8D-05
     134      3     0.99997665    0.2D-04
     134      4     0.99999961    0.4D-06
 
     135      1     1.00000000    0.9D-11
     135      2     0.99999207    0.8D-05
     135      3     0.99997665    0.2D-04
     135      4     0.99999961    0.4D-06
 
     136      1     1.00000000    0.9D-11
     136      2     0.99999207    0.8D-05
     136      3     0.99997665    0.2D-04
     136      4     0.99999961    0.4D-06
 
     137      1     1.00000000    0.9D-11
     137      2     0.99999207    0.8D-05
     137      3     0.99997665    0.2D-04
     137      4     0.99999961    0.4D-06
 
     138      1     1.00000000    0.9D-11
     138      2     0.99999207    0.8D-05
     138      3     0.99997665    0.2D-04
     138      4     0.99999961    0.4D-06
 
     139      1     1.00000000    0.9D-11
     139      2     0.99999207    0.8D-05
     139      3     0.99997665    0.2D-04
     139      4     0.99999961    0.4D-06
 
     140      1     1.00000000    0.9D-11
     140      2     0.99999207    0.8D-05
     140      3     0.99997665    0.2D-04
     140      4     0.99999961    0.4D-06
 
     141      1     1.00000000    0.9D-11
     141      2     0.99999207    0.8D-05
     141      3     0.99997665    0.2D-04
     141      4     0.99999961    0.4D-06
 
     142      1     1.00000000    0.9D-11
     142      2     0.99999207    0.8D-05
     142      3     0.99997665    0.2D-04
     142      4     0.99999961    0.4D-06
 
     143      1     1.00000000    0.9D-11
     143      2     0.99999207    0.8D-05
     143      3     0.99997665    0.2D-04
     143      4     0.99999961    0.4D-06
 
     144      1     1.00000000    0.9D-11
     144      2     0.99999207    0.8D-05
     144      3     0.99997665    0.2D-04
     144      4     0.99999961    0.4D-06
 
     145      1     1.00000000    0.9D-11
     145      2     0.99999207    0.8D-05
     145      3     0.99997665    0.2D-04
     145      4     0.99999961    0.4D-06
 
     146      1     1.00000000    0.9D-11
     146      2     0.99999207    0.8D-05
     146      3     0.99997665    0.2D-04
     146      4     0.99999961    0.4D-06
 
     147      1     1.00000000    0.9D-11
     147      2     0.99999207    0.8D-05
     147      3     0.99997665    0.2D-04
     147      4     0.99999961    0.4D-06
 
     148      1     1.00000000    0.9D-11
     148      2     0.99999207    0.8D-05
     148      3     0.99997665    0.2D-04
     148      4     0.99999961    0.4D-06
 
     149      1     1.00000000    0.9D-11
     149      2     0.99999207    0.8D-05
     149      3     0.99997665    0.2D-04
     149      4     0.99999961    0.4D-06
