
            r               1s              2s
        0.0000003   0.0000000E+00   0.0000000E+00
        0.0000003   0.3068955E-05   0.4758122E-06
        0.0000003   0.3194202E-05   0.4952304E-06
        0.0000004   0.3324560E-05   0.5154412E-06
        0.0000004   0.3460238E-05   0.5364767E-06
        0.0000004   0.3601452E-05   0.5583707E-06
        0.0000004   0.3748430E-05   0.5811583E-06
        0.0000004   0.3901406E-05   0.6048757E-06
        0.0000004   0.4060626E-05   0.6295612E-06
        0.0000005   0.4226343E-05   0.6552540E-06
        0.0000005   0.4398822E-05   0.6819953E-06
        0.0000005   0.4578341E-05   0.7098280E-06
        0.0000005   0.4765186E-05   0.7387965E-06
        0.0000005   0.4959657E-05   0.7689473E-06
        0.0000006   0.5162063E-05   0.8003285E-06
        0.0000006   0.5372730E-05   0.8329904E-06
        0.0000006   0.5591994E-05   0.8669852E-06
        0.0000006   0.5820206E-05   0.9023673E-06
        0.0000007   0.6057732E-05   0.9391934E-06
        0.0000007   0.6304951E-05   0.9775224E-06
        0.0000007   0.6562260E-05   0.1017416E-05
        0.0000007   0.6830069E-05   0.1058937E-05
        0.0000008   0.7108807E-05   0.1102152E-05
        0.0000008   0.7398920E-05   0.1147132E-05
        0.0000008   0.7700873E-05   0.1193947E-05
        0.0000009   0.8015149E-05   0.1242672E-05
        0.0000009   0.8342250E-05   0.1293386E-05
        0.0000009   0.8682700E-05   0.1346170E-05
        0.0000010   0.9037044E-05   0.1401107E-05
        0.0000010   0.9405849E-05   0.1458287E-05
        0.0000011   0.9789704E-05   0.1517800E-05
        0.0000011   0.1018922E-04   0.1579742E-05
        0.0000011   0.1060505E-04   0.1644211E-05
        0.0000012   0.1103784E-04   0.1711312E-05
        0.0000012   0.1148830E-04   0.1781151E-05
        0.0000013   0.1195714E-04   0.1853840E-05
        0.0000013   0.1244511E-04   0.1929495E-05
        0.0000014   0.1295300E-04   0.2008238E-05
        0.0000015   0.1348161E-04   0.2090194E-05
        0.0000015   0.1403179E-04   0.2175495E-05
        0.0000016   0.1460443E-04   0.2264277E-05
        0.0000016   0.1520044E-04   0.2356682E-05
        0.0000017   0.1582076E-04   0.2452858E-05
        0.0000018   0.1646641E-04   0.2552959E-05
        0.0000019   0.1713840E-04   0.2657145E-05
        0.0000019   0.1783781E-04   0.2765582E-05
        0.0000020   0.1856577E-04   0.2878445E-05
        0.0000021   0.1932343E-04   0.2995913E-05
        0.0000022   0.2011202E-04   0.3118176E-05
        0.0000023   0.2093278E-04   0.3245427E-05
        0.0000024   0.2178704E-04   0.3377871E-05
        0.0000024   0.2267615E-04   0.3515721E-05
        0.0000025   0.2360155E-04   0.3659195E-05
        0.0000027   0.2456472E-04   0.3808525E-05
        0.0000028   0.2556719E-04   0.3963948E-05
        0.0000029   0.2661057E-04   0.4125714E-05
        0.0000030   0.2769652E-04   0.4294081E-05
        0.0000031   0.2882679E-04   0.4469319E-05
        0.0000032   0.3000319E-04   0.4651707E-05
        0.0000034   0.3122759E-04   0.4841539E-05
        0.0000035   0.3250195E-04   0.5039117E-05
        0.0000037   0.3382832E-04   0.5244757E-05
        0.0000038   0.3520881E-04   0.5458789E-05
        0.0000040   0.3664563E-04   0.5681555E-05
        0.0000041   0.3814109E-04   0.5913411E-05
        0.0000043   0.3969757E-04   0.6154729E-05
        0.0000045   0.4131757E-04   0.6405893E-05
        0.0000046   0.4300367E-04   0.6667307E-05
        0.0000048   0.4475857E-04   0.6939388E-05
        0.0000050   0.4658508E-04   0.7222571E-05
        0.0000052   0.4848612E-04   0.7517309E-05
        0.0000054   0.5046474E-04   0.7824075E-05
        0.0000057   0.5252409E-04   0.8143358E-05
        0.0000059   0.5466747E-04   0.8475669E-05
        0.0000061   0.5689832E-04   0.8821539E-05
        0.0000064   0.5922019E-04   0.9181523E-05
        0.0000067   0.6163680E-04   0.9556196E-05
        0.0000069   0.6415201E-04   0.9946156E-05
        0.0000072   0.6676986E-04   0.1035203E-04
        0.0000075   0.6949452E-04   0.1077446E-04
        0.0000078   0.7233036E-04   0.1121413E-04
        0.0000081   0.7528190E-04   0.1167174E-04
        0.0000085   0.7835387E-04   0.1214802E-04
        0.0000088   0.8155119E-04   0.1264373E-04
        0.0000092   0.8487895E-04   0.1315967E-04
        0.0000095   0.8834250E-04   0.1369666E-04
        0.0000099   0.9194735E-04   0.1425556E-04
        0.0000103   0.9569929E-04   0.1483726E-04
        0.0000108   0.9960430E-04   0.1544269E-04
        0.0000112   0.1036686E-03   0.1607283E-04
        0.0000117   0.1078988E-03   0.1672867E-04
        0.0000121   0.1123015E-03   0.1741127E-04
        0.0000126   0.1168839E-03   0.1812172E-04
        0.0000131   0.1216532E-03   0.1886116E-04
        0.0000137   0.1266170E-03   0.1963076E-04
        0.0000142   0.1317834E-03   0.2043176E-04
        0.0000148   0.1371605E-03   0.2126543E-04
        0.0000154   0.1427570E-03   0.2213311E-04
        0.0000160   0.1485818E-03   0.2303619E-04
        0.0000167   0.1546442E-03   0.2397611E-04
        0.0000174   0.1609540E-03   0.2495437E-04
        0.0000181   0.1675211E-03   0.2597254E-04
        0.0000188   0.1743560E-03   0.2703223E-04
        0.0000196   0.1814698E-03   0.2813516E-04
        0.0000204   0.1888737E-03   0.2928307E-04
        0.0000212   0.1965797E-03   0.3047780E-04
        0.0000221   0.2045999E-03   0.3172126E-04
        0.0000230   0.2129473E-03   0.3301544E-04
        0.0000239   0.2216351E-03   0.3436240E-04
        0.0000249   0.2306772E-03   0.3576430E-04
        0.0000259   0.2400882E-03   0.3722337E-04
        0.0000270   0.2498829E-03   0.3874195E-04
        0.0000281   0.2600770E-03   0.4032245E-04
        0.0000292   0.2706869E-03   0.4196741E-04
        0.0000304   0.2817294E-03   0.4367945E-04
        0.0000317   0.2932222E-03   0.4546130E-04
        0.0000330   0.3051837E-03   0.4731581E-04
        0.0000343   0.3176329E-03   0.4924594E-04
        0.0000357   0.3305896E-03   0.5125476E-04
        0.0000372   0.3440747E-03   0.5334549E-04
        0.0000387   0.3581095E-03   0.5552145E-04
        0.0000402   0.3727165E-03   0.5778613E-04
        0.0000419   0.3879190E-03   0.6014313E-04
        0.0000436   0.4037412E-03   0.6259621E-04
        0.0000454   0.4202084E-03   0.6514929E-04
        0.0000472   0.4373468E-03   0.6780643E-04
        0.0000492   0.4551837E-03   0.7057188E-04
        0.0000512   0.4737476E-03   0.7345004E-04
        0.0000532   0.4930681E-03   0.7644550E-04
        0.0000554   0.5131760E-03   0.7956303E-04
        0.0000577   0.5341032E-03   0.8280760E-04
        0.0000600   0.5558832E-03   0.8618438E-04
        0.0000625   0.5785507E-03   0.8969874E-04
        0.0000650   0.6021416E-03   0.9335630E-04
        0.0000677   0.6266937E-03   0.9716285E-04
        0.0000704   0.6522459E-03   0.1011245E-03
        0.0000733   0.6788389E-03   0.1052475E-03
        0.0000763   0.7065151E-03   0.1095384E-03
        0.0000794   0.7353185E-03   0.1140041E-03
        0.0000827   0.7652949E-03   0.1186516E-03
        0.0000860   0.7964919E-03   0.1234884E-03
        0.0000895   0.8289592E-03   0.1285222E-03
        0.0000932   0.8627483E-03   0.1337609E-03
        0.0000970   0.8979129E-03   0.1392128E-03
        0.0001009   0.9345089E-03   0.1448867E-03
        0.0001051   0.9725943E-03   0.1507914E-03
        0.0001093   0.1012230E-02   0.1569365E-03
        0.0001138   0.1053478E-02   0.1633317E-03
        0.0001184   0.1096404E-02   0.1699870E-03
        0.0001233   0.1141077E-02   0.1769131E-03
        0.0001283   0.1187567E-02   0.1841209E-03
        0.0001335   0.1235948E-02   0.1916219E-03
        0.0001389   0.1286296E-02   0.1994279E-03
        0.0001446   0.1338691E-02   0.2075512E-03
        0.0001505   0.1393216E-02   0.2160048E-03
        0.0001566   0.1449958E-02   0.2248021E-03
        0.0001630   0.1509005E-02   0.2339568E-03
        0.0001697   0.1570452E-02   0.2434835E-03
        0.0001766   0.1634395E-02   0.2533973E-03
        0.0001838   0.1700935E-02   0.2637137E-03
        0.0001912   0.1770177E-02   0.2744491E-03
        0.0001990   0.1842231E-02   0.2856203E-03
        0.0002071   0.1917210E-02   0.2972451E-03
        0.0002156   0.1995232E-02   0.3093416E-03
        0.0002244   0.2076420E-02   0.3219290E-03
        0.0002335   0.2160901E-02   0.3350269E-03
        0.0002430   0.2248808E-02   0.3486561E-03
        0.0002529   0.2340279E-02   0.3628379E-03
        0.0002632   0.2435459E-02   0.3775946E-03
        0.0002739   0.2534495E-02   0.3929492E-03
        0.0002850   0.2637544E-02   0.4089259E-03
        0.0002966   0.2744766E-02   0.4255497E-03
        0.0003087   0.2856329E-02   0.4428465E-03
        0.0003213   0.2972408E-02   0.4608434E-03
        0.0003343   0.3093183E-02   0.4795685E-03
        0.0003479   0.3218844E-02   0.4990509E-03
        0.0003621   0.3349585E-02   0.5193211E-03
        0.0003768   0.3485610E-02   0.5404105E-03
        0.0003921   0.3627131E-02   0.5623519E-03
        0.0004080   0.3774367E-02   0.5851795E-03
        0.0004246   0.3927547E-02   0.6089285E-03
        0.0004419   0.4086907E-02   0.6336357E-03
        0.0004598   0.4252694E-02   0.6593395E-03
        0.0004785   0.4425165E-02   0.6860793E-03
        0.0004979   0.4604584E-02   0.7138966E-03
        0.0005181   0.4791228E-02   0.7428340E-03
        0.0005392   0.4985385E-02   0.7729361E-03
        0.0005611   0.5187352E-02   0.8042491E-03
        0.0005838   0.5397438E-02   0.8368210E-03
        0.0006075   0.5615965E-02   0.8707015E-03
        0.0006321   0.5843266E-02   0.9059423E-03
        0.0006578   0.6079688E-02   0.9425972E-03
        0.0006844   0.6325590E-02   0.9807220E-03
        0.0007122   0.6581345E-02   0.1020374E-02
        0.0007410   0.6847341E-02   0.1061614E-02
        0.0007710   0.7123978E-02   0.1104504E-02
        0.0008022   0.7411675E-02   0.1149109E-02
        0.0008347   0.7710863E-02   0.1195495E-02
        0.0008685   0.8021992E-02   0.1243733E-02
        0.0009036   0.8345526E-02   0.1293893E-02
        0.0009401   0.8681948E-02   0.1346052E-02
        0.0009781   0.9031758E-02   0.1400287E-02
        0.0010176   0.9395475E-02   0.1456678E-02
        0.0010587   0.9773638E-02   0.1515308E-02
        0.0011014   0.1016680E-01   0.1576264E-02
        0.0011458   0.1057554E-01   0.1639636E-02
        0.0011921   0.1100046E-01   0.1705515E-02
        0.0012401   0.1144218E-01   0.1773999E-02
        0.0012901   0.1190134E-01   0.1845187E-02
        0.0013420   0.1237859E-01   0.1919181E-02
        0.0013960   0.1287464E-01   0.1996088E-02
        0.0014521   0.1339019E-01   0.2076019E-02
        0.0015105   0.1392598E-01   0.2159087E-02
        0.0015712   0.1448277E-01   0.2245411E-02
        0.0016343   0.1506134E-01   0.2335113E-02
        0.0016998   0.1566252E-01   0.2428320E-02
        0.0017680   0.1628714E-01   0.2525160E-02
        0.0018388   0.1693607E-01   0.2625771E-02
        0.0019124   0.1761022E-01   0.2730290E-02
        0.0019889   0.1831051E-01   0.2838862E-02
        0.0020684   0.1903789E-01   0.2951636E-02
        0.0021511   0.1979337E-01   0.3068764E-02
        0.0022369   0.2057795E-01   0.3190405E-02
        0.0023261   0.2139269E-01   0.3316722E-02
        0.0024188   0.2223868E-01   0.3447883E-02
        0.0025150   0.2311703E-01   0.3584062E-02
        0.0026150   0.2402890E-01   0.3725437E-02
        0.0027189   0.2497548E-01   0.3872193E-02
        0.0028267   0.2595797E-01   0.4024517E-02
        0.0029388   0.2697765E-01   0.4182606E-02
        0.0030551   0.2803580E-01   0.4346660E-02
        0.0031759   0.2913375E-01   0.4516884E-02
        0.0033013   0.3027287E-01   0.4693490E-02
        0.0034315   0.3145455E-01   0.4876695E-02
        0.0035667   0.3268024E-01   0.5066722E-02
        0.0037070   0.3395141E-01   0.5263801E-02
        0.0038526   0.3526957E-01   0.5468164E-02
        0.0040037   0.3663628E-01   0.5680053E-02
        0.0041604   0.3805311E-01   0.5899714E-02
        0.0043231   0.3952170E-01   0.6127398E-02
        0.0044919   0.4104370E-01   0.6363362E-02
        0.0046669   0.4262082E-01   0.6607869E-02
        0.0048485   0.4425477E-01   0.6861188E-02
        0.0050368   0.4594733E-01   0.7123593E-02
        0.0052320   0.4770031E-01   0.7395363E-02
        0.0054344   0.4951552E-01   0.7676781E-02
        0.0056442   0.5139486E-01   0.7968138E-02
        0.0058616   0.5334020E-01   0.8269729E-02
        0.0060870   0.5535349E-01   0.8581851E-02
        0.0063205   0.5743668E-01   0.8904808E-02
        0.0065624   0.5959176E-01   0.9238909E-02
        0.0068130   0.6182074E-01   0.9584464E-02
        0.0070725   0.6412565E-01   0.9941789E-02
        0.0073412   0.6650856E-01   0.1031120E-01
        0.0076194   0.6897153E-01   0.1069303E-01
        0.0079074   0.7151667E-01   0.1108759E-01
        0.0082054   0.7414608E-01   0.1149521E-01
        0.0085138   0.7686188E-01   0.1191621E-01
        0.0088329   0.7966621E-01   0.1235094E-01
        0.0091629   0.8256120E-01   0.1279972E-01
        0.0095042   0.8554900E-01   0.1326288E-01
        0.0098571   0.8863173E-01   0.1374075E-01
        0.0102219   0.9181154E-01   0.1423366E-01
        0.0105989   0.9509055E-01   0.1474195E-01
        0.0109885   0.9847089E-01   0.1526593E-01
        0.0113910   0.1019547E+00   0.1580594E-01
        0.0118067   0.1055439E+00   0.1636229E-01
        0.0122359   0.1092408E+00   0.1693531E-01
        0.0126791   0.1130473E+00   0.1752531E-01
        0.0131365   0.1169654E+00   0.1813260E-01
        0.0136085   0.1209971E+00   0.1875748E-01
        0.0140954   0.1251443E+00   0.1940025E-01
        0.0145977   0.1294090E+00   0.2006121E-01
        0.0151156   0.1337929E+00   0.2074063E-01
        0.0156495   0.1382980E+00   0.2143880E-01
        0.0161998   0.1429258E+00   0.2215598E-01
        0.0167669   0.1476781E+00   0.2289243E-01
        0.0173510   0.1525565E+00   0.2364840E-01
        0.0179526   0.1575627E+00   0.2442412E-01
        0.0185721   0.1626980E+00   0.2521983E-01
        0.0192098   0.1679639E+00   0.2603574E-01
        0.0198660   0.1733618E+00   0.2687206E-01
        0.0205412   0.1788930E+00   0.2772898E-01
        0.0212358   0.1845585E+00   0.2860669E-01
        0.0219500   0.1903597E+00   0.2950534E-01
        0.0226843   0.1962974E+00   0.3042511E-01
        0.0234392   0.2023727E+00   0.3136612E-01
        0.0242148   0.2085865E+00   0.3232851E-01
        0.0250117   0.2149395E+00   0.3331240E-01
        0.0258303   0.2214325E+00   0.3431789E-01
        0.0266709   0.2280661E+00   0.3534507E-01
        0.0275339   0.2348409E+00   0.3639402E-01
        0.0284198   0.2417573E+00   0.3746479E-01
        0.0293289   0.2488157E+00   0.3855746E-01
        0.0302617   0.2560166E+00   0.3967204E-01
        0.0312185   0.2633600E+00   0.4080857E-01
        0.0321999   0.2708463E+00   0.4196707E-01
        0.0332063   0.2784755E+00   0.4314753E-01
        0.0342381   0.2862477E+00   0.4434996E-01
        0.0352957   0.2941628E+00   0.4557432E-01
        0.0363797   0.3022208E+00   0.4682060E-01
        0.0374906   0.3104216E+00   0.4808875E-01
        0.0386287   0.3187649E+00   0.4937873E-01
        0.0397948   0.3272506E+00   0.5069047E-01
        0.0409892   0.3358783E+00   0.5202391E-01
        0.0422125   0.3446478E+00   0.5337898E-01
        0.0434654   0.3535587E+00   0.5475560E-01
        0.0447483   0.3626105E+00   0.5615367E-01
        0.0460620   0.3718029E+00   0.5757310E-01
        0.0474071   0.3811354E+00   0.5901377E-01
        0.0487841   0.3906075E+00   0.6047559E-01
        0.0501939   0.4002187E+00   0.6195844E-01
        0.0516371   0.4099684E+00   0.6346218E-01
        0.0531145   0.4198560E+00   0.6498668E-01
        0.0546270   0.4298810E+00   0.6653181E-01
        0.0561752   0.4400426E+00   0.6809741E-01
        0.0577601   0.4503403E+00   0.6968334E-01
        0.0593827   0.4607733E+00   0.7128942E-01
        0.0610438   0.4713410E+00   0.7291549E-01
        0.0627444   0.4820424E+00   0.7456135E-01
        0.0644856   0.4928768E+00   0.7622680E-01
        0.0662685   0.5038434E+00   0.7791165E-01
        0.0680943   0.5149412E+00   0.7961567E-01
        0.0699640   0.5261692E+00   0.8133861E-01
        0.0718791   0.5375264E+00   0.8308021E-01
        0.0738407   0.5490115E+00   0.8484021E-01
        0.0758504   0.5606234E+00   0.8661828E-01
        0.0779095   0.5723606E+00   0.8841412E-01
        0.0800195   0.5842217E+00   0.9022737E-01
        0.0821821   0.5962051E+00   0.9205764E-01
        0.0843989   0.6083089E+00   0.9390450E-01
        0.0866717   0.6205313E+00   0.9576751E-01
        0.0890023   0.6328700E+00   0.9764616E-01
        0.0913926   0.6453227E+00   0.9953990E-01
        0.0938446   0.6578868E+00   0.1014481E+00
        0.0963604   0.6705594E+00   0.1033702E+00
        0.0989423   0.6833372E+00   0.1053054E+00
        0.1015924   0.6962169E+00   0.1072529E+00
        0.1043133   0.7091944E+00   0.1092119E+00
        0.1071074   0.7222657E+00   0.1111815E+00
        0.1099773   0.7354261E+00   0.1131605E+00
        0.1129259   0.7486703E+00   0.1151480E+00
        0.1159559   0.7619928E+00   0.1171426E+00
        0.1190704   0.7753875E+00   0.1191430E+00
        0.1222725   0.7888477E+00   0.1211478E+00
        0.1255654   0.8023658E+00   0.1231554E+00
        0.1289527   0.8159341E+00   0.1251640E+00
        0.1324378   0.8295437E+00   0.1271718E+00
        0.1360245   0.8431852E+00   0.1291768E+00
        0.1397166   0.8568482E+00   0.1311767E+00
        0.1435182   0.8705216E+00   0.1331692E+00
        0.1474335   0.8841934E+00   0.1351516E+00
        0.1514669   0.8978505E+00   0.1371212E+00
        0.1556230   0.9114788E+00   0.1390750E+00
        0.1599065   0.9250633E+00   0.1410098E+00
        0.1643224   0.9385877E+00   0.1429220E+00
        0.1688759   0.9520346E+00   0.1448078E+00
        0.1735723   0.9653855E+00   0.1466634E+00
        0.1784173   0.9786203E+00   0.1484844E+00
        0.1834167   0.9917180E+00   0.1502662E+00
        0.1885765   0.1004656E+01   0.1520038E+00
        0.1939031   0.1017410E+01   0.1536920E+00
        0.1994029   0.1029956E+01   0.1553253E+00
        0.2050827   0.1042265E+01   0.1568977E+00
        0.2109497   0.1054310E+01   0.1584029E+00
        0.2170111   0.1066062E+01   0.1598342E+00
        0.2232745   0.1077489E+01   0.1611847E+00
        0.2297478   0.1088558E+01   0.1624467E+00
        0.2364392   0.1099236E+01   0.1636125E+00
        0.2433571   0.1109486E+01   0.1646737E+00
        0.2505104   0.1119272E+01   0.1656218E+00
        0.2579080   0.1128557E+01   0.1664476E+00
        0.2655595   0.1137299E+01   0.1671416E+00
        0.2734746   0.1145460E+01   0.1676938E+00
        0.2816633   0.1152997E+01   0.1680940E+00
        0.2901361   0.1159869E+01   0.1683313E+00
        0.2989037   0.1166032E+01   0.1683946E+00
        0.3079773   0.1171442E+01   0.1682725E+00
        0.3173684   0.1176056E+01   0.1679529E+00
        0.3270888   0.1179829E+01   0.1674237E+00
        0.3371508   0.1182718E+01   0.1666723E+00
        0.3475670   0.1184679E+01   0.1656859E+00
        0.3583504   0.1185670E+01   0.1644514E+00
        0.3695146   0.1185648E+01   0.1629555E+00
        0.3810731   0.1184574E+01   0.1611846E+00
        0.3930404   0.1182407E+01   0.1591252E+00
        0.4054311   0.1179113E+01   0.1567636E+00
        0.4182601   0.1174655E+01   0.1540859E+00
        0.4315430   0.1169003E+01   0.1510787E+00
        0.4452957   0.1162128E+01   0.1477282E+00
        0.4595344   0.1154007E+01   0.1440211E+00
        0.4742760   0.1144618E+01   0.1399441E+00
        0.4895376   0.1133945E+01   0.1354846E+00
        0.5053368   0.1121977E+01   0.1306301E+00
        0.5216916   0.1108708E+01   0.1253687E+00
        0.5386205   0.1094138E+01   0.1196890E+00
        0.5561424   0.1078272E+01   0.1135805E+00
        0.5742766   0.1061123E+01   0.1070332E+00
        0.5930427   0.1042708E+01   0.1000382E+00
        0.6124609   0.1023054E+01   0.9258761E-01
        0.6325518   0.1002192E+01   0.8467444E-01
        0.6533363   0.9801615E+00   0.7629302E-01
        0.6748357   0.9570091E+00   0.6743895E-01
        0.6970717   0.9327886E+00   0.5810926E-01
        0.7200664   0.9075603E+00   0.4830247E-01
        0.7438422   0.8813920E+00   0.3801873E-01
        0.7684219   0.8543578E+00   0.2725994E-01
        0.7938287   0.8265382E+00   0.1602978E-01
        0.8200858   0.7980197E+00   0.4333906E-02
        0.8472171   0.7688940E+00  -0.7820037E-02
        0.8752466   0.7392579E+00  -0.2042228E-01
        0.9041984   0.7092122E+00  -0.3346084E-01
        0.9340971   0.6788612E+00  -0.4692149E-01
        0.9649674   0.6483117E+00  -0.6078763E-01
        0.9968341   0.6176725E+00  -0.7504026E-01
        1.0297223   0.5870530E+00  -0.8965791E-01
        1.0636571   0.5565626E+00  -0.1046167E+00
        1.0986639   0.5263097E+00  -0.1198900E+00
        1.1347679   0.4964004E+00  -0.1354489E+00
        1.1719945   0.4669379E+00  -0.1512620E+00
        1.2103692   0.4380211E+00  -0.1672950E+00
        1.2499173   0.4097442E+00  -0.1835117E+00
        1.2906641   0.3821953E+00  -0.1998730E+00
        1.3326348   0.3554559E+00  -0.2163379E+00
        1.3758545   0.3296000E+00  -0.2328630E+00
        1.4203481   0.3046936E+00  -0.2494028E+00
        1.4661403   0.2807940E+00  -0.2659102E+00
        1.5132556   0.2579497E+00  -0.2823361E+00
        1.5617181   0.2361997E+00  -0.2986300E+00
        1.6115518   0.2155738E+00  -0.3147403E+00
        1.6627801   0.1960921E+00  -0.3306141E+00
        1.7154260   0.1777658E+00  -0.3461980E+00
        1.7695124   0.1605968E+00  -0.3614383E+00
        1.8250613   0.1445784E+00  -0.3762811E+00
        1.8820945   0.1296958E+00  -0.3906727E+00
        1.9406332   0.1159266E+00  -0.4045601E+00
        2.0006978   0.1032415E+00  -0.4178914E+00
        2.0623083   0.9160536E-01  -0.4306160E+00
        2.1254840   0.8097734E-01  -0.4426850E+00
        2.1902437   0.7131233E-01  -0.4540518E+00
        2.2566051   0.6256153E-01  -0.4646720E+00
        2.3245855   0.5467340E-01  -0.4745045E+00
        2.3942013   0.4759442E-01  -0.4835110E+00
        2.4654682   0.4126991E-01  -0.4916569E+00
        2.5384010   0.3564479E-01  -0.4989114E+00
        2.6130137   0.3066423E-01  -0.5052480E+00
        2.6893195   0.2627432E-01  -0.5106443E+00
        2.7673307   0.2242256E-01  -0.5150826E+00
        2.8470587   0.1905836E-01  -0.5185498E+00
        2.9285140   0.1613340E-01  -0.5210376E+00
        3.0117065   0.1360197E-01  -0.5225429E+00
        3.0966446   0.1142112E-01  -0.5230673E+00
        3.1833364   0.9550929E-02  -0.5226174E+00
        3.2717888   0.7954477E-02  -0.5212047E+00
        3.3620077   0.6597940E-02  -0.5188455E+00
        3.4539983   0.5450538E-02  -0.5155607E+00
        3.5477649   0.4484461E-02  -0.5113758E+00
        3.6433107   0.3674763E-02  -0.5063203E+00
        3.7406381   0.2999216E-02  -0.5004277E+00
        3.8397488   0.2438147E-02  -0.4937354E+00
        3.9406434   0.1974258E-02  -0.4862838E+00
        4.0433217   0.1592439E-02  -0.4781166E+00
        4.1477828   0.1279572E-02  -0.4692799E+00
        4.2540248   0.1024341E-02  -0.4598221E+00
        4.3620451   0.8170428E-03  -0.4497935E+00
        4.4718403   0.6494078E-03  -0.4392458E+00
        4.5834063   0.5144299E-03  -0.4282316E+00
        4.6967382   0.4062080E-03  -0.4168044E+00
        4.8118303   0.3198001E-03  -0.4050176E+00
        4.9286763   0.2510914E-03  -0.3929247E+00
        5.0472694   0.1966743E-03  -0.3805786E+00
        5.1676017   0.1537431E-03  -0.3680314E+00
        5.2896653   0.1199995E-03  -0.3553339E+00
        5.4134511   0.9357178E-04  -0.3425357E+00
        5.5389498   0.7294295E-04  -0.3296843E+00
        5.6661516   0.5689036E-04  -0.3168254E+00
        5.7950459   0.4443348E-04  -0.3040025E+00
        5.9256219   0.3479001E-04  -0.2912567E+00
        6.0578681   0.2733887E-04  -0.2786265E+00
        6.1917728   0.2158941E-04  -0.2661479E+00
        6.3273237   0.1715590E-04  -0.2538540E+00
        6.4645083   0.1373652E-04  -0.2417752E+00
        6.6033135   0.1109618E-04  -0.2299389E+00
        6.7437262   0.9052635E-05  -0.2183699E+00
        6.8857326   0.7465182E-05  -0.2070899E+00
        7.0293190   0.6225678E-05  -0.1961181E+00
        7.1744712   0.5251336E-05  -0.1854707E+00
        7.3211747   0.4479019E-05  -0.1751614E+00
        7.4694151   0.3860754E-05  -0.1652014E+00
        7.6191776   0.3360203E-05  -0.1555992E+00
        7.7704471   0.2949920E-05  -0.1463613E+00
        7.9232086   0.2609225E-05  -0.1374918E+00
        8.0774469   0.2322558E-05  -0.1289928E+00
        8.2331465   0.2078221E-05  -0.1208646E+00
        8.3902921   0.1867419E-05  -0.1131056E+00
        8.5488680   0.1683525E-05  -0.1057126E+00
        8.7088588   0.1521534E-05  -0.9868106E-01
        8.8702487   0.1377642E-05  -0.9200508E-01
        9.0330221   0.1248939E-05  -0.8567756E-01
        9.1971633   0.1133178E-05  -0.7969043E-01
        9.3626565   0.1028600E-05  -0.7403472E-01
        9.5294861   0.9338089E-06  -0.6870071E-01
        9.6976365   0.8476796E-06  -0.6367807E-01
        9.8670919   0.7692869E-06  -0.5895597E-01
       10.0378367   0.6978571E-06  -0.5452317E-01
       10.2098555   0.6327312E-06  -0.5036815E-01
       10.3831327   0.5733383E-06  -0.4647922E-01
       10.5576530   0.5191766E-06  -0.4284454E-01
       10.7334009   0.4697991E-06  -0.3945229E-01
       10.9103613   0.4248038E-06  -0.3629067E-01
       11.0885190   0.3838258E-06  -0.3334799E-01
       11.2678589   0.3465319E-06  -0.3061274E-01
       11.4483661   0.3126165E-06  -0.2807362E-01
       11.6300257   0.2817984E-06  -0.2571960E-01
       11.8128232   0.2538184E-06  -0.2353994E-01
       11.9967438   0.2284370E-06  -0.2152421E-01
       12.1817732   0.2054332E-06  -0.1966236E-01
       12.3678969   0.1846026E-06  -0.1794470E-01
       12.5551009   0.1657568E-06  -0.1636192E-01
       12.7433711   0.1487217E-06  -0.1490511E-01
       12.9326936   0.1333369E-06  -0.1356577E-01
       13.1230546   0.1194547E-06  -0.1233580E-01
       13.3144406   0.1069392E-06  -0.1120751E-01
       13.5068380   0.9566555E-07  -0.1017360E-01
       13.7002336   0.8551903E-07  -0.9227193E-02
       13.8946143   0.7639461E-07  -0.8361774E-02
       14.0899669   0.6819609E-07  -0.7571227E-02
       14.2862788   0.6083549E-07  -0.6849803E-02
       14.4835373   0.5423246E-07  -0.6192110E-02
       14.6817297   0.4831371E-07  -0.5593103E-02
       14.8808438   0.4301244E-07  -0.5048067E-02
       15.0808674   0.3826786E-07  -0.4552609E-02
       15.2817883   0.3402473E-07  -0.4102636E-02
       15.4835948   0.3023287E-07  -0.3694346E-02
       15.6862751   0.2684675E-07  -0.3324210E-02
       15.8898176   0.2382515E-07  -0.2988960E-02
       16.0942110   0.2113074E-07  -0.2685572E-02
       16.2994439   0.1872977E-07  -0.2411254E-02
       16.5055053   0.1659176E-07  -0.2163428E-02
       16.7123842   0.1468920E-07  -0.1939723E-02
       16.9200698   0.1299729E-07  -0.1737955E-02
       17.1285516   0.1149371E-07  -0.1556120E-02
       17.3378190   0.1015835E-07  -0.1392378E-02
       17.5478616   0.8973161E-08  -0.1245044E-02
       17.7586694   0.7921909E-08  -0.1112576E-02
       17.9702323   0.6990041E-08  -0.9935641E-03
       18.1825403   0.6164505E-08  -0.8867207E-03
       18.3955838   0.5433608E-08  -0.7908721E-03
       18.6093532   0.4786886E-08  -0.7049490E-03
       18.8238389   0.4214980E-08  -0.6279785E-03
       19.0390318   0.3709527E-08  -0.5590761E-03
       19.2549225   0.3263060E-08  -0.4974388E-03
       19.4715021   0.2868916E-08  -0.4423380E-03
       19.6887617   0.2521157E-08  -0.3931136E-03
       19.9066925   0.2214490E-08  -0.3491680E-03
       20.1252858   0.1944205E-08  -0.3099606E-03
       20.3445333   0.1706113E-08  -0.2750031E-03
       20.5644264   0.1496488E-08  -0.2438544E-03
       20.7849570   0.1312023E-08  -0.2161169E-03
       21.0061169   0.1149779E-08  -0.1914322E-03
       21.2278982   0.1007152E-08  -0.1694776E-03
       21.4502929   0.8818316E-09  -0.1499629E-03
       21.6732933   0.7717714E-09  -0.1326271E-03
       21.8968918   0.6751597E-09  -0.1172359E-03
       22.1210809   0.5903935E-09  -0.1035789E-03
       22.3458531   0.5160551E-09  -0.9146765E-04
       22.5712012   0.4508918E-09  -0.8073312E-04
       22.7971180   0.3937973E-09  -0.7122405E-04
       23.0235964   0.3437948E-09  -0.6280512E-04
       23.2506295   0.3000228E-09  -0.5535531E-04
       23.4782104   0.2617218E-09  -0.4876656E-04
       23.7063324   0.2282223E-09  -0.4294237E-04
       23.9349888   0.1989350E-09  -0.3779666E-04
       24.1641732   0.1733409E-09  -0.3325269E-04
       24.3938790   0.1509837E-09  -0.2924210E-04
       24.6240999   0.1314618E-09  -0.2570403E-04
       24.8548298   0.1144228E-09  -0.2258432E-04
       25.0860623   0.9955658E-10  -0.1983482E-04
       25.3177916   0.8659132E-10  -0.1741276E-04
       25.5500115   0.7528830E-10  -0.1528013E-04
       25.7827163   0.6543819E-10  -0.1340322E-04
       26.0159002   0.5685746E-10  -0.1175212E-04
       26.2495575   0.4938528E-10  -0.1030032E-04
       26.4836826   0.4288077E-10  -0.9024331E-05
       26.7182700   0.3722055E-10  -0.7903360E-05
       26.9533141   0.3229658E-10  -0.6919006E-05
       27.1888098   0.2801423E-10  -0.6054994E-05
       27.4247516   0.2429053E-10  -0.5296939E-05
       27.6611345   0.2105255E-10  -0.4632132E-05
       27.8979533   0.1823591E-10  -0.4049352E-05
       28.1352029   0.1578324E-10  -0.3538699E-05
       28.3728785   0.1364243E-10  -0.3091437E-05
       28.6109750   0.1176463E-10  -0.2699868E-05
       28.8494878   0.1010142E-10  -0.2357210E-05
       29.0884120   0.8600679E-11  -0.2057490E-05
       29.3277431   0.7200069E-11  -0.1795450E-05
       29.5674763   0.5816385E-11  -0.1566468E-05
       29.8076072   0.4327772E-11  -0.1366479E-05
       30.0481313   0.2543639E-11  -0.1191914E-05
       30.2890441   0.0000000E+00   0.0000000E+00
