        Distance           1s              1s              2p              2p              2p              2p
      0.865464E-06    0.000000E+00    0.180338E-04    0.000000E+00    0.245556E-11    0.000000E+00    0.245556E-11
      0.900784E-06    0.187698E-04    0.187697E-04    0.265941E-11    0.266008E-11    0.265941E-11    0.266008E-11
      0.937546E-06    0.195358E-04    0.195357E-04    0.288090E-11    0.288163E-11    0.288090E-11    0.288163E-11
      0.975808E-06    0.203331E-04    0.203330E-04    0.312084E-11    0.312163E-11    0.312084E-11    0.312163E-11
      0.101563E-05    0.211629E-04    0.211628E-04    0.338077E-11    0.338162E-11    0.338077E-11    0.338162E-11
      0.105708E-05    0.220266E-04    0.220265E-04    0.366234E-11    0.366327E-11    0.366234E-11    0.366327E-11
      0.110022E-05    0.229255E-04    0.229254E-04    0.396737E-11    0.396837E-11    0.396737E-11    0.396837E-11
      0.114512E-05    0.238611E-04    0.238610E-04    0.429780E-11    0.429888E-11    0.429780E-11    0.429888E-11
      0.119185E-05    0.248349E-04    0.248348E-04    0.465575E-11    0.465692E-11    0.465575E-11    0.465692E-11
      0.124049E-05    0.258484E-04    0.258483E-04    0.504351E-11    0.504478E-11    0.504351E-11    0.504478E-11
      0.129112E-05    0.269033E-04    0.269032E-04    0.546357E-11    0.546495E-11    0.546357E-11    0.546495E-11
      0.134381E-05    0.280012E-04    0.280011E-04    0.591861E-11    0.592011E-11    0.591861E-11    0.592011E-11
      0.139865E-05    0.291439E-04    0.291438E-04    0.641156E-11    0.641318E-11    0.641156E-11    0.641318E-11
      0.145573E-05    0.303333E-04    0.303332E-04    0.694555E-11    0.694731E-11    0.694555E-11    0.694731E-11
      0.151514E-05    0.315712E-04    0.315711E-04    0.752403E-11    0.752593E-11    0.752403E-11    0.752593E-11
      0.157698E-05    0.328597E-04    0.328596E-04    0.815068E-11    0.815274E-11    0.815068E-11    0.815274E-11
      0.164134E-05    0.342007E-04    0.342006E-04    0.882953E-11    0.883176E-11    0.882953E-11    0.883176E-11
      0.170832E-05    0.355964E-04    0.355963E-04    0.956491E-11    0.956733E-11    0.956491E-11    0.956733E-11
      0.177804E-05    0.370492E-04    0.370490E-04    0.103615E-10    0.103642E-10    0.103615E-10    0.103642E-10
      0.185060E-05    0.385611E-04    0.385610E-04    0.112245E-10    0.112274E-10    0.112245E-10    0.112274E-10
      0.192613E-05    0.401348E-04    0.401347E-04    0.121594E-10    0.121624E-10    0.121594E-10    0.121624E-10
      0.200473E-05    0.417728E-04    0.417726E-04    0.131721E-10    0.131754E-10    0.131721E-10    0.131754E-10
      0.208655E-05    0.434775E-04    0.434773E-04    0.142692E-10    0.142728E-10    0.142692E-10    0.142728E-10
      0.217170E-05    0.452519E-04    0.452517E-04    0.154576E-10    0.154615E-10    0.154576E-10    0.154615E-10
      0.226033E-05    0.470986E-04    0.470984E-04    0.167450E-10    0.167492E-10    0.167450E-10    0.167492E-10
      0.235257E-05    0.490207E-04    0.490205E-04    0.181396E-10    0.181442E-10    0.181396E-10    0.181442E-10
      0.244858E-05    0.510213E-04    0.510210E-04    0.196504E-10    0.196554E-10    0.196504E-10    0.196554E-10
      0.254851E-05    0.531034E-04    0.531032E-04    0.212870E-10    0.212924E-10    0.212870E-10    0.212924E-10
      0.265252E-05    0.552706E-04    0.552704E-04    0.230600E-10    0.230658E-10    0.230600E-10    0.230658E-10
      0.276077E-05    0.575262E-04    0.575260E-04    0.249806E-10    0.249869E-10    0.249806E-10    0.249869E-10
      0.287344E-05    0.598739E-04    0.598736E-04    0.270611E-10    0.270680E-10    0.270611E-10    0.270680E-10
      0.299071E-05    0.623173E-04    0.623171E-04    0.293149E-10    0.293224E-10    0.293149E-10    0.293224E-10
      0.311276E-05    0.648605E-04    0.648602E-04    0.317565E-10    0.317645E-10    0.317565E-10    0.317645E-10
      0.323979E-05    0.675075E-04    0.675072E-04    0.344014E-10    0.344101E-10    0.344014E-10    0.344101E-10
      0.337201E-05    0.702625E-04    0.702622E-04    0.372666E-10    0.372760E-10    0.372666E-10    0.372760E-10
      0.350963E-05    0.731299E-04    0.731296E-04    0.403704E-10    0.403806E-10    0.403704E-10    0.403806E-10
      0.365286E-05    0.761143E-04    0.761140E-04    0.437327E-10    0.437437E-10    0.437327E-10    0.437437E-10
      0.380193E-05    0.792205E-04    0.792202E-04    0.473750E-10    0.473870E-10    0.473750E-10    0.473870E-10
      0.395709E-05    0.824535E-04    0.824532E-04    0.513207E-10    0.513337E-10    0.513207E-10    0.513337E-10
      0.411859E-05    0.858184E-04    0.858181E-04    0.555951E-10    0.556091E-10    0.555951E-10    0.556091E-10
      0.428667E-05    0.893207E-04    0.893203E-04    0.602254E-10    0.602406E-10    0.602254E-10    0.602406E-10
      0.446161E-05    0.929658E-04    0.929654E-04    0.652413E-10    0.652578E-10    0.652413E-10    0.652578E-10
      0.464369E-05    0.967598E-04    0.967593E-04    0.706751E-10    0.706929E-10    0.706751E-10    0.706929E-10
      0.483320E-05    0.100709E-03    0.100708E-03    0.765613E-10    0.765807E-10    0.765613E-10    0.765807E-10
      0.503045E-05    0.104818E-03    0.104818E-03    0.829379E-10    0.829588E-10    0.829379E-10    0.829588E-10
      0.523575E-05    0.109096E-03    0.109096E-03    0.898455E-10    0.898682E-10    0.898455E-10    0.898682E-10
      0.544942E-05    0.113548E-03    0.113548E-03    0.973284E-10    0.973530E-10    0.973284E-10    0.973530E-10
      0.567182E-05    0.118182E-03    0.118181E-03    0.105435E-09    0.105461E-09    0.105435E-09    0.105461E-09
      0.590329E-05    0.123005E-03    0.123004E-03    0.114216E-09    0.114245E-09    0.114216E-09    0.114245E-09
      0.614421E-05    0.128025E-03    0.128024E-03    0.123728E-09    0.123760E-09    0.123728E-09    0.123760E-09
      0.639496E-05    0.133249E-03    0.133249E-03    0.134033E-09    0.134067E-09    0.134033E-09    0.134067E-09
      0.665594E-05    0.138687E-03    0.138687E-03    0.145196E-09    0.145233E-09    0.145196E-09    0.145233E-09
      0.692757E-05    0.144347E-03    0.144346E-03    0.157289E-09    0.157329E-09    0.157289E-09    0.157329E-09
      0.721029E-05    0.150238E-03    0.150237E-03    0.170389E-09    0.170432E-09    0.170389E-09    0.170432E-09
      0.750455E-05    0.156369E-03    0.156368E-03    0.184580E-09    0.184627E-09    0.184580E-09    0.184627E-09
      0.781082E-05    0.162750E-03    0.162749E-03    0.199953E-09    0.200004E-09    0.199953E-09    0.200004E-09
      0.812958E-05    0.169392E-03    0.169391E-03    0.216607E-09    0.216661E-09    0.216607E-09    0.216661E-09
      0.846135E-05    0.176304E-03    0.176304E-03    0.234647E-09    0.234706E-09    0.234647E-09    0.234706E-09
      0.880667E-05    0.183499E-03    0.183498E-03    0.254190E-09    0.254254E-09    0.254190E-09    0.254254E-09
      0.916607E-05    0.190988E-03    0.190987E-03    0.275360E-09    0.275430E-09    0.275360E-09    0.275430E-09
      0.954015E-05    0.198781E-03    0.198781E-03    0.298294E-09    0.298369E-09    0.298294E-09    0.298369E-09
      0.992949E-05    0.206894E-03    0.206893E-03    0.323138E-09    0.323219E-09    0.323138E-09    0.323219E-09
      0.103347E-04    0.215337E-03    0.215336E-03    0.350050E-09    0.350139E-09    0.350050E-09    0.350139E-09
      0.107565E-04    0.224124E-03    0.224123E-03    0.379205E-09    0.379300E-09    0.379205E-09    0.379300E-09
      0.111955E-04    0.233270E-03    0.233269E-03    0.410787E-09    0.410891E-09    0.410787E-09    0.410891E-09
      0.116524E-04    0.242790E-03    0.242788E-03    0.445000E-09    0.445112E-09    0.445000E-09    0.445112E-09
      0.121279E-04    0.252697E-03    0.252696E-03    0.482062E-09    0.482183E-09    0.482062E-09    0.482183E-09
      0.126228E-04    0.263010E-03    0.263008E-03    0.522210E-09    0.522342E-09    0.522210E-09    0.522342E-09
      0.131380E-04    0.273742E-03    0.273741E-03    0.565703E-09    0.565846E-09    0.565703E-09    0.565846E-09
      0.136742E-04    0.284913E-03    0.284912E-03    0.612818E-09    0.612972E-09    0.612818E-09    0.612972E-09
      0.142322E-04    0.296540E-03    0.296539E-03    0.663856E-09    0.664024E-09    0.663856E-09    0.664024E-09
      0.148130E-04    0.308641E-03    0.308640E-03    0.719146E-09    0.719327E-09    0.719146E-09    0.719327E-09
      0.154176E-04    0.321236E-03    0.321234E-03    0.779040E-09    0.779237E-09    0.779040E-09    0.779237E-09
      0.160468E-04    0.334345E-03    0.334343E-03    0.843923E-09    0.844136E-09    0.843923E-09    0.844136E-09
      0.167017E-04    0.347988E-03    0.347987E-03    0.914209E-09    0.914439E-09    0.914209E-09    0.914439E-09
      0.173833E-04    0.362189E-03    0.362187E-03    0.990349E-09    0.990599E-09    0.990349E-09    0.990599E-09
      0.180927E-04    0.376969E-03    0.376967E-03    0.107283E-08    0.107310E-08    0.107283E-08    0.107310E-08
      0.188311E-04    0.392352E-03    0.392350E-03    0.116218E-08    0.116247E-08    0.116218E-08    0.116247E-08
      0.195996E-04    0.408362E-03    0.408360E-03    0.125897E-08    0.125929E-08    0.125897E-08    0.125929E-08
      0.203994E-04    0.425026E-03    0.425024E-03    0.136383E-08    0.136417E-08    0.136383E-08    0.136417E-08
      0.212320E-04    0.442370E-03    0.442368E-03    0.147741E-08    0.147778E-08    0.147741E-08    0.147778E-08
      0.220984E-04    0.460421E-03    0.460419E-03    0.160046E-08    0.160086E-08    0.160046E-08    0.160086E-08
      0.230003E-04    0.479209E-03    0.479207E-03    0.173375E-08    0.173419E-08    0.173375E-08    0.173419E-08
      0.239389E-04    0.498763E-03    0.498761E-03    0.187814E-08    0.187862E-08    0.187814E-08    0.187862E-08
      0.249159E-04    0.519116E-03    0.519113E-03    0.203456E-08    0.203508E-08    0.203456E-08    0.203508E-08
      0.259327E-04    0.540298E-03    0.540296E-03    0.220401E-08    0.220456E-08    0.220401E-08    0.220456E-08
      0.269911E-04    0.562345E-03    0.562343E-03    0.238757E-08    0.238817E-08    0.238757E-08    0.238817E-08
      0.280926E-04    0.585292E-03    0.585289E-03    0.258641E-08    0.258706E-08    0.258641E-08    0.258706E-08
      0.292391E-04    0.609174E-03    0.609172E-03    0.280182E-08    0.280252E-08    0.280182E-08    0.280252E-08
      0.304323E-04    0.634031E-03    0.634028E-03    0.303516E-08    0.303593E-08    0.303516E-08    0.303593E-08
      0.316743E-04    0.659903E-03    0.659899E-03    0.328794E-08    0.328877E-08    0.328794E-08    0.328877E-08
      0.329669E-04    0.686829E-03    0.686826E-03    0.356177E-08    0.356267E-08    0.356177E-08    0.356267E-08
      0.343123E-04    0.714854E-03    0.714851E-03    0.385841E-08    0.385938E-08    0.385841E-08    0.385938E-08
      0.357126E-04    0.744023E-03    0.744019E-03    0.417975E-08    0.418080E-08    0.417975E-08    0.418080E-08
      0.371701E-04    0.774381E-03    0.774377E-03    0.452785E-08    0.452899E-08    0.452785E-08    0.452899E-08
      0.386870E-04    0.805978E-03    0.805974E-03    0.490494E-08    0.490617E-08    0.490494E-08    0.490617E-08
      0.402659E-04    0.838863E-03    0.838859E-03    0.531343E-08    0.531477E-08    0.531343E-08    0.531477E-08
      0.419091E-04    0.873091E-03    0.873087E-03    0.575594E-08    0.575739E-08    0.575594E-08    0.575739E-08
      0.436195E-04    0.908714E-03    0.908710E-03    0.623531E-08    0.623688E-08    0.623531E-08    0.623688E-08
      0.453996E-04    0.945791E-03    0.945786E-03    0.675459E-08    0.675630E-08    0.675459E-08    0.675630E-08
      0.472524E-04    0.984380E-03    0.984375E-03    0.731713E-08    0.731897E-08    0.731713E-08    0.731897E-08
      0.491808E-04    0.102454E-02    0.102454E-02    0.792651E-08    0.792850E-08    0.792651E-08    0.792850E-08
      0.511879E-04    0.106634E-02    0.106634E-02    0.858663E-08    0.858879E-08    0.858663E-08    0.858879E-08
      0.532769E-04    0.110985E-02    0.110985E-02    0.930173E-08    0.930408E-08    0.930173E-08    0.930408E-08
      0.554511E-04    0.115513E-02    0.115513E-02    0.100764E-07    0.100789E-07    0.100764E-07    0.100789E-07
      0.577141E-04    0.120226E-02    0.120225E-02    0.109155E-07    0.109183E-07    0.109155E-07    0.109183E-07
      0.600694E-04    0.125131E-02    0.125130E-02    0.118246E-07    0.118276E-07    0.118246E-07    0.118276E-07
      0.625209E-04    0.130236E-02    0.130235E-02    0.128093E-07    0.128126E-07    0.128093E-07    0.128126E-07
      0.650724E-04    0.135549E-02    0.135549E-02    0.138761E-07    0.138796E-07    0.138761E-07    0.138796E-07
      0.677280E-04    0.141079E-02    0.141078E-02    0.150317E-07    0.150355E-07    0.150317E-07    0.150355E-07
      0.704920E-04    0.146835E-02    0.146834E-02    0.162835E-07    0.162876E-07    0.162835E-07    0.162876E-07
      0.733688E-04    0.152825E-02    0.152824E-02    0.176396E-07    0.176440E-07    0.176396E-07    0.176440E-07
      0.763630E-04    0.159059E-02    0.159058E-02    0.191085E-07    0.191134E-07    0.191085E-07    0.191134E-07
      0.794794E-04    0.165548E-02    0.165547E-02    0.206999E-07    0.207051E-07    0.206999E-07    0.207051E-07
      0.827230E-04    0.172301E-02    0.172300E-02    0.224237E-07    0.224293E-07    0.224237E-07    0.224293E-07
      0.860989E-04    0.179330E-02    0.179329E-02    0.242911E-07    0.242972E-07    0.242911E-07    0.242972E-07
      0.896126E-04    0.186645E-02    0.186644E-02    0.263139E-07    0.263205E-07    0.263139E-07    0.263205E-07
      0.932698E-04    0.194258E-02    0.194258E-02    0.285052E-07    0.285124E-07    0.285052E-07    0.285124E-07
      0.970761E-04    0.202182E-02    0.202181E-02    0.308790E-07    0.308868E-07    0.308790E-07    0.308868E-07
      0.101038E-03    0.210429E-02    0.210428E-02    0.334505E-07    0.334589E-07    0.334505E-07    0.334589E-07
      0.105161E-03    0.219012E-02    0.219011E-02    0.362361E-07    0.362452E-07    0.362361E-07    0.362452E-07
      0.109453E-03    0.227945E-02    0.227944E-02    0.392536E-07    0.392634E-07    0.392536E-07    0.392634E-07
      0.113920E-03    0.237243E-02    0.237241E-02    0.425224E-07    0.425330E-07    0.425224E-07    0.425330E-07
      0.118569E-03    0.246919E-02    0.246918E-02    0.460633E-07    0.460749E-07    0.460633E-07    0.460749E-07
      0.123407E-03    0.256989E-02    0.256988E-02    0.498991E-07    0.499116E-07    0.498991E-07    0.499116E-07
      0.128444E-03    0.267470E-02    0.267469E-02    0.540543E-07    0.540679E-07    0.540543E-07    0.540679E-07
      0.133685E-03    0.278378E-02    0.278377E-02    0.585555E-07    0.585701E-07    0.585555E-07    0.585701E-07
      0.139141E-03    0.289731E-02    0.289730E-02    0.634314E-07    0.634473E-07    0.634314E-07    0.634473E-07
      0.144819E-03    0.301546E-02    0.301545E-02    0.687133E-07    0.687305E-07    0.687133E-07    0.687305E-07
      0.150729E-03    0.313843E-02    0.313842E-02    0.744350E-07    0.744537E-07    0.744350E-07    0.744537E-07
      0.156881E-03    0.326641E-02    0.326639E-02    0.806331E-07    0.806533E-07    0.806331E-07    0.806533E-07
      0.163283E-03    0.339960E-02    0.339959E-02    0.873472E-07    0.873691E-07    0.873472E-07    0.873691E-07
      0.169947E-03    0.353822E-02    0.353820E-02    0.946203E-07    0.946440E-07    0.946203E-07    0.946440E-07
      0.176882E-03    0.368249E-02    0.368247E-02    0.102499E-06    0.102525E-06    0.102499E-06    0.102525E-06
      0.184100E-03    0.383263E-02    0.383261E-02    0.111034E-06    0.111061E-06    0.111034E-06    0.111061E-06
      0.191614E-03    0.398889E-02    0.398887E-02    0.120279E-06    0.120309E-06    0.120279E-06    0.120309E-06
      0.199433E-03    0.415151E-02    0.415149E-02    0.130293E-06    0.130326E-06    0.130293E-06    0.130326E-06
      0.207572E-03    0.432075E-02    0.432073E-02    0.141142E-06    0.141177E-06    0.141142E-06    0.141177E-06
      0.216043E-03    0.449689E-02    0.449687E-02    0.152894E-06    0.152932E-06    0.152894E-06    0.152932E-06
      0.224859E-03    0.468020E-02    0.468018E-02    0.165624E-06    0.165665E-06    0.165624E-06    0.165665E-06
      0.234036E-03    0.487097E-02    0.487095E-02    0.179413E-06    0.179458E-06    0.179413E-06    0.179458E-06
      0.243587E-03    0.506951E-02    0.506949E-02    0.194351E-06    0.194399E-06    0.194351E-06    0.194399E-06
      0.253527E-03    0.527613E-02    0.527611E-02    0.210532E-06    0.210584E-06    0.210532E-06    0.210584E-06
      0.263873E-03    0.549116E-02    0.549113E-02    0.228060E-06    0.228117E-06    0.228060E-06    0.228117E-06
      0.274642E-03    0.571494E-02    0.571491E-02    0.247047E-06    0.247108E-06    0.247047E-06    0.247108E-06
      0.285850E-03    0.594783E-02    0.594780E-02    0.267614E-06    0.267681E-06    0.267614E-06    0.267681E-06
      0.297515E-03    0.619019E-02    0.619016E-02    0.289893E-06    0.289965E-06    0.289893E-06    0.289965E-06
      0.309656E-03    0.644241E-02    0.644239E-02    0.314027E-06    0.314105E-06    0.314027E-06    0.314105E-06
      0.322293E-03    0.670490E-02    0.670487E-02    0.340169E-06    0.340254E-06    0.340169E-06    0.340254E-06
      0.335445E-03    0.697805E-02    0.697802E-02    0.368487E-06    0.368579E-06    0.368487E-06    0.368579E-06
      0.349134E-03    0.726232E-02    0.726229E-02    0.399162E-06    0.399261E-06    0.399162E-06    0.399261E-06
      0.363381E-03    0.755815E-02    0.755812E-02    0.432390E-06    0.432497E-06    0.432390E-06    0.432497E-06
      0.378210E-03    0.786600E-02    0.786597E-02    0.468383E-06    0.468499E-06    0.468383E-06    0.468499E-06
      0.393645E-03    0.818637E-02    0.818633E-02    0.507371E-06    0.507497E-06    0.507371E-06    0.507497E-06
      0.409708E-03    0.851975E-02    0.851972E-02    0.549604E-06    0.549740E-06    0.549604E-06    0.549740E-06
      0.426428E-03    0.886668E-02    0.886665E-02    0.595351E-06    0.595498E-06    0.595351E-06    0.595498E-06
      0.443830E-03    0.922771E-02    0.922767E-02    0.644904E-06    0.645063E-06    0.644904E-06    0.645063E-06
      0.461941E-03    0.960341E-02    0.960337E-02    0.698581E-06    0.698753E-06    0.698581E-06    0.698753E-06
      0.480792E-03    0.999436E-02    0.999432E-02    0.756723E-06    0.756909E-06    0.756723E-06    0.756909E-06
      0.500412E-03    0.104012E-01    0.104011E-01    0.819703E-06    0.819905E-06    0.819703E-06    0.819905E-06
      0.520832E-03    0.108245E-01    0.108245E-01    0.887923E-06    0.888141E-06    0.887923E-06    0.888141E-06
      0.542086E-03    0.112650E-01    0.112650E-01    0.961818E-06    0.962054E-06    0.961818E-06    0.962054E-06
      0.564207E-03    0.117234E-01    0.117234E-01    0.104186E-05    0.104212E-05    0.104186E-05    0.104212E-05
      0.587231E-03    0.122004E-01    0.122004E-01    0.112856E-05    0.112884E-05    0.112856E-05    0.112884E-05
      0.611194E-03    0.126968E-01    0.126967E-01    0.122247E-05    0.122277E-05    0.122247E-05    0.122277E-05
      0.636135E-03    0.132132E-01    0.132132E-01    0.132420E-05    0.132452E-05    0.132420E-05    0.132452E-05
      0.662093E-03    0.137506E-01    0.137506E-01    0.143438E-05    0.143473E-05    0.143438E-05    0.143473E-05
      0.689111E-03    0.143098E-01    0.143098E-01    0.155373E-05    0.155410E-05    0.155373E-05    0.155410E-05
      0.717231E-03    0.148917E-01    0.148916E-01    0.168300E-05    0.168341E-05    0.168300E-05    0.168341E-05
      0.746498E-03    0.154971E-01    0.154970E-01    0.182302E-05    0.182346E-05    0.182302E-05    0.182346E-05
      0.776959E-03    0.161270E-01    0.161269E-01    0.197468E-05    0.197516E-05    0.197468E-05    0.197516E-05
      0.808664E-03    0.167824E-01    0.167823E-01    0.213896E-05    0.213948E-05    0.213896E-05    0.213948E-05
      0.841661E-03    0.174643E-01    0.174643E-01    0.231689E-05    0.231745E-05    0.231689E-05    0.231745E-05
      0.876005E-03    0.181738E-01    0.181738E-01    0.250962E-05    0.251022E-05    0.250962E-05    0.251022E-05
      0.911751E-03    0.189120E-01    0.189120E-01    0.271836E-05    0.271902E-05    0.271836E-05    0.271902E-05
      0.948954E-03    0.196801E-01    0.196800E-01    0.294446E-05    0.294517E-05    0.294446E-05    0.294517E-05
      0.987676E-03    0.204791E-01    0.204791E-01    0.318935E-05    0.319011E-05    0.318935E-05    0.319011E-05
      0.102798E-02    0.213105E-01    0.213104E-01    0.345459E-05    0.345541E-05    0.345459E-05    0.345541E-05
      0.106992E-02    0.221754E-01    0.221753E-01    0.374187E-05    0.374276E-05    0.374187E-05    0.374276E-05
      0.111358E-02    0.230752E-01    0.230751E-01    0.405302E-05    0.405398E-05    0.405302E-05    0.405398E-05
      0.115902E-02    0.240113E-01    0.240112E-01    0.439002E-05    0.439106E-05    0.439002E-05    0.439106E-05
      0.120631E-02    0.249851E-01    0.249850E-01    0.475502E-05    0.475615E-05    0.475502E-05    0.475615E-05
      0.125553E-02    0.259982E-01    0.259981E-01    0.515034E-05    0.515155E-05    0.515034E-05    0.515155E-05
      0.130676E-02    0.270520E-01    0.270519E-01    0.557849E-05    0.557980E-05    0.557849E-05    0.557980E-05
      0.136008E-02    0.281483E-01    0.281482E-01    0.604220E-05    0.604362E-05    0.604220E-05    0.604362E-05
      0.141557E-02    0.292887E-01    0.292886E-01    0.654442E-05    0.654595E-05    0.654442E-05    0.654595E-05
      0.147333E-02    0.304749E-01    0.304748E-01    0.708833E-05    0.708998E-05    0.708833E-05    0.708998E-05
      0.153344E-02    0.317087E-01    0.317087E-01    0.767740E-05    0.767918E-05    0.767740E-05    0.767918E-05
      0.159600E-02    0.329922E-01    0.329921E-01    0.831536E-05    0.831729E-05    0.831536E-05    0.831729E-05
      0.166112E-02    0.343271E-01    0.343270E-01    0.900627E-05    0.900836E-05    0.900627E-05    0.900836E-05
      0.172890E-02    0.357155E-01    0.357154E-01    0.975452E-05    0.975677E-05    0.975452E-05    0.975677E-05
      0.179943E-02    0.371596E-01    0.371595E-01    0.105649E-04    0.105673E-04    0.105649E-04    0.105673E-04
      0.187285E-02    0.386614E-01    0.386613E-01    0.114424E-04    0.114450E-04    0.114424E-04    0.114450E-04
      0.194926E-02    0.402234E-01    0.402233E-01    0.123927E-04    0.123956E-04    0.123927E-04    0.123956E-04
      0.202878E-02    0.418478E-01    0.418477E-01    0.134219E-04    0.134249E-04    0.134219E-04    0.134249E-04
      0.211155E-02    0.435370E-01    0.435369E-01    0.145364E-04    0.145397E-04    0.145364E-04    0.145397E-04
      0.219769E-02    0.452937E-01    0.452936E-01    0.157433E-04    0.157468E-04    0.157433E-04    0.157468E-04
      0.228735E-02    0.471204E-01    0.471203E-01    0.170502E-04    0.170540E-04    0.170502E-04    0.170540E-04
      0.238066E-02    0.490198E-01    0.490197E-01    0.184654E-04    0.184695E-04    0.184654E-04    0.184695E-04
      0.247778E-02    0.509948E-01    0.509947E-01    0.199979E-04    0.200023E-04    0.199979E-04    0.200023E-04
      0.257886E-02    0.530483E-01    0.530482E-01    0.216573E-04    0.216620E-04    0.216573E-04    0.216620E-04
      0.268406E-02    0.551833E-01    0.551832E-01    0.234541E-04    0.234592E-04    0.234541E-04    0.234592E-04
      0.279355E-02    0.574030E-01    0.574029E-01    0.253997E-04    0.254052E-04    0.253997E-04    0.254052E-04
      0.290751E-02    0.597106E-01    0.597105E-01    0.275064E-04    0.275123E-04    0.275064E-04    0.275123E-04
      0.302611E-02    0.621094E-01    0.621093E-01    0.297874E-04    0.297938E-04    0.297874E-04    0.297938E-04
      0.314955E-02    0.646030E-01    0.646030E-01    0.322571E-04    0.322640E-04    0.322571E-04    0.322640E-04
      0.327802E-02    0.671950E-01    0.671950E-01    0.349311E-04    0.349385E-04    0.349311E-04    0.349385E-04
      0.341172E-02    0.698891E-01    0.698891E-01    0.378262E-04    0.378341E-04    0.378262E-04    0.378341E-04
      0.355088E-02    0.726892E-01    0.726892E-01    0.409606E-04    0.409692E-04    0.409606E-04    0.409692E-04
      0.369571E-02    0.755993E-01    0.755992E-01    0.443540E-04    0.443632E-04    0.443540E-04    0.443632E-04
      0.384644E-02    0.786235E-01    0.786234E-01    0.480278E-04    0.480377E-04    0.480278E-04    0.480377E-04
      0.400332E-02    0.817660E-01    0.817660E-01    0.520050E-04    0.520156E-04    0.520050E-04    0.520156E-04
      0.416659E-02    0.850314E-01    0.850313E-01    0.563105E-04    0.563219E-04    0.563105E-04    0.563219E-04
      0.433652E-02    0.884241E-01    0.884241E-01    0.609714E-04    0.609836E-04    0.609714E-04    0.609836E-04
      0.451337E-02    0.919489E-01    0.919489E-01    0.660167E-04    0.660298E-04    0.660167E-04    0.660298E-04
      0.469742E-02    0.956107E-01    0.956107E-01    0.714782E-04    0.714922E-04    0.714782E-04    0.714922E-04
      0.488898E-02    0.994145E-01    0.994145E-01    0.773898E-04    0.774048E-04    0.773898E-04    0.774048E-04
      0.508834E-02    0.103366E+00    0.103365E+00    0.837884E-04    0.838045E-04    0.837884E-04    0.838045E-04
      0.529583E-02    0.107469E+00    0.107469E+00    0.907141E-04    0.907313E-04    0.907141E-04    0.907313E-04
      0.551177E-02    0.111731E+00    0.111731E+00    0.982099E-04    0.982283E-04    0.982099E-04    0.982283E-04
      0.573651E-02    0.116156E+00    0.116156E+00    0.106323E-03    0.106342E-03    0.106323E-03    0.106342E-03
      0.597040E-02    0.120751E+00    0.120751E+00    0.115102E-03    0.115123E-03    0.115102E-03    0.115123E-03
      0.621381E-02    0.125521E+00    0.125521E+00    0.124604E-03    0.124626E-03    0.124604E-03    0.124626E-03
      0.646715E-02    0.130473E+00    0.130473E+00    0.134886E-03    0.134910E-03    0.134886E-03    0.134910E-03
      0.673080E-02    0.135614E+00    0.135614E+00    0.146012E-03    0.146038E-03    0.146012E-03    0.146038E-03
      0.700518E-02    0.140949E+00    0.140949E+00    0.158052E-03    0.158079E-03    0.158052E-03    0.158079E-03
      0.729074E-02    0.146486E+00    0.146486E+00    0.171078E-03    0.171107E-03    0.171078E-03    0.171107E-03
      0.758792E-02    0.152231E+00    0.152231E+00    0.185173E-03    0.185203E-03    0.185173E-03    0.185203E-03
      0.789721E-02    0.158191E+00    0.158191E+00    0.200422E-03    0.200454E-03    0.200422E-03    0.200454E-03
      0.821908E-02    0.164375E+00    0.164375E+00    0.216919E-03    0.216953E-03    0.216919E-03    0.216953E-03
      0.855406E-02    0.170788E+00    0.170788E+00    0.234765E-03    0.234802E-03    0.234765E-03    0.234802E-03
      0.890266E-02    0.177440E+00    0.177440E+00    0.254070E-03    0.254109E-03    0.254070E-03    0.254109E-03
      0.926546E-02    0.184336E+00    0.184337E+00    0.274952E-03    0.274993E-03    0.274952E-03    0.274993E-03
      0.964302E-02    0.191487E+00    0.191487E+00    0.297537E-03    0.297581E-03    0.297537E-03    0.297581E-03
      0.100359E-01    0.198899E+00    0.198899E+00    0.321964E-03    0.322010E-03    0.321964E-03    0.322010E-03
      0.104448E-01    0.206581E+00    0.206581E+00    0.348381E-03    0.348430E-03    0.348381E-03    0.348430E-03
      0.108704E-01    0.214542E+00    0.214542E+00    0.376949E-03    0.377000E-03    0.376949E-03    0.377000E-03
      0.113132E-01    0.222789E+00    0.222789E+00    0.407839E-03    0.407893E-03    0.407839E-03    0.407893E-03
      0.117740E-01    0.231333E+00    0.231332E+00    0.441238E-03    0.441295E-03    0.441238E-03    0.441295E-03
      0.122536E-01    0.240180E+00    0.240180E+00    0.477348E-03    0.477408E-03    0.477348E-03    0.477408E-03
      0.127527E-01    0.249341E+00    0.249341E+00    0.516386E-03    0.516448E-03    0.516386E-03    0.516448E-03
      0.132721E-01    0.258825E+00    0.258825E+00    0.558584E-03    0.558649E-03    0.558584E-03    0.558649E-03
      0.138125E-01    0.268640E+00    0.268640E+00    0.604196E-03    0.604264E-03    0.604196E-03    0.604264E-03
      0.143750E-01    0.278797E+00    0.278797E+00    0.653493E-03    0.653563E-03    0.653493E-03    0.653563E-03
      0.149602E-01    0.289303E+00    0.289303E+00    0.706767E-03    0.706840E-03    0.706767E-03    0.706840E-03
      0.155693E-01    0.300169E+00    0.300169E+00    0.764334E-03    0.764410E-03    0.764334E-03    0.764410E-03
      0.162030E-01    0.311403E+00    0.311403E+00    0.826535E-03    0.826612E-03    0.826535E-03    0.826612E-03
      0.168625E-01    0.323015E+00    0.323015E+00    0.893733E-03    0.893813E-03    0.893733E-03    0.893813E-03
      0.175488E-01    0.335015E+00    0.335015E+00    0.966324E-03    0.966406E-03    0.966324E-03    0.966406E-03
      0.182629E-01    0.347411E+00    0.347411E+00    0.104473E-02    0.104482E-02    0.104473E-02    0.104482E-02
      0.190060E-01    0.360212E+00    0.360212E+00    0.112941E-02    0.112950E-02    0.112941E-02    0.112950E-02
      0.197793E-01    0.373427E+00    0.373427E+00    0.122085E-02    0.122094E-02    0.122085E-02    0.122094E-02
      0.205839E-01    0.387065E+00    0.387066E+00    0.131959E-02    0.131967E-02    0.131959E-02    0.131967E-02
      0.214211E-01    0.401134E+00    0.401135E+00    0.142618E-02    0.142626E-02    0.142618E-02    0.142626E-02
      0.222922E-01    0.415643E+00    0.415644E+00    0.154123E-02    0.154132E-02    0.154123E-02    0.154132E-02
      0.231987E-01    0.430599E+00    0.430601E+00    0.166541E-02    0.166550E-02    0.166541E-02    0.166550E-02
      0.241418E-01    0.446009E+00    0.446009E+00    0.179942E-02    0.179951E-02    0.179942E-02    0.179951E-02
      0.251232E-01    0.461881E+00    0.461881E+00    0.194401E-02    0.194409E-02    0.194401E-02    0.194409E-02
      0.261443E-01    0.478222E+00    0.478222E+00    0.209999E-02    0.210007E-02    0.209999E-02    0.210007E-02
      0.272067E-01    0.495036E+00    0.495036E+00    0.226823E-02    0.226831E-02    0.226823E-02    0.226831E-02
      0.283121E-01    0.512329E+00    0.512329E+00    0.244966E-02    0.244974E-02    0.244966E-02    0.244974E-02
      0.294622E-01    0.530106E+00    0.530106E+00    0.264529E-02    0.264536E-02    0.264529E-02    0.264536E-02
      0.306587E-01    0.548370E+00    0.548370E+00    0.285619E-02    0.285625E-02    0.285619E-02    0.285625E-02
      0.319037E-01    0.567124E+00    0.567124E+00    0.308350E-02    0.308355E-02    0.308350E-02    0.308355E-02
      0.331989E-01    0.586370E+00    0.586370E+00    0.332845E-02    0.332849E-02    0.332845E-02    0.332849E-02
      0.345464E-01    0.606108E+00    0.606108E+00    0.359235E-02    0.359239E-02    0.359235E-02    0.359239E-02
      0.359484E-01    0.626338E+00    0.626338E+00    0.387662E-02    0.387665E-02    0.387662E-02    0.387665E-02
      0.374068E-01    0.647058E+00    0.647058E+00    0.418275E-02    0.418277E-02    0.418275E-02    0.418277E-02
      0.389241E-01    0.668264E+00    0.668264E+00    0.451236E-02    0.451236E-02    0.451236E-02    0.451236E-02
      0.405025E-01    0.689952E+00    0.689952E+00    0.486715E-02    0.486714E-02    0.486715E-02    0.486714E-02
      0.421446E-01    0.712114E+00    0.712114E+00    0.524895E-02    0.524893E-02    0.524895E-02    0.524893E-02
      0.438527E-01    0.734744E+00    0.734744E+00    0.565972E-02    0.565969E-02    0.565972E-02    0.565969E-02
      0.456296E-01    0.757830E+00    0.757830E+00    0.610154E-02    0.610149E-02    0.610154E-02    0.610149E-02
      0.474779E-01    0.781360E+00    0.781360E+00    0.657661E-02    0.657655E-02    0.657661E-02    0.657655E-02
      0.494005E-01    0.805319E+00    0.805319E+00    0.708730E-02    0.708722E-02    0.708730E-02    0.708722E-02
      0.514004E-01    0.829691E+00    0.829691E+00    0.763611E-02    0.763602E-02    0.763611E-02    0.763602E-02
      0.534805E-01    0.854456E+00    0.854456E+00    0.822571E-02    0.822561E-02    0.822571E-02    0.822561E-02
      0.556441E-01    0.879591E+00    0.879591E+00    0.885893E-02    0.885882E-02    0.885893E-02    0.885882E-02
      0.578944E-01    0.905073E+00    0.905073E+00    0.953876E-02    0.953864E-02    0.953876E-02    0.953864E-02
      0.602349E-01    0.930873E+00    0.930873E+00    0.102684E-01    0.102683E-01    0.102684E-01    0.102683E-01
      0.626690E-01    0.956960E+00    0.956960E+00    0.110512E-01    0.110511E-01    0.110512E-01    0.110511E-01
      0.652006E-01    0.983300E+00    0.983299E+00    0.118907E-01    0.118906E-01    0.118907E-01    0.118906E-01
      0.678333E-01    0.100985E+01    0.100985E+01    0.127908E-01    0.127907E-01    0.127908E-01    0.127907E-01
      0.705711E-01    0.103659E+01    0.103659E+01    0.137553E-01    0.137552E-01    0.137553E-01    0.137552E-01
      0.734182E-01    0.106344E+01    0.106345E+01    0.147885E-01    0.147885E-01    0.147885E-01    0.147885E-01
      0.763787E-01    0.109039E+01    0.109039E+01    0.158949E-01    0.158948E-01    0.158949E-01    0.158948E-01
      0.794572E-01    0.111736E+01    0.111736E+01    0.170790E-01    0.170790E-01    0.170790E-01    0.170790E-01
      0.826582E-01    0.114430E+01    0.114430E+01    0.183457E-01    0.183458E-01    0.183457E-01    0.183458E-01
      0.859863E-01    0.117116E+01    0.117116E+01    0.197004E-01    0.197004E-01    0.197004E-01    0.197004E-01
      0.894467E-01    0.119787E+01    0.119787E+01    0.211482E-01    0.211483E-01    0.211482E-01    0.211483E-01
      0.930442E-01    0.122436E+01    0.122436E+01    0.226949E-01    0.226950E-01    0.226949E-01    0.226950E-01
      0.967843E-01    0.125056E+01    0.125056E+01    0.243463E-01    0.243466E-01    0.243463E-01    0.243466E-01
      0.100672E+00    0.127639E+01    0.127639E+01    0.261087E-01    0.261090E-01    0.261087E-01    0.261090E-01
      0.104714E+00    0.130178E+01    0.130178E+01    0.279885E-01    0.279888E-01    0.279885E-01    0.279888E-01
      0.108915E+00    0.132664E+01    0.132664E+01    0.299924E-01    0.299926E-01    0.299924E-01    0.299926E-01
      0.113282E+00    0.135089E+01    0.135089E+01    0.321273E-01    0.321275E-01    0.321273E-01    0.321275E-01
      0.117821E+00    0.137442E+01    0.137442E+01    0.344005E-01    0.344005E-01    0.344005E-01    0.344005E-01
      0.122538E+00    0.139716E+01    0.139716E+01    0.368194E-01    0.368192E-01    0.368194E-01    0.368192E-01
      0.127440E+00    0.141900E+01    0.141900E+01    0.393917E-01    0.393912E-01    0.393917E-01    0.393912E-01
      0.132535E+00    0.143985E+01    0.143985E+01    0.421255E-01    0.421245E-01    0.421255E-01    0.421245E-01
      0.137828E+00    0.145960E+01    0.145960E+01    0.450289E-01    0.450271E-01    0.450289E-01    0.450271E-01
      0.143329E+00    0.147815E+01    0.147815E+01    0.481103E-01    0.481076E-01    0.481103E-01    0.481076E-01
      0.149044E+00    0.149540E+01    0.149540E+01    0.513784E-01    0.513743E-01    0.513784E-01    0.513743E-01
      0.154981E+00    0.151124E+01    0.151124E+01    0.548419E-01    0.548360E-01    0.548419E-01    0.548360E-01
      0.161149E+00    0.152556E+01    0.152557E+01    0.585098E-01    0.585400E-01    0.585098E-01    0.585400E-01
      0.167556E+00    0.153827E+01    0.153827E+01    0.623911E-01    0.624142E-01    0.623911E-01    0.624142E-01
      0.174211E+00    0.154927E+01    0.154927E+01    0.664952E-01    0.665116E-01    0.664952E-01    0.665116E-01
      0.181123E+00    0.155844E+01    0.155844E+01    0.708312E-01    0.708415E-01    0.708312E-01    0.708415E-01
      0.188302E+00    0.156569E+01    0.156569E+01    0.754085E-01    0.754137E-01    0.754085E-01    0.754137E-01
      0.195756E+00    0.157094E+01    0.157094E+01    0.802363E-01    0.802374E-01    0.802363E-01    0.802374E-01
      0.203496E+00    0.157408E+01    0.157408E+01    0.853240E-01    0.853224E-01    0.853240E-01    0.853224E-01
      0.211533E+00    0.157504E+01    0.157506E+01    0.906808E-01    0.906777E-01    0.906808E-01    0.906777E-01
      0.219876E+00    0.157375E+01    0.157375E+01    0.963157E-01    0.963125E-01    0.963157E-01    0.963125E-01
      0.228537E+00    0.157012E+01    0.157012E+01    0.102237E+00    0.102235E+00    0.102237E+00    0.102235E+00
      0.237526E+00    0.156411E+01    0.156411E+01    0.108455E+00    0.108455E+00    0.108455E+00    0.108455E+00
      0.246856E+00    0.155567E+01    0.155567E+01    0.114976E+00    0.114979E+00    0.114976E+00    0.114979E+00
      0.256539E+00    0.154475E+01    0.154474E+01    0.121808E+00    0.121813E+00    0.121808E+00    0.121813E+00
      0.266585E+00    0.153132E+01    0.153132E+01    0.128960E+00    0.128965E+00    0.128960E+00    0.128965E+00
      0.277009E+00    0.151538E+01    0.151538E+01    0.136437E+00    0.136438E+00    0.136437E+00    0.136438E+00
      0.287822E+00    0.149692E+01    0.149692E+01    0.144246E+00    0.144237E+00    0.144246E+00    0.144237E+00
      0.299039E+00    0.147595E+01    0.147596E+01    0.152393E+00    0.152362E+00    0.152393E+00    0.152362E+00
      0.310672E+00    0.145251E+01    0.145251E+01    0.160882E+00    0.160814E+00    0.160882E+00    0.160814E+00
      0.322736E+00    0.142662E+01    0.142663E+01    0.169716E+00    0.169763E+00    0.169716E+00    0.169763E+00
      0.335245E+00    0.139837E+01    0.139837E+01    0.178898E+00    0.178922E+00    0.178898E+00    0.178922E+00
      0.348213E+00    0.136780E+01    0.136781E+01    0.188430E+00    0.188437E+00    0.188430E+00    0.188437E+00
      0.361656E+00    0.133503E+01    0.133503E+01    0.198312E+00    0.198310E+00    0.198312E+00    0.198310E+00
      0.375589E+00    0.130016E+01    0.130017E+01    0.208543E+00    0.208538E+00    0.208543E+00    0.208538E+00
      0.390028E+00    0.126330E+01    0.126330E+01    0.219120E+00    0.219118E+00    0.219120E+00    0.219118E+00
      0.404988E+00    0.122460E+01    0.122461E+01    0.230038E+00    0.230042E+00    0.230038E+00    0.230042E+00
      0.420486E+00    0.118421E+01    0.118421E+01    0.241292E+00    0.241300E+00    0.241292E+00    0.241300E+00
      0.436540E+00    0.114230E+01    0.114231E+01    0.252874E+00    0.252876E+00    0.252874E+00    0.252876E+00
      0.453165E+00    0.109904E+01    0.109904E+01    0.264773E+00    0.264752E+00    0.264773E+00    0.264752E+00
      0.470379E+00    0.105463E+01    0.105464E+01    0.276978E+00    0.276903E+00    0.276978E+00    0.276903E+00
      0.488201E+00    0.100927E+01    0.100928E+01    0.289474E+00    0.289507E+00    0.289474E+00    0.289507E+00
      0.506648E+00    0.963156E+00    0.963167E+00    0.302244E+00    0.302254E+00    0.302244E+00    0.302254E+00
      0.525739E+00    0.916516E+00    0.916516E+00    0.315270E+00    0.315271E+00    0.315270E+00    0.315271E+00
      0.545492E+00    0.869562E+00    0.869568E+00    0.328531E+00    0.328532E+00    0.328531E+00    0.328532E+00
      0.565927E+00    0.822515E+00    0.822529E+00    0.342001E+00    0.342008E+00    0.342001E+00    0.342008E+00
      0.587062E+00    0.775594E+00    0.775597E+00    0.355654E+00    0.355662E+00    0.355654E+00    0.355662E+00
      0.608917E+00    0.729016E+00    0.729017E+00    0.369460E+00    0.369452E+00    0.369460E+00    0.369452E+00
      0.631512E+00    0.682993E+00    0.682993E+00    0.383389E+00    0.383325E+00    0.383389E+00    0.383325E+00
      0.654867E+00    0.637728E+00    0.637728E+00    0.397404E+00    0.397425E+00    0.397404E+00    0.397425E+00
      0.679002E+00    0.593415E+00    0.593418E+00    0.411468E+00    0.411472E+00    0.411468E+00    0.411472E+00
      0.703937E+00    0.550236E+00    0.550239E+00    0.425542E+00    0.425543E+00    0.425542E+00    0.425543E+00
      0.729694E+00    0.508360E+00    0.508351E+00    0.439584E+00    0.439587E+00    0.439584E+00    0.439587E+00
      0.756293E+00    0.467938E+00    0.467937E+00    0.453548E+00    0.453546E+00    0.453548E+00    0.453546E+00
      0.783755E+00    0.429106E+00    0.429108E+00    0.467388E+00    0.467355E+00    0.467388E+00    0.467355E+00
      0.812100E+00    0.391980E+00    0.391981E+00    0.481056E+00    0.481080E+00    0.481056E+00    0.481080E+00
      0.841351E+00    0.356657E+00    0.356649E+00    0.494501E+00    0.494504E+00    0.494501E+00    0.494504E+00
      0.871527E+00    0.323214E+00    0.323214E+00    0.507673E+00    0.507673E+00    0.507673E+00    0.507673E+00
      0.902652E+00    0.291708E+00    0.291709E+00    0.520519E+00    0.520525E+00    0.520519E+00    0.520525E+00
      0.934744E+00    0.262175E+00    0.262173E+00    0.532985E+00    0.532993E+00    0.532985E+00    0.532993E+00
      0.967827E+00    0.234631E+00    0.234633E+00    0.545020E+00    0.545018E+00    0.545020E+00    0.545018E+00
      0.100192E+01    0.209074E+00    0.209074E+00    0.556568E+00    0.556571E+00    0.556568E+00    0.556571E+00
      0.103705E+01    0.185482E+00    0.185483E+00    0.567579E+00    0.567588E+00    0.567579E+00    0.567588E+00
      0.107323E+01    0.163820E+00    0.163821E+00    0.578001E+00    0.577999E+00    0.578001E+00    0.577999E+00
      0.111048E+01    0.144033E+00    0.144033E+00    0.587783E+00    0.587731E+00    0.587783E+00    0.587731E+00
      0.114883E+01    0.126056E+00    0.126056E+00    0.596878E+00    0.596877E+00    0.596878E+00    0.596877E+00
      0.118829E+01    0.109811E+00    0.109811E+00    0.605239E+00    0.605248E+00    0.605239E+00    0.605248E+00
      0.122889E+01    0.952117E-01    0.952115E-01    0.612824E+00    0.612825E+00    0.612824E+00    0.612825E+00
      0.127064E+01    0.821628E-01    0.821635E-01    0.619594E+00    0.619583E+00    0.619594E+00    0.619583E+00
      0.131357E+01    0.705644E-01    0.705645E-01    0.625510E+00    0.625512E+00    0.625510E+00    0.625512E+00
      0.135769E+01    0.603128E-01    0.603132E-01    0.630542E+00    0.630551E+00    0.630542E+00    0.630551E+00
      0.140303E+01    0.513024E-01    0.513030E-01    0.634661E+00    0.634651E+00    0.634661E+00    0.634651E+00
      0.144960E+01    0.434278E-01    0.434273E-01    0.637843E+00    0.637865E+00    0.637843E+00    0.637865E+00
      0.149742E+01    0.365848E-01    0.365906E-01    0.640070E+00    0.640071E+00    0.640070E+00    0.640071E+00
      0.154650E+01    0.306723E-01    0.306722E-01    0.641326E+00    0.641336E+00    0.641326E+00    0.641336E+00
      0.159687E+01    0.255929E-01    0.255931E-01    0.641604E+00    0.641648E+00    0.641604E+00    0.641648E+00
      0.164855E+01    0.212543E-01    0.212563E-01    0.640898E+00    0.640905E+00    0.640898E+00    0.640905E+00
      0.170154E+01    0.175698E-01    0.175854E-01    0.639210E+00    0.639210E+00    0.639210E+00    0.639210E+00
      0.175587E+01    0.144586E-01    0.144590E-01    0.636545E+00    0.636555E+00    0.636545E+00    0.636555E+00
      0.181154E+01    0.118465E-01    0.118470E-01    0.632915E+00    0.632934E+00    0.632915E+00    0.632934E+00
      0.186858E+01    0.966582E-02    0.967015E-02    0.628336E+00    0.628346E+00    0.628336E+00    0.628346E+00
      0.192700E+01    0.785561E-02    0.785519E-02    0.622828E+00    0.622828E+00    0.622828E+00    0.622828E+00
      0.198680E+01    0.636123E-02    0.636605E-02    0.616417E+00    0.616426E+00    0.616417E+00    0.616426E+00
      0.204801E+01    0.513429E-02    0.513679E-02    0.609131E+00    0.609162E+00    0.609131E+00    0.609162E+00
      0.211063E+01    0.413228E-02    0.411581E-02    0.601004E+00    0.601008E+00    0.601004E+00    0.601008E+00
      0.217468E+01    0.331817E-02    0.331917E-02    0.592072E+00    0.592074E+00    0.592072E+00    0.592074E+00
      0.224017E+01    0.265999E-02    0.266746E-02    0.582378E+00    0.582387E+00    0.582378E+00    0.582387E+00
      0.230710E+01    0.213037E-02    0.213111E-02    0.571963E+00    0.571960E+00    0.571963E+00    0.571960E+00
      0.237548E+01    0.170603E-02    0.171235E-02    0.560873E+00    0.560881E+00    0.560873E+00    0.560881E+00
      0.244533E+01    0.136739E-02    0.136741E-02    0.549158E+00    0.549155E+00    0.549158E+00    0.549155E+00
      0.251665E+01    0.109806E-02    0.110004E-02    0.536867E+00    0.536883E+00    0.536867E+00    0.536883E+00
      0.258944E+01    0.884475E-03    0.884451E-03    0.524052E+00    0.524053E+00    0.524052E+00    0.524053E+00
      0.266372E+01    0.715442E-03    0.709403E-03    0.510767E+00    0.510772E+00    0.510767E+00    0.510772E+00
      0.273948E+01    0.581836E-03    0.581846E-03    0.497064E+00    0.497060E+00    0.497064E+00    0.497060E+00
      0.281674E+01    0.476255E-03    0.461074E-03    0.482998E+00    0.483003E+00    0.482998E+00    0.483003E+00
      0.289549E+01    0.392741E-03    0.388341E-03    0.468623E+00    0.468622E+00    0.468623E+00    0.468622E+00
      0.297574E+01    0.326532E-03    0.275488E-03    0.453994E+00    0.454003E+00    0.453994E+00    0.454003E+00
      0.305749E+01    0.273850E-03    0.273456E-03    0.439163E+00    0.439163E+00    0.439163E+00    0.439163E+00
      0.314074E+01    0.231714E-03    0.188460E-03    0.424182E+00    0.424188E+00    0.424182E+00    0.424188E+00
      0.322550E+01    0.197789E-03    0.196348E-03    0.409104E+00    0.409103E+00    0.409104E+00    0.409103E+00
      0.331175E+01    0.170252E-03    0.155589E-03    0.393977E+00    0.393980E+00    0.393977E+00    0.393980E+00
      0.339951E+01    0.147695E-03    0.155695E-03    0.378850E+00    0.378851E+00    0.378850E+00    0.378851E+00
      0.348877E+01    0.129028E-03    0.120889E-03    0.363769E+00    0.363757E+00    0.363769E+00    0.363757E+00
      0.357952E+01    0.113414E-03    0.130678E-03    0.348776E+00    0.348777E+00    0.348776E+00    0.348777E+00
      0.367177E+01    0.100213E-03    0.867427E-04    0.333915E+00    0.333917E+00    0.333915E+00    0.333917E+00
      0.376551E+01    0.889338E-04    0.796566E-04    0.319223E+00    0.319221E+00    0.319223E+00    0.319221E+00
      0.386074E+01    0.792009E-04    0.730154E-04    0.304737E+00    0.304740E+00    0.304737E+00    0.304740E+00
      0.395745E+01    0.707272E-04    0.667946E-04    0.290491E+00    0.290491E+00    0.290491E+00    0.290491E+00
      0.405564E+01    0.632914E-04    0.609725E-04    0.276515E+00    0.276517E+00    0.276515E+00    0.276517E+00
      0.415530E+01    0.567228E-04    0.555297E-04    0.262838E+00    0.262838E+00    0.262838E+00    0.262838E+00
      0.425643E+01    0.508881E-04    0.504494E-04    0.249485E+00    0.249486E+00    0.249485E+00    0.249486E+00
      0.435901E+01    0.456823E-04    0.457169E-04    0.236477E+00    0.236477E+00    0.236477E+00    0.236477E+00
      0.446304E+01    0.410215E-04    0.413192E-04    0.223835E+00    0.223836E+00    0.223835E+00    0.223836E+00
      0.456852E+01    0.368380E-04    0.372449E-04    0.211575E+00    0.211575E+00    0.211575E+00    0.211575E+00
      0.467543E+01    0.330759E-04    0.334839E-04    0.199711E+00    0.199712E+00    0.199711E+00    0.199712E+00
      0.478376E+01    0.296885E-04    0.300268E-04    0.188255E+00    0.188256E+00    0.188255E+00    0.188256E+00
      0.489352E+01    0.266362E-04    0.268644E-04    0.177215E+00    0.177215E+00    0.177215E+00    0.177215E+00
      0.500467E+01    0.238849E-04    0.239877E-04    0.166597E+00    0.166597E+00    0.166597E+00    0.166597E+00
      0.511723E+01    0.214046E-04    0.213871E-04    0.156406E+00    0.156406E+00    0.156406E+00    0.156406E+00
      0.523117E+01    0.191692E-04    0.190519E-04    0.146644E+00    0.146644E+00    0.146644E+00    0.146644E+00
      0.534649E+01    0.171551E-04    0.169702E-04    0.137310E+00    0.137310E+00    0.137310E+00    0.137310E+00
      0.546318E+01    0.153414E-04    0.151284E-04    0.128402E+00    0.128402E+00    0.128402E+00    0.128402E+00
      0.558122E+01    0.137091E-04    0.135111E-04    0.119917E+00    0.119917E+00    0.119917E+00    0.119917E+00
      0.570060E+01    0.122412E-04    0.121007E-04    0.111848E+00    0.111848E+00    0.111848E+00    0.111848E+00
      0.582131E+01    0.109219E-04    0.108781E-04    0.104190E+00    0.104191E+00    0.104190E+00    0.104191E+00
      0.594334E+01    0.973731E-05    0.982218E-05    0.969345E-01    0.969348E-01    0.969345E-01    0.969348E-01
      0.606668E+01    0.867442E-05    0.891077E-05    0.900712E-01    0.900713E-01    0.900712E-01    0.900713E-01
      0.619131E+01    0.772153E-05    0.812103E-05    0.835905E-01    0.835905E-01    0.835905E-01    0.835905E-01
      0.631723E+01    0.686800E-05    0.743017E-05    0.774810E-01    0.774811E-01    0.774810E-01    0.774811E-01
      0.644441E+01    0.610410E-05    0.681635E-05    0.717311E-01    0.717311E-01    0.717311E-01    0.717311E-01
      0.657285E+01    0.542100E-05    0.625947E-05    0.663281E-01    0.663282E-01    0.663281E-01    0.663282E-01
      0.670254E+01    0.481069E-05    0.478138E-05    0.612593E-01    0.612592E-01    0.612593E-01    0.612592E-01
      0.683346E+01    0.426586E-05    0.424739E-05    0.565114E-01    0.565115E-01    0.565114E-01    0.565115E-01
      0.696559E+01    0.377990E-05    0.376910E-05    0.520708E-01    0.520708E-01    0.520708E-01    0.520708E-01
      0.709893E+01    0.334681E-05    0.334124E-05    0.479239E-01    0.479241E-01    0.479239E-01    0.479241E-01
      0.723347E+01    0.296117E-05    0.295895E-05    0.440572E-01    0.440572E-01    0.440572E-01    0.440572E-01
      0.736918E+01    0.261805E-05    0.261781E-05    0.404568E-01    0.404569E-01    0.404568E-01    0.404569E-01
      0.750605E+01    0.231302E-05    0.231376E-05    0.371093E-01    0.371093E-01    0.371093E-01    0.371093E-01
      0.764408E+01    0.204207E-05    0.204312E-05    0.340014E-01    0.340014E-01    0.340014E-01    0.340014E-01
      0.778325E+01    0.180159E-05    0.180253E-05    0.311198E-01    0.311198E-01    0.311198E-01    0.311198E-01
      0.792355E+01    0.158831E-05    0.158892E-05    0.284518E-01    0.284518E-01    0.284518E-01    0.284518E-01
      0.806495E+01    0.139931E-05    0.139950E-05    0.259849E-01    0.259849E-01    0.259849E-01    0.259849E-01
      0.820746E+01    0.123196E-05    0.123176E-05    0.237070E-01    0.237070E-01    0.237070E-01    0.237070E-01
      0.835105E+01    0.108389E-05    0.108341E-05    0.216063E-01    0.216063E-01    0.216063E-01    0.216063E-01
      0.849572E+01    0.952978E-06    0.952371E-06    0.196716E-01    0.196716E-01    0.196716E-01    0.196716E-01
      0.864145E+01    0.837322E-06    0.836768E-06    0.178919E-01    0.178919E-01    0.178919E-01    0.178919E-01
      0.878822E+01    0.735221E-06    0.734911E-06    0.162570E-01    0.162570E-01    0.162570E-01    0.162570E-01
      0.893603E+01    0.645152E-06    0.645272E-06    0.147569E-01    0.147569E-01    0.147569E-01    0.147569E-01
      0.908486E+01    0.565755E-06    0.566475E-06    0.133821E-01    0.133821E-01    0.133821E-01    0.133821E-01
      0.923470E+01    0.495815E-06    0.497284E-06    0.121237E-01    0.121237E-01    0.121237E-01    0.121237E-01
      0.938553E+01    0.434250E-06    0.436588E-06    0.109731E-01    0.109731E-01    0.109731E-01    0.109731E-01
      0.953735E+01    0.380095E-06    0.383392E-06    0.992240E-02    0.992357E-02    0.992240E-02    0.992357E-02
      0.969014E+01    0.332491E-06    0.331617E-06    0.896397E-02    0.896469E-02    0.896397E-02    0.896469E-02
      0.984389E+01    0.290673E-06    0.290159E-06    0.809068E-02    0.809109E-02    0.809068E-02    0.809109E-02
      0.999858E+01    0.253964E-06    0.253689E-06    0.729586E-02    0.729605E-02    0.729586E-02    0.729605E-02
      0.101542E+02    0.221760E-06    0.221637E-06    0.657323E-02    0.657330E-02    0.657323E-02    0.657330E-02
      0.103108E+02    0.193527E-06    0.193492E-06    0.591695E-02    0.591694E-02    0.591695E-02    0.591694E-02
      0.104682E+02    0.168791E-06    0.168802E-06    0.532155E-02    0.532151E-02    0.532155E-02    0.532151E-02
      0.106266E+02    0.147134E-06    0.147161E-06    0.478194E-02    0.478190E-02    0.478194E-02    0.478190E-02
      0.107858E+02    0.128184E-06    0.128210E-06    0.429340E-02    0.429337E-02    0.429340E-02    0.429337E-02
      0.109460E+02    0.111612E-06    0.111629E-06    0.385154E-02    0.385153E-02    0.385154E-02    0.385153E-02
      0.111069E+02    0.971302E-07    0.971349E-07    0.345229E-02    0.345230E-02    0.345229E-02    0.345230E-02
      0.112688E+02    0.844816E-07    0.844752E-07    0.309190E-02    0.309192E-02    0.309190E-02    0.309192E-02
      0.114315E+02    0.734410E-07    0.734274E-07    0.276689E-02    0.276692E-02    0.276689E-02    0.276692E-02
      0.115950E+02    0.638097E-07    0.637942E-07    0.247408E-02    0.247410E-02    0.247408E-02    0.247410E-02
      0.117593E+02    0.554126E-07    0.554011E-07    0.221052E-02    0.221052E-02    0.221052E-02    0.221052E-02
      0.119244E+02    0.480959E-07    0.480943E-07    0.197350E-02    0.197348E-02    0.197350E-02    0.197348E-02
      0.120904E+02    0.417242E-07    0.417379E-07    0.176055E-02    0.176048E-02    0.176055E-02    0.176048E-02
      0.122571E+02    0.361784E-07    0.362121E-07    0.156939E-02    0.156927E-02    0.156939E-02    0.156927E-02
      0.124246E+02    0.313543E-07    0.314118E-07    0.139794E-02    0.139777E-02    0.139794E-02    0.139777E-02
      0.125928E+02    0.271602E-07    0.272442E-07    0.124430E-02    0.124438E-02    0.124430E-02    0.124438E-02
      0.127619E+02    0.235158E-07    0.234886E-07    0.110675E-02    0.110679E-02    0.110675E-02    0.110679E-02
      0.129316E+02    0.203508E-07    0.203360E-07    0.983693E-03    0.983716E-03    0.983693E-03    0.983716E-03
      0.131021E+02    0.176034E-07    0.175965E-07    0.873702E-03    0.873711E-03    0.873702E-03    0.873711E-03
      0.132733E+02    0.152199E-07    0.152175E-07    0.775467E-03    0.775468E-03    0.775467E-03    0.775468E-03
      0.134453E+02    0.131531E-07    0.131531E-07    0.687803E-03    0.687801E-03    0.687803E-03    0.687801E-03
      0.136179E+02    0.113619E-07    0.113627E-07    0.609633E-03    0.609631E-03    0.609633E-03    0.609631E-03
      0.137913E+02    0.981016E-08    0.981111E-08    0.539985E-03    0.539983E-03    0.539985E-03    0.539983E-03
      0.139653E+02    0.846665E-08    0.846727E-08    0.477977E-03    0.477976E-03    0.477977E-03    0.477976E-03
      0.141400E+02    0.730396E-08    0.730412E-08    0.422812E-03    0.422813E-03    0.422812E-03    0.422813E-03
      0.143154E+02    0.629823E-08    0.629798E-08    0.373773E-03    0.373774E-03    0.373773E-03    0.373774E-03
      0.144915E+02    0.542868E-08    0.542819E-08    0.330211E-03    0.330212E-03    0.330211E-03    0.330212E-03
      0.146682E+02    0.467723E-08    0.467671E-08    0.291542E-03    0.291543E-03    0.291542E-03    0.291543E-03
      0.148455E+02    0.402813E-08    0.402782E-08    0.257241E-03    0.257241E-03    0.257241E-03    0.257241E-03
      0.150235E+02    0.346770E-08    0.346782E-08    0.226837E-03    0.226835E-03    0.226837E-03    0.226835E-03
      0.152021E+02    0.298403E-08    0.298480E-08    0.199906E-03    0.199900E-03    0.199906E-03    0.199900E-03
      0.153814E+02    0.256681E-08    0.256838E-08    0.176066E-03    0.176057E-03    0.176066E-03    0.176057E-03
      0.155612E+02    0.220705E-08    0.220956E-08    0.154978E-03    0.154965E-03    0.154978E-03    0.154965E-03
      0.157417E+02    0.189699E-08    0.189558E-08    0.136337E-03    0.136341E-03    0.136337E-03    0.136341E-03
      0.159227E+02    0.162985E-08    0.162910E-08    0.119869E-03    0.119870E-03    0.119869E-03    0.119870E-03
      0.161043E+02    0.139981E-08    0.139945E-08    0.105330E-03    0.105330E-03    0.105330E-03    0.105330E-03
      0.162866E+02    0.120179E-08    0.120166E-08    0.925025E-04    0.925026E-04    0.925025E-04    0.925026E-04
      0.164693E+02    0.103140E-08    0.103138E-08    0.811925E-04    0.811923E-04    0.811925E-04    0.811923E-04
      0.166527E+02    0.884841E-09    0.884871E-09    0.712264E-04    0.712261E-04    0.712264E-04    0.712261E-04
      0.168366E+02    0.758838E-09    0.758872E-09    0.624498E-04    0.624497E-04    0.624498E-04    0.624497E-04
      0.170211E+02    0.650546E-09    0.650567E-09    0.547256E-04    0.547256E-04    0.547256E-04    0.547256E-04
      0.172061E+02    0.557513E-09    0.557514E-09    0.479316E-04    0.479317E-04    0.479316E-04    0.479317E-04
      0.173916E+02    0.477619E-09    0.477604E-09    0.419592E-04    0.419594E-04    0.419592E-04    0.419594E-04
      0.175777E+02    0.409034E-09    0.409011E-09    0.367122E-04    0.367123E-04    0.367122E-04    0.367123E-04
      0.177643E+02    0.350180E-09    0.350159E-09    0.321051E-04    0.321051E-04    0.321051E-04    0.321051E-04
      0.179514E+02    0.299694E-09    0.299686E-09    0.280621E-04    0.280620E-04    0.280621E-04    0.280620E-04
      0.181390E+02    0.256401E-09    0.256417E-09    0.245161E-04    0.245158E-04    0.245161E-04    0.245158E-04
      0.183271E+02    0.219292E-09    0.219340E-09    0.214078E-04    0.214072E-04    0.214078E-04    0.214072E-04
      0.185158E+02    0.187493E-09    0.187579E-09    0.186845E-04    0.186837E-04    0.186845E-04    0.186837E-04
      0.187049E+02    0.160254E-09    0.160384E-09    0.163000E-04    0.163003E-04    0.163000E-04    0.163003E-04
      0.188945E+02    0.136929E-09    0.136883E-09    0.142130E-04    0.142132E-04    0.142130E-04    0.142132E-04
      0.190845E+02    0.116963E-09    0.116941E-09    0.123876E-04    0.123876E-04    0.123876E-04    0.123876E-04
      0.192751E+02    0.998776E-10    0.998691E-10    0.107916E-04    0.107916E-04    0.107916E-04    0.107916E-04
      0.194661E+02    0.852622E-10    0.852606E-10    0.939699E-05    0.939698E-05    0.939699E-05    0.939698E-05
      0.196576E+02    0.727637E-10    0.727649E-10    0.817895E-05    0.817893E-05    0.817895E-05    0.817893E-05
      0.198495E+02    0.620790E-10    0.620807E-10    0.711565E-05    0.711564E-05    0.711565E-05    0.711564E-05
      0.200419E+02    0.529479E-10    0.529489E-10    0.618789E-05    0.618789E-05    0.618789E-05    0.618789E-05
      0.202347E+02    0.451467E-10    0.451468E-10    0.537877E-05    0.537877E-05    0.537877E-05    0.537877E-05
      0.204280E+02    0.384840E-10    0.384833E-10    0.467346E-05    0.467347E-05    0.467346E-05    0.467347E-05
      0.206217E+02    0.327954E-10    0.327942E-10    0.405893E-05    0.405893E-05    0.405893E-05    0.405893E-05
      0.208159E+02    0.279398E-10    0.279388E-10    0.352374E-05    0.352374E-05    0.352374E-05    0.352374E-05
      0.210104E+02    0.237966E-10    0.237964E-10    0.305786E-05    0.305785E-05    0.305786E-05    0.305785E-05
      0.212054E+02    0.202623E-10    0.202633E-10    0.265249E-05    0.265247E-05    0.265249E-05    0.265247E-05
      0.214008E+02    0.172483E-10    0.172509E-10    0.229995E-05    0.229990E-05    0.229995E-05    0.229990E-05
      0.215966E+02    0.146787E-10    0.146833E-10    0.199347E-05    0.199340E-05    0.199347E-05    0.199340E-05
      0.217928E+02    0.124886E-10    0.124954E-10    0.172715E-05    0.172717E-05    0.172715E-05    0.172717E-05
      0.219894E+02    0.106226E-10    0.106206E-10    0.149583E-05    0.149584E-05    0.149583E-05    0.149584E-05
      0.221864E+02    0.903304E-11    0.903218E-11    0.129500E-05    0.129500E-05    0.129500E-05    0.129500E-05
      0.223838E+02    0.767940E-11    0.767913E-11    0.112071E-05    0.112071E-05    0.112071E-05    0.112071E-05
      0.225815E+02    0.652698E-11    0.652698E-11    0.969510E-06    0.969509E-06    0.969510E-06    0.969509E-06
      0.227797E+02    0.554612E-11    0.554621E-11    0.838402E-06    0.838401E-06    0.838402E-06    0.838401E-06
      0.229782E+02    0.471151E-11    0.471159E-11    0.724759E-06    0.724758E-06    0.724759E-06    0.724758E-06
      0.231771E+02    0.400153E-11    0.400156E-11    0.626293E-06    0.626293E-06    0.626293E-06    0.626293E-06
      0.233764E+02    0.339773E-11    0.339770E-11    0.541012E-06    0.541013E-06    0.541012E-06    0.541013E-06
      0.235760E+02    0.288435E-11    0.288429E-11    0.467179E-06    0.467180E-06    0.467179E-06    0.467180E-06
      0.237760E+02    0.244796E-11    0.244791E-11    0.403282E-06    0.403282E-06    0.403282E-06    0.403282E-06
      0.239763E+02    0.207712E-11    0.207710E-11    0.348003E-06    0.348003E-06    0.348003E-06    0.348003E-06
      0.241770E+02    0.176206E-11    0.176209E-11    0.300200E-06    0.300198E-06    0.300200E-06    0.300198E-06
      0.243780E+02    0.149445E-11    0.149456E-11    0.258876E-06    0.258873E-06    0.258876E-06    0.258873E-06
      0.245794E+02    0.126719E-11    0.126741E-11    0.223166E-06    0.223161E-06    0.223166E-06    0.223161E-06
      0.247811E+02    0.107426E-11    0.107459E-11    0.192318E-06    0.192320E-06    0.192318E-06    0.192320E-06
      0.249832E+02    0.910502E-12    0.910375E-12    0.165681E-06    0.165682E-06    0.165681E-06    0.165682E-06
      0.251856E+02    0.771540E-12    0.771484E-12    0.142686E-06    0.142687E-06    0.142686E-06    0.142687E-06
      0.253883E+02    0.653647E-12    0.653629E-12    0.122845E-06    0.122845E-06    0.122845E-06    0.122845E-06
      0.255913E+02    0.553651E-12    0.553651E-12    0.105728E-06    0.105728E-06    0.105728E-06    0.105728E-06
      0.257947E+02    0.468855E-12    0.468860E-12    0.909689E-07    0.909688E-07    0.909689E-07    0.909688E-07
      0.259983E+02    0.396963E-12    0.396969E-12    0.782456E-07    0.782455E-07    0.782456E-07    0.782455E-07
      0.262023E+02    0.336027E-12    0.336029E-12    0.672813E-07    0.672813E-07    0.672813E-07    0.672813E-07
      0.264066E+02    0.284387E-12    0.284386E-12    0.578359E-07    0.578360E-07    0.578359E-07    0.578360E-07
      0.266112E+02    0.240634E-12    0.240632E-12    0.497017E-07    0.497018E-07    0.497017E-07    0.497018E-07
      0.268161E+02    0.203573E-12    0.203570E-12    0.426990E-07    0.426990E-07    0.426990E-07    0.426990E-07
      0.270213E+02    0.172186E-12    0.172184E-12    0.366722E-07    0.366721E-07    0.366722E-07    0.366721E-07
      0.272268E+02    0.145610E-12    0.145611E-12    0.314869E-07    0.314868E-07    0.314869E-07    0.314868E-07
      0.274326E+02    0.123112E-12    0.123118E-12    0.270271E-07    0.270269E-07    0.270271E-07    0.270269E-07
      0.276387E+02    0.104070E-12    0.104083E-12    0.231924E-07    0.231921E-07    0.231924E-07    0.231921E-07
      0.278451E+02    0.879573E-13    0.879762E-13    0.198963E-07    0.198964E-07    0.198963E-07    0.198964E-07
      0.280517E+02    0.743253E-13    0.743184E-13    0.170638E-07    0.170639E-07    0.170638E-07    0.170639E-07
      0.282587E+02    0.627945E-13    0.627916E-13    0.146306E-07    0.146306E-07    0.146306E-07    0.146306E-07
      0.284659E+02    0.530429E-13    0.530420E-13    0.125410E-07    0.125410E-07    0.125410E-07    0.125410E-07
      0.286734E+02    0.447976E-13    0.447977E-13    0.107469E-07    0.107469E-07    0.107469E-07    0.107469E-07
      0.288812E+02    0.378273E-13    0.378276E-13    0.920705E-08    0.920704E-08    0.920705E-08    0.920704E-08
      0.290892E+02    0.319359E-13    0.319361E-13    0.788575E-08    0.788575E-08    0.788575E-08    0.788575E-08
      0.292975E+02    0.269573E-13    0.269574E-13    0.675232E-08    0.675233E-08    0.675232E-08    0.675233E-08
      0.295060E+02    0.227509E-13    0.227508E-13    0.578032E-08    0.578032E-08    0.578032E-08    0.578032E-08
      0.297149E+02    0.191976E-13    0.191974E-13    0.494697E-08    0.494698E-08    0.494697E-08    0.494698E-08
      0.299239E+02    0.161965E-13    0.161964E-13    0.423270E-08    0.423270E-08    0.423270E-08    0.423270E-08
      0.301333E+02    0.136623E-13    0.136623E-13    0.362066E-08    0.362066E-08    0.362066E-08    0.362066E-08
      0.303429E+02    0.115227E-13    0.115229E-13    0.309635E-08    0.309634E-08    0.309635E-08    0.309634E-08
      0.305527E+02    0.971656E-14    0.971711E-14    0.264733E-08    0.264730E-08    0.264733E-08    0.264730E-08
      0.307628E+02    0.819220E-14    0.819313E-14    0.226287E-08    0.226289E-08    0.226287E-08    0.226289E-08
      0.309731E+02    0.690588E-14    0.690524E-14    0.193378E-08    0.193379E-08    0.193378E-08    0.193379E-08
      0.311837E+02    0.582060E-14    0.582031E-14    0.165216E-08    0.165216E-08    0.165216E-08    0.165216E-08
      0.313945E+02    0.490510E-14    0.490499E-14    0.141122E-08    0.141122E-08    0.141122E-08    0.141122E-08
      0.316056E+02    0.413295E-14    0.413294E-14    0.120514E-08    0.120514E-08    0.120514E-08    0.120514E-08
      0.318169E+02    0.348182E-14    0.348183E-14    0.102891E-08    0.102891E-08    0.102891E-08    0.102891E-08
      0.320284E+02    0.293282E-14    0.293283E-14    0.878258E-09    0.878257E-09    0.878258E-09    0.878257E-09
      0.322402E+02    0.247001E-14    0.247001E-14    0.749492E-09    0.749492E-09    0.749492E-09    0.749492E-09
      0.324521E+02    0.207992E-14    0.207991E-14    0.639463E-09    0.639463E-09    0.639463E-09    0.639463E-09
      0.326643E+02    0.175117E-14    0.175116E-14    0.545466E-09    0.545466E-09    0.545466E-09    0.545466E-09
      0.328768E+02    0.147417E-14    0.147416E-14    0.465184E-09    0.465184E-09    0.465184E-09    0.465184E-09
      0.330894E+02    0.124081E-14    0.124080E-14    0.396632E-09    0.396632E-09    0.396632E-09    0.396632E-09
      0.333023E+02    0.104423E-14    0.104424E-14    0.338109E-09    0.338109E-09    0.338109E-09    0.338109E-09
      0.335154E+02    0.878676E-15    0.878703E-15    0.288161E-09    0.288159E-09    0.288161E-09    0.288159E-09
      0.337287E+02    0.739262E-15    0.739312E-15    0.245539E-09    0.245541E-09    0.245539E-09    0.245541E-09
      0.339422E+02    0.621881E-15    0.621957E-15    0.209178E-09    0.209179E-09    0.209178E-09    0.209179E-09
      0.341560E+02    0.000000E+00    0.000000E+00    0.178164E-09    0.178165E-09    0.178164E-09    0.178165E-09
      0.343699E+02    0.000000E+00    0.000000E+00    0.151718E-09    0.151718E-09    0.151718E-09    0.151718E-09
      0.345841E+02    0.000000E+00    0.000000E+00    0.129171E-09    0.129171E-09    0.129171E-09    0.129171E-09
      0.347984E+02    0.000000E+00    0.000000E+00    0.109953E-09    0.109953E-09    0.109953E-09    0.109953E-09
      0.350130E+02    0.000000E+00    0.000000E+00    0.935755E-10    0.935754E-10    0.935755E-10    0.935754E-10
      0.352278E+02    0.000000E+00    0.000000E+00    0.796217E-10    0.796217E-10    0.796217E-10    0.796217E-10
      0.354427E+02    0.000000E+00    0.000000E+00    0.677354E-10    0.677354E-10    0.677354E-10    0.677354E-10
      0.356579E+02    0.000000E+00    0.000000E+00    0.576125E-10    0.576125E-10    0.576125E-10    0.576125E-10
      0.358732E+02    0.000000E+00    0.000000E+00    0.489930E-10    0.489930E-10    0.489930E-10    0.489930E-10
      0.360888E+02    0.000000E+00    0.000000E+00    0.416552E-10    0.416552E-10    0.416552E-10    0.416552E-10
      0.363045E+02    0.000000E+00    0.000000E+00    0.354097E-10    0.354097E-10    0.354097E-10    0.354097E-10
      0.365205E+02    0.000000E+00    0.000000E+00    0.300951E-10    0.300950E-10    0.300951E-10    0.300950E-10
      0.367366E+02    0.000000E+00    0.000000E+00    0.255734E-10    0.255732E-10    0.255734E-10    0.255732E-10
      0.369529E+02    0.000000E+00    0.000000E+00    0.217272E-10    0.217313E-10    0.217272E-10    0.217313E-10
      0.371694E+02    0.000000E+00    0.000000E+00    0.184561E-10    0.184580E-10    0.184561E-10    0.184580E-10
      0.373861E+02    0.000000E+00    0.000000E+00    0.156747E-10    0.156752E-10    0.156747E-10    0.156752E-10
      0.376029E+02    0.000000E+00    0.000000E+00    0.133102E-10    0.133100E-10    0.133102E-10    0.133100E-10
      0.378200E+02    0.000000E+00    0.000000E+00    0.113004E-10    0.113000E-10    0.113004E-10    0.113000E-10
      0.380372E+02    0.000000E+00    0.000000E+00    0.959251E-11    0.959223E-11    0.959251E-11    0.959223E-11
      0.382546E+02    0.000000E+00    0.000000E+00    0.814141E-11    0.814139E-11    0.814141E-11    0.814139E-11
      0.384722E+02    0.000000E+00    0.000000E+00    0.690874E-11    0.690898E-11    0.690874E-11    0.690898E-11
      0.386899E+02    0.000000E+00    0.000000E+00    0.586183E-11    0.586220E-11    0.586183E-11    0.586220E-11
      0.389079E+02    0.000000E+00    0.000000E+00    0.497288E-11    0.497315E-11    0.497288E-11    0.497315E-11
      0.391259E+02    0.000000E+00    0.000000E+00    0.421821E-11    0.421809E-11    0.421821E-11    0.421809E-11
      0.393442E+02    0.000000E+00    0.000000E+00    0.357768E-11    0.357687E-11    0.357768E-11    0.357687E-11
      0.395626E+02    0.000000E+00    0.000000E+00    0.303416E-11    0.303232E-11    0.303416E-11    0.303232E-11
      0.397812E+02    0.000000E+00    0.000000E+00    0.257309E-11    0.256988E-11    0.257309E-11    0.256988E-11
      0.400000E+02    0.000000E+00    0.000000E+00    0.000000E+00    0.000000E+00    0.000000E+00    0.000000E+00
