 
  EnergyXF(  1s(m=  0))=  -12.4348595295        10.9368376029       -23.3716971324 Int_Ort=         1.00000
    Energy(L=  0,ML= 0)=    0.0436469590         2.0557511246        -2.0121041656 Int_Ort= 0.0212220992681
    Energy(L=  1,ML= 0)=   -1.2396354170         2.2259795744        -3.4656149913 Int_Ort= 0.0808869019148
    Energy(L=  2,ML= 0)=   -2.3790335543         2.4929989614        -4.8720325157 Int_Ort= 0.1687678203680
    Energy(L=  3,ML= 0)=   -3.3824065467         2.8389779712        -6.2213845179 Int_Ort= 0.2721394484179
    Energy(L=  4,ML= 0)=   -4.2714377350         3.2446444522        -7.5160821872 Int_Ort= 0.3792699489039
    Energy(L=  5,ML= 0)=   -5.0652266521         3.6911651271        -8.7563917791 Int_Ort= 0.4814331472341
    Energy(L=  6,ML= 0)=   -5.7783030939         4.1613171800        -9.9396202739 Int_Ort= 0.5733652238610
    Energy(L=  7,ML= 0)=   -6.4213141331         4.6401781572       -11.0614922902 Int_Ort= 0.6527403925947
    Energy(L=  8,ML= 0)=   -7.0021441739         5.1154588444       -12.1176030183 Int_Ort= 0.7192856068514
    Energy(L=  9,ML= 0)=   -7.5268891203         5.5775682571       -13.1044573773 Int_Ort= 0.7739343582459
    Energy(L= 10,ML= 0)=   -8.0005562628         6.0194813961       -14.0200376588 Int_Ort= 0.8181872436234
    Energy(L= 11,ML= 0)=   -8.4275184687         6.4364568181       -14.8639752868 Int_Ort= 0.8536983974792
    Energy(L= 12,ML= 0)=   -8.8117764594         6.8256703582       -15.6374468177 Int_Ort= 0.8820436400770
    Energy(L= 13,ML= 0)=   -9.1570834616         7.1858357236       -16.3429191852 Int_Ort= 0.9046127926026
    Energy(L= 14,ML= 0)=   -9.4669901664         7.5168453149       -16.9838354814 Int_Ort= 0.9225764153067
    Energy(L= 15,ML= 0)=   -9.7448547581         7.8194391896       -17.5642939477 Int_Ort= 0.9368917409697
    Energy(L= 16,ML= 0)=   -9.9938353756         8.0949241712       -18.0887595468 Int_Ort= 0.9483266326381
    Energy(L= 17,ML= 0)=  -10.2168736794         8.3449602678       -18.5618339472 Int_Ort= 0.9574896788380
    Energy(L= 18,ML= 0)=  -10.4166820885         8.5714010066       -18.9880830951 Int_Ort= 0.9648598147842
    Energy(L= 19,ML= 0)=  -10.5957411249         8.7761691372       -19.3719102621 Int_Ort= 0.9708124116553
    Energy(L= 20,ML= 0)=  -10.7563027133         8.9611690429       -19.7174717562 Int_Ort= 0.9756411532002
    Energy(L= 21,ML= 0)=  -10.9003963585         9.1282356496       -20.0286320081 Int_Ort= 0.9795759006683
    Energy(L= 22,ML= 0)=  -11.0298404181         9.2791030049       -20.3089434231 Int_Ort= 0.9827968665130
    Energy(L= 23,ML= 0)=  -11.1462581720         9.4153809768       -20.5616391488 Int_Ort= 0.9854456288795
    Energy(L= 24,ML= 0)=  -11.2510944337         9.5385444214       -20.7896388551 Int_Ort= 0.9876337065976
    Energy(L= 25,ML= 0)=  -11.3456311133         9.6499352330       -20.9955663462 Int_Ort= 0.9894492597057
    Energy(L= 26,ML= 0)=  -11.4310030498         9.7507682744       -21.1817713242 Int_Ort= 0.9909622688104
    Energy(L= 27,ML= 0)=  -11.5082139379         9.8421371371       -21.3503510750 Int_Ort= 0.9922285040172
    Energy(L= 28,ML= 0)=  -11.5781508746         9.9250224479       -21.5031733225 Int_Ort= 0.9932925881420
    Energy(L= 29,ML= 0)=  -11.6415974807        10.0003018813       -21.6418993620 Int_Ort= 0.9941903742620
    Energy(L= 30,ML= 0)=  -11.6992461421        10.0687588445       -21.7680049866 Int_Ort= 0.9949507854706
    Energy(L= 31,ML= 0)=  -11.7517088981        10.1310913316       -21.8828002297 Int_Ort= 0.9955972498828
    Energy(L= 32,ML= 0)=  -11.7995268259        10.1879218465       -21.9874486723 Int_Ort= 0.9961488279942
    Energy(L= 33,ML= 0)=  -11.8431786061        10.2398055318       -22.0829841379 Int_Ort= 0.9966210902856
    Energy(L= 34,ML= 0)=  -11.8830883505        10.2872362214       -22.1703245719 Int_Ort= 0.9970268015918
    Energy(L= 35,ML= 0)=  -11.9196321331        10.3306536738       -22.2502858069 Int_Ort= 0.9973764698081
    Energy(L= 36,ML= 0)=  -11.9531435296        10.3704512542       -22.3235947838 Int_Ort= 0.9976787845733
    Energy(L= 37,ML= 0)=  -11.9839188988        10.4069805090       -22.3908994079 Int_Ort= 0.9979409552041
    Energy(L= 38,ML= 0)=  -12.0122221947        10.4405539074       -22.4527761021 Int_Ort= 0.9981689755007
    Energy(L= 39,ML= 0)=  -12.0382887493        10.4714496079       -22.5097383572 Int_Ort= 0.9983678466198
    Energy(L= 40,ML= 0)=  -12.0623283550        10.4999173501       -22.5622457051 Int_Ort= 0.9985417639281
    Energy(L= 41,ML= 0)=  -12.0845282825        10.5261819438       -22.6107102263 Int_Ort= 0.9986942610221
    Energy(L= 42,ML= 0)=  -12.1050561334        10.5504447907       -22.6555009242 Int_Ort= 0.9988283190764
    Energy(L= 43,ML= 0)=  -12.1240621781        10.5728859612       -22.6969481392 Int_Ort= 0.9989464574877
    Energy(L= 44,ML= 0)=  -12.1416812829        10.5936668691       -22.7353481519 Int_Ort= 0.9990508119955
    Energy(L= 45,ML= 0)=  -12.1580346347        10.6129325746       -22.7709672093 Int_Ort= 0.9991431998639
    Energy(L= 46,ML= 0)=  -12.1732312485        10.6308138814       -22.8040451299 Int_Ort= 0.9992251732403
    Energy(L= 47,ML= 0)=  -12.1873692953        10.6474291507       -22.8347984460 Int_Ort= 0.9992980622159
    Energy(L= 48,ML= 0)=  -12.2005373448        10.6628853531       -22.8634226979 Int_Ort= 0.9993630089003
    Energy(L= 49,ML= 0)=  -12.2128154519        10.6772790047       -22.8900944566 Int_Ort= 0.9994209957467
    Energy(L= 50,ML= 0)=  -12.2242760370        10.6906975208       -22.9149735578 Int_Ort= 0.9994728701362
 
  EnergyXF(  2p(m=  0))=   -2.2793048853         0.7457220235        -3.0250269089 Int_Ort=         1.00000
    Energy(L=  0,ML= 0)=   -1.5984581433         0.4325460105        -2.0310041538 Int_Ort= 0.3702702484242
    Energy(L=  1,ML= 0)=   -1.7992159307         0.5450581734        -2.3442741041 Int_Ort= 0.6018206169460
    Energy(L=  2,ML= 0)=   -1.8760360682         0.5775525940        -2.4535886622 Int_Ort= 0.8054099790430
    Energy(L=  3,ML= 0)=   -1.9983524560         0.6202998152        -2.6186522711 Int_Ort= 0.9174465873488
    Energy(L=  4,ML= 0)=   -2.1012825549         0.6599390196        -2.7612215745 Int_Ort= 0.9658785868127
    Energy(L=  5,ML= 0)=   -2.1698725798         0.6890500263        -2.8589226061 Int_Ort= 0.9854445184097
    Energy(L=  6,ML= 0)=   -2.2118487539         0.7084174940        -2.9202662479 Int_Ort= 0.9934453587990
    Energy(L=  7,ML= 0)=   -2.2369443818         0.7208563770        -2.9578007588 Int_Ort= 0.9968663974864
    Energy(L=  8,ML= 0)=   -2.2520273754         0.7288147706        -2.9808421460 Int_Ort= 0.9984127759089
    Energy(L=  9,ML= 0)=   -2.2612619218         0.7339663124        -2.9952282342 Int_Ort= 0.9991529231502
    Energy(L= 10,ML= 0)=   -2.2670532452         0.7373645346        -3.0044177798 Int_Ort= 0.9995271706830
    Energy(L= 11,ML= 0)=   -2.2707794501         0.7396553226        -3.0104347727 Int_Ort= 0.9997262871698
    Energy(L= 12,ML= 0)=   -2.2732381447         0.7412339273        -3.0144720721 Int_Ort= 0.9998372381777
    Energy(L= 13,ML= 0)=   -2.2748995955         0.7423447890        -3.0172443845 Int_Ort= 0.9999016701875
    Energy(L= 14,ML= 0)=   -2.2760473116         0.7431417771        -3.0191890886 Int_Ort= 0.9999404826806
    Energy(L= 15,ML= 0)=   -2.2768562709         0.7437237500        -3.0205800208 Int_Ort= 0.9999646304663
    Energy(L= 16,ML= 0)=   -2.2774370018         0.7441555174        -3.0215925192 Int_Ort= 0.9999800883923
    Energy(L= 17,ML= 0)=   -2.2778608850         0.7444804144        -3.0223412994 Int_Ort= 0.9999902348604
    Energy(L= 18,ML= 0)=   -2.2781749972         0.7447280454        -3.0229030425 Int_Ort= 0.9999970448448
    Energy(L= 19,ML= 0)=   -2.2784109973         0.7449190269        -3.0233300242 Int_Ort= 1.0000017076220
    Energy(L= 20,ML= 0)=   -2.2785905551         0.7450678862        -3.0236584413 Int_Ort= 1.0000049574336
    Energy(L= 21,ML= 0)=   -2.2787287544         0.7451849878        -3.0239137422 Int_Ort= 1.0000072582179
    Energy(L= 22,ML= 0)=   -2.2788362498         0.7452778911        -3.0241141409 Int_Ort= 1.0000089102703
    Energy(L= 23,ML= 0)=   -2.2789206865         0.7453522030        -3.0242728894 Int_Ort= 1.0000101122808
    Energy(L= 24,ML= 0)=   -2.2789876117         0.7454121190        -3.0243997308 Int_Ort= 1.0000109977055
    Energy(L= 25,ML= 0)=   -2.2790411090         0.7454607644        -3.0245018734 Int_Ort= 1.0000116572532
    Energy(L= 26,ML= 0)=   -2.2790842063         0.7455005117        -3.0245847180 Int_Ort= 1.0000121535090
    Energy(L= 27,ML= 0)=   -2.2791191803         0.7455331879        -3.0246523682 Int_Ort= 1.0000125304165
    Energy(L= 28,ML= 0)=   -2.2791477550         0.7455601989        -3.0247079540 Int_Ort= 1.0000128191389
    Energy(L= 29,ML= 0)=   -2.2791712525         0.7455826370        -3.0247538895 Int_Ort= 1.0000130420760
    Energy(L= 30,ML= 0)=   -2.2791906897         0.7456013764        -3.0247920661 Int_Ort= 1.0000132155800
    Energy(L= 31,ML= 0)=   -2.2792068605         0.7456171091        -3.0248239696 Int_Ort= 1.0000133516562
    Energy(L= 32,ML= 0)=   -2.2792203852         0.7456303786        -3.0248507638 Int_Ort= 1.0000134591083
    Energy(L= 33,ML= 0)=   -2.2792317544         0.7456416087        -3.0248733631 Int_Ort= 1.0000135444634
    Energy(L= 34,ML= 0)=   -2.2792413572         0.7456511550        -3.0248925122 Int_Ort= 1.0000136127097
    Energy(L= 35,ML= 0)=   -2.2792495038         0.7456593185        -3.0249088223 Int_Ort= 1.0000136676538
    Energy(L= 36,ML= 0)=   -2.2792564457         0.7456663172        -3.0249227629 Int_Ort= 1.0000137120969
    Energy(L= 37,ML= 0)=   -2.2792623847         0.7456723211        -3.0249347058 Int_Ort= 1.0000137481602
    Energy(L= 38,ML= 0)=   -2.2792674857         0.7456774980        -3.0249449836 Int_Ort= 1.0000137775975
    Energy(L= 39,ML= 0)=   -2.2792718820         0.7456819900        -3.0249538720 Int_Ort= 1.0000138017903
    Energy(L= 40,ML= 0)=   -2.2792756849         0.7456858909        -3.0249615758 Int_Ort= 1.0000138217417
    Energy(L= 41,ML= 0)=   -2.2792789855         0.7456892813        -3.0249682668 Int_Ort= 1.0000138382365
    Energy(L= 42,ML= 0)=   -2.2792818591         0.7456922426        -3.0249741017 Int_Ort= 1.0000138519407
    Energy(L= 43,ML= 0)=   -2.2792843680         0.7456948390        -3.0249792070 Int_Ort= 1.0000138633823
    Energy(L= 44,ML= 0)=   -2.2792865655         0.7456971165        -3.0249836819 Int_Ort= 1.0000138729641
    Energy(L= 45,ML= 0)=   -2.2792884954         0.7456991223        -3.0249876177 Int_Ort= 1.0000138810269
    Energy(L= 46,ML= 0)=   -2.2792901957         0.7457008986        -3.0249910943 Int_Ort= 1.0000138878539
    Energy(L= 47,ML= 0)=   -2.2792916966         0.7457024762        -3.0249941728 Int_Ort= 1.0000138936562
    Energy(L= 48,ML= 0)=   -2.2792930244         0.7457038764        -3.0249969008 Int_Ort= 1.0000138985869
    Energy(L= 49,ML= 0)=   -2.2792942029         0.7457051160        -3.0249993189 Int_Ort= 1.0000139027697
    Energy(L= 50,ML= 0)=   -2.2792952509         0.7457062138        -3.0250014647 Int_Ort= 1.0000139063225
 
  EnergyXF(  2p(m=  1))=   -2.2793048853         0.7457220235        -3.0250269089 Int_Ort=         1.00000
    Energy(L=  0,ML= 1)=  NaN             NaN                  NaN                 Int_Ort= 0.0000000000000
    Energy(L=  1,ML= 1)=   -1.1399343313         0.2679261258        -1.4078604571 Int_Ort= 0.3616984561227
    Energy(L=  2,ML= 1)=   -1.4900841599         0.3901100612        -1.8801942211 Int_Ort= 0.6949703200330
    Energy(L=  3,ML= 1)=   -1.7626574416         0.4951888893        -2.2578463308 Int_Ort= 0.8671363593564
    Energy(L=  4,ML= 1)=   -1.9498364085         0.5747199063        -2.5245563148 Int_Ort= 0.9418248010499
    Energy(L=  5,ML= 1)=   -2.0697321122         0.6301034525        -2.6998355647 Int_Ort= 0.9733533788157
    Energy(L=  6,ML= 1)=   -2.1443512569         0.6670749001        -2.8114261569 Int_Ort= 0.9870744242629
    Energy(L=  7,ML= 1)=   -2.1906574119         0.6914198028        -2.8820772147 Int_Ort= 0.9933558507475
    Energy(L=  8,ML= 1)=   -2.2197274956         0.7075097678        -2.9272372634 Int_Ort= 0.9963951464888
    Energy(L=  9,ML= 1)=   -2.2383227442         0.7182865471        -2.9566092913 Int_Ort= 0.9979473605099
    Energy(L= 10,ML= 1)=   -2.2504789566         0.7256359388        -2.9761148954 Int_Ort= 0.9987810152865
    Energy(L= 11,ML= 1)=   -2.2586053822         0.7307476024        -2.9893529845 Int_Ort= 0.9992496918230
    Energy(L= 12,ML= 1)=   -2.2641569785         0.7343731973        -2.9985301757 Int_Ort= 0.9995241717674
    Energy(L= 13,ML= 1)=   -2.2680277399         0.7369929962        -3.0050207361 Int_Ort= 0.9996908477966
    Energy(L= 14,ML= 1)=   -2.2707779913         0.7389188414        -3.0096968326 Int_Ort= 0.9997953460201
    Energy(L= 15,ML= 1)=   -2.2727662331         0.7403569008        -3.0131231338 Int_Ort= 0.9998627330747
    Energy(L= 16,ML= 1)=   -2.2742265182         0.7414460598        -3.0156725780 Int_Ort= 0.9999072829662
    Energy(L= 17,ML= 1)=   -2.2753146464         0.7422815901        -3.0175962366 Int_Ort= 0.9999373910300
    Energy(L= 18,ML= 1)=   -2.2761362350         0.7429299629        -3.0190661979 Int_Ort= 0.9999581405914
    Energy(L= 19,ML= 1)=   -2.2767641134         0.7434383140        -3.0202024274 Int_Ort= 0.9999726915575
    Energy(L= 20,ML= 1)=   -2.2772493013         0.7438406268        -3.0210899280 Int_Ort= 0.9999830561062
    Energy(L= 21,ML= 1)=   -2.2776280720         0.7441617740        -3.0217898460 Int_Ort= 0.9999905438732
    Energy(L= 22,ML= 1)=   -2.2779265678         0.7444201595        -3.0223467272 Int_Ort= 0.9999960233147
    Energy(L= 23,ML= 1)=   -2.2781638651         0.7446295203        -3.0227933854 Int_Ort= 1.0000000797941
    Energy(L= 24,ML= 1)=   -2.2783540462         0.7448002335        -3.0231542797 Int_Ort= 1.0000031143133
    Energy(L= 25,ML= 1)=   -2.2785076193         0.7449402573        -3.0234478766 Int_Ort= 1.0000054061899
    Energy(L= 26,ML= 1)=   -2.2786325075         0.7450557627        -3.0236882702 Int_Ort= 1.0000071528259
    Energy(L= 27,ML= 1)=   -2.2787347420         0.7451515705        -3.0238863125 Int_Ort= 1.0000084954116
    Energy(L= 28,ML= 1)=   -2.2788189538         0.7452314678        -3.0240504216 Int_Ort= 1.0000095359227
    Energy(L= 29,ML= 1)=   -2.2788887271         0.7452984381        -3.0241871652 Int_Ort= 1.0000103485946
    Energy(L= 30,ML= 1)=   -2.2789468580         0.7453548355        -3.0243016935 Int_Ort= 1.0000109878945
    Energy(L= 31,ML= 1)=   -2.2789955422         0.7454025310        -3.0243980732 Int_Ort= 1.0000114941355
    Energy(L= 32,ML= 1)=   -2.2790365157         0.7454430304        -3.0244795462 Int_Ort= 1.0000118974926
    Energy(L= 33,ML= 1)=   -2.2790711605         0.7454775538        -3.0245487143 Int_Ort= 1.0000122207558
    Energy(L= 34,ML= 1)=   -2.2791005840         0.7455070866        -3.0246076705 Int_Ort= 1.0000124812407
    Energy(L= 35,ML= 1)=   -2.2791256784         0.7455324342        -3.0246581126 Int_Ort= 1.0000126922303
    Energy(L= 36,ML= 1)=   -2.2791471662         0.7455542715        -3.0247014377 Int_Ort= 1.0000128640412
    Energy(L= 37,ML= 1)=   -2.2791656349         0.7455731580        -3.0247387929 Int_Ort= 1.0000130046879
    Energy(L= 38,ML= 1)=   -2.2791815668         0.7455895411        -3.0247711078 Int_Ort= 1.0000131203539
    Energy(L= 39,ML= 1)=   -2.2791953581         0.7456037876        -3.0247991457 Int_Ort= 1.0000132158650
    Energy(L= 40,ML= 1)=   -2.2792073359         0.7456162126        -3.0248235484 Int_Ort= 1.0000132950605
    Energy(L= 41,ML= 1)=   -2.2792177713         0.7456270821        -3.0248448535 Int_Ort= 1.0000133610017
    Energy(L= 42,ML= 1)=   -2.2792268906         0.7456366134        -3.0248635040 Int_Ort= 1.0000134161074
    Energy(L= 43,ML= 1)=   -2.2792348828         0.7456449873        -3.0248798701 Int_Ort= 1.0000134623021
    Energy(L= 44,ML= 1)=   -2.2792419068         0.7456523582        -3.0248942651 Int_Ort= 1.0000135011363
    Energy(L= 45,ML= 1)=   -2.2792480962         0.7456588565        -3.0249069527 Int_Ort= 1.0000135338675
    Energy(L= 46,ML= 1)=   -2.2792535641         0.7456645948        -3.0249181589 Int_Ort= 1.0000135615323
    Energy(L= 47,ML= 1)=   -2.2792584064         0.7456696774        -3.0249280838 Int_Ort= 1.0000135850071
    Energy(L= 48,ML= 1)=   -2.2792627045         0.7456742012        -3.0249369057 Int_Ort= 1.0000136050375
    Energy(L= 49,ML= 1)=   -2.2792665277         0.7456782485        -3.0249447762 Int_Ort= 1.0000136222297
    Energy(L= 50,ML= 1)=   -2.2792699359         0.7456818813        -3.0249518172 Int_Ort= 1.0000136370480
