    0        -12.4348595295          0.0000000000          0.0000000000
 
    0          0.0436469590          8.8810864783         21.3595929669
    1         -1.2396354170          8.7108580285         19.9060821411
    2         -2.3790335543          8.4438386415         18.4996646167
    3         -3.3824065467          8.0978596317         17.1503126145
    4         -4.2714377350          7.6921931508         15.8556149452
    5         -5.0652266521          7.2456724759         14.6153053533
    6         -5.7783030939          6.7755204229         13.4320768585
    7         -6.4213141331          6.2966594458         12.3102048422
    8         -7.0021441739          5.8213787585         11.2540941141
    9         -7.5268891203          5.3592693458         10.2672397551
   10         -8.0005562628          4.9173562069          9.3516594736
   11         -8.4275184687          4.5003807848          8.5077218457
   12         -8.8117764594          4.1111672447          7.7342503147
   13         -9.1570834616          3.7510018793          7.0287779472
   14         -9.4669901664          3.4199922880          6.3878616511
   15         -9.7448547581          3.1173984133          5.8074031848
   16         -9.9938353756          2.8419134317          5.2829375856
   17        -10.2168736794          2.5918773352          4.8098631852
   18        -10.4166820885          2.3654365964          4.3836140374
   19        -10.5957411249          2.1606684657          3.9997868703
   20        -10.7563027133          1.9756685600          3.6542253762
   21        -10.9003963585          1.8086019533          3.3430651244
   22        -11.0298404181          1.6577345980          3.0627537093
   23        -11.1462581720          1.5214566261          2.8100579836
   24        -11.2510944337          1.3982931815          2.5820582773
   25        -11.3456311133          1.2869023700          2.3761307862
   26        -11.4310030498          1.1860693286          2.1899258082
   27        -11.5082139379          1.0947004658          2.0213460574
   28        -11.5781508746          1.0118151550          1.8685238099
   29        -11.6415974807          0.9365357216          1.7297977704
   30        -11.6992461421          0.8680787584          1.6036921458
   31        -11.7517088981          0.8057462713          1.4888969027
   32        -11.7995268259          0.7489157564          1.3842484601
   33        -11.8431786061          0.6970320711          1.2887129945
   34        -11.8830883505          0.6496013815          1.2013725605
   35        -11.9196321331          0.6061839291          1.1214113255
   36        -11.9531435296          0.5663863487          1.0481023486
   37        -11.9839188988          0.5298570939          0.9807977246
   38        -12.0122221947          0.4962836955          0.9189210303
   39        -12.0382887493          0.4653879950          0.8619587752
   40        -12.0623283550          0.4369202528          0.8094514273
   41        -12.0845282825          0.4106556591          0.7609869061
   42        -12.1050561334          0.3863928122          0.7161962083
   43        -12.1240621781          0.3639516417          0.6747489932
   44        -12.1416812829          0.3431707339          0.6363489805
   45        -12.1580346347          0.3239050283          0.6007299231
   46        -12.1732312485          0.3060237216          0.5676520025
   47        -12.1873692953          0.2894084522          0.5368986864
   48        -12.2005373448          0.2739522498          0.5082744345
   49        -12.2128154519          0.2595585982          0.4816026758
   50        -12.2242760370          0.2461400821          0.4567235746
    0         -2.2793048853          0.0000000000          0.0000000000
 
    0         -1.5984581433          0.3131760131          0.9940227551
    1         -1.7992159307          0.2006638501          0.6807528048
    2         -1.8760360682          0.1681694295          0.5714382467
    3         -1.9983524560          0.1254222084          0.4063746377
    4         -2.1012825549          0.0857830039          0.2638053344
    5         -2.1698725798          0.0566719973          0.1661043028
    6         -2.2118487539          0.0373045296          0.1047606610
    7         -2.2369443818          0.0248656465          0.0672261501
    8         -2.2520273754          0.0169072530          0.0441847629
    9         -2.2612619218          0.0117557111          0.0297986747
   10         -2.2670532452          0.0083574890          0.0206091291
   11         -2.2707794501          0.0060667009          0.0145921362
   12         -2.2732381447          0.0044880962          0.0105548368
   13         -2.2748995955          0.0033772346          0.0077825244
   14         -2.2760473116          0.0025802465          0.0058378202
   15         -2.2768562709          0.0019982735          0.0044468880
   16         -2.2774370018          0.0015665062          0.0034343897
   17         -2.2778608850          0.0012416092          0.0026856095
   18         -2.2781749972          0.0009939782          0.0021238663
   19         -2.2784109973          0.0008029967          0.0016968847
   20         -2.2785905551          0.0006541374          0.0013684676
   21         -2.2787287544          0.0005370357          0.0011131667
   22         -2.2788362498          0.0004441324          0.0009127680
   23         -2.2789206865          0.0003698206          0.0007540194
   24         -2.2789876117          0.0003099045          0.0006271781
   25         -2.2790411090          0.0002612591          0.0005250354
   26         -2.2790842063          0.0002215118          0.0004421909
   27         -2.2791191803          0.0001888357          0.0003745407
   28         -2.2791477550          0.0001618246          0.0003189549
   29         -2.2791712525          0.0001393866          0.0002730194
   30         -2.2791906897          0.0001206472          0.0002348428
   31         -2.2792068605          0.0001049144          0.0002029392
   32         -2.2792203852          0.0000916449          0.0001761451
   33         -2.2792317544          0.0000804149          0.0001535458
   34         -2.2792413572          0.0000708685          0.0001343967
   35         -2.2792495038          0.0000627051          0.0001180865
   36         -2.2792564457          0.0000557063          0.0001041460
   37         -2.2792623847          0.0000497024          0.0000922030
   38         -2.2792674857          0.0000445256          0.0000819252
   39         -2.2792718820          0.0000400336          0.0000730369
   40         -2.2792756849          0.0000361326          0.0000653330
   41         -2.2792789855          0.0000327422          0.0000586421
   42         -2.2792818591          0.0000297809          0.0000528072
   43         -2.2792843680          0.0000271846          0.0000477019
   44         -2.2792865655          0.0000249071          0.0000432269
   45         -2.2792884954          0.0000229013          0.0000392912
   46         -2.2792901957          0.0000211249          0.0000358146
   47         -2.2792916966          0.0000195473          0.0000327361
   48         -2.2792930244          0.0000181471          0.0000300080
   49         -2.2792942029          0.0000169075          0.0000275900
   50         -2.2792952509          0.0000158097          0.0000254441
    0         -2.2793048853          0.0000000000          0.0000000000
 
    0   NaN                   NaN                   NaN                
    1         -1.1399343313          0.4777958977          1.6171664518
    2         -1.4900841599          0.3556119623          1.1448326878
    3         -1.7626574416          0.2505331343          0.7671805780
    4         -1.9498364085          0.1710021172          0.5004705941
    5         -2.0697321122          0.1156185710          0.3251913441
    6         -2.1443512569          0.0786471235          0.2136007519
    7         -2.1906574119          0.0543022208          0.1429496942
    8         -2.2197274956          0.0382122557          0.0977896454
    9         -2.2383227442          0.0274354764          0.0684176176
   10         -2.2504789566          0.0200860847          0.0489120135
   11         -2.2586053822          0.0149744212          0.0356739243
   12         -2.2641569785          0.0113488263          0.0264967331
   13         -2.2680277399          0.0087290273          0.0200061727
   14         -2.2707779913          0.0068031822          0.0153300762
   15         -2.2727662331          0.0053651228          0.0119037750
   16         -2.2742265182          0.0042759637          0.0093543309
   17         -2.2753146464          0.0034404334          0.0074306723
   18         -2.2761362350          0.0027920607          0.0059607110
   19         -2.2767641134          0.0022837095          0.0048244814
   20         -2.2772493013          0.0018813968          0.0039369808
   21         -2.2776280720          0.0015602495          0.0032370629
   22         -2.2779265678          0.0013018641          0.0026801816
   23         -2.2781638651          0.0010925032          0.0022335234
   24         -2.2783540462          0.0009217900          0.0018726291
   25         -2.2785076193          0.0007817663          0.0015790323
   26         -2.2786325075          0.0006662608          0.0013386386
   27         -2.2787347420          0.0005704530          0.0011405964
   28         -2.2788189538          0.0004905557          0.0009764872
   29         -2.2788887271          0.0004235854          0.0008397437
   30         -2.2789468580          0.0003671880          0.0007252153
   31         -2.2789955422          0.0003194925          0.0006288357
   32         -2.2790365157          0.0002789931          0.0005473627
   33         -2.2790711605          0.0002444698          0.0004781946
   34         -2.2791005840          0.0002149370          0.0004192383
   35         -2.2791256784          0.0001895893          0.0003687962
   36         -2.2791471662          0.0001677520          0.0003254712
   37         -2.2791656349          0.0001488656          0.0002881159
   38         -2.2791815668          0.0001324825          0.0002558010
   39         -2.2791953581          0.0001182359          0.0002277632
   40         -2.2792073359          0.0001058110          0.0002033604
   41         -2.2792177713          0.0000949414          0.0001820554
   42         -2.2792268906          0.0000854101          0.0001634049
   43         -2.2792348828          0.0000770363          0.0001470388
   44         -2.2792419068          0.0000696653          0.0001326438
   45         -2.2792480962          0.0000631671          0.0001199562
   46         -2.2792535641          0.0000574287          0.0001087499
   47         -2.2792584064          0.0000523461          0.0000988250
   48         -2.2792627045          0.0000478224          0.0000900032
   49         -2.2792665277          0.0000437751          0.0000821327
   50         -2.2792699359          0.0000401422          0.0000750916
