      The report of program MXFFLE ver 14.1.5 March, 2008  Build 22.03.2008
 
 Configuration nucleus
  Z=  9. Rmol=    0.00000 a.e. Angle Teta=    0.00000 radian  Angle Fi=    0.00000 radian 
  Z=  3. Rmol=    2.95500 a.e. Angle Teta=    0.00000 radian  Angle Fi=    0.00000 radian 
 
 Function Ligands
  Ligand Numbre= 1 Z= 3. Functions of Ligands: sigma( 1s)  sigma( 2p)  pi   ( 2p)
 
 IndexHartreeFock= 1 NumbreMO= 5   N= 800  H=0.040   Rmax=    50.000  Eps=0.1D-04  Izap=  1 IreshimSO= 0 IndexExit= 0
 Parameters setky
    Alfa=    0.25600722   Beta= 1.000  Gamma=    0.10000000
    R(1)=.148E-05      R(N)=    45.376

 Electron configuration :     1sigma 2  2sigma 2  3sigma 2  1pi    4  4sigma 2
 
 Parameters one-centered approximation
    1sigma 2 Ngarmonik=  25 Lmin=   0 Lkgran=   6 Lmax=  24
    2sigma 2 Ngarmonik=  25 Lmin=   0 Lkgran=   6 Lmax=  24
    3sigma 2 Ngarmonik=  25 Lmin=   0 Lkgran=   6 Lmax=  24
    1pi    4 Ngarmonik=  25 Lmin=   0 Lkgran=   6 Lmax=  24
    4sigma 2 Ngarmonik=  25 Lmin=   0 Lkgran=   6 Lmax=  24
 
 Structure Molecular Orbital

 Molecular Orbital :     1sigma 2
  Ligand Numbre= 1 Z= 3. Functions of Ligands: sigma( 1s)
 

 Molecular Orbital :     2sigma 2
  Ligand Numbre= 1 Z= 3. Functions of Ligands: sigma( 1s)
 

 Molecular Orbital :     3sigma 2
  Ligand Numbre= 1 Z= 3. Functions of Ligands: sigma( 1s)
 

 Molecular Orbital :     1pi    4
  Ligand Numbre= 1 Z= 3. Functions of Ligands: pi   ( 2p)
 

 Molecular Orbital :     4sigma 2
  Ligand Numbre= 1 Z= 3. Functions of Ligands: sigma( 1s)
 
 Parameters functions of ligands
  Ligand Numbre= 1 Z= 3. Function: sigma( 1s) Ngarmonik=  15 Lmin=   0 Lmax=  14
  Ligand Numbre= 1 Z= 3. Function: sigma( 2p) Ngarmonik=  15 Lmin=   0 Lmax=  14
  Ligand Numbre= 1 Z= 3. Function: pi   ( 2p) Ngarmonik=  15 Lmin=   0 Lmax=  14
 
 Coefficients of interaction of an electron with nucleus of a molecule
    IS    ML1 ML2    Rcoff
   1sigma  0   0    2.00000
   2sigma  0   0    2.00000
   3sigma  0   0    2.00000
   1pi     1   1    2.00000
   1pi    -1  -1    2.00000
   4sigma  0   0    2.00000

 Electroctatic coefficients   66(  28 Exchange )
 Coefficients of a direct Coulomb interaction
    IS1     IS2   ML1 ML2 ML3 ML4   Fcoff
   1sigma  1sigma  0   0   0   0    1.00000
   1sigma  2sigma  0   0   0   0    4.00000
   1sigma  3sigma  0   0   0   0    4.00000
   1sigma  1pi     0   1   0   1    4.00000
   1sigma  1pi     0  -1   0  -1    4.00000
   1sigma  4sigma  0   0   0   0    4.00000
   2sigma  1sigma  0   0   0   0    4.00000
   2sigma  2sigma  0   0   0   0    1.00000
   2sigma  3sigma  0   0   0   0    4.00000
   2sigma  1pi     0   1   0   1    4.00000
   2sigma  1pi     0  -1   0  -1    4.00000
   2sigma  4sigma  0   0   0   0    4.00000
   3sigma  1sigma  0   0   0   0    4.00000
   3sigma  2sigma  0   0   0   0    4.00000
   3sigma  3sigma  0   0   0   0    1.00000
   3sigma  1pi     0   1   0   1    4.00000
   3sigma  1pi     0  -1   0  -1    4.00000
   3sigma  4sigma  0   0   0   0    4.00000
   1pi     1sigma  1   0   1   0    4.00000
   1pi     1sigma -1   0  -1   0    4.00000
   1pi     2sigma  1   0   1   0    4.00000
   1pi     2sigma -1   0  -1   0    4.00000
   1pi     3sigma  1   0   1   0    4.00000
   1pi     3sigma -1   0  -1   0    4.00000
   1pi     1pi     1   1   1   1    1.00000
   1pi     1pi    -1  -1  -1  -1    1.00000
   1pi     1pi     1  -1   1  -1    2.00000
   1pi     1pi    -1   1  -1   1    2.00000
   1pi     1pi     1  -1  -1   1   -1.00000
   1pi     1pi    -1   1   1  -1   -1.00000
   1pi     4sigma  1   0   1   0    4.00000
   1pi     4sigma -1   0  -1   0    4.00000
   4sigma  1sigma  0   0   0   0    4.00000
   4sigma  2sigma  0   0   0   0    4.00000
   4sigma  3sigma  0   0   0   0    4.00000
   4sigma  1pi     0   1   0   1    4.00000
   4sigma  1pi     0  -1   0  -1    4.00000
   4sigma  4sigma  0   0   0   0    1.00000
 
 Coefficients of an exchange Coulomb interaction
    IS1     IS2   ML1 ML2 ML3 ML4   Gcoff
   1sigma  2sigma  0   0   0   0   -2.00000
   1sigma  3sigma  0   0   0   0   -2.00000
   1sigma  1pi     0   1   1   0   -2.00000
   1sigma  1pi     0  -1  -1   0   -2.00000
   1sigma  4sigma  0   0   0   0   -2.00000
   2sigma  1sigma  0   0   0   0   -2.00000
   2sigma  3sigma  0   0   0   0   -2.00000
   2sigma  1pi     0   1   1   0   -2.00000
   2sigma  1pi     0  -1  -1   0   -2.00000
   2sigma  4sigma  0   0   0   0   -2.00000
   3sigma  1sigma  0   0   0   0   -2.00000
   3sigma  2sigma  0   0   0   0   -2.00000
   3sigma  1pi     0   1   1   0   -2.00000
   3sigma  1pi     0  -1  -1   0   -2.00000
   3sigma  4sigma  0   0   0   0   -2.00000
   1pi     1sigma  1   0   0   1   -2.00000
   1pi     1sigma -1   0   0  -1   -2.00000
   1pi     2sigma  1   0   0   1   -2.00000
   1pi     2sigma -1   0   0  -1   -2.00000
   1pi     3sigma  1   0   0   1   -2.00000
   1pi     3sigma -1   0   0  -1   -2.00000
   1pi     4sigma  1   0   0   1   -2.00000
   1pi     4sigma -1   0   0  -1   -2.00000
   4sigma  1sigma  0   0   0   0   -2.00000
   4sigma  2sigma  0   0   0   0   -2.00000
   4sigma  3sigma  0   0   0   0   -2.00000
   4sigma  1pi     0   1   1   0   -2.00000
   4sigma  1pi     0  -1  -1   0   -2.00000
 
  Low bound for one-electron energy (Ry)
  EnergyXF=  100.00000 Ry
 
 Parameters one-centered approximation for zero approximation
    1sigma 2 Ngarmonik=  25 Lmin=   0 Lkgran=   6 Lmax=  24
    2sigma 2 Ngarmonik=  25 Lmin=   0 Lkgran=   6 Lmax=  24
    3sigma 2 Ngarmonik=  25 Lmin=   0 Lkgran=   6 Lmax=  24
    1pi    4 Ngarmonik=  25 Lmin=   0 Lkgran=   6 Lmax=  24
    4sigma 2 Ngarmonik=  25 Lmin=   0 Lkgran=   6 Lmax=  24
  ***********************************************************************
  NumbreIteraction=     1 The mode of linkage has changed IreshimSO=   2
  ***********************************************************************
 Energy right          11           3
 ExfSpravo           1   2.85903803594648     
 Energy right          11           3
 ExfSpravo           1   2.91704287649576     

    n        Energy      Radius     Teta       Norm 
  1sigma  -55.864409    0.175517 -0.103E-01  0.339E-01
  2sigma   -3.576826    1.664946 -0.693E+02  0.721E+04
  3sigma   -1.451764    2.356684  0.324E+02  0.502E+04
  1pi      -2.102703    1.034415 -0.911E-01  0.142E+01
  4sigma   -0.707072    2.552938  0.512E+01  0.876E+01
 
  Direct Coulomb interaction in a.u.
 
    F 1( 1sigma 1sigma)= 5.3631218
    F 1( 1sigma 2sigma)= 0.9573046
    F 1( 1sigma 3sigma)= 0.6309308
    F 1( 1sigma 1pi   )= 1.3365701
    F 2( 1sigma 1pi   )= 1.3365701
    F 1( 1sigma 4sigma)= 0.6407728
    F 1( 2sigma 2sigma)= 0.7362215
    F 1( 2sigma 3sigma)= 0.5936980
    F 1( 2sigma 1pi   )= 0.7074414
    F 2( 2sigma 1pi   )= 0.7074414
    F 1( 2sigma 4sigma)= 0.6431126
    F 1( 3sigma 3sigma)= 0.5732488
    F 1( 3sigma 1pi   )= 0.5136235
    F 2( 3sigma 1pi   )= 0.5136235
    F 1( 3sigma 4sigma)= 0.6148365
    F 1( 1pi    1pi   )= 0.9386941
    F 2( 1pi    1pi   )= 0.9386941
    F 3( 1pi    1pi   )= 0.9386941
    F 4( 1pi    1pi   )= 0.9386941
    F 5( 1pi    1pi   )= 0.0987706
    F 6( 1pi    1pi   )= 0.0987706
    F 1( 1pi    4sigma)= 0.5051430
    F 2( 1pi    4sigma)= 0.5051430
    F 1( 4sigma 4sigma)= 0.7027041
 
  Exchange Coulomb interaction in a.u.
    G 1( 1sigma 2sigma)= 0.0579107
    G 1( 1sigma 3sigma)= 0.0110776
    G 1( 1sigma 1pi   )= 0.0486352
    G 2( 1sigma 1pi   )= 0.0486352
    G 1( 1sigma 4sigma)= 0.0134950
    G 1( 2sigma 1sigma)= 0.0579107
    G 1( 2sigma 3sigma)= 0.2836070
    G 1( 2sigma 1pi   )= 0.1055165
    G 2( 2sigma 1pi   )= 0.1055165
    G 1( 2sigma 4sigma)= 0.2024933
    G 1( 3sigma 1sigma)= 0.0110776
    G 1( 3sigma 2sigma)= 0.2836070
    G 1( 3sigma 1pi   )= 0.0191349
    G 2( 3sigma 1pi   )= 0.0191349
    G 1( 3sigma 4sigma)= 0.2688536
    G 1( 1pi    1sigma)= 0.0486352
    G 2( 1pi    1sigma)= 0.0486352
    G 1( 1pi    2sigma)= 0.1055165
    G 2( 1pi    2sigma)= 0.1055165
    G 1( 1pi    3sigma)= 0.0191349
    G 2( 1pi    3sigma)= 0.0191349
    G 1( 1pi    4sigma)= 0.0199329
    G 2( 1pi    4sigma)= 0.0199329
    G 1( 4sigma 1sigma)= 0.0134950
    G 1( 4sigma 2sigma)= 0.2024933
    G 1( 4sigma 3sigma)= 0.2688536
    G 1( 4sigma 1pi   )= 0.0199329
    G 2( 4sigma 1pi   )= 0.0199329
 
     ------------------------
     ENERGY COMPONENTS IN A.U.
     ------------------------
     ONE ELECTRON ENERGY      =    -168.1794995226
     TWO ELECTRON ENERGY      =      51.1870117504
     NUCLEAR REPULSION ENERGY =       9.1370558376
                              ------------------------
     TOTAL ENERGY             =   -107.8554319346
 
     ELECTRON-ELECTRON POTENTIAL ENERGY =     51.1870117504
     NUCLEUS-ELECTRON POTENTIAL ENERGY  =   -273.1287160813
     NUCLEUS-NUCLEUS POTENTIAL ENERGY   =      9.1370558376
                                        ------------------------
     TOTAL POTENTIAL ENERGY             =   -212.8046484933
     TOTAL KINETIC ENERGY               =    104.9492165586
     VIRIAL RATIO (V/T)                 =     -2.0276916348

  Radial part Int Ort        1sigma          2sigma          3sigma          1pi             4sigma
                1sigma     28.5163728
                2sigma      0.6569001       0.3865039
                3sigma      0.0165374       0.0737407       0.2476724
                1pi         0.0000001       0.0786709       0.3175050       1.0395549
                4sigma      0.0077261       0.0566933       0.1392632       0.3364910       0.1646954
 
  D:\Program\CMV\MXFL\MXFFLE14_1_5Q\OUTFILE\FUN_IS1.OUT                                     
   1sigma Written from record      1 Continue from record   26
  D:\Program\CMV\MXFL\MXFFLE14_1_5Q\OUTFILE\FUN_IS2.OUT                                     
   2sigma Written from record     26 Continue from record   51
  D:\Program\CMV\MXFL\MXFFLE14_1_5Q\OUTFILE\FUN_IS3.OUT                                     
   3sigma Written from record     51 Continue from record   76
  D:\Program\CMV\MXFL\MXFFLE14_1_5Q\OUTFILE\FUN_IS4.OUT                                     
   1pi    Written from record     76 Continue from record  101
  D:\Program\CMV\MXFL\MXFFLE14_1_5Q\OUTFILE\FUN_IS5.OUT                                     
   4sigma Written from record    101 Continue from record  126
 Commercial    time :    982.69 min.
